Change Dir: 'D:/TelegramBot/vcpkg_installed/vcpkg/blds/boost-type-erasure/x64-windows-rel'

Run Build Command(s): "C:/Program Files/Microsoft Visual Studio/2022/Community/Common7/IDE/CommonExtensions/Microsoft/CMake/Ninja/ninja.exe" -v -v -j9 install
[1/3] C:\PROGRA~1\MICROS~1\2022\COMMUN~1\VC\Tools\MSVC\1444~1.352\bin\Hostx64\x64\cl.exe   /TP -DBOOST_ATOMIC_DYN_LINK -DBOOST_ATOMIC_NO_LIB -DBOOST_CHRONO_DYN_LINK -DBOOST_CHRONO_NO_LIB -DBOOST_CONTAINER_DYN_LINK -DBOOST_CONTAINER_NO_LIB -DBOOST_DATE_TIME_DYN_LINK -DBOOST_DATE_TIME_NO_LIB -DBOOST_THREAD_DYN_LINK -DBOOST_THREAD_NO_LIB -DBOOST_THREAD_USE_DLL -DBOOST_TYPE_ERASURE_DYN_LINK -DBOOST_TYPE_ERASURE_NO_LIB -Dboost_type_erasure_EXPORTS -ID:\TelegramBot\vcpkg_installed\vcpkg\blds\boost-type-erasure\src\ost-1.86.0-ba5d220951.clean\libs\type_erasure\include -external:ID:\TelegramBot\vcpkg_installed\x64-windows\include -external:W0 /nologo /DWIN32 /D_WINDOWS /utf-8 /GR /EHsc /MP  /MD /O2 /Oi /Gy /DNDEBUG /Z7  -MD /showIncludes /Folibs\type_erasure\CMakeFiles\boost_type_erasure.dir\src\dynamic_binding.cpp.obj /Fdlibs\type_erasure\CMakeFiles\boost_type_erasure.dir\ /FS -c D:\TelegramBot\vcpkg_installed\vcpkg\blds\boost-type-erasure\src\ost-1.86.0-ba5d220951.clean\libs\type_erasure\src\dynamic_binding.cpp
[2/3] C:\WINDOWS\system32\cmd.exe /C "cd . && D:\Software\cmake-4.2.1-windows-x86_64\bin\cmake.exe -E vs_link_dll --msvc-ver=1944 --intdir=libs\type_erasure\CMakeFiles\boost_type_erasure.dir --rc=C:\PROGRA~2\WI3CF2~1\10\bin\100261~1.0\x64\rc.exe --mt=C:\PROGRA~2\WI3CF2~1\10\bin\100261~1.0\x64\mt.exe --manifests  -- C:\PROGRA~1\MICROS~1\2022\COMMUN~1\VC\Tools\MSVC\1444~1.352\bin\Hostx64\x64\link.exe  libs\type_erasure\CMakeFiles\boost_type_erasure.dir\src\dynamic_binding.cpp.obj  /out:stage\bin\boost_type_erasure-vc143-mt-x64-1_86.dll /implib:stage\lib\boost_type_erasure-vc143-mt-x64-1_86.lib /pdb:stage\bin\boost_type_erasure-vc143-mt-x64-1_86.pdb /dll /version:1.86 /machine:x64 /nologo /DEBUG /INCREMENTAL:NO /OPT:REF /OPT:ICF  D:\TelegramBot\vcpkg_installed\x64-windows\lib\boost_thread-vc143-mt-x64-1_86.lib  D:\TelegramBot\vcpkg_installed\x64-windows\lib\boost_atomic-vc143-mt-x64-1_86.lib  synchronization.lib  D:\TelegramBot\vcpkg_installed\x64-windows\lib\boost_chrono-vc143-mt-x64-1_86.lib  D:\TelegramBot\vcpkg_installed\x64-windows\lib\boost_date_time-vc143-mt-x64-1_86.lib  D:\TelegramBot\vcpkg_installed\x64-windows\lib\boost_container-vc143-mt-x64-1_86.lib  D:\TelegramBot\vcpkg_installed\x64-windows\lib\boost_regex-vc143-mt-x64-1_86.lib  D:\TelegramBot\vcpkg_installed\x64-windows\lib\boost_system-vc143-mt-x64-1_86.lib  kernel32.lib user32.lib gdi32.lib winspool.lib shell32.lib ole32.lib oleaut32.lib uuid.lib comdlg32.lib advapi32.lib && cd ."
[2/3] C:\WINDOWS\system32\cmd.exe /C "cd /D D:\TelegramBot\vcpkg_installed\vcpkg\blds\boost-type-erasure\x64-windows-rel && D:\Software\cmake-4.2.1-windows-x86_64\bin\cmake.exe -P cmake_install.cmake"
-- Install configuration: "Release"
-- Installing: D:/TelegramBot/vcpkg_installed/vcpkg/pkgs/boost-type-erasure_x64-windows/include
-- Installing: D:/TelegramBot/vcpkg_installed/vcpkg/pkgs/boost-type-erasure_x64-windows/include/boost
-- Installing: D:/TelegramBot/vcpkg_installed/vcpkg/pkgs/boost-type-erasure_x64-windows/include/boost/type_erasure
-- Installing: D:/TelegramBot/vcpkg_installed/vcpkg/pkgs/boost-type-erasure_x64-windows/include/boost/type_erasure/any.hpp
-- Installing: D:/TelegramBot/vcpkg_installed/vcpkg/pkgs/boost-type-erasure_x64-windows/include/boost/type_erasure/any_cast.hpp
-- Installing: D:/TelegramBot/vcpkg_installed/vcpkg/pkgs/boost-type-erasure_x64-windows/include/boost/type_erasure/binding.hpp
-- Installing: D:/TelegramBot/vcpkg_installed/vcpkg/pkgs/boost-type-erasure_x64-windows/include/boost/type_erasure/binding_of.hpp
-- Installing: D:/TelegramBot/vcpkg_installed/vcpkg/pkgs/boost-type-erasure_x64-windows/include/boost/type_erasure/builtin.hpp
-- Installing: D:/TelegramBot/vcpkg_installed/vcpkg/pkgs/boost-type-erasure_x64-windows/include/boost/type_erasure/call.hpp
-- Installing: D:/TelegramBot/vcpkg_installed/vcpkg/pkgs/boost-type-erasure_x64-windows/include/boost/type_erasure/callable.hpp
-- Installing: D:/TelegramBot/vcpkg_installed/vcpkg/pkgs/boost-type-erasure_x64-windows/include/boost/type_erasure/check_match.hpp
-- Installing: D:/TelegramBot/vcpkg_installed/vcpkg/pkgs/boost-type-erasure_x64-windows/include/boost/type_erasure/concept_interface.hpp
-- Installing: D:/TelegramBot/vcpkg_installed/vcpkg/pkgs/boost-type-erasure_x64-windows/include/boost/type_erasure/concept_of.hpp
-- Installing: D:/TelegramBot/vcpkg_installed/vcpkg/pkgs/boost-type-erasure_x64-windows/include/boost/type_erasure/config.hpp
-- Installing: D:/TelegramBot/vcpkg_installed/vcpkg/pkgs/boost-type-erasure_x64-windows/include/boost/type_erasure/constructible.hpp
-- Installing: D:/TelegramBot/vcpkg_installed/vcpkg/pkgs/boost-type-erasure_x64-windows/include/boost/type_erasure/deduced.hpp
-- Installing: D:/TelegramBot/vcpkg_installed/vcpkg/pkgs/boost-type-erasure_x64-windows/include/boost/type_erasure/derived.hpp
-- Installing: D:/TelegramBot/vcpkg_installed/vcpkg/pkgs/boost-type-erasure_x64-windows/include/boost/type_erasure/detail
-- Installing: D:/TelegramBot/vcpkg_installed/vcpkg/pkgs/boost-type-erasure_x64-windows/include/boost/type_erasure/detail/access.hpp
-- Installing: D:/TelegramBot/vcpkg_installed/vcpkg/pkgs/boost-type-erasure_x64-windows/include/boost/type_erasure/detail/adapt_to_vtable.hpp
-- Installing: D:/TelegramBot/vcpkg_installed/vcpkg/pkgs/boost-type-erasure_x64-windows/include/boost/type_erasure/detail/any_base.hpp
-- Installing: D:/TelegramBot/vcpkg_installed/vcpkg/pkgs/boost-type-erasure_x64-windows/include/boost/type_erasure/detail/auto_link.hpp
-- Installing: D:/TelegramBot/vcpkg_installed/vcpkg/pkgs/boost-type-erasure_x64-windows/include/boost/type_erasure/detail/check_call.hpp
-- Installing: D:/TelegramBot/vcpkg_installed/vcpkg/pkgs/boost-type-erasure_x64-windows/include/boost/type_erasure/detail/check_map.hpp
-- Installing: D:/TelegramBot/vcpkg_installed/vcpkg/pkgs/boost-type-erasure_x64-windows/include/boost/type_erasure/detail/const.hpp
-- Installing: D:/TelegramBot/vcpkg_installed/vcpkg/pkgs/boost-type-erasure_x64-windows/include/boost/type_erasure/detail/construct.hpp
-- Installing: D:/TelegramBot/vcpkg_installed/vcpkg/pkgs/boost-type-erasure_x64-windows/include/boost/type_erasure/detail/dynamic_vtable.hpp
-- Installing: D:/TelegramBot/vcpkg_installed/vcpkg/pkgs/boost-type-erasure_x64-windows/include/boost/type_erasure/detail/extract_concept.hpp
-- Installing: D:/TelegramBot/vcpkg_installed/vcpkg/pkgs/boost-type-erasure_x64-windows/include/boost/type_erasure/detail/get_placeholders.hpp
-- Installing: D:/TelegramBot/vcpkg_installed/vcpkg/pkgs/boost-type-erasure_x64-windows/include/boost/type_erasure/detail/get_signature.hpp
-- Installing: D:/TelegramBot/vcpkg_installed/vcpkg/pkgs/boost-type-erasure_x64-windows/include/boost/type_erasure/detail/instantiate.hpp
-- Installing: D:/TelegramBot/vcpkg_installed/vcpkg/pkgs/boost-type-erasure_x64-windows/include/boost/type_erasure/detail/macro.hpp
-- Installing: D:/TelegramBot/vcpkg_installed/vcpkg/pkgs/boost-type-erasure_x64-windows/include/boost/type_erasure/detail/member11.hpp
-- Installing: D:/TelegramBot/vcpkg_installed/vcpkg/pkgs/boost-type-erasure_x64-windows/include/boost/type_erasure/detail/meta.hpp
-- Installing: D:/TelegramBot/vcpkg_installed/vcpkg/pkgs/boost-type-erasure_x64-windows/include/boost/type_erasure/detail/normalize.hpp
-- Installing: D:/TelegramBot/vcpkg_installed/vcpkg/pkgs/boost-type-erasure_x64-windows/include/boost/type_erasure/detail/normalize_deduced.hpp
-- Installing: D:/TelegramBot/vcpkg_installed/vcpkg/pkgs/boost-type-erasure_x64-windows/include/boost/type_erasure/detail/null.hpp
-- Installing: D:/TelegramBot/vcpkg_installed/vcpkg/pkgs/boost-type-erasure_x64-windows/include/boost/type_erasure/detail/rebind_placeholders.hpp
-- Installing: D:/TelegramBot/vcpkg_installed/vcpkg/pkgs/boost-type-erasure_x64-windows/include/boost/type_erasure/detail/storage.hpp
-- Installing: D:/TelegramBot/vcpkg_installed/vcpkg/pkgs/boost-type-erasure_x64-windows/include/boost/type_erasure/detail/vtable.hpp
-- Installing: D:/TelegramBot/vcpkg_installed/vcpkg/pkgs/boost-type-erasure_x64-windows/include/boost/type_erasure/dynamic_any_cast.hpp
-- Installing: D:/TelegramBot/vcpkg_installed/vcpkg/pkgs/boost-type-erasure_x64-windows/include/boost/type_erasure/dynamic_binding.hpp
-- Installing: D:/TelegramBot/vcpkg_installed/vcpkg/pkgs/boost-type-erasure_x64-windows/include/boost/type_erasure/exception.hpp
-- Installing: D:/TelegramBot/vcpkg_installed/vcpkg/pkgs/boost-type-erasure_x64-windows/include/boost/type_erasure/free.hpp
-- Installing: D:/TelegramBot/vcpkg_installed/vcpkg/pkgs/boost-type-erasure_x64-windows/include/boost/type_erasure/is_empty.hpp
-- Installing: D:/TelegramBot/vcpkg_installed/vcpkg/pkgs/boost-type-erasure_x64-windows/include/boost/type_erasure/is_placeholder.hpp
-- Installing: D:/TelegramBot/vcpkg_installed/vcpkg/pkgs/boost-type-erasure_x64-windows/include/boost/type_erasure/is_subconcept.hpp
-- Installing: D:/TelegramBot/vcpkg_installed/vcpkg/pkgs/boost-type-erasure_x64-windows/include/boost/type_erasure/iterator.hpp
-- Installing: D:/TelegramBot/vcpkg_installed/vcpkg/pkgs/boost-type-erasure_x64-windows/include/boost/type_erasure/member.hpp
-- Installing: D:/TelegramBot/vcpkg_installed/vcpkg/pkgs/boost-type-erasure_x64-windows/include/boost/type_erasure/operators.hpp
-- Installing: D:/TelegramBot/vcpkg_installed/vcpkg/pkgs/boost-type-erasure_x64-windows/include/boost/type_erasure/param.hpp
-- Installing: D:/TelegramBot/vcpkg_installed/vcpkg/pkgs/boost-type-erasure_x64-windows/include/boost/type_erasure/placeholder.hpp
-- Installing: D:/TelegramBot/vcpkg_installed/vcpkg/pkgs/boost-type-erasure_x64-windows/include/boost/type_erasure/placeholder_of.hpp
-- Installing: D:/TelegramBot/vcpkg_installed/vcpkg/pkgs/boost-type-erasure_x64-windows/include/boost/type_erasure/rebind_any.hpp
-- Installing: D:/TelegramBot/vcpkg_installed/vcpkg/pkgs/boost-type-erasure_x64-windows/include/boost/type_erasure/register_binding.hpp
-- Installing: D:/TelegramBot/vcpkg_installed/vcpkg/pkgs/boost-type-erasure_x64-windows/include/boost/type_erasure/relaxed.hpp
-- Installing: D:/TelegramBot/vcpkg_installed/vcpkg/pkgs/boost-type-erasure_x64-windows/include/boost/type_erasure/require_match.hpp
-- Installing: D:/TelegramBot/vcpkg_installed/vcpkg/pkgs/boost-type-erasure_x64-windows/include/boost/type_erasure/same_type.hpp
-- Installing: D:/TelegramBot/vcpkg_installed/vcpkg/pkgs/boost-type-erasure_x64-windows/include/boost/type_erasure/static_binding.hpp
-- Installing: D:/TelegramBot/vcpkg_installed/vcpkg/pkgs/boost-type-erasure_x64-windows/include/boost/type_erasure/tuple.hpp
-- Installing: D:/TelegramBot/vcpkg_installed/vcpkg/pkgs/boost-type-erasure_x64-windows/include/boost/type_erasure/typeid_of.hpp
-- Installing: D:/TelegramBot/vcpkg_installed/vcpkg/pkgs/boost-type-erasure_x64-windows/lib/boost_type_erasure-vc143-mt-x64-1_86.lib
-- Installing: D:/TelegramBot/vcpkg_installed/vcpkg/pkgs/boost-type-erasure_x64-windows/bin/boost_type_erasure-vc143-mt-x64-1_86.dll
-- Installing: D:/TelegramBot/vcpkg_installed/vcpkg/pkgs/boost-type-erasure_x64-windows/bin/boost_type_erasure-vc143-mt-x64-1_86.pdb
-- Installing: D:/TelegramBot/vcpkg_installed/vcpkg/pkgs/boost-type-erasure_x64-windows/lib/cmake/boost_type_erasure-1.86.0/boost_type_erasure-targets.cmake
-- Installing: D:/TelegramBot/vcpkg_installed/vcpkg/pkgs/boost-type-erasure_x64-windows/lib/cmake/boost_type_erasure-1.86.0/boost_type_erasure-targets-release.cmake
-- Installing: D:/TelegramBot/vcpkg_installed/vcpkg/pkgs/boost-type-erasure_x64-windows/lib/cmake/boost_type_erasure-1.86.0/boost_type_erasure-config.cmake
-- Installing: D:/TelegramBot/vcpkg_installed/vcpkg/pkgs/boost-type-erasure_x64-windows/lib/cmake/boost_type_erasure-1.86.0/boost_type_erasure-config-version.cmake

