[1/2] "D:/Software/cmake-4.2.1-windows-x86_64/bin/cmake.exe" -E chdir ".." "D:/Software/cmake-4.2.1-windows-x86_64/bin/cmake.exe" "D:/TelegramBot/vcpkg_installed/vcpkg/blds/expat/src/R_2_6_4-2c0a7bb367.clean/expat" "-G" "Ninja" "-DCMAKE_BUILD_TYPE=Release" "-DCMAKE_INSTALL_PREFIX=D:/TelegramBot/vcpkg_installed/vcpkg/pkgs/expat_x64-windows" "-DFETCHCONTENT_FULLY_DISCONNECTED=ON" "-DEXPAT_BUILD_EXAMPLES=OFF" "-DEXPAT_BUILD_TESTS=OFF" "-DEXPAT_BUILD_TOOLS=OFF" "-DEXPAT_BUILD_DOCS=OFF" "-DEXPAT_SHARED_LIBS=1" "-DEXPAT_MSVC_STATIC_CRT=0" "-DEXPAT_BUILD_PKGCONFIG=ON" "-DCMAKE_MAKE_PROGRAM=C:/Program Files/Microsoft Visual Studio/2022/Community/Common7/IDE/CommonExtensions/Microsoft/CMake/Ninja/ninja.exe" "-DBUILD_SHARED_LIBS=ON" "-DVCPKG_CHAINLOAD_TOOLCHAIN_FILE=C:/Program Files/Microsoft Visual Studio/2022/Community/VC/vcpkg/scripts/toolchains/windows.cmake" "-DVCPKG_TARGET_TRIPLET=x64-windows" "-DVCPKG_SET_CHARSET_FLAG=ON" "-DVCPKG_PLATFORM_TOOLSET=v143" "-DCMAKE_EXPORT_NO_PACKAGE_REGISTRY=ON" "-DCMAKE_FIND_PACKAGE_NO_PACKAGE_REGISTRY=ON" "-DCMAKE_FIND_PACKAGE_NO_SYSTEM_PACKAGE_REGISTRY=ON" "-DCMAKE_INSTALL_SYSTEM_RUNTIME_LIBS_SKIP=TRUE" "-DCMAKE_VERBOSE_MAKEFILE=ON" "-DVCPKG_APPLOCAL_DEPS=OFF" "-DCMAKE_TOOLCHAIN_FILE=C:/Program Files/Microsoft Visual Studio/2022/Community/VC/vcpkg/scripts/buildsystems/vcpkg.cmake" "-DCMAKE_ERROR_ON_ABSOLUTE_INSTALL_DESTINATION=ON" "-DVCPKG_CXX_FLAGS=" "-DVCPKG_CXX_FLAGS_RELEASE=" "-DVCPKG_CXX_FLAGS_DEBUG=" "-DVCPKG_C_FLAGS=" "-DVCPKG_C_FLAGS_RELEASE=" "-DVCPKG_C_FLAGS_DEBUG=" "-DVCPKG_CRT_LINKAGE=dynamic" "-DVCPKG_LINKER_FLAGS=" "-DVCPKG_LINKER_FLAGS_RELEASE=" "-DVCPKG_LINKER_FLAGS_DEBUG=" "-DVCPKG_TARGET_ARCHITECTURE=x64" "-DCMAKE_INSTALL_LIBDIR:STRING=lib" "-DCMAKE_INSTALL_BINDIR:STRING=bin" "-D_VCPKG_ROOT_DIR=C:/Program Files/Microsoft Visual Studio/2022/Community/VC/vcpkg" "-D_VCPKG_INSTALLED_DIR=D:/TelegramBot/vcpkg_installed" "-DVCPKG_MANIFEST_INSTALL=OFF"
CMake Deprecation Warning at CMakeLists.txt:37 (cmake_minimum_required):
  Compatibility with CMake < 3.10 will be removed from a future version of
  CMake.

  Update the VERSION argument <min> value.  Or, use the <min>...<max> syntax
  to tell CMake that the project requires at least <min> but has been updated
  to work with policies introduced by <max> or earlier.


-- The C compiler identification is MSVC 19.44.35215.0
-- Detecting C compiler ABI info
-- Detecting C compiler ABI info - done
-- Check for working C compiler: C:/Program Files/Microsoft Visual Studio/2022/Community/VC/Tools/MSVC/14.44.35207/bin/Hostx64/x64/cl.exe - skipped
-- Detecting C compile features
-- Detecting C compile features - done
-- Looking for dlfcn.h
-- Looking for dlfcn.h - not found
-- Looking for fcntl.h
-- Looking for fcntl.h - found
-- Looking for inttypes.h
-- Looking for inttypes.h - found
-- Looking for memory.h
-- Looking for memory.h - found
-- Looking for stdint.h
-- Looking for stdint.h - found
-- Looking for stdlib.h
-- Looking for stdlib.h - found
-- Looking for strings.h
-- Looking for strings.h - not found
-- Looking for string.h
-- Looking for string.h - found
-- Looking for sys/stat.h
-- Looking for sys/stat.h - found
-- Looking for sys/types.h
-- Looking for sys/types.h - found
-- Looking for unistd.h
-- Looking for unistd.h - not found
-- Looking for getpagesize
-- Looking for getpagesize - not found
-- Looking for mmap
-- Looking for mmap - not found
-- Looking for getrandom
-- Looking for getrandom - not found
-- Looking for arc4random_buf
-- Looking for arc4random_buf - not found
-- Looking for arc4random
-- Looking for arc4random - not found
-- Looking for 4 include files stdlib.h, ..., float.h
-- Looking for 4 include files stdlib.h, ..., float.h - found
-- Performing Test HAVE_OFF_T
-- Performing Test HAVE_OFF_T - Success
-- Performing Test HAVE_SYSCALL_GETRANDOM
-- Performing Test HAVE_SYSCALL_GETRANDOM - Failed
-- Performing Test FLAG_NO_STRICT_ALIASING
-- Performing Test FLAG_NO_STRICT_ALIASING - Failed
-- Performing Test FLAG_VISIBILITY
-- Performing Test FLAG_VISIBILITY - Failed
-- Looking for cos in m
-- Looking for cos in m - not found
-- ===========================================================================
-- 
-- Configuration
--   Generator .................. Ninja
--   Build type ................. Release
--   Prefix ..................... D:/TelegramBot/vcpkg_installed/vcpkg/pkgs/expat_x64-windows
--   Shared libraries ........... 1
--   Static CRT ................. 0
--   Character type ............. char (UTF-8)
--   Library name postfix ....... 
-- 
--   Build documentation ........ OFF
--   Build examples ............. OFF
--   Build fuzzers .............. OFF
--   Build tests ................ OFF
--   Build tools (xmlwf) ........ OFF
--   Build pkg-config file ...... ON
--   Install files .............. ON
-- 
--   Features
--     // Advanced options, changes not advised
--     Attributes info .......... OFF
--     Context bytes ............ 1024
--     DTD support .............. ON
--     General entities ......... ON
--     Large size ............... OFF
--     Minimum size ............. OFF
--     Namespace support ........ ON
-- 
--   Entropy sources
--     rand_s ................... ON
-- 
-- ===========================================================================
-- Configuring done (11.6s)
-- Generating done (0.1s)
CMake Warning:
  Manually-specified variables were not used by the project:

    FETCHCONTENT_FULLY_DISCONNECTED
    _VCPKG_ROOT_DIR


-- Build files have been written to: D:/TelegramBot/vcpkg_installed/vcpkg/blds/expat/x64-windows-rel
[2/2] "D:/Software/cmake-4.2.1-windows-x86_64/bin/cmake.exe" -E chdir "../../x64-windows-dbg" "D:/Software/cmake-4.2.1-windows-x86_64/bin/cmake.exe" "D:/TelegramBot/vcpkg_installed/vcpkg/blds/expat/src/R_2_6_4-2c0a7bb367.clean/expat" "-G" "Ninja" "-DCMAKE_BUILD_TYPE=Debug" "-DCMAKE_INSTALL_PREFIX=D:/TelegramBot/vcpkg_installed/vcpkg/pkgs/expat_x64-windows/debug" "-DFETCHCONTENT_FULLY_DISCONNECTED=ON" "-DEXPAT_BUILD_EXAMPLES=OFF" "-DEXPAT_BUILD_TESTS=OFF" "-DEXPAT_BUILD_TOOLS=OFF" "-DEXPAT_BUILD_DOCS=OFF" "-DEXPAT_SHARED_LIBS=1" "-DEXPAT_MSVC_STATIC_CRT=0" "-DEXPAT_BUILD_PKGCONFIG=ON" "-DCMAKE_MAKE_PROGRAM=C:/Program Files/Microsoft Visual Studio/2022/Community/Common7/IDE/CommonExtensions/Microsoft/CMake/Ninja/ninja.exe" "-DBUILD_SHARED_LIBS=ON" "-DVCPKG_CHAINLOAD_TOOLCHAIN_FILE=C:/Program Files/Microsoft Visual Studio/2022/Community/VC/vcpkg/scripts/toolchains/windows.cmake" "-DVCPKG_TARGET_TRIPLET=x64-windows" "-DVCPKG_SET_CHARSET_FLAG=ON" "-DVCPKG_PLATFORM_TOOLSET=v143" "-DCMAKE_EXPORT_NO_PACKAGE_REGISTRY=ON" "-DCMAKE_FIND_PACKAGE_NO_PACKAGE_REGISTRY=ON" "-DCMAKE_FIND_PACKAGE_NO_SYSTEM_PACKAGE_REGISTRY=ON" "-DCMAKE_INSTALL_SYSTEM_RUNTIME_LIBS_SKIP=TRUE" "-DCMAKE_VERBOSE_MAKEFILE=ON" "-DVCPKG_APPLOCAL_DEPS=OFF" "-DCMAKE_TOOLCHAIN_FILE=C:/Program Files/Microsoft Visual Studio/2022/Community/VC/vcpkg/scripts/buildsystems/vcpkg.cmake" "-DCMAKE_ERROR_ON_ABSOLUTE_INSTALL_DESTINATION=ON" "-DVCPKG_CXX_FLAGS=" "-DVCPKG_CXX_FLAGS_RELEASE=" "-DVCPKG_CXX_FLAGS_DEBUG=" "-DVCPKG_C_FLAGS=" "-DVCPKG_C_FLAGS_RELEASE=" "-DVCPKG_C_FLAGS_DEBUG=" "-DVCPKG_CRT_LINKAGE=dynamic" "-DVCPKG_LINKER_FLAGS=" "-DVCPKG_LINKER_FLAGS_RELEASE=" "-DVCPKG_LINKER_FLAGS_DEBUG=" "-DVCPKG_TARGET_ARCHITECTURE=x64" "-DCMAKE_INSTALL_LIBDIR:STRING=lib" "-DCMAKE_INSTALL_BINDIR:STRING=bin" "-D_VCPKG_ROOT_DIR=C:/Program Files/Microsoft Visual Studio/2022/Community/VC/vcpkg" "-D_VCPKG_INSTALLED_DIR=D:/TelegramBot/vcpkg_installed" "-DVCPKG_MANIFEST_INSTALL=OFF"
CMake Deprecation Warning at CMakeLists.txt:37 (cmake_minimum_required):
  Compatibility with CMake < 3.10 will be removed from a future version of
  CMake.

  Update the VERSION argument <min> value.  Or, use the <min>...<max> syntax
  to tell CMake that the project requires at least <min> but has been updated
  to work with policies introduced by <max> or earlier.


-- The C compiler identification is MSVC 19.44.35215.0
-- Detecting C compiler ABI info
-- Detecting C compiler ABI info - done
-- Check for working C compiler: C:/Program Files/Microsoft Visual Studio/2022/Community/VC/Tools/MSVC/14.44.35207/bin/Hostx64/x64/cl.exe - skipped
-- Detecting C compile features
-- Detecting C compile features - done
-- Looking for dlfcn.h
-- Looking for dlfcn.h - not found
-- Looking for fcntl.h
-- Looking for fcntl.h - found
-- Looking for inttypes.h
-- Looking for inttypes.h - found
-- Looking for memory.h
-- Looking for memory.h - found
-- Looking for stdint.h
-- Looking for stdint.h - found
-- Looking for stdlib.h
-- Looking for stdlib.h - found
-- Looking for strings.h
-- Looking for strings.h - not found
-- Looking for string.h
-- Looking for string.h - found
-- Looking for sys/stat.h
-- Looking for sys/stat.h - found
-- Looking for sys/types.h
-- Looking for sys/types.h - found
-- Looking for unistd.h
-- Looking for unistd.h - not found
-- Looking for getpagesize
-- Looking for getpagesize - not found
-- Looking for mmap
-- Looking for mmap - not found
-- Looking for getrandom
-- Looking for getrandom - not found
-- Looking for arc4random_buf
-- Looking for arc4random_buf - not found
-- Looking for arc4random
-- Looking for arc4random - not found
-- Looking for 4 include files stdlib.h, ..., float.h
-- Looking for 4 include files stdlib.h, ..., float.h - found
-- Performing Test HAVE_OFF_T
-- Performing Test HAVE_OFF_T - Success
-- Performing Test HAVE_SYSCALL_GETRANDOM
-- Performing Test HAVE_SYSCALL_GETRANDOM - Failed
-- Performing Test FLAG_NO_STRICT_ALIASING
-- Performing Test FLAG_NO_STRICT_ALIASING - Failed
-- Performing Test FLAG_VISIBILITY
-- Performing Test FLAG_VISIBILITY - Failed
-- Looking for cos in m
-- Looking for cos in m - not found
-- ===========================================================================
-- 
-- Configuration
--   Generator .................. Ninja
--   Build type ................. Debug
--   Prefix ..................... D:/TelegramBot/vcpkg_installed/vcpkg/pkgs/expat_x64-windows/debug
--   Shared libraries ........... 1
--   Static CRT ................. 0
--   Character type ............. char (UTF-8)
--   Library name postfix ....... d
-- 
--   Build documentation ........ OFF
--   Build examples ............. OFF
--   Build fuzzers .............. OFF
--   Build tests ................ OFF
--   Build tools (xmlwf) ........ OFF
--   Build pkg-config file ...... ON
--   Install files .............. ON
-- 
--   Features
--     // Advanced options, changes not advised
--     Attributes info .......... OFF
--     Context bytes ............ 1024
--     DTD support .............. ON
--     General entities ......... ON
--     Large size ............... OFF
--     Minimum size ............. OFF
--     Namespace support ........ ON
-- 
--   Entropy sources
--     rand_s ................... ON
-- 
-- ===========================================================================
-- Configuring done (11.6s)
-- Generating done (0.1s)
CMake Warning:
  Manually-specified variables were not used by the project:

    FETCHCONTENT_FULLY_DISCONNECTED
    _VCPKG_ROOT_DIR


-- Build files have been written to: D:/TelegramBot/vcpkg_installed/vcpkg/blds/expat/x64-windows-dbg
