# CMAKE generated file: DO NOT EDIT!
# Generated by "Ninja" Generator, CMake Version 4.2

# This file contains all the build statements describing the
# compilation DAG.

# =============================================================================
# Write statements declared in CMakeLists.txt:
# 
# Which is the root file.
# =============================================================================

# =============================================================================
# Project: expat
# Configurations: Release
# =============================================================================

#############################################
# Minimal version of Ninja required by this file

ninja_required_version = 1.5


#############################################
# Set configuration variable for custom commands.

CONFIGURATION = Release
# =============================================================================
# Include auxiliary files.


#############################################
# Include rules file.

include CMakeFiles\rules.ninja

# =============================================================================

#############################################
# Logical path to working directory; prefix for absolute paths.

cmake_ninja_workdir = D$:\TelegramBot\vcpkg_installed\vcpkg\blds\expat\x64-windows-rel\
# =============================================================================
# Object build statements for SHARED_LIBRARY target expat


#############################################
# Order-only phony target for expat

build cmake_object_order_depends_target_expat: phony || .

build CMakeFiles\expat.dir\lib\xmlparse.c.obj: C_COMPILER__expat_unscanned_Release D$:\TelegramBot\vcpkg_installed\vcpkg\blds\expat\src\R_2_6_4-2c0a7bb367.clean\expat\lib\xmlparse.c || cmake_object_order_depends_target_expat
  CONFIG = Release
  DEFINES = -DVER_FILEVERSION=2,6,4,0 -D_CRT_SECURE_NO_WARNINGS -Dexpat_EXPORTS
  FLAGS = /nologo /DWIN32 /D_WINDOWS /utf-8 /MP   /MD /O2 /Oi /Gy /DNDEBUG /Z7    -wd4996
  INCLUDES = -ID:\TelegramBot\vcpkg_installed\vcpkg\blds\expat\x64-windows-rel -ID:\TelegramBot\vcpkg_installed\vcpkg\blds\expat\src\R_2_6_4-2c0a7bb367.clean\expat\lib
  OBJECT_DIR = CMakeFiles\expat.dir
  OBJECT_FILE_DIR = CMakeFiles\expat.dir\lib
  TARGET_COMPILE_PDB = CMakeFiles\expat.dir\
  TARGET_PDB = libexpat.pdb
  TARGET_SUPPORT_DIR = CMakeFiles\expat.dir

build CMakeFiles\expat.dir\lib\xmlrole.c.obj: C_COMPILER__expat_unscanned_Release D$:\TelegramBot\vcpkg_installed\vcpkg\blds\expat\src\R_2_6_4-2c0a7bb367.clean\expat\lib\xmlrole.c || cmake_object_order_depends_target_expat
  CONFIG = Release
  DEFINES = -DVER_FILEVERSION=2,6,4,0 -D_CRT_SECURE_NO_WARNINGS -Dexpat_EXPORTS
  FLAGS = /nologo /DWIN32 /D_WINDOWS /utf-8 /MP   /MD /O2 /Oi /Gy /DNDEBUG /Z7    -wd4996
  INCLUDES = -ID:\TelegramBot\vcpkg_installed\vcpkg\blds\expat\x64-windows-rel -ID:\TelegramBot\vcpkg_installed\vcpkg\blds\expat\src\R_2_6_4-2c0a7bb367.clean\expat\lib
  OBJECT_DIR = CMakeFiles\expat.dir
  OBJECT_FILE_DIR = CMakeFiles\expat.dir\lib
  TARGET_COMPILE_PDB = CMakeFiles\expat.dir\
  TARGET_PDB = libexpat.pdb
  TARGET_SUPPORT_DIR = CMakeFiles\expat.dir

build CMakeFiles\expat.dir\lib\xmltok.c.obj: C_COMPILER__expat_unscanned_Release D$:\TelegramBot\vcpkg_installed\vcpkg\blds\expat\src\R_2_6_4-2c0a7bb367.clean\expat\lib\xmltok.c || cmake_object_order_depends_target_expat
  CONFIG = Release
  DEFINES = -DVER_FILEVERSION=2,6,4,0 -D_CRT_SECURE_NO_WARNINGS -Dexpat_EXPORTS
  FLAGS = /nologo /DWIN32 /D_WINDOWS /utf-8 /MP   /MD /O2 /Oi /Gy /DNDEBUG /Z7    -wd4996
  INCLUDES = -ID:\TelegramBot\vcpkg_installed\vcpkg\blds\expat\x64-windows-rel -ID:\TelegramBot\vcpkg_installed\vcpkg\blds\expat\src\R_2_6_4-2c0a7bb367.clean\expat\lib
  OBJECT_DIR = CMakeFiles\expat.dir
  OBJECT_FILE_DIR = CMakeFiles\expat.dir\lib
  TARGET_COMPILE_PDB = CMakeFiles\expat.dir\
  TARGET_PDB = libexpat.pdb
  TARGET_SUPPORT_DIR = CMakeFiles\expat.dir

build CMakeFiles\expat.dir\win32\version.rc.res: RC_COMPILER__expat_unscanned_Release D$:\TelegramBot\vcpkg_installed\vcpkg\blds\expat\x64-windows-rel\win32\version.rc || cmake_object_order_depends_target_expat
  CONFIG = Release
  DEFINES = -DVER_FILEVERSION=2,6,4,0 -D_CRT_SECURE_NO_WARNINGS -Dexpat_EXPORTS
  DEP_FILE = CMakeFiles\expat.dir\win32\version.rc.res.d
  FLAGS = -c65001 /DWIN32   -wd4996
  INCLUDES = -I D:\TelegramBot\vcpkg_installed\vcpkg\blds\expat\x64-windows-rel -I D:\TelegramBot\vcpkg_installed\vcpkg\blds\expat\src\R_2_6_4-2c0a7bb367.clean\expat\lib
  OBJECT_DIR = CMakeFiles\expat.dir
  OBJECT_FILE_DIR = CMakeFiles\expat.dir\win32
  TARGET_COMPILE_PDB = CMakeFiles\expat.dir\
  TARGET_PDB = libexpat.pdb
  TARGET_SUPPORT_DIR = CMakeFiles\expat.dir


# =============================================================================
# Link build statements for SHARED_LIBRARY target expat


#############################################
# Link the shared library libexpat.dll

build libexpat.dll libexpat.lib: C_SHARED_LIBRARY_LINKER__expat_Release CMakeFiles\expat.dir\lib\xmlparse.c.obj CMakeFiles\expat.dir\lib\xmlrole.c.obj CMakeFiles\expat.dir\lib\xmltok.c.obj CMakeFiles\expat.dir\win32\version.rc.res | lib\libexpat.def
  CONFIG = Release
  LANGUAGE_COMPILE_FLAGS = /nologo /DWIN32 /D_WINDOWS /utf-8 /MP   /MD /O2 /Oi /Gy /DNDEBUG /Z7
  LINK_FLAGS = /machine:x64 /nologo /DEBUG /INCREMENTAL:NO /OPT:REF /OPT:ICF   /DEF:lib\libexpat.def
  LINK_LIBRARIES = kernel32.lib user32.lib gdi32.lib winspool.lib shell32.lib ole32.lib oleaut32.lib uuid.lib comdlg32.lib advapi32.lib
  OBJECT_DIR = CMakeFiles\expat.dir
  POST_BUILD = cd .
  PRE_LINK = cd .
  RESTAT = 1
  TARGET_COMPILE_PDB = CMakeFiles\expat.dir\
  TARGET_FILE = libexpat.dll
  TARGET_IMPLIB = libexpat.lib
  TARGET_PDB = libexpat.pdb
  TARGET_SUPPORT_DIR = CMakeFiles\expat.dir


#############################################
# Utility command for package

build CMakeFiles\package.util: CUSTOM_COMMAND all
  COMMAND = C:\WINDOWS\system32\cmd.exe /C "cd /D D:\TelegramBot\vcpkg_installed\vcpkg\blds\expat\x64-windows-rel && D:\Software\cmake-4.2.1-windows-x86_64\bin\cpack.exe --config ./CPackConfig.cmake"
  DESC = Run CPack packaging tool...
  pool = console
  restat = 1

build package: phony CMakeFiles\package.util


#############################################
# Utility command for package_source

build CMakeFiles\package_source.util: CUSTOM_COMMAND
  COMMAND = C:\WINDOWS\system32\cmd.exe /C "cd /D D:\TelegramBot\vcpkg_installed\vcpkg\blds\expat\x64-windows-rel && D:\Software\cmake-4.2.1-windows-x86_64\bin\cpack.exe --config ./CPackSourceConfig.cmake"
  DESC = Run CPack packaging tool for source...
  pool = console
  restat = 1

build package_source: phony CMakeFiles\package_source.util


#############################################
# Utility command for edit_cache

build CMakeFiles\edit_cache.util: CUSTOM_COMMAND
  COMMAND = C:\WINDOWS\system32\cmd.exe /C "cd /D D:\TelegramBot\vcpkg_installed\vcpkg\blds\expat\x64-windows-rel && D:\Software\cmake-4.2.1-windows-x86_64\bin\cmake-gui.exe -SD:\TelegramBot\vcpkg_installed\vcpkg\blds\expat\src\R_2_6_4-2c0a7bb367.clean\expat -BD:\TelegramBot\vcpkg_installed\vcpkg\blds\expat\x64-windows-rel"
  DESC = Running CMake cache editor...
  pool = console
  restat = 1

build edit_cache: phony CMakeFiles\edit_cache.util


#############################################
# Utility command for rebuild_cache

build CMakeFiles\rebuild_cache.util: CUSTOM_COMMAND
  COMMAND = C:\WINDOWS\system32\cmd.exe /C "cd /D D:\TelegramBot\vcpkg_installed\vcpkg\blds\expat\x64-windows-rel && D:\Software\cmake-4.2.1-windows-x86_64\bin\cmake.exe --regenerate-during-build -SD:\TelegramBot\vcpkg_installed\vcpkg\blds\expat\src\R_2_6_4-2c0a7bb367.clean\expat -BD:\TelegramBot\vcpkg_installed\vcpkg\blds\expat\x64-windows-rel"
  DESC = Running CMake to regenerate build system...
  pool = console
  restat = 1

build rebuild_cache: phony CMakeFiles\rebuild_cache.util


#############################################
# Utility command for list_install_components

build list_install_components: phony


#############################################
# Utility command for install

build CMakeFiles\install.util: CUSTOM_COMMAND all
  COMMAND = C:\WINDOWS\system32\cmd.exe /C "cd /D D:\TelegramBot\vcpkg_installed\vcpkg\blds\expat\x64-windows-rel && D:\Software\cmake-4.2.1-windows-x86_64\bin\cmake.exe -P cmake_install.cmake"
  DESC = Install the project...
  pool = console
  restat = 1

build install: phony CMakeFiles\install.util


#############################################
# Utility command for install/local

build CMakeFiles\install\local.util: CUSTOM_COMMAND all
  COMMAND = C:\WINDOWS\system32\cmd.exe /C "cd /D D:\TelegramBot\vcpkg_installed\vcpkg\blds\expat\x64-windows-rel && D:\Software\cmake-4.2.1-windows-x86_64\bin\cmake.exe -DCMAKE_INSTALL_LOCAL_ONLY=1 -P cmake_install.cmake"
  DESC = Installing only the local directory...
  pool = console
  restat = 1

build install\local: phony CMakeFiles\install\local.util

# =============================================================================
# Target aliases.

build expat: phony libexpat.dll

# =============================================================================
# Folder targets.

# =============================================================================

#############################################
# Folder: D:/TelegramBot/vcpkg_installed/vcpkg/blds/expat/x64-windows-rel

build all: phony libexpat.dll

# =============================================================================
# Built-in targets


#############################################
# Re-run CMake if any of its inputs changed.

build build.ninja D$:\TelegramBot\vcpkg_installed\vcpkg\blds\expat\x64-windows-rel\cmake_install.cmake: RERUN_CMAKE | C$:\Program$ Files\Microsoft$ Visual$ Studio\2022\Community\VC\vcpkg\scripts\buildsystems\vcpkg.cmake C$:\Program$ Files\Microsoft$ Visual$ Studio\2022\Community\VC\vcpkg\scripts\toolchains\windows.cmake CMakeCache.txt CMakeFiles\4.2.1\CMakeCCompiler.cmake CMakeFiles\4.2.1\CMakeRCCompiler.cmake CMakeFiles\4.2.1\CMakeSystem.cmake D$:\Software\cmake-4.2.1-windows-x86_64\share\cmake-4.2\Modules\BasicConfigVersion-SameMajorVersion.cmake.in D$:\Software\cmake-4.2.1-windows-x86_64\share\cmake-4.2\Modules\CMakeCCompiler.cmake.in D$:\Software\cmake-4.2.1-windows-x86_64\share\cmake-4.2\Modules\CMakeCCompilerABI.c D$:\Software\cmake-4.2.1-windows-x86_64\share\cmake-4.2\Modules\CMakeCInformation.cmake D$:\Software\cmake-4.2.1-windows-x86_64\share\cmake-4.2\Modules\CMakeCheckCompilerFlagCommonPatterns.cmake D$:\Software\cmake-4.2.1-windows-x86_64\share\cmake-4.2\Modules\CMakeCommonLanguageInclude.cmake D$:\Software\cmake-4.2.1-windows-x86_64\share\cmake-4.2\Modules\CMakeCompilerIdDetection.cmake D$:\Software\cmake-4.2.1-windows-x86_64\share\cmake-4.2\Modules\CMakeDependentOption.cmake D$:\Software\cmake-4.2.1-windows-x86_64\share\cmake-4.2\Modules\CMakeDetermineCCompiler.cmake D$:\Software\cmake-4.2.1-windows-x86_64\share\cmake-4.2\Modules\CMakeDetermineCompiler.cmake D$:\Software\cmake-4.2.1-windows-x86_64\share\cmake-4.2\Modules\CMakeDetermineCompilerABI.cmake D$:\Software\cmake-4.2.1-windows-x86_64\share\cmake-4.2\Modules\CMakeDetermineCompilerId.cmake D$:\Software\cmake-4.2.1-windows-x86_64\share\cmake-4.2\Modules\CMakeDetermineCompilerSupport.cmake D$:\Software\cmake-4.2.1-windows-x86_64\share\cmake-4.2\Modules\CMakeDetermineRCCompiler.cmake D$:\Software\cmake-4.2.1-windows-x86_64\share\cmake-4.2\Modules\CMakeDetermineSystem.cmake D$:\Software\cmake-4.2.1-windows-x86_64\share\cmake-4.2\Modules\CMakeFindBinUtils.cmake D$:\Software\cmake-4.2.1-windows-x86_64\share\cmake-4.2\Modules\CMakeGenericSystem.cmake D$:\Software\cmake-4.2.1-windows-x86_64\share\cmake-4.2\Modules\CMakeInitializeConfigs.cmake D$:\Software\cmake-4.2.1-windows-x86_64\share\cmake-4.2\Modules\CMakeLanguageInformation.cmake D$:\Software\cmake-4.2.1-windows-x86_64\share\cmake-4.2\Modules\CMakePackageConfigHelpers.cmake D$:\Software\cmake-4.2.1-windows-x86_64\share\cmake-4.2\Modules\CMakeParseImplicitIncludeInfo.cmake D$:\Software\cmake-4.2.1-windows-x86_64\share\cmake-4.2\Modules\CMakeParseImplicitLinkInfo.cmake D$:\Software\cmake-4.2.1-windows-x86_64\share\cmake-4.2\Modules\CMakeParseLibraryArchitecture.cmake D$:\Software\cmake-4.2.1-windows-x86_64\share\cmake-4.2\Modules\CMakeRCCompiler.cmake.in D$:\Software\cmake-4.2.1-windows-x86_64\share\cmake-4.2\Modules\CMakeRCInformation.cmake D$:\Software\cmake-4.2.1-windows-x86_64\share\cmake-4.2\Modules\CMakeSystem.cmake.in D$:\Software\cmake-4.2.1-windows-x86_64\share\cmake-4.2\Modules\CMakeSystemSpecificInformation.cmake D$:\Software\cmake-4.2.1-windows-x86_64\share\cmake-4.2\Modules\CMakeSystemSpecificInitialize.cmake D$:\Software\cmake-4.2.1-windows-x86_64\share\cmake-4.2\Modules\CMakeTestCCompiler.cmake D$:\Software\cmake-4.2.1-windows-x86_64\share\cmake-4.2\Modules\CMakeTestCompilerCommon.cmake D$:\Software\cmake-4.2.1-windows-x86_64\share\cmake-4.2\Modules\CMakeTestRCCompiler.cmake D$:\Software\cmake-4.2.1-windows-x86_64\share\cmake-4.2\Modules\CPack.cmake D$:\Software\cmake-4.2.1-windows-x86_64\share\cmake-4.2\Modules\CPackComponent.cmake D$:\Software\cmake-4.2.1-windows-x86_64\share\cmake-4.2\Modules\CheckCCompilerFlag.cmake D$:\Software\cmake-4.2.1-windows-x86_64\share\cmake-4.2\Modules\CheckCSourceCompiles.cmake D$:\Software\cmake-4.2.1-windows-x86_64\share\cmake-4.2\Modules\CheckIncludeFile.cmake D$:\Software\cmake-4.2.1-windows-x86_64\share\cmake-4.2\Modules\CheckIncludeFileCXX.cmake D$:\Software\cmake-4.2.1-windows-x86_64\share\cmake-4.2\Modules\CheckIncludeFiles.cmake D$:\Software\cmake-4.2.1-windows-x86_64\share\cmake-4.2\Modules\CheckLibraryExists.cmake D$:\Software\cmake-4.2.1-windows-x86_64\share\cmake-4.2\Modules\CheckSymbolExists.cmake D$:\Software\cmake-4.2.1-windows-x86_64\share\cmake-4.2\Modules\CheckTypeSize.cmake D$:\Software\cmake-4.2.1-windows-x86_64\share\cmake-4.2\Modules\Compiler\ADSP-DetermineCompiler.cmake D$:\Software\cmake-4.2.1-windows-x86_64\share\cmake-4.2\Modules\Compiler\ARMCC-DetermineCompiler.cmake D$:\Software\cmake-4.2.1-windows-x86_64\share\cmake-4.2\Modules\Compiler\ARMClang-DetermineCompiler.cmake D$:\Software\cmake-4.2.1-windows-x86_64\share\cmake-4.2\Modules\Compiler\AppleClang-DetermineCompiler.cmake D$:\Software\cmake-4.2.1-windows-x86_64\share\cmake-4.2\Modules\Compiler\Borland-DetermineCompiler.cmake D$:\Software\cmake-4.2.1-windows-x86_64\share\cmake-4.2\Modules\Compiler\Bruce-C-DetermineCompiler.cmake D$:\Software\cmake-4.2.1-windows-x86_64\share\cmake-4.2\Modules\Compiler\CMakeCommonCompilerMacros.cmake D$:\Software\cmake-4.2.1-windows-x86_64\share\cmake-4.2\Modules\Compiler\Clang-DetermineCompiler.cmake D$:\Software\cmake-4.2.1-windows-x86_64\share\cmake-4.2\Modules\Compiler\Clang-DetermineCompilerInternal.cmake D$:\Software\cmake-4.2.1-windows-x86_64\share\cmake-4.2\Modules\Compiler\Compaq-C-DetermineCompiler.cmake D$:\Software\cmake-4.2.1-windows-x86_64\share\cmake-4.2\Modules\Compiler\Cray-DetermineCompiler.cmake D$:\Software\cmake-4.2.1-windows-x86_64\share\cmake-4.2\Modules\Compiler\CrayClang-DetermineCompiler.cmake D$:\Software\cmake-4.2.1-windows-x86_64\share\cmake-4.2\Modules\Compiler\Diab-DetermineCompiler.cmake D$:\Software\cmake-4.2.1-windows-x86_64\share\cmake-4.2\Modules\Compiler\Embarcadero-DetermineCompiler.cmake D$:\Software\cmake-4.2.1-windows-x86_64\share\cmake-4.2\Modules\Compiler\Fujitsu-DetermineCompiler.cmake D$:\Software\cmake-4.2.1-windows-x86_64\share\cmake-4.2\Modules\Compiler\FujitsuClang-DetermineCompiler.cmake D$:\Software\cmake-4.2.1-windows-x86_64\share\cmake-4.2\Modules\Compiler\GHS-DetermineCompiler.cmake D$:\Software\cmake-4.2.1-windows-x86_64\share\cmake-4.2\Modules\Compiler\GNU-C-DetermineCompiler.cmake D$:\Software\cmake-4.2.1-windows-x86_64\share\cmake-4.2\Modules\Compiler\HP-C-DetermineCompiler.cmake D$:\Software\cmake-4.2.1-windows-x86_64\share\cmake-4.2\Modules\Compiler\IAR-DetermineCompiler.cmake D$:\Software\cmake-4.2.1-windows-x86_64\share\cmake-4.2\Modules\Compiler\IBMCPP-C-DetermineVersionInternal.cmake D$:\Software\cmake-4.2.1-windows-x86_64\share\cmake-4.2\Modules\Compiler\IBMClang-C-DetermineCompiler.cmake D$:\Software\cmake-4.2.1-windows-x86_64\share\cmake-4.2\Modules\Compiler\Intel-DetermineCompiler.cmake D$:\Software\cmake-4.2.1-windows-x86_64\share\cmake-4.2\Modules\Compiler\IntelLLVM-DetermineCompiler.cmake D$:\Software\cmake-4.2.1-windows-x86_64\share\cmake-4.2\Modules\Compiler\LCC-C-DetermineCompiler.cmake D$:\Software\cmake-4.2.1-windows-x86_64\share\cmake-4.2\Modules\Compiler\MSVC-C.cmake D$:\Software\cmake-4.2.1-windows-x86_64\share\cmake-4.2\Modules\Compiler\MSVC-DetermineCompiler.cmake D$:\Software\cmake-4.2.1-windows-x86_64\share\cmake-4.2\Modules\Compiler\MSVC.cmake D$:\Software\cmake-4.2.1-windows-x86_64\share\cmake-4.2\Modules\Compiler\NVHPC-DetermineCompiler.cmake D$:\Software\cmake-4.2.1-windows-x86_64\share\cmake-4.2\Modules\Compiler\NVIDIA-DetermineCompiler.cmake D$:\Software\cmake-4.2.1-windows-x86_64\share\cmake-4.2\Modules\Compiler\OpenWatcom-DetermineCompiler.cmake D$:\Software\cmake-4.2.1-windows-x86_64\share\cmake-4.2\Modules\Compiler\OrangeC-DetermineCompiler.cmake D$:\Software\cmake-4.2.1-windows-x86_64\share\cmake-4.2\Modules\Compiler\PGI-DetermineCompiler.cmake D$:\Software\cmake-4.2.1-windows-x86_64\share\cmake-4.2\Modules\Compiler\PathScale-DetermineCompiler.cmake D$:\Software\cmake-4.2.1-windows-x86_64\share\cmake-4.2\Modules\Compiler\Renesas-DetermineCompiler.cmake D$:\Software\cmake-4.2.1-windows-x86_64\share\cmake-4.2\Modules\Compiler\SCO-DetermineCompiler.cmake D$:\Software\cmake-4.2.1-windows-x86_64\share\cmake-4.2\Modules\Compiler\SDCC-C-DetermineCompiler.cmake D$:\Software\cmake-4.2.1-windows-x86_64\share\cmake-4.2\Modules\Compiler\SunPro-C-DetermineCompiler.cmake D$:\Software\cmake-4.2.1-windows-x86_64\share\cmake-4.2\Modules\Compiler\TI-DetermineCompiler.cmake D$:\Software\cmake-4.2.1-windows-x86_64\share\cmake-4.2\Modules\Compiler\TIClang-DetermineCompiler.cmake D$:\Software\cmake-4.2.1-windows-x86_64\share\cmake-4.2\Modules\Compiler\Tasking-DetermineCompiler.cmake D$:\Software\cmake-4.2.1-windows-x86_64\share\cmake-4.2\Modules\Compiler\TinyCC-C-DetermineCompiler.cmake D$:\Software\cmake-4.2.1-windows-x86_64\share\cmake-4.2\Modules\Compiler\VisualAge-C-DetermineCompiler.cmake D$:\Software\cmake-4.2.1-windows-x86_64\share\cmake-4.2\Modules\Compiler\Watcom-DetermineCompiler.cmake D$:\Software\cmake-4.2.1-windows-x86_64\share\cmake-4.2\Modules\Compiler\XL-C-DetermineCompiler.cmake D$:\Software\cmake-4.2.1-windows-x86_64\share\cmake-4.2\Modules\Compiler\XLClang-C-DetermineCompiler.cmake D$:\Software\cmake-4.2.1-windows-x86_64\share\cmake-4.2\Modules\Compiler\zOS-C-DetermineCompiler.cmake D$:\Software\cmake-4.2.1-windows-x86_64\share\cmake-4.2\Modules\GNUInstallDirs.cmake D$:\Software\cmake-4.2.1-windows-x86_64\share\cmake-4.2\Modules\Internal\CMakeCLinkerInformation.cmake D$:\Software\cmake-4.2.1-windows-x86_64\share\cmake-4.2\Modules\Internal\CMakeCommonLinkerInformation.cmake D$:\Software\cmake-4.2.1-windows-x86_64\share\cmake-4.2\Modules\Internal\CMakeDetermineLinkerId.cmake D$:\Software\cmake-4.2.1-windows-x86_64\share\cmake-4.2\Modules\Internal\CMakeInspectCLinker.cmake D$:\Software\cmake-4.2.1-windows-x86_64\share\cmake-4.2\Modules\Internal\CheckCompilerFlag.cmake D$:\Software\cmake-4.2.1-windows-x86_64\share\cmake-4.2\Modules\Internal\CheckFlagCommonConfig.cmake D$:\Software\cmake-4.2.1-windows-x86_64\share\cmake-4.2\Modules\Internal\CheckSourceCompiles.cmake D$:\Software\cmake-4.2.1-windows-x86_64\share\cmake-4.2\Modules\Internal\FeatureTesting.cmake D$:\Software\cmake-4.2.1-windows-x86_64\share\cmake-4.2\Modules\Linker\MSVC-C.cmake D$:\Software\cmake-4.2.1-windows-x86_64\share\cmake-4.2\Modules\Linker\MSVC.cmake D$:\Software\cmake-4.2.1-windows-x86_64\share\cmake-4.2\Modules\Platform\Linker\Windows-MSVC-C.cmake D$:\Software\cmake-4.2.1-windows-x86_64\share\cmake-4.2\Modules\Platform\Linker\Windows-MSVC.cmake D$:\Software\cmake-4.2.1-windows-x86_64\share\cmake-4.2\Modules\Platform\Windows-Initialize.cmake D$:\Software\cmake-4.2.1-windows-x86_64\share\cmake-4.2\Modules\Platform\Windows-MSVC-C.cmake D$:\Software\cmake-4.2.1-windows-x86_64\share\cmake-4.2\Modules\Platform\Windows-MSVC.cmake D$:\Software\cmake-4.2.1-windows-x86_64\share\cmake-4.2\Modules\Platform\Windows.cmake D$:\Software\cmake-4.2.1-windows-x86_64\share\cmake-4.2\Modules\Platform\WindowsPaths.cmake D$:\Software\cmake-4.2.1-windows-x86_64\share\cmake-4.2\Modules\TestBigEndian.cmake D$:\Software\cmake-4.2.1-windows-x86_64\share\cmake-4.2\Modules\WriteBasicConfigVersionFile.cmake D$:\Software\cmake-4.2.1-windows-x86_64\share\cmake-4.2\Templates\CPackConfig.cmake.in D$:\TelegramBot\vcpkg_installed\vcpkg\blds\expat\src\R_2_6_4-2c0a7bb367.clean\expat\CMakeLists.txt D$:\TelegramBot\vcpkg_installed\vcpkg\blds\expat\src\R_2_6_4-2c0a7bb367.clean\expat\Changes D$:\TelegramBot\vcpkg_installed\vcpkg\blds\expat\src\R_2_6_4-2c0a7bb367.clean\expat\ConfigureChecks.cmake D$:\TelegramBot\vcpkg_installed\vcpkg\blds\expat\src\R_2_6_4-2c0a7bb367.clean\expat\cmake\expat-config.cmake.in D$:\TelegramBot\vcpkg_installed\vcpkg\blds\expat\src\R_2_6_4-2c0a7bb367.clean\expat\expat.pc.cmake D$:\TelegramBot\vcpkg_installed\vcpkg\blds\expat\src\R_2_6_4-2c0a7bb367.clean\expat\expat_config.h.cmake D$:\TelegramBot\vcpkg_installed\vcpkg\blds\expat\src\R_2_6_4-2c0a7bb367.clean\expat\lib\libexpat.def.cmake D$:\TelegramBot\vcpkg_installed\vcpkg\blds\expat\src\R_2_6_4-2c0a7bb367.clean\expat\win32\version.rc.cmake
  pool = console


#############################################
# A missing CMake input file is not an error.

build C$:\Program$ Files\Microsoft$ Visual$ Studio\2022\Community\VC\vcpkg\scripts\buildsystems\vcpkg.cmake C$:\Program$ Files\Microsoft$ Visual$ Studio\2022\Community\VC\vcpkg\scripts\toolchains\windows.cmake CMakeCache.txt CMakeFiles\4.2.1\CMakeCCompiler.cmake CMakeFiles\4.2.1\CMakeRCCompiler.cmake CMakeFiles\4.2.1\CMakeSystem.cmake D$:\Software\cmake-4.2.1-windows-x86_64\share\cmake-4.2\Modules\BasicConfigVersion-SameMajorVersion.cmake.in D$:\Software\cmake-4.2.1-windows-x86_64\share\cmake-4.2\Modules\CMakeCCompiler.cmake.in D$:\Software\cmake-4.2.1-windows-x86_64\share\cmake-4.2\Modules\CMakeCCompilerABI.c D$:\Software\cmake-4.2.1-windows-x86_64\share\cmake-4.2\Modules\CMakeCInformation.cmake D$:\Software\cmake-4.2.1-windows-x86_64\share\cmake-4.2\Modules\CMakeCheckCompilerFlagCommonPatterns.cmake D$:\Software\cmake-4.2.1-windows-x86_64\share\cmake-4.2\Modules\CMakeCommonLanguageInclude.cmake D$:\Software\cmake-4.2.1-windows-x86_64\share\cmake-4.2\Modules\CMakeCompilerIdDetection.cmake D$:\Software\cmake-4.2.1-windows-x86_64\share\cmake-4.2\Modules\CMakeDependentOption.cmake D$:\Software\cmake-4.2.1-windows-x86_64\share\cmake-4.2\Modules\CMakeDetermineCCompiler.cmake D$:\Software\cmake-4.2.1-windows-x86_64\share\cmake-4.2\Modules\CMakeDetermineCompiler.cmake D$:\Software\cmake-4.2.1-windows-x86_64\share\cmake-4.2\Modules\CMakeDetermineCompilerABI.cmake D$:\Software\cmake-4.2.1-windows-x86_64\share\cmake-4.2\Modules\CMakeDetermineCompilerId.cmake D$:\Software\cmake-4.2.1-windows-x86_64\share\cmake-4.2\Modules\CMakeDetermineCompilerSupport.cmake D$:\Software\cmake-4.2.1-windows-x86_64\share\cmake-4.2\Modules\CMakeDetermineRCCompiler.cmake D$:\Software\cmake-4.2.1-windows-x86_64\share\cmake-4.2\Modules\CMakeDetermineSystem.cmake D$:\Software\cmake-4.2.1-windows-x86_64\share\cmake-4.2\Modules\CMakeFindBinUtils.cmake D$:\Software\cmake-4.2.1-windows-x86_64\share\cmake-4.2\Modules\CMakeGenericSystem.cmake D$:\Software\cmake-4.2.1-windows-x86_64\share\cmake-4.2\Modules\CMakeInitializeConfigs.cmake D$:\Software\cmake-4.2.1-windows-x86_64\share\cmake-4.2\Modules\CMakeLanguageInformation.cmake D$:\Software\cmake-4.2.1-windows-x86_64\share\cmake-4.2\Modules\CMakePackageConfigHelpers.cmake D$:\Software\cmake-4.2.1-windows-x86_64\share\cmake-4.2\Modules\CMakeParseImplicitIncludeInfo.cmake D$:\Software\cmake-4.2.1-windows-x86_64\share\cmake-4.2\Modules\CMakeParseImplicitLinkInfo.cmake D$:\Software\cmake-4.2.1-windows-x86_64\share\cmake-4.2\Modules\CMakeParseLibraryArchitecture.cmake D$:\Software\cmake-4.2.1-windows-x86_64\share\cmake-4.2\Modules\CMakeRCCompiler.cmake.in D$:\Software\cmake-4.2.1-windows-x86_64\share\cmake-4.2\Modules\CMakeRCInformation.cmake D$:\Software\cmake-4.2.1-windows-x86_64\share\cmake-4.2\Modules\CMakeSystem.cmake.in D$:\Software\cmake-4.2.1-windows-x86_64\share\cmake-4.2\Modules\CMakeSystemSpecificInformation.cmake D$:\Software\cmake-4.2.1-windows-x86_64\share\cmake-4.2\Modules\CMakeSystemSpecificInitialize.cmake D$:\Software\cmake-4.2.1-windows-x86_64\share\cmake-4.2\Modules\CMakeTestCCompiler.cmake D$:\Software\cmake-4.2.1-windows-x86_64\share\cmake-4.2\Modules\CMakeTestCompilerCommon.cmake D$:\Software\cmake-4.2.1-windows-x86_64\share\cmake-4.2\Modules\CMakeTestRCCompiler.cmake D$:\Software\cmake-4.2.1-windows-x86_64\share\cmake-4.2\Modules\CPack.cmake D$:\Software\cmake-4.2.1-windows-x86_64\share\cmake-4.2\Modules\CPackComponent.cmake D$:\Software\cmake-4.2.1-windows-x86_64\share\cmake-4.2\Modules\CheckCCompilerFlag.cmake D$:\Software\cmake-4.2.1-windows-x86_64\share\cmake-4.2\Modules\CheckCSourceCompiles.cmake D$:\Software\cmake-4.2.1-windows-x86_64\share\cmake-4.2\Modules\CheckIncludeFile.cmake D$:\Software\cmake-4.2.1-windows-x86_64\share\cmake-4.2\Modules\CheckIncludeFileCXX.cmake D$:\Software\cmake-4.2.1-windows-x86_64\share\cmake-4.2\Modules\CheckIncludeFiles.cmake D$:\Software\cmake-4.2.1-windows-x86_64\share\cmake-4.2\Modules\CheckLibraryExists.cmake D$:\Software\cmake-4.2.1-windows-x86_64\share\cmake-4.2\Modules\CheckSymbolExists.cmake D$:\Software\cmake-4.2.1-windows-x86_64\share\cmake-4.2\Modules\CheckTypeSize.cmake D$:\Software\cmake-4.2.1-windows-x86_64\share\cmake-4.2\Modules\Compiler\ADSP-DetermineCompiler.cmake D$:\Software\cmake-4.2.1-windows-x86_64\share\cmake-4.2\Modules\Compiler\ARMCC-DetermineCompiler.cmake D$:\Software\cmake-4.2.1-windows-x86_64\share\cmake-4.2\Modules\Compiler\ARMClang-DetermineCompiler.cmake D$:\Software\cmake-4.2.1-windows-x86_64\share\cmake-4.2\Modules\Compiler\AppleClang-DetermineCompiler.cmake D$:\Software\cmake-4.2.1-windows-x86_64\share\cmake-4.2\Modules\Compiler\Borland-DetermineCompiler.cmake D$:\Software\cmake-4.2.1-windows-x86_64\share\cmake-4.2\Modules\Compiler\Bruce-C-DetermineCompiler.cmake D$:\Software\cmake-4.2.1-windows-x86_64\share\cmake-4.2\Modules\Compiler\CMakeCommonCompilerMacros.cmake D$:\Software\cmake-4.2.1-windows-x86_64\share\cmake-4.2\Modules\Compiler\Clang-DetermineCompiler.cmake D$:\Software\cmake-4.2.1-windows-x86_64\share\cmake-4.2\Modules\Compiler\Clang-DetermineCompilerInternal.cmake D$:\Software\cmake-4.2.1-windows-x86_64\share\cmake-4.2\Modules\Compiler\Compaq-C-DetermineCompiler.cmake D$:\Software\cmake-4.2.1-windows-x86_64\share\cmake-4.2\Modules\Compiler\Cray-DetermineCompiler.cmake D$:\Software\cmake-4.2.1-windows-x86_64\share\cmake-4.2\Modules\Compiler\CrayClang-DetermineCompiler.cmake D$:\Software\cmake-4.2.1-windows-x86_64\share\cmake-4.2\Modules\Compiler\Diab-DetermineCompiler.cmake D$:\Software\cmake-4.2.1-windows-x86_64\share\cmake-4.2\Modules\Compiler\Embarcadero-DetermineCompiler.cmake D$:\Software\cmake-4.2.1-windows-x86_64\share\cmake-4.2\Modules\Compiler\Fujitsu-DetermineCompiler.cmake D$:\Software\cmake-4.2.1-windows-x86_64\share\cmake-4.2\Modules\Compiler\FujitsuClang-DetermineCompiler.cmake D$:\Software\cmake-4.2.1-windows-x86_64\share\cmake-4.2\Modules\Compiler\GHS-DetermineCompiler.cmake D$:\Software\cmake-4.2.1-windows-x86_64\share\cmake-4.2\Modules\Compiler\GNU-C-DetermineCompiler.cmake D$:\Software\cmake-4.2.1-windows-x86_64\share\cmake-4.2\Modules\Compiler\HP-C-DetermineCompiler.cmake D$:\Software\cmake-4.2.1-windows-x86_64\share\cmake-4.2\Modules\Compiler\IAR-DetermineCompiler.cmake D$:\Software\cmake-4.2.1-windows-x86_64\share\cmake-4.2\Modules\Compiler\IBMCPP-C-DetermineVersionInternal.cmake D$:\Software\cmake-4.2.1-windows-x86_64\share\cmake-4.2\Modules\Compiler\IBMClang-C-DetermineCompiler.cmake D$:\Software\cmake-4.2.1-windows-x86_64\share\cmake-4.2\Modules\Compiler\Intel-DetermineCompiler.cmake D$:\Software\cmake-4.2.1-windows-x86_64\share\cmake-4.2\Modules\Compiler\IntelLLVM-DetermineCompiler.cmake D$:\Software\cmake-4.2.1-windows-x86_64\share\cmake-4.2\Modules\Compiler\LCC-C-DetermineCompiler.cmake D$:\Software\cmake-4.2.1-windows-x86_64\share\cmake-4.2\Modules\Compiler\MSVC-C.cmake D$:\Software\cmake-4.2.1-windows-x86_64\share\cmake-4.2\Modules\Compiler\MSVC-DetermineCompiler.cmake D$:\Software\cmake-4.2.1-windows-x86_64\share\cmake-4.2\Modules\Compiler\MSVC.cmake D$:\Software\cmake-4.2.1-windows-x86_64\share\cmake-4.2\Modules\Compiler\NVHPC-DetermineCompiler.cmake D$:\Software\cmake-4.2.1-windows-x86_64\share\cmake-4.2\Modules\Compiler\NVIDIA-DetermineCompiler.cmake D$:\Software\cmake-4.2.1-windows-x86_64\share\cmake-4.2\Modules\Compiler\OpenWatcom-DetermineCompiler.cmake D$:\Software\cmake-4.2.1-windows-x86_64\share\cmake-4.2\Modules\Compiler\OrangeC-DetermineCompiler.cmake D$:\Software\cmake-4.2.1-windows-x86_64\share\cmake-4.2\Modules\Compiler\PGI-DetermineCompiler.cmake D$:\Software\cmake-4.2.1-windows-x86_64\share\cmake-4.2\Modules\Compiler\PathScale-DetermineCompiler.cmake D$:\Software\cmake-4.2.1-windows-x86_64\share\cmake-4.2\Modules\Compiler\Renesas-DetermineCompiler.cmake D$:\Software\cmake-4.2.1-windows-x86_64\share\cmake-4.2\Modules\Compiler\SCO-DetermineCompiler.cmake D$:\Software\cmake-4.2.1-windows-x86_64\share\cmake-4.2\Modules\Compiler\SDCC-C-DetermineCompiler.cmake D$:\Software\cmake-4.2.1-windows-x86_64\share\cmake-4.2\Modules\Compiler\SunPro-C-DetermineCompiler.cmake D$:\Software\cmake-4.2.1-windows-x86_64\share\cmake-4.2\Modules\Compiler\TI-DetermineCompiler.cmake D$:\Software\cmake-4.2.1-windows-x86_64\share\cmake-4.2\Modules\Compiler\TIClang-DetermineCompiler.cmake D$:\Software\cmake-4.2.1-windows-x86_64\share\cmake-4.2\Modules\Compiler\Tasking-DetermineCompiler.cmake D$:\Software\cmake-4.2.1-windows-x86_64\share\cmake-4.2\Modules\Compiler\TinyCC-C-DetermineCompiler.cmake D$:\Software\cmake-4.2.1-windows-x86_64\share\cmake-4.2\Modules\Compiler\VisualAge-C-DetermineCompiler.cmake D$:\Software\cmake-4.2.1-windows-x86_64\share\cmake-4.2\Modules\Compiler\Watcom-DetermineCompiler.cmake D$:\Software\cmake-4.2.1-windows-x86_64\share\cmake-4.2\Modules\Compiler\XL-C-DetermineCompiler.cmake D$:\Software\cmake-4.2.1-windows-x86_64\share\cmake-4.2\Modules\Compiler\XLClang-C-DetermineCompiler.cmake D$:\Software\cmake-4.2.1-windows-x86_64\share\cmake-4.2\Modules\Compiler\zOS-C-DetermineCompiler.cmake D$:\Software\cmake-4.2.1-windows-x86_64\share\cmake-4.2\Modules\GNUInstallDirs.cmake D$:\Software\cmake-4.2.1-windows-x86_64\share\cmake-4.2\Modules\Internal\CMakeCLinkerInformation.cmake D$:\Software\cmake-4.2.1-windows-x86_64\share\cmake-4.2\Modules\Internal\CMakeCommonLinkerInformation.cmake D$:\Software\cmake-4.2.1-windows-x86_64\share\cmake-4.2\Modules\Internal\CMakeDetermineLinkerId.cmake D$:\Software\cmake-4.2.1-windows-x86_64\share\cmake-4.2\Modules\Internal\CMakeInspectCLinker.cmake D$:\Software\cmake-4.2.1-windows-x86_64\share\cmake-4.2\Modules\Internal\CheckCompilerFlag.cmake D$:\Software\cmake-4.2.1-windows-x86_64\share\cmake-4.2\Modules\Internal\CheckFlagCommonConfig.cmake D$:\Software\cmake-4.2.1-windows-x86_64\share\cmake-4.2\Modules\Internal\CheckSourceCompiles.cmake D$:\Software\cmake-4.2.1-windows-x86_64\share\cmake-4.2\Modules\Internal\FeatureTesting.cmake D$:\Software\cmake-4.2.1-windows-x86_64\share\cmake-4.2\Modules\Linker\MSVC-C.cmake D$:\Software\cmake-4.2.1-windows-x86_64\share\cmake-4.2\Modules\Linker\MSVC.cmake D$:\Software\cmake-4.2.1-windows-x86_64\share\cmake-4.2\Modules\Platform\Linker\Windows-MSVC-C.cmake D$:\Software\cmake-4.2.1-windows-x86_64\share\cmake-4.2\Modules\Platform\Linker\Windows-MSVC.cmake D$:\Software\cmake-4.2.1-windows-x86_64\share\cmake-4.2\Modules\Platform\Windows-Initialize.cmake D$:\Software\cmake-4.2.1-windows-x86_64\share\cmake-4.2\Modules\Platform\Windows-MSVC-C.cmake D$:\Software\cmake-4.2.1-windows-x86_64\share\cmake-4.2\Modules\Platform\Windows-MSVC.cmake D$:\Software\cmake-4.2.1-windows-x86_64\share\cmake-4.2\Modules\Platform\Windows.cmake D$:\Software\cmake-4.2.1-windows-x86_64\share\cmake-4.2\Modules\Platform\WindowsPaths.cmake D$:\Software\cmake-4.2.1-windows-x86_64\share\cmake-4.2\Modules\TestBigEndian.cmake D$:\Software\cmake-4.2.1-windows-x86_64\share\cmake-4.2\Modules\WriteBasicConfigVersionFile.cmake D$:\Software\cmake-4.2.1-windows-x86_64\share\cmake-4.2\Templates\CPackConfig.cmake.in D$:\TelegramBot\vcpkg_installed\vcpkg\blds\expat\src\R_2_6_4-2c0a7bb367.clean\expat\CMakeLists.txt D$:\TelegramBot\vcpkg_installed\vcpkg\blds\expat\src\R_2_6_4-2c0a7bb367.clean\expat\Changes D$:\TelegramBot\vcpkg_installed\vcpkg\blds\expat\src\R_2_6_4-2c0a7bb367.clean\expat\ConfigureChecks.cmake D$:\TelegramBot\vcpkg_installed\vcpkg\blds\expat\src\R_2_6_4-2c0a7bb367.clean\expat\cmake\expat-config.cmake.in D$:\TelegramBot\vcpkg_installed\vcpkg\blds\expat\src\R_2_6_4-2c0a7bb367.clean\expat\expat.pc.cmake D$:\TelegramBot\vcpkg_installed\vcpkg\blds\expat\src\R_2_6_4-2c0a7bb367.clean\expat\expat_config.h.cmake D$:\TelegramBot\vcpkg_installed\vcpkg\blds\expat\src\R_2_6_4-2c0a7bb367.clean\expat\lib\libexpat.def.cmake D$:\TelegramBot\vcpkg_installed\vcpkg\blds\expat\src\R_2_6_4-2c0a7bb367.clean\expat\win32\version.rc.cmake: phony


#############################################
# Clean all the built files.

build clean: CLEAN


#############################################
# Print all primary targets available.

build help: HELP


#############################################
# Make the all target the default.

default all
