Change Dir: 'D:/TelegramBot/vcpkg_installed/vcpkg/blds/expat/x64-windows-dbg'

Run Build Command(s): "C:/Program Files/Microsoft Visual Studio/2022/Community/Common7/IDE/CommonExtensions/Microsoft/CMake/Ninja/ninja.exe" -v -v -j9 install
[1/6] D:/Software/cmake-4.2.1-windows-x86_64/bin/cmcldeps.exe RC D:\TelegramBot\vcpkg_installed\vcpkg\blds\expat\x64-windows-dbg\win32\version.rc CMakeFiles\expat.dir\win32\version.rc.res.d CMakeFiles\expat.dir\win32\version.rc.res "Примечание: включение файла:  " "C:/Program Files/Microsoft Visual Studio/2022/Community/VC/Tools/MSVC/14.44.35207/bin/Hostx64/x64/cl.exe" C:\PROGRA~2\WI3CF2~1\10\bin\100261~1.0\x64\rc.exe -DVER_FILEVERSION=2,6,4,0 -D_CRT_SECURE_NO_WARNINGS -Dexpat_EXPORTS -I D:\TelegramBot\vcpkg_installed\vcpkg\blds\expat\x64-windows-dbg -I D:\TelegramBot\vcpkg_installed\vcpkg\blds\expat\src\R_2_6_4-2c0a7bb367.clean\expat\lib -c65001 /DWIN32 -D_DEBUG   -wd4996 /fo CMakeFiles\expat.dir\win32\version.rc.res D:\TelegramBot\vcpkg_installed\vcpkg\blds\expat\x64-windows-dbg\win32\version.rc
[2/6] C:\PROGRA~1\MICROS~1\2022\COMMUN~1\VC\Tools\MSVC\1444~1.352\bin\Hostx64\x64\cl.exe   -DVER_FILEVERSION=2,6,4,0 -D_CRT_SECURE_NO_WARNINGS -Dexpat_EXPORTS -ID:\TelegramBot\vcpkg_installed\vcpkg\blds\expat\x64-windows-dbg -ID:\TelegramBot\vcpkg_installed\vcpkg\blds\expat\src\R_2_6_4-2c0a7bb367.clean\expat\lib /nologo /DWIN32 /D_WINDOWS /utf-8 /MP   /MDd /Z7 /Ob0 /Od /RTC1    -wd4996 /showIncludes /FoCMakeFiles\expat.dir\lib\xmlrole.c.obj /FdCMakeFiles\expat.dir\ /FS -c D:\TelegramBot\vcpkg_installed\vcpkg\blds\expat\src\R_2_6_4-2c0a7bb367.clean\expat\lib\xmlrole.c
[3/6] C:\PROGRA~1\MICROS~1\2022\COMMUN~1\VC\Tools\MSVC\1444~1.352\bin\Hostx64\x64\cl.exe   -DVER_FILEVERSION=2,6,4,0 -D_CRT_SECURE_NO_WARNINGS -Dexpat_EXPORTS -ID:\TelegramBot\vcpkg_installed\vcpkg\blds\expat\x64-windows-dbg -ID:\TelegramBot\vcpkg_installed\vcpkg\blds\expat\src\R_2_6_4-2c0a7bb367.clean\expat\lib /nologo /DWIN32 /D_WINDOWS /utf-8 /MP   /MDd /Z7 /Ob0 /Od /RTC1    -wd4996 /showIncludes /FoCMakeFiles\expat.dir\lib\xmlparse.c.obj /FdCMakeFiles\expat.dir\ /FS -c D:\TelegramBot\vcpkg_installed\vcpkg\blds\expat\src\R_2_6_4-2c0a7bb367.clean\expat\lib\xmlparse.c
[4/6] C:\PROGRA~1\MICROS~1\2022\COMMUN~1\VC\Tools\MSVC\1444~1.352\bin\Hostx64\x64\cl.exe   -DVER_FILEVERSION=2,6,4,0 -D_CRT_SECURE_NO_WARNINGS -Dexpat_EXPORTS -ID:\TelegramBot\vcpkg_installed\vcpkg\blds\expat\x64-windows-dbg -ID:\TelegramBot\vcpkg_installed\vcpkg\blds\expat\src\R_2_6_4-2c0a7bb367.clean\expat\lib /nologo /DWIN32 /D_WINDOWS /utf-8 /MP   /MDd /Z7 /Ob0 /Od /RTC1    -wd4996 /showIncludes /FoCMakeFiles\expat.dir\lib\xmltok.c.obj /FdCMakeFiles\expat.dir\ /FS -c D:\TelegramBot\vcpkg_installed\vcpkg\blds\expat\src\R_2_6_4-2c0a7bb367.clean\expat\lib\xmltok.c
[5/6] C:\WINDOWS\system32\cmd.exe /C "cd . && D:\Software\cmake-4.2.1-windows-x86_64\bin\cmake.exe -E vs_link_dll --msvc-ver=1944 --intdir=CMakeFiles\expat.dir --rc=C:\PROGRA~2\WI3CF2~1\10\bin\100261~1.0\x64\rc.exe --mt=C:\PROGRA~2\WI3CF2~1\10\bin\100261~1.0\x64\mt.exe --manifests  -- C:\PROGRA~1\MICROS~1\2022\COMMUN~1\VC\Tools\MSVC\1444~1.352\bin\Hostx64\x64\link.exe  CMakeFiles\expat.dir\lib\xmlparse.c.obj CMakeFiles\expat.dir\lib\xmlrole.c.obj CMakeFiles\expat.dir\lib\xmltok.c.obj CMakeFiles\expat.dir\win32\version.rc.res  /out:libexpatd.dll /implib:libexpatd.lib /pdb:libexpatd.pdb /dll /version:0.0 /machine:x64 /nologo    /debug /INCREMENTAL /DEF:lib\libexpat.def  kernel32.lib user32.lib gdi32.lib winspool.lib shell32.lib ole32.lib oleaut32.lib uuid.lib comdlg32.lib advapi32.lib && cd ."
[5/6] C:\WINDOWS\system32\cmd.exe /C "cd /D D:\TelegramBot\vcpkg_installed\vcpkg\blds\expat\x64-windows-dbg && D:\Software\cmake-4.2.1-windows-x86_64\bin\cmake.exe -P cmake_install.cmake"
-- Install configuration: "Debug"
-- Installing: D:/TelegramBot/vcpkg_installed/vcpkg/pkgs/expat_x64-windows/debug/include/expat_config.h
-- Installing: D:/TelegramBot/vcpkg_installed/vcpkg/pkgs/expat_x64-windows/debug/lib/libexpatd.lib
-- Installing: D:/TelegramBot/vcpkg_installed/vcpkg/pkgs/expat_x64-windows/debug/bin/libexpatd.dll
-- Installing: D:/TelegramBot/vcpkg_installed/vcpkg/pkgs/expat_x64-windows/debug/include/expat.h
-- Installing: D:/TelegramBot/vcpkg_installed/vcpkg/pkgs/expat_x64-windows/debug/include/expat_external.h
-- Installing: D:/TelegramBot/vcpkg_installed/vcpkg/pkgs/expat_x64-windows/debug/lib/pkgconfig/expat.pc
-- Installing: D:/TelegramBot/vcpkg_installed/vcpkg/pkgs/expat_x64-windows/debug/share/doc/expat/AUTHORS
-- Installing: D:/TelegramBot/vcpkg_installed/vcpkg/pkgs/expat_x64-windows/debug/share/doc/expat/changelog
-- Installing: D:/TelegramBot/vcpkg_installed/vcpkg/pkgs/expat_x64-windows/debug/lib/cmake/expat-2.6.4/expat-config.cmake
-- Installing: D:/TelegramBot/vcpkg_installed/vcpkg/pkgs/expat_x64-windows/debug/lib/cmake/expat-2.6.4/expat-config-version.cmake
-- Installing: D:/TelegramBot/vcpkg_installed/vcpkg/pkgs/expat_x64-windows/debug/lib/cmake/expat-2.6.4/expat.cmake
-- Installing: D:/TelegramBot/vcpkg_installed/vcpkg/pkgs/expat_x64-windows/debug/lib/cmake/expat-2.6.4/expat-debug.cmake

