[1/2] "D:/Software/cmake-4.2.1-windows-x86_64/bin/cmake.exe" -E chdir "../../x64-windows-dbg" "D:/Software/cmake-4.2.1-windows-x86_64/bin/cmake.exe" "D:/TelegramBot/vcpkg_installed/vcpkg/blds/liblzma/src/v5.6.3-90d9062657.clean" "-G" "Ninja" "-DCMAKE_BUILD_TYPE=Debug" "-DCMAKE_INSTALL_PREFIX=D:/TelegramBot/vcpkg_installed/vcpkg/pkgs/liblzma_x64-windows/debug" "-DFETCHCONTENT_FULLY_DISCONNECTED=ON" "-DBUILD_TOOLS=OFF" "-DBUILD_TESTING=OFF" "-DCREATE_XZ_SYMLINKS=OFF" "-DCREATE_LZMA_SYMLINKS=OFF" "-DCMAKE_MSVC_DEBUG_INFORMATION_FORMAT=" "-DENABLE_NLS=OFF" "-DCMAKE_MAKE_PROGRAM=C:/Program Files/Microsoft Visual Studio/2022/Community/Common7/IDE/CommonExtensions/Microsoft/CMake/Ninja/ninja.exe" "-DBUILD_SHARED_LIBS=ON" "-DVCPKG_CHAINLOAD_TOOLCHAIN_FILE=C:/Program Files/Microsoft Visual Studio/2022/Community/VC/vcpkg/scripts/toolchains/windows.cmake" "-DVCPKG_TARGET_TRIPLET=x64-windows" "-DVCPKG_SET_CHARSET_FLAG=ON" "-DVCPKG_PLATFORM_TOOLSET=v143" "-DCMAKE_EXPORT_NO_PACKAGE_REGISTRY=ON" "-DCMAKE_FIND_PACKAGE_NO_PACKAGE_REGISTRY=ON" "-DCMAKE_FIND_PACKAGE_NO_SYSTEM_PACKAGE_REGISTRY=ON" "-DCMAKE_INSTALL_SYSTEM_RUNTIME_LIBS_SKIP=TRUE" "-DCMAKE_VERBOSE_MAKEFILE=ON" "-DVCPKG_APPLOCAL_DEPS=OFF" "-DCMAKE_TOOLCHAIN_FILE=C:/Program Files/Microsoft Visual Studio/2022/Community/VC/vcpkg/scripts/buildsystems/vcpkg.cmake" "-DCMAKE_ERROR_ON_ABSOLUTE_INSTALL_DESTINATION=ON" "-DVCPKG_CXX_FLAGS=" "-DVCPKG_CXX_FLAGS_RELEASE=" "-DVCPKG_CXX_FLAGS_DEBUG=" "-DVCPKG_C_FLAGS=" "-DVCPKG_C_FLAGS_RELEASE=" "-DVCPKG_C_FLAGS_DEBUG=" "-DVCPKG_CRT_LINKAGE=dynamic" "-DVCPKG_LINKER_FLAGS=" "-DVCPKG_LINKER_FLAGS_RELEASE=" "-DVCPKG_LINKER_FLAGS_DEBUG=" "-DVCPKG_TARGET_ARCHITECTURE=x64" "-DCMAKE_INSTALL_LIBDIR:STRING=lib" "-DCMAKE_INSTALL_BINDIR:STRING=bin" "-D_VCPKG_ROOT_DIR=C:/Program Files/Microsoft Visual Studio/2022/Community/VC/vcpkg" "-D_VCPKG_INSTALLED_DIR=D:/TelegramBot/vcpkg_installed" "-DVCPKG_MANIFEST_INSTALL=OFF"
-- The C compiler identification is MSVC 19.44.35215.0
-- Detecting C compiler ABI info
-- Detecting C compiler ABI info - done
-- Check for working C compiler: C:/Program Files/Microsoft Visual Studio/2022/Community/VC/Tools/MSVC/14.44.35207/bin/Hostx64/x64/cl.exe - skipped
-- Detecting C compile features
-- Detecting C compile features - done
-- Performing Test HAVE___BUILTIN_BSWAPXX
-- Performing Test HAVE___BUILTIN_BSWAPXX - Failed
-- Looking for byteswap.h
-- Looking for byteswap.h - not found
-- Looking for sys/endian.h
-- Looking for sys/endian.h - not found
-- Looking for sys/byteorder.h
-- Looking for sys/byteorder.h - not found
-- Performing Test HAVE___BUILTIN_ASSUME_ALIGNED
-- Performing Test HAVE___BUILTIN_ASSUME_ALIGNED - Success
-- Looking for clock_gettime
-- Looking for clock_gettime - not found
-- Looking for clock_gettime
-- Looking for clock_gettime - not found
-- Failed to find Gettext libintl (missing: Intl_LIBRARY Intl_INCLUDE_DIR) 
-- Could NOT find Gettext (missing: GETTEXT_MSGMERGE_EXECUTABLE GETTEXT_MSGFMT_EXECUTABLE) 
-- Performing Test CMAKE_HAVE_LIBC_PTHREAD
-- Performing Test CMAKE_HAVE_LIBC_PTHREAD - Failed
-- Looking for pthread_create in pthreads
-- Looking for pthread_create in pthreads - not found
-- Looking for pthread_create in pthread
-- Looking for pthread_create in pthread - not found
-- Found Threads: TRUE
-- Looking for cap_rights_limit
-- Looking for cap_rights_limit - not found
-- Looking for pledge
-- Looking for pledge - not found
-- Performing Test HAVE_LINUX_LANDLOCK
-- Performing Test HAVE_LINUX_LANDLOCK - Failed
-- Checking how to detect the number of available CPU cores
-- Checking how to detect the amount of physical memory
-- Performing Test HAVE_FUNC_ATTRIBUTE_CONSTRUCTOR
-- Performing Test HAVE_FUNC_ATTRIBUTE_CONSTRUCTOR - Failed
-- Looking for cpuid.h
-- Looking for cpuid.h - not found
-- Looking for immintrin.h
-- Looking for immintrin.h - found
-- Performing Test HAVE__MM_MOVEMASK_EPI8
-- Performing Test HAVE__MM_MOVEMASK_EPI8 - Success
-- Performing Test HAVE_USABLE_CLMUL
-- Performing Test HAVE_USABLE_CLMUL - Success
-- Performing Test HAVE_ARM64_CRC32
-- Performing Test HAVE_ARM64_CRC32 - Failed
-- Configuring done (6.8s)
-- Generating done (0.1s)
CMake Warning:
  Manually-specified variables were not used by the project:

    CREATE_LZMA_SYMLINKS
    CREATE_XZ_SYMLINKS
    ENABLE_NLS
    FETCHCONTENT_FULLY_DISCONNECTED
    _VCPKG_ROOT_DIR


-- Build files have been written to: D:/TelegramBot/vcpkg_installed/vcpkg/blds/liblzma/x64-windows-dbg
[2/2] "D:/Software/cmake-4.2.1-windows-x86_64/bin/cmake.exe" -E chdir ".." "D:/Software/cmake-4.2.1-windows-x86_64/bin/cmake.exe" "D:/TelegramBot/vcpkg_installed/vcpkg/blds/liblzma/src/v5.6.3-90d9062657.clean" "-G" "Ninja" "-DCMAKE_BUILD_TYPE=Release" "-DCMAKE_INSTALL_PREFIX=D:/TelegramBot/vcpkg_installed/vcpkg/pkgs/liblzma_x64-windows" "-DFETCHCONTENT_FULLY_DISCONNECTED=ON" "-DBUILD_TOOLS=OFF" "-DBUILD_TESTING=OFF" "-DCREATE_XZ_SYMLINKS=OFF" "-DCREATE_LZMA_SYMLINKS=OFF" "-DCMAKE_MSVC_DEBUG_INFORMATION_FORMAT=" "-DENABLE_NLS=OFF" "-DCMAKE_MAKE_PROGRAM=C:/Program Files/Microsoft Visual Studio/2022/Community/Common7/IDE/CommonExtensions/Microsoft/CMake/Ninja/ninja.exe" "-DBUILD_SHARED_LIBS=ON" "-DVCPKG_CHAINLOAD_TOOLCHAIN_FILE=C:/Program Files/Microsoft Visual Studio/2022/Community/VC/vcpkg/scripts/toolchains/windows.cmake" "-DVCPKG_TARGET_TRIPLET=x64-windows" "-DVCPKG_SET_CHARSET_FLAG=ON" "-DVCPKG_PLATFORM_TOOLSET=v143" "-DCMAKE_EXPORT_NO_PACKAGE_REGISTRY=ON" "-DCMAKE_FIND_PACKAGE_NO_PACKAGE_REGISTRY=ON" "-DCMAKE_FIND_PACKAGE_NO_SYSTEM_PACKAGE_REGISTRY=ON" "-DCMAKE_INSTALL_SYSTEM_RUNTIME_LIBS_SKIP=TRUE" "-DCMAKE_VERBOSE_MAKEFILE=ON" "-DVCPKG_APPLOCAL_DEPS=OFF" "-DCMAKE_TOOLCHAIN_FILE=C:/Program Files/Microsoft Visual Studio/2022/Community/VC/vcpkg/scripts/buildsystems/vcpkg.cmake" "-DCMAKE_ERROR_ON_ABSOLUTE_INSTALL_DESTINATION=ON" "-DVCPKG_CXX_FLAGS=" "-DVCPKG_CXX_FLAGS_RELEASE=" "-DVCPKG_CXX_FLAGS_DEBUG=" "-DVCPKG_C_FLAGS=" "-DVCPKG_C_FLAGS_RELEASE=" "-DVCPKG_C_FLAGS_DEBUG=" "-DVCPKG_CRT_LINKAGE=dynamic" "-DVCPKG_LINKER_FLAGS=" "-DVCPKG_LINKER_FLAGS_RELEASE=" "-DVCPKG_LINKER_FLAGS_DEBUG=" "-DVCPKG_TARGET_ARCHITECTURE=x64" "-DCMAKE_INSTALL_LIBDIR:STRING=lib" "-DCMAKE_INSTALL_BINDIR:STRING=bin" "-D_VCPKG_ROOT_DIR=C:/Program Files/Microsoft Visual Studio/2022/Community/VC/vcpkg" "-D_VCPKG_INSTALLED_DIR=D:/TelegramBot/vcpkg_installed" "-DVCPKG_MANIFEST_INSTALL=OFF"
-- The C compiler identification is MSVC 19.44.35215.0
-- Detecting C compiler ABI info
-- Detecting C compiler ABI info - done
-- Check for working C compiler: C:/Program Files/Microsoft Visual Studio/2022/Community/VC/Tools/MSVC/14.44.35207/bin/Hostx64/x64/cl.exe - skipped
-- Detecting C compile features
-- Detecting C compile features - done
-- Performing Test HAVE___BUILTIN_BSWAPXX
-- Performing Test HAVE___BUILTIN_BSWAPXX - Failed
-- Looking for byteswap.h
-- Looking for byteswap.h - not found
-- Looking for sys/endian.h
-- Looking for sys/endian.h - not found
-- Looking for sys/byteorder.h
-- Looking for sys/byteorder.h - not found
-- Performing Test HAVE___BUILTIN_ASSUME_ALIGNED
-- Performing Test HAVE___BUILTIN_ASSUME_ALIGNED - Success
-- Looking for clock_gettime
-- Looking for clock_gettime - not found
-- Looking for clock_gettime
-- Looking for clock_gettime - not found
-- Failed to find Gettext libintl (missing: Intl_LIBRARY Intl_INCLUDE_DIR) 
-- Could NOT find Gettext (missing: GETTEXT_MSGMERGE_EXECUTABLE GETTEXT_MSGFMT_EXECUTABLE) 
-- Performing Test CMAKE_HAVE_LIBC_PTHREAD
-- Performing Test CMAKE_HAVE_LIBC_PTHREAD - Failed
-- Looking for pthread_create in pthreads
-- Looking for pthread_create in pthreads - not found
-- Looking for pthread_create in pthread
-- Looking for pthread_create in pthread - not found
-- Found Threads: TRUE
-- Looking for cap_rights_limit
-- Looking for cap_rights_limit - not found
-- Looking for pledge
-- Looking for pledge - not found
-- Performing Test HAVE_LINUX_LANDLOCK
-- Performing Test HAVE_LINUX_LANDLOCK - Failed
-- Checking how to detect the number of available CPU cores
-- Checking how to detect the amount of physical memory
-- Performing Test HAVE_FUNC_ATTRIBUTE_CONSTRUCTOR
-- Performing Test HAVE_FUNC_ATTRIBUTE_CONSTRUCTOR - Failed
-- Looking for cpuid.h
-- Looking for cpuid.h - not found
-- Looking for immintrin.h
-- Looking for immintrin.h - found
-- Performing Test HAVE__MM_MOVEMASK_EPI8
-- Performing Test HAVE__MM_MOVEMASK_EPI8 - Success
-- Performing Test HAVE_USABLE_CLMUL
-- Performing Test HAVE_USABLE_CLMUL - Success
-- Performing Test HAVE_ARM64_CRC32
-- Performing Test HAVE_ARM64_CRC32 - Failed
-- Configuring done (6.8s)
-- Generating done (0.1s)
CMake Warning:
  Manually-specified variables were not used by the project:

    CREATE_LZMA_SYMLINKS
    CREATE_XZ_SYMLINKS
    ENABLE_NLS
    FETCHCONTENT_FULLY_DISCONNECTED
    _VCPKG_ROOT_DIR


-- Build files have been written to: D:/TelegramBot/vcpkg_installed/vcpkg/blds/liblzma/x64-windows-rel
