Change Dir: 'D:/TelegramBot/vcpkg_installed/vcpkg/blds/boost-functional/x64-windows-rel'

Run Build Command(s): "C:/Program Files/Microsoft Visual Studio/2022/Community/Common7/IDE/CommonExtensions/Microsoft/CMake/Ninja/ninja.exe" -v -v -j9 install
[0/1] C:\WINDOWS\system32\cmd.exe /C "cd /D D:\TelegramBot\vcpkg_installed\vcpkg\blds\boost-functional\x64-windows-rel && D:\Software\cmake-4.2.1-windows-x86_64\bin\cmake.exe -P cmake_install.cmake"
-- Install configuration: "Release"
-- Installing: D:/TelegramBot/vcpkg_installed/vcpkg/pkgs/boost-functional_x64-windows/include
-- Installing: D:/TelegramBot/vcpkg_installed/vcpkg/pkgs/boost-functional_x64-windows/include/boost
-- Installing: D:/TelegramBot/vcpkg_installed/vcpkg/pkgs/boost-functional_x64-windows/include/boost/functional
-- Installing: D:/TelegramBot/vcpkg_installed/vcpkg/pkgs/boost-functional_x64-windows/include/boost/functional/factory.hpp
-- Installing: D:/TelegramBot/vcpkg_installed/vcpkg/pkgs/boost-functional_x64-windows/include/boost/functional/forward_adapter.hpp
-- Installing: D:/TelegramBot/vcpkg_installed/vcpkg/pkgs/boost-functional_x64-windows/include/boost/functional/identity.hpp
-- Installing: D:/TelegramBot/vcpkg_installed/vcpkg/pkgs/boost-functional_x64-windows/include/boost/functional/lightweight_forward_adapter.hpp
-- Installing: D:/TelegramBot/vcpkg_installed/vcpkg/pkgs/boost-functional_x64-windows/include/boost/functional/overloaded_function
-- Installing: D:/TelegramBot/vcpkg_installed/vcpkg/pkgs/boost-functional_x64-windows/include/boost/functional/overloaded_function/config.hpp
-- Installing: D:/TelegramBot/vcpkg_installed/vcpkg/pkgs/boost-functional_x64-windows/include/boost/functional/overloaded_function/detail
-- Installing: D:/TelegramBot/vcpkg_installed/vcpkg/pkgs/boost-functional_x64-windows/include/boost/functional/overloaded_function/detail/base.hpp
-- Installing: D:/TelegramBot/vcpkg_installed/vcpkg/pkgs/boost-functional_x64-windows/include/boost/functional/overloaded_function/detail/function_type.hpp
-- Installing: D:/TelegramBot/vcpkg_installed/vcpkg/pkgs/boost-functional_x64-windows/include/boost/functional/overloaded_function.hpp
-- Installing: D:/TelegramBot/vcpkg_installed/vcpkg/pkgs/boost-functional_x64-windows/include/boost/functional/value_factory.hpp
-- Installing: D:/TelegramBot/vcpkg_installed/vcpkg/pkgs/boost-functional_x64-windows/include/boost/functional.hpp
-- Installing: D:/TelegramBot/vcpkg_installed/vcpkg/pkgs/boost-functional_x64-windows/lib/cmake/boost_functional-1.86.0/boost_functional-targets.cmake
-- Installing: D:/TelegramBot/vcpkg_installed/vcpkg/pkgs/boost-functional_x64-windows/lib/cmake/boost_functional-1.86.0/boost_functional-config.cmake
-- Installing: D:/TelegramBot/vcpkg_installed/vcpkg/pkgs/boost-functional_x64-windows/lib/cmake/boost_functional-1.86.0/boost_functional-config-version.cmake

