Change Dir: 'D:/TelegramBot/vcpkg_installed/vcpkg/blds/boost-context/x64-windows-rel'

Run Build Command(s): "C:/Program Files/Microsoft Visual Studio/2022/Community/Common7/IDE/CommonExtensions/Microsoft/CMake/Ninja/ninja.exe" -v -v -j9 install
[1/6] C:\PROGRA~1\MICROS~1\2022\COMMUN~1\VC\Tools\MSVC\1444~1.352\bin\Hostx64\x64\ml64.exe -DBOOST_CONTEXT_DYN_LINK="" -DBOOST_CONTEXT_EXPORT=EXPORT -DBOOST_CONTEXT_NO_LIB="" -DBOOST_CONTEXT_SOURCE="" -Dboost_context_EXPORTS -ID:\TelegramBot\vcpkg_installed\vcpkg\blds\boost-context\src\ost-1.86.0-42b4fad533.clean\libs\context\include -ID:\TelegramBot\vcpkg_installed\x64-windows\include  -c -Fo libs\context\CMakeFiles\boost_context.dir\src\asm\make_x86_64_ms_pe_masm.asm.obj D:\TelegramBot\vcpkg_installed\vcpkg\blds\boost-context\src\ost-1.86.0-42b4fad533.clean\libs\context\src\asm\make_x86_64_ms_pe_masm.asm
Microsoft (R) Macro Assembler (x64) Version 14.44.35215.0
Copyright (C) Microsoft Corporation.  All rights reserved.

 Assembling: D:\TelegramBot\vcpkg_installed\vcpkg\blds\boost-context\src\ost-1.86.0-42b4fad533.clean\libs\context\src\asm\make_x86_64_ms_pe_masm.asm
[2/6] C:\PROGRA~1\MICROS~1\2022\COMMUN~1\VC\Tools\MSVC\1444~1.352\bin\Hostx64\x64\ml64.exe -DBOOST_CONTEXT_DYN_LINK="" -DBOOST_CONTEXT_EXPORT=EXPORT -DBOOST_CONTEXT_NO_LIB="" -DBOOST_CONTEXT_SOURCE="" -Dboost_context_EXPORTS -ID:\TelegramBot\vcpkg_installed\vcpkg\blds\boost-context\src\ost-1.86.0-42b4fad533.clean\libs\context\include -ID:\TelegramBot\vcpkg_installed\x64-windows\include  -c -Fo libs\context\CMakeFiles\boost_context.dir\src\asm\jump_x86_64_ms_pe_masm.asm.obj D:\TelegramBot\vcpkg_installed\vcpkg\blds\boost-context\src\ost-1.86.0-42b4fad533.clean\libs\context\src\asm\jump_x86_64_ms_pe_masm.asm
Microsoft (R) Macro Assembler (x64) Version 14.44.35215.0
Copyright (C) Microsoft Corporation.  All rights reserved.

 Assembling: D:\TelegramBot\vcpkg_installed\vcpkg\blds\boost-context\src\ost-1.86.0-42b4fad533.clean\libs\context\src\asm\jump_x86_64_ms_pe_masm.asm
[3/6] C:\PROGRA~1\MICROS~1\2022\COMMUN~1\VC\Tools\MSVC\1444~1.352\bin\Hostx64\x64\ml64.exe -DBOOST_CONTEXT_DYN_LINK="" -DBOOST_CONTEXT_EXPORT=EXPORT -DBOOST_CONTEXT_NO_LIB="" -DBOOST_CONTEXT_SOURCE="" -Dboost_context_EXPORTS -ID:\TelegramBot\vcpkg_installed\vcpkg\blds\boost-context\src\ost-1.86.0-42b4fad533.clean\libs\context\include -ID:\TelegramBot\vcpkg_installed\x64-windows\include  -c -Fo libs\context\CMakeFiles\boost_context.dir\src\asm\ontop_x86_64_ms_pe_masm.asm.obj D:\TelegramBot\vcpkg_installed\vcpkg\blds\boost-context\src\ost-1.86.0-42b4fad533.clean\libs\context\src\asm\ontop_x86_64_ms_pe_masm.asm
Microsoft (R) Macro Assembler (x64) Version 14.44.35215.0
Copyright (C) Microsoft Corporation.  All rights reserved.

 Assembling: D:\TelegramBot\vcpkg_installed\vcpkg\blds\boost-context\src\ost-1.86.0-42b4fad533.clean\libs\context\src\asm\ontop_x86_64_ms_pe_masm.asm
[4/6] C:\PROGRA~1\MICROS~1\2022\COMMUN~1\VC\Tools\MSVC\1444~1.352\bin\Hostx64\x64\cl.exe   /TP -DBOOST_CONTEXT_DYN_LINK="" -DBOOST_CONTEXT_EXPORT=EXPORT -DBOOST_CONTEXT_NO_LIB="" -DBOOST_CONTEXT_SOURCE="" -Dboost_context_EXPORTS -ID:\TelegramBot\vcpkg_installed\vcpkg\blds\boost-context\src\ost-1.86.0-42b4fad533.clean\libs\context\include -external:ID:\TelegramBot\vcpkg_installed\x64-windows\include -external:W0 /nologo /DWIN32 /D_WINDOWS /utf-8 /GR /EHsc /MP  /MD /O2 /Oi /Gy /DNDEBUG /Z7  -MD /showIncludes /Folibs\context\CMakeFiles\boost_context.dir\src\windows\stack_traits.cpp.obj /Fdlibs\context\CMakeFiles\boost_context.dir\ /FS -c D:\TelegramBot\vcpkg_installed\vcpkg\blds\boost-context\src\ost-1.86.0-42b4fad533.clean\libs\context\src\windows\stack_traits.cpp
[5/6] C:\WINDOWS\system32\cmd.exe /C "cd . && D:\Software\cmake-4.2.1-windows-x86_64\bin\cmake.exe -E vs_link_dll --msvc-ver=1944 --intdir=libs\context\CMakeFiles\boost_context.dir --rc=C:\PROGRA~2\WI3CF2~1\10\bin\100261~1.0\x64\rc.exe --mt=C:\PROGRA~2\WI3CF2~1\10\bin\100261~1.0\x64\mt.exe --manifests  -- C:\PROGRA~1\MICROS~1\2022\COMMUN~1\VC\Tools\MSVC\1444~1.352\bin\Hostx64\x64\link.exe  libs\context\CMakeFiles\boost_context.dir\src\asm\make_x86_64_ms_pe_masm.asm.obj libs\context\CMakeFiles\boost_context.dir\src\asm\jump_x86_64_ms_pe_masm.asm.obj libs\context\CMakeFiles\boost_context.dir\src\asm\ontop_x86_64_ms_pe_masm.asm.obj libs\context\CMakeFiles\boost_context.dir\src\windows\stack_traits.cpp.obj  /out:stage\bin\boost_context-vc143-mt-x64-1_86.dll /implib:stage\lib\boost_context-vc143-mt-x64-1_86.lib /pdb:stage\bin\boost_context-vc143-mt-x64-1_86.pdb /dll /version:1.86 /machine:x64 /nologo /DEBUG /INCREMENTAL:NO /OPT:REF /OPT:ICF  kernel32.lib user32.lib gdi32.lib winspool.lib shell32.lib ole32.lib oleaut32.lib uuid.lib comdlg32.lib advapi32.lib && cd ."
[5/6] C:\WINDOWS\system32\cmd.exe /C "cd /D D:\TelegramBot\vcpkg_installed\vcpkg\blds\boost-context\x64-windows-rel && D:\Software\cmake-4.2.1-windows-x86_64\bin\cmake.exe -P cmake_install.cmake"
-- Install configuration: "Release"
-- Installing: D:/TelegramBot/vcpkg_installed/vcpkg/pkgs/boost-context_x64-windows/include
-- Installing: D:/TelegramBot/vcpkg_installed/vcpkg/pkgs/boost-context_x64-windows/include/boost
-- Installing: D:/TelegramBot/vcpkg_installed/vcpkg/pkgs/boost-context_x64-windows/include/boost/context
-- Installing: D:/TelegramBot/vcpkg_installed/vcpkg/pkgs/boost-context_x64-windows/include/boost/context/continuation.hpp
-- Installing: D:/TelegramBot/vcpkg_installed/vcpkg/pkgs/boost-context_x64-windows/include/boost/context/continuation_fcontext.hpp
-- Installing: D:/TelegramBot/vcpkg_installed/vcpkg/pkgs/boost-context_x64-windows/include/boost/context/continuation_ucontext.hpp
-- Installing: D:/TelegramBot/vcpkg_installed/vcpkg/pkgs/boost-context_x64-windows/include/boost/context/continuation_winfib.hpp
-- Installing: D:/TelegramBot/vcpkg_installed/vcpkg/pkgs/boost-context_x64-windows/include/boost/context/detail
-- Installing: D:/TelegramBot/vcpkg_installed/vcpkg/pkgs/boost-context_x64-windows/include/boost/context/detail/apply.hpp
-- Installing: D:/TelegramBot/vcpkg_installed/vcpkg/pkgs/boost-context_x64-windows/include/boost/context/detail/config.hpp
-- Installing: D:/TelegramBot/vcpkg_installed/vcpkg/pkgs/boost-context_x64-windows/include/boost/context/detail/disable_overload.hpp
-- Installing: D:/TelegramBot/vcpkg_installed/vcpkg/pkgs/boost-context_x64-windows/include/boost/context/detail/exception.hpp
-- Installing: D:/TelegramBot/vcpkg_installed/vcpkg/pkgs/boost-context_x64-windows/include/boost/context/detail/exchange.hpp
-- Installing: D:/TelegramBot/vcpkg_installed/vcpkg/pkgs/boost-context_x64-windows/include/boost/context/detail/externc.hpp
-- Installing: D:/TelegramBot/vcpkg_installed/vcpkg/pkgs/boost-context_x64-windows/include/boost/context/detail/fcontext.hpp
-- Installing: D:/TelegramBot/vcpkg_installed/vcpkg/pkgs/boost-context_x64-windows/include/boost/context/detail/index_sequence.hpp
-- Installing: D:/TelegramBot/vcpkg_installed/vcpkg/pkgs/boost-context_x64-windows/include/boost/context/detail/invoke.hpp
-- Installing: D:/TelegramBot/vcpkg_installed/vcpkg/pkgs/boost-context_x64-windows/include/boost/context/detail/prefetch.hpp
-- Installing: D:/TelegramBot/vcpkg_installed/vcpkg/pkgs/boost-context_x64-windows/include/boost/context/detail/tuple.hpp
-- Installing: D:/TelegramBot/vcpkg_installed/vcpkg/pkgs/boost-context_x64-windows/include/boost/context/fiber.hpp
-- Installing: D:/TelegramBot/vcpkg_installed/vcpkg/pkgs/boost-context_x64-windows/include/boost/context/fiber_fcontext.hpp
-- Installing: D:/TelegramBot/vcpkg_installed/vcpkg/pkgs/boost-context_x64-windows/include/boost/context/fiber_ucontext.hpp
-- Installing: D:/TelegramBot/vcpkg_installed/vcpkg/pkgs/boost-context_x64-windows/include/boost/context/fiber_winfib.hpp
-- Installing: D:/TelegramBot/vcpkg_installed/vcpkg/pkgs/boost-context_x64-windows/include/boost/context/fixedsize_stack.hpp
-- Installing: D:/TelegramBot/vcpkg_installed/vcpkg/pkgs/boost-context_x64-windows/include/boost/context/flags.hpp
-- Installing: D:/TelegramBot/vcpkg_installed/vcpkg/pkgs/boost-context_x64-windows/include/boost/context/pooled_fixedsize_stack.hpp
-- Installing: D:/TelegramBot/vcpkg_installed/vcpkg/pkgs/boost-context_x64-windows/include/boost/context/posix
-- Installing: D:/TelegramBot/vcpkg_installed/vcpkg/pkgs/boost-context_x64-windows/include/boost/context/posix/protected_fixedsize_stack.hpp
-- Installing: D:/TelegramBot/vcpkg_installed/vcpkg/pkgs/boost-context_x64-windows/include/boost/context/posix/segmented_stack.hpp
-- Installing: D:/TelegramBot/vcpkg_installed/vcpkg/pkgs/boost-context_x64-windows/include/boost/context/preallocated.hpp
-- Installing: D:/TelegramBot/vcpkg_installed/vcpkg/pkgs/boost-context_x64-windows/include/boost/context/protected_fixedsize_stack.hpp
-- Installing: D:/TelegramBot/vcpkg_installed/vcpkg/pkgs/boost-context_x64-windows/include/boost/context/segmented_stack.hpp
-- Installing: D:/TelegramBot/vcpkg_installed/vcpkg/pkgs/boost-context_x64-windows/include/boost/context/stack_context.hpp
-- Installing: D:/TelegramBot/vcpkg_installed/vcpkg/pkgs/boost-context_x64-windows/include/boost/context/stack_traits.hpp
-- Installing: D:/TelegramBot/vcpkg_installed/vcpkg/pkgs/boost-context_x64-windows/include/boost/context/windows
-- Installing: D:/TelegramBot/vcpkg_installed/vcpkg/pkgs/boost-context_x64-windows/include/boost/context/windows/protected_fixedsize_stack.hpp
-- Installing: D:/TelegramBot/vcpkg_installed/vcpkg/pkgs/boost-context_x64-windows/lib/boost_context-vc143-mt-x64-1_86.lib
-- Installing: D:/TelegramBot/vcpkg_installed/vcpkg/pkgs/boost-context_x64-windows/bin/boost_context-vc143-mt-x64-1_86.dll
-- Installing: D:/TelegramBot/vcpkg_installed/vcpkg/pkgs/boost-context_x64-windows/bin/boost_context-vc143-mt-x64-1_86.pdb
-- Installing: D:/TelegramBot/vcpkg_installed/vcpkg/pkgs/boost-context_x64-windows/lib/cmake/boost_context-1.86.0/boost_context-targets.cmake
-- Installing: D:/TelegramBot/vcpkg_installed/vcpkg/pkgs/boost-context_x64-windows/lib/cmake/boost_context-1.86.0/boost_context-targets-release.cmake
-- Installing: D:/TelegramBot/vcpkg_installed/vcpkg/pkgs/boost-context_x64-windows/lib/cmake/boost_context-1.86.0/boost_context-config.cmake
-- Installing: D:/TelegramBot/vcpkg_installed/vcpkg/pkgs/boost-context_x64-windows/lib/cmake/boost_context-1.86.0/boost_context-config-version.cmake

