Change Dir: 'D:/TelegramBot/vcpkg_installed/vcpkg/blds/boost-stacktrace/x64-windows-dbg'

Run Build Command(s): "C:/Program Files/Microsoft Visual Studio/2022/Community/Common7/IDE/CommonExtensions/Microsoft/CMake/Ninja/ninja.exe" -v -v -j9 install
[1/9] C:\PROGRA~1\MICROS~1\2022\COMMUN~1\VC\Tools\MSVC\1444~1.352\bin\Hostx64\x64\cl.exe   /TP -DBOOST_STACKTRACE_DYN_LINK -DBOOST_STACKTRACE_NO_LIB -DBOOST_STACKTRACE_SOURCE -Dboost_stacktrace_noop_EXPORTS -ID:\TelegramBot\vcpkg_installed\vcpkg\blds\boost-stacktrace\src\ost-1.86.0-a8e8257d6a.clean\libs\stacktrace\include -external:ID:\TelegramBot\vcpkg_installed\x64-windows\include -external:W0 /nologo /DWIN32 /D_WINDOWS /utf-8 /GR /EHsc /MP  /MDd /Z7 /Ob0 /Od /RTC1  -MDd /showIncludes /Folibs\stacktrace\CMakeFiles\boost_stacktrace_noop.dir\src\noop.cpp.obj /Fdlibs\stacktrace\CMakeFiles\boost_stacktrace_noop.dir\ /FS -c D:\TelegramBot\vcpkg_installed\vcpkg\blds\boost-stacktrace\src\ost-1.86.0-a8e8257d6a.clean\libs\stacktrace\src\noop.cpp
[2/9] C:\PROGRA~1\MICROS~1\2022\COMMUN~1\VC\Tools\MSVC\1444~1.352\bin\Hostx64\x64\cl.exe   /TP -DBOOST_STACKTRACE_DYN_LINK -DBOOST_STACKTRACE_NO_LIB -DBOOST_STACKTRACE_SOURCE -Dboost_stacktrace_basic_EXPORTS -ID:\TelegramBot\vcpkg_installed\vcpkg\blds\boost-stacktrace\src\ost-1.86.0-a8e8257d6a.clean\libs\stacktrace\include -external:ID:\TelegramBot\vcpkg_installed\x64-windows\include -external:W0 /nologo /DWIN32 /D_WINDOWS /utf-8 /GR /EHsc /MP  /MDd /Z7 /Ob0 /Od /RTC1  -MDd /showIncludes /Folibs\stacktrace\CMakeFiles\boost_stacktrace_basic.dir\src\basic.cpp.obj /Fdlibs\stacktrace\CMakeFiles\boost_stacktrace_basic.dir\ /FS -c D:\TelegramBot\vcpkg_installed\vcpkg\blds\boost-stacktrace\src\ost-1.86.0-a8e8257d6a.clean\libs\stacktrace\src\basic.cpp
[3/9] C:\PROGRA~1\MICROS~1\2022\COMMUN~1\VC\Tools\MSVC\1444~1.352\bin\Hostx64\x64\cl.exe   /TP -DBOOST_STACKTRACE_DYN_LINK -DBOOST_STACKTRACE_NO_LIB -DBOOST_STACKTRACE_SOURCE -D_GNU_SOURCE=1 -Dboost_stacktrace_windbg_EXPORTS -ID:\TelegramBot\vcpkg_installed\vcpkg\blds\boost-stacktrace\src\ost-1.86.0-a8e8257d6a.clean\libs\stacktrace\include -external:ID:\TelegramBot\vcpkg_installed\x64-windows\include -external:W0 /nologo /DWIN32 /D_WINDOWS /utf-8 /GR /EHsc /MP  /MDd /Z7 /Ob0 /Od /RTC1  -MDd /showIncludes /Folibs\stacktrace\CMakeFiles\boost_stacktrace_windbg.dir\src\windbg.cpp.obj /Fdlibs\stacktrace\CMakeFiles\boost_stacktrace_windbg.dir\ /FS -c D:\TelegramBot\vcpkg_installed\vcpkg\blds\boost-stacktrace\src\ost-1.86.0-a8e8257d6a.clean\libs\stacktrace\src\windbg.cpp
[4/9] C:\PROGRA~1\MICROS~1\2022\COMMUN~1\VC\Tools\MSVC\1444~1.352\bin\Hostx64\x64\cl.exe   /TP -DBOOST_STACKTRACE_DYN_LINK -DBOOST_STACKTRACE_NO_LIB -DBOOST_STACKTRACE_SOURCE -D_GNU_SOURCE=1 -Dboost_stacktrace_windbg_cached_EXPORTS -ID:\TelegramBot\vcpkg_installed\vcpkg\blds\boost-stacktrace\src\ost-1.86.0-a8e8257d6a.clean\libs\stacktrace\include -external:ID:\TelegramBot\vcpkg_installed\x64-windows\include -external:W0 /nologo /DWIN32 /D_WINDOWS /utf-8 /GR /EHsc /MP  /MDd /Z7 /Ob0 /Od /RTC1  -MDd /showIncludes /Folibs\stacktrace\CMakeFiles\boost_stacktrace_windbg_cached.dir\src\windbg_cached.cpp.obj /Fdlibs\stacktrace\CMakeFiles\boost_stacktrace_windbg_cached.dir\ /FS -c D:\TelegramBot\vcpkg_installed\vcpkg\blds\boost-stacktrace\src\ost-1.86.0-a8e8257d6a.clean\libs\stacktrace\src\windbg_cached.cpp
[5/9] C:\WINDOWS\system32\cmd.exe /C "cd . && D:\Software\cmake-4.2.1-windows-x86_64\bin\cmake.exe -E vs_link_dll --msvc-ver=1944 --intdir=libs\stacktrace\CMakeFiles\boost_stacktrace_noop.dir --rc=C:\PROGRA~2\WI3CF2~1\10\bin\100261~1.0\x64\rc.exe --mt=C:\PROGRA~2\WI3CF2~1\10\bin\100261~1.0\x64\mt.exe --manifests  -- C:\PROGRA~1\MICROS~1\2022\COMMUN~1\VC\Tools\MSVC\1444~1.352\bin\Hostx64\x64\link.exe  libs\stacktrace\CMakeFiles\boost_stacktrace_noop.dir\src\noop.cpp.obj  /out:stage\bin\boost_stacktrace_noop-vc143-mt-gd-x64-1_86.dll /implib:stage\lib\boost_stacktrace_noop-vc143-mt-gd-x64-1_86.lib /pdb:stage\bin\boost_stacktrace_noop-vc143-mt-gd-x64-1_86.pdb /dll /version:1.86 /machine:x64 /nologo    /debug /INCREMENTAL  kernel32.lib user32.lib gdi32.lib winspool.lib shell32.lib ole32.lib oleaut32.lib uuid.lib comdlg32.lib advapi32.lib && cd ."
[6/9] C:\WINDOWS\system32\cmd.exe /C "cd . && D:\Software\cmake-4.2.1-windows-x86_64\bin\cmake.exe -E vs_link_dll --msvc-ver=1944 --intdir=libs\stacktrace\CMakeFiles\boost_stacktrace_basic.dir --rc=C:\PROGRA~2\WI3CF2~1\10\bin\100261~1.0\x64\rc.exe --mt=C:\PROGRA~2\WI3CF2~1\10\bin\100261~1.0\x64\mt.exe --manifests  -- C:\PROGRA~1\MICROS~1\2022\COMMUN~1\VC\Tools\MSVC\1444~1.352\bin\Hostx64\x64\link.exe  libs\stacktrace\CMakeFiles\boost_stacktrace_basic.dir\src\basic.cpp.obj  /out:stage\bin\boost_stacktrace_basic-vc143-mt-gd-x64-1_86.dll /implib:stage\lib\boost_stacktrace_basic-vc143-mt-gd-x64-1_86.lib /pdb:stage\bin\boost_stacktrace_basic-vc143-mt-gd-x64-1_86.pdb /dll /version:1.86 /machine:x64 /nologo    /debug /INCREMENTAL  kernel32.lib user32.lib gdi32.lib winspool.lib shell32.lib ole32.lib oleaut32.lib uuid.lib comdlg32.lib advapi32.lib && cd ."
[7/9] C:\WINDOWS\system32\cmd.exe /C "cd . && D:\Software\cmake-4.2.1-windows-x86_64\bin\cmake.exe -E vs_link_dll --msvc-ver=1944 --intdir=libs\stacktrace\CMakeFiles\boost_stacktrace_windbg.dir --rc=C:\PROGRA~2\WI3CF2~1\10\bin\100261~1.0\x64\rc.exe --mt=C:\PROGRA~2\WI3CF2~1\10\bin\100261~1.0\x64\mt.exe --manifests  -- C:\PROGRA~1\MICROS~1\2022\COMMUN~1\VC\Tools\MSVC\1444~1.352\bin\Hostx64\x64\link.exe  libs\stacktrace\CMakeFiles\boost_stacktrace_windbg.dir\src\windbg.cpp.obj  /out:stage\bin\boost_stacktrace_windbg-vc143-mt-gd-x64-1_86.dll /implib:stage\lib\boost_stacktrace_windbg-vc143-mt-gd-x64-1_86.lib /pdb:stage\bin\boost_stacktrace_windbg-vc143-mt-gd-x64-1_86.pdb /dll /version:1.86 /machine:x64 /nologo    /debug /INCREMENTAL  dbgeng.lib  ole32.lib  kernel32.lib user32.lib gdi32.lib winspool.lib shell32.lib ole32.lib oleaut32.lib uuid.lib comdlg32.lib advapi32.lib && cd ."
[8/9] C:\WINDOWS\system32\cmd.exe /C "cd . && D:\Software\cmake-4.2.1-windows-x86_64\bin\cmake.exe -E vs_link_dll --msvc-ver=1944 --intdir=libs\stacktrace\CMakeFiles\boost_stacktrace_windbg_cached.dir --rc=C:\PROGRA~2\WI3CF2~1\10\bin\100261~1.0\x64\rc.exe --mt=C:\PROGRA~2\WI3CF2~1\10\bin\100261~1.0\x64\mt.exe --manifests  -- C:\PROGRA~1\MICROS~1\2022\COMMUN~1\VC\Tools\MSVC\1444~1.352\bin\Hostx64\x64\link.exe  libs\stacktrace\CMakeFiles\boost_stacktrace_windbg_cached.dir\src\windbg_cached.cpp.obj  /out:stage\bin\boost_stacktrace_windbg_cached-vc143-mt-gd-x64-1_86.dll /implib:stage\lib\boost_stacktrace_windbg_cached-vc143-mt-gd-x64-1_86.lib /pdb:stage\bin\boost_stacktrace_windbg_cached-vc143-mt-gd-x64-1_86.pdb /dll /version:1.86 /machine:x64 /nologo    /debug /INCREMENTAL  dbgeng.lib  ole32.lib  kernel32.lib user32.lib gdi32.lib winspool.lib shell32.lib ole32.lib oleaut32.lib uuid.lib comdlg32.lib advapi32.lib && cd ."
[8/9] C:\WINDOWS\system32\cmd.exe /C "cd /D D:\TelegramBot\vcpkg_installed\vcpkg\blds\boost-stacktrace\x64-windows-dbg && D:\Software\cmake-4.2.1-windows-x86_64\bin\cmake.exe -P cmake_install.cmake"
-- Install configuration: "Debug"
-- Installing: D:/TelegramBot/vcpkg_installed/vcpkg/pkgs/boost-stacktrace_x64-windows/debug/include
-- Installing: D:/TelegramBot/vcpkg_installed/vcpkg/pkgs/boost-stacktrace_x64-windows/debug/include/boost
-- Installing: D:/TelegramBot/vcpkg_installed/vcpkg/pkgs/boost-stacktrace_x64-windows/debug/include/boost/stacktrace
-- Installing: D:/TelegramBot/vcpkg_installed/vcpkg/pkgs/boost-stacktrace_x64-windows/debug/include/boost/stacktrace/detail
-- Installing: D:/TelegramBot/vcpkg_installed/vcpkg/pkgs/boost-stacktrace_x64-windows/debug/include/boost/stacktrace/detail/addr2line_impls.hpp
-- Installing: D:/TelegramBot/vcpkg_installed/vcpkg/pkgs/boost-stacktrace_x64-windows/debug/include/boost/stacktrace/detail/addr_base.hpp
-- Installing: D:/TelegramBot/vcpkg_installed/vcpkg/pkgs/boost-stacktrace_x64-windows/debug/include/boost/stacktrace/detail/collect_msvc.ipp
-- Installing: D:/TelegramBot/vcpkg_installed/vcpkg/pkgs/boost-stacktrace_x64-windows/debug/include/boost/stacktrace/detail/collect_noop.ipp
-- Installing: D:/TelegramBot/vcpkg_installed/vcpkg/pkgs/boost-stacktrace_x64-windows/debug/include/boost/stacktrace/detail/collect_unwind.ipp
-- Installing: D:/TelegramBot/vcpkg_installed/vcpkg/pkgs/boost-stacktrace_x64-windows/debug/include/boost/stacktrace/detail/frame_decl.hpp
-- Installing: D:/TelegramBot/vcpkg_installed/vcpkg/pkgs/boost-stacktrace_x64-windows/debug/include/boost/stacktrace/detail/frame_msvc.ipp
-- Installing: D:/TelegramBot/vcpkg_installed/vcpkg/pkgs/boost-stacktrace_x64-windows/debug/include/boost/stacktrace/detail/frame_noop.ipp
-- Installing: D:/TelegramBot/vcpkg_installed/vcpkg/pkgs/boost-stacktrace_x64-windows/debug/include/boost/stacktrace/detail/frame_unwind.ipp
-- Installing: D:/TelegramBot/vcpkg_installed/vcpkg/pkgs/boost-stacktrace_x64-windows/debug/include/boost/stacktrace/detail/libbacktrace_impls.hpp
-- Installing: D:/TelegramBot/vcpkg_installed/vcpkg/pkgs/boost-stacktrace_x64-windows/debug/include/boost/stacktrace/detail/location_from_symbol.hpp
-- Installing: D:/TelegramBot/vcpkg_installed/vcpkg/pkgs/boost-stacktrace_x64-windows/debug/include/boost/stacktrace/detail/pop_options.h
-- Installing: D:/TelegramBot/vcpkg_installed/vcpkg/pkgs/boost-stacktrace_x64-windows/debug/include/boost/stacktrace/detail/push_options.h
-- Installing: D:/TelegramBot/vcpkg_installed/vcpkg/pkgs/boost-stacktrace_x64-windows/debug/include/boost/stacktrace/detail/safe_dump_noop.ipp
-- Installing: D:/TelegramBot/vcpkg_installed/vcpkg/pkgs/boost-stacktrace_x64-windows/debug/include/boost/stacktrace/detail/safe_dump_posix.ipp
-- Installing: D:/TelegramBot/vcpkg_installed/vcpkg/pkgs/boost-stacktrace_x64-windows/debug/include/boost/stacktrace/detail/safe_dump_win.ipp
-- Installing: D:/TelegramBot/vcpkg_installed/vcpkg/pkgs/boost-stacktrace_x64-windows/debug/include/boost/stacktrace/detail/to_dec_array.hpp
-- Installing: D:/TelegramBot/vcpkg_installed/vcpkg/pkgs/boost-stacktrace_x64-windows/debug/include/boost/stacktrace/detail/to_hex_array.hpp
-- Installing: D:/TelegramBot/vcpkg_installed/vcpkg/pkgs/boost-stacktrace_x64-windows/debug/include/boost/stacktrace/detail/try_dec_convert.hpp
-- Installing: D:/TelegramBot/vcpkg_installed/vcpkg/pkgs/boost-stacktrace_x64-windows/debug/include/boost/stacktrace/detail/unwind_base_impls.hpp
-- Installing: D:/TelegramBot/vcpkg_installed/vcpkg/pkgs/boost-stacktrace_x64-windows/debug/include/boost/stacktrace/detail/void_ptr_cast.hpp
-- Installing: D:/TelegramBot/vcpkg_installed/vcpkg/pkgs/boost-stacktrace_x64-windows/debug/include/boost/stacktrace/frame.hpp
-- Installing: D:/TelegramBot/vcpkg_installed/vcpkg/pkgs/boost-stacktrace_x64-windows/debug/include/boost/stacktrace/safe_dump_to.hpp
-- Installing: D:/TelegramBot/vcpkg_installed/vcpkg/pkgs/boost-stacktrace_x64-windows/debug/include/boost/stacktrace/stacktrace.hpp
-- Installing: D:/TelegramBot/vcpkg_installed/vcpkg/pkgs/boost-stacktrace_x64-windows/debug/include/boost/stacktrace/stacktrace_fwd.hpp
-- Installing: D:/TelegramBot/vcpkg_installed/vcpkg/pkgs/boost-stacktrace_x64-windows/debug/include/boost/stacktrace/this_thread.hpp
-- Installing: D:/TelegramBot/vcpkg_installed/vcpkg/pkgs/boost-stacktrace_x64-windows/debug/include/boost/stacktrace.hpp
-- Installing: D:/TelegramBot/vcpkg_installed/vcpkg/pkgs/boost-stacktrace_x64-windows/debug/lib/boost_stacktrace_noop-vc143-mt-gd-x64-1_86.lib
-- Installing: D:/TelegramBot/vcpkg_installed/vcpkg/pkgs/boost-stacktrace_x64-windows/debug/bin/boost_stacktrace_noop-vc143-mt-gd-x64-1_86.dll
-- Installing: D:/TelegramBot/vcpkg_installed/vcpkg/pkgs/boost-stacktrace_x64-windows/debug/bin/boost_stacktrace_noop-vc143-mt-gd-x64-1_86.pdb
-- Installing: D:/TelegramBot/vcpkg_installed/vcpkg/pkgs/boost-stacktrace_x64-windows/debug/lib/cmake/boost_stacktrace_noop-1.86.0/boost_stacktrace_noop-targets.cmake
-- Installing: D:/TelegramBot/vcpkg_installed/vcpkg/pkgs/boost-stacktrace_x64-windows/debug/lib/cmake/boost_stacktrace_noop-1.86.0/boost_stacktrace_noop-targets-debug.cmake
-- Installing: D:/TelegramBot/vcpkg_installed/vcpkg/pkgs/boost-stacktrace_x64-windows/debug/lib/cmake/boost_stacktrace_noop-1.86.0/boost_stacktrace_noop-config.cmake
-- Installing: D:/TelegramBot/vcpkg_installed/vcpkg/pkgs/boost-stacktrace_x64-windows/debug/lib/cmake/boost_stacktrace_noop-1.86.0/boost_stacktrace_noop-config-version.cmake
-- Up-to-date: D:/TelegramBot/vcpkg_installed/vcpkg/pkgs/boost-stacktrace_x64-windows/debug/include
-- Up-to-date: D:/TelegramBot/vcpkg_installed/vcpkg/pkgs/boost-stacktrace_x64-windows/debug/include/boost
-- Up-to-date: D:/TelegramBot/vcpkg_installed/vcpkg/pkgs/boost-stacktrace_x64-windows/debug/include/boost/stacktrace
-- Up-to-date: D:/TelegramBot/vcpkg_installed/vcpkg/pkgs/boost-stacktrace_x64-windows/debug/include/boost/stacktrace/detail
-- Up-to-date: D:/TelegramBot/vcpkg_installed/vcpkg/pkgs/boost-stacktrace_x64-windows/debug/include/boost/stacktrace/detail/addr2line_impls.hpp
-- Up-to-date: D:/TelegramBot/vcpkg_installed/vcpkg/pkgs/boost-stacktrace_x64-windows/debug/include/boost/stacktrace/detail/addr_base.hpp
-- Up-to-date: D:/TelegramBot/vcpkg_installed/vcpkg/pkgs/boost-stacktrace_x64-windows/debug/include/boost/stacktrace/detail/collect_msvc.ipp
-- Up-to-date: D:/TelegramBot/vcpkg_installed/vcpkg/pkgs/boost-stacktrace_x64-windows/debug/include/boost/stacktrace/detail/collect_noop.ipp
-- Up-to-date: D:/TelegramBot/vcpkg_installed/vcpkg/pkgs/boost-stacktrace_x64-windows/debug/include/boost/stacktrace/detail/collect_unwind.ipp
-- Up-to-date: D:/TelegramBot/vcpkg_installed/vcpkg/pkgs/boost-stacktrace_x64-windows/debug/include/boost/stacktrace/detail/frame_decl.hpp
-- Up-to-date: D:/TelegramBot/vcpkg_installed/vcpkg/pkgs/boost-stacktrace_x64-windows/debug/include/boost/stacktrace/detail/frame_msvc.ipp
-- Up-to-date: D:/TelegramBot/vcpkg_installed/vcpkg/pkgs/boost-stacktrace_x64-windows/debug/include/boost/stacktrace/detail/frame_noop.ipp
-- Up-to-date: D:/TelegramBot/vcpkg_installed/vcpkg/pkgs/boost-stacktrace_x64-windows/debug/include/boost/stacktrace/detail/frame_unwind.ipp
-- Up-to-date: D:/TelegramBot/vcpkg_installed/vcpkg/pkgs/boost-stacktrace_x64-windows/debug/include/boost/stacktrace/detail/libbacktrace_impls.hpp
-- Up-to-date: D:/TelegramBot/vcpkg_installed/vcpkg/pkgs/boost-stacktrace_x64-windows/debug/include/boost/stacktrace/detail/location_from_symbol.hpp
-- Up-to-date: D:/TelegramBot/vcpkg_installed/vcpkg/pkgs/boost-stacktrace_x64-windows/debug/include/boost/stacktrace/detail/pop_options.h
-- Up-to-date: D:/TelegramBot/vcpkg_installed/vcpkg/pkgs/boost-stacktrace_x64-windows/debug/include/boost/stacktrace/detail/push_options.h
-- Up-to-date: D:/TelegramBot/vcpkg_installed/vcpkg/pkgs/boost-stacktrace_x64-windows/debug/include/boost/stacktrace/detail/safe_dump_noop.ipp
-- Up-to-date: D:/TelegramBot/vcpkg_installed/vcpkg/pkgs/boost-stacktrace_x64-windows/debug/include/boost/stacktrace/detail/safe_dump_posix.ipp
-- Up-to-date: D:/TelegramBot/vcpkg_installed/vcpkg/pkgs/boost-stacktrace_x64-windows/debug/include/boost/stacktrace/detail/safe_dump_win.ipp
-- Up-to-date: D:/TelegramBot/vcpkg_installed/vcpkg/pkgs/boost-stacktrace_x64-windows/debug/include/boost/stacktrace/detail/to_dec_array.hpp
-- Up-to-date: D:/TelegramBot/vcpkg_installed/vcpkg/pkgs/boost-stacktrace_x64-windows/debug/include/boost/stacktrace/detail/to_hex_array.hpp
-- Up-to-date: D:/TelegramBot/vcpkg_installed/vcpkg/pkgs/boost-stacktrace_x64-windows/debug/include/boost/stacktrace/detail/try_dec_convert.hpp
-- Up-to-date: D:/TelegramBot/vcpkg_installed/vcpkg/pkgs/boost-stacktrace_x64-windows/debug/include/boost/stacktrace/detail/unwind_base_impls.hpp
-- Up-to-date: D:/TelegramBot/vcpkg_installed/vcpkg/pkgs/boost-stacktrace_x64-windows/debug/include/boost/stacktrace/detail/void_ptr_cast.hpp
-- Up-to-date: D:/TelegramBot/vcpkg_installed/vcpkg/pkgs/boost-stacktrace_x64-windows/debug/include/boost/stacktrace/frame.hpp
-- Up-to-date: D:/TelegramBot/vcpkg_installed/vcpkg/pkgs/boost-stacktrace_x64-windows/debug/include/boost/stacktrace/safe_dump_to.hpp
-- Up-to-date: D:/TelegramBot/vcpkg_installed/vcpkg/pkgs/boost-stacktrace_x64-windows/debug/include/boost/stacktrace/stacktrace.hpp
-- Up-to-date: D:/TelegramBot/vcpkg_installed/vcpkg/pkgs/boost-stacktrace_x64-windows/debug/include/boost/stacktrace/stacktrace_fwd.hpp
-- Up-to-date: D:/TelegramBot/vcpkg_installed/vcpkg/pkgs/boost-stacktrace_x64-windows/debug/include/boost/stacktrace/this_thread.hpp
-- Up-to-date: D:/TelegramBot/vcpkg_installed/vcpkg/pkgs/boost-stacktrace_x64-windows/debug/include/boost/stacktrace.hpp
-- Installing: D:/TelegramBot/vcpkg_installed/vcpkg/pkgs/boost-stacktrace_x64-windows/debug/lib/boost_stacktrace_basic-vc143-mt-gd-x64-1_86.lib
-- Installing: D:/TelegramBot/vcpkg_installed/vcpkg/pkgs/boost-stacktrace_x64-windows/debug/bin/boost_stacktrace_basic-vc143-mt-gd-x64-1_86.dll
-- Installing: D:/TelegramBot/vcpkg_installed/vcpkg/pkgs/boost-stacktrace_x64-windows/debug/bin/boost_stacktrace_basic-vc143-mt-gd-x64-1_86.pdb
-- Installing: D:/TelegramBot/vcpkg_installed/vcpkg/pkgs/boost-stacktrace_x64-windows/debug/lib/cmake/boost_stacktrace_basic-1.86.0/boost_stacktrace_basic-targets.cmake
-- Installing: D:/TelegramBot/vcpkg_installed/vcpkg/pkgs/boost-stacktrace_x64-windows/debug/lib/cmake/boost_stacktrace_basic-1.86.0/boost_stacktrace_basic-targets-debug.cmake
-- Installing: D:/TelegramBot/vcpkg_installed/vcpkg/pkgs/boost-stacktrace_x64-windows/debug/lib/cmake/boost_stacktrace_basic-1.86.0/boost_stacktrace_basic-config.cmake
-- Installing: D:/TelegramBot/vcpkg_installed/vcpkg/pkgs/boost-stacktrace_x64-windows/debug/lib/cmake/boost_stacktrace_basic-1.86.0/boost_stacktrace_basic-config-version.cmake
-- Up-to-date: D:/TelegramBot/vcpkg_installed/vcpkg/pkgs/boost-stacktrace_x64-windows/debug/include
-- Up-to-date: D:/TelegramBot/vcpkg_installed/vcpkg/pkgs/boost-stacktrace_x64-windows/debug/include/boost
-- Up-to-date: D:/TelegramBot/vcpkg_installed/vcpkg/pkgs/boost-stacktrace_x64-windows/debug/include/boost/stacktrace
-- Up-to-date: D:/TelegramBot/vcpkg_installed/vcpkg/pkgs/boost-stacktrace_x64-windows/debug/include/boost/stacktrace/detail
-- Up-to-date: D:/TelegramBot/vcpkg_installed/vcpkg/pkgs/boost-stacktrace_x64-windows/debug/include/boost/stacktrace/detail/addr2line_impls.hpp
-- Up-to-date: D:/TelegramBot/vcpkg_installed/vcpkg/pkgs/boost-stacktrace_x64-windows/debug/include/boost/stacktrace/detail/addr_base.hpp
-- Up-to-date: D:/TelegramBot/vcpkg_installed/vcpkg/pkgs/boost-stacktrace_x64-windows/debug/include/boost/stacktrace/detail/collect_msvc.ipp
-- Up-to-date: D:/TelegramBot/vcpkg_installed/vcpkg/pkgs/boost-stacktrace_x64-windows/debug/include/boost/stacktrace/detail/collect_noop.ipp
-- Up-to-date: D:/TelegramBot/vcpkg_installed/vcpkg/pkgs/boost-stacktrace_x64-windows/debug/include/boost/stacktrace/detail/collect_unwind.ipp
-- Up-to-date: D:/TelegramBot/vcpkg_installed/vcpkg/pkgs/boost-stacktrace_x64-windows/debug/include/boost/stacktrace/detail/frame_decl.hpp
-- Up-to-date: D:/TelegramBot/vcpkg_installed/vcpkg/pkgs/boost-stacktrace_x64-windows/debug/include/boost/stacktrace/detail/frame_msvc.ipp
-- Up-to-date: D:/TelegramBot/vcpkg_installed/vcpkg/pkgs/boost-stacktrace_x64-windows/debug/include/boost/stacktrace/detail/frame_noop.ipp
-- Up-to-date: D:/TelegramBot/vcpkg_installed/vcpkg/pkgs/boost-stacktrace_x64-windows/debug/include/boost/stacktrace/detail/frame_unwind.ipp
-- Up-to-date: D:/TelegramBot/vcpkg_installed/vcpkg/pkgs/boost-stacktrace_x64-windows/debug/include/boost/stacktrace/detail/libbacktrace_impls.hpp
-- Up-to-date: D:/TelegramBot/vcpkg_installed/vcpkg/pkgs/boost-stacktrace_x64-windows/debug/include/boost/stacktrace/detail/location_from_symbol.hpp
-- Up-to-date: D:/TelegramBot/vcpkg_installed/vcpkg/pkgs/boost-stacktrace_x64-windows/debug/include/boost/stacktrace/detail/pop_options.h
-- Up-to-date: D:/TelegramBot/vcpkg_installed/vcpkg/pkgs/boost-stacktrace_x64-windows/debug/include/boost/stacktrace/detail/push_options.h
-- Up-to-date: D:/TelegramBot/vcpkg_installed/vcpkg/pkgs/boost-stacktrace_x64-windows/debug/include/boost/stacktrace/detail/safe_dump_noop.ipp
-- Up-to-date: D:/TelegramBot/vcpkg_installed/vcpkg/pkgs/boost-stacktrace_x64-windows/debug/include/boost/stacktrace/detail/safe_dump_posix.ipp
-- Up-to-date: D:/TelegramBot/vcpkg_installed/vcpkg/pkgs/boost-stacktrace_x64-windows/debug/include/boost/stacktrace/detail/safe_dump_win.ipp
-- Up-to-date: D:/TelegramBot/vcpkg_installed/vcpkg/pkgs/boost-stacktrace_x64-windows/debug/include/boost/stacktrace/detail/to_dec_array.hpp
-- Up-to-date: D:/TelegramBot/vcpkg_installed/vcpkg/pkgs/boost-stacktrace_x64-windows/debug/include/boost/stacktrace/detail/to_hex_array.hpp
-- Up-to-date: D:/TelegramBot/vcpkg_installed/vcpkg/pkgs/boost-stacktrace_x64-windows/debug/include/boost/stacktrace/detail/try_dec_convert.hpp
-- Up-to-date: D:/TelegramBot/vcpkg_installed/vcpkg/pkgs/boost-stacktrace_x64-windows/debug/include/boost/stacktrace/detail/unwind_base_impls.hpp
-- Up-to-date: D:/TelegramBot/vcpkg_installed/vcpkg/pkgs/boost-stacktrace_x64-windows/debug/include/boost/stacktrace/detail/void_ptr_cast.hpp
-- Up-to-date: D:/TelegramBot/vcpkg_installed/vcpkg/pkgs/boost-stacktrace_x64-windows/debug/include/boost/stacktrace/frame.hpp
-- Up-to-date: D:/TelegramBot/vcpkg_installed/vcpkg/pkgs/boost-stacktrace_x64-windows/debug/include/boost/stacktrace/safe_dump_to.hpp
-- Up-to-date: D:/TelegramBot/vcpkg_installed/vcpkg/pkgs/boost-stacktrace_x64-windows/debug/include/boost/stacktrace/stacktrace.hpp
-- Up-to-date: D:/TelegramBot/vcpkg_installed/vcpkg/pkgs/boost-stacktrace_x64-windows/debug/include/boost/stacktrace/stacktrace_fwd.hpp
-- Up-to-date: D:/TelegramBot/vcpkg_installed/vcpkg/pkgs/boost-stacktrace_x64-windows/debug/include/boost/stacktrace/this_thread.hpp
-- Up-to-date: D:/TelegramBot/vcpkg_installed/vcpkg/pkgs/boost-stacktrace_x64-windows/debug/include/boost/stacktrace.hpp
-- Installing: D:/TelegramBot/vcpkg_installed/vcpkg/pkgs/boost-stacktrace_x64-windows/debug/lib/boost_stacktrace_windbg-vc143-mt-gd-x64-1_86.lib
-- Installing: D:/TelegramBot/vcpkg_installed/vcpkg/pkgs/boost-stacktrace_x64-windows/debug/bin/boost_stacktrace_windbg-vc143-mt-gd-x64-1_86.dll
-- Installing: D:/TelegramBot/vcpkg_installed/vcpkg/pkgs/boost-stacktrace_x64-windows/debug/bin/boost_stacktrace_windbg-vc143-mt-gd-x64-1_86.pdb
-- Installing: D:/TelegramBot/vcpkg_installed/vcpkg/pkgs/boost-stacktrace_x64-windows/debug/lib/cmake/boost_stacktrace_windbg-1.86.0/boost_stacktrace_windbg-targets.cmake
-- Installing: D:/TelegramBot/vcpkg_installed/vcpkg/pkgs/boost-stacktrace_x64-windows/debug/lib/cmake/boost_stacktrace_windbg-1.86.0/boost_stacktrace_windbg-targets-debug.cmake
-- Installing: D:/TelegramBot/vcpkg_installed/vcpkg/pkgs/boost-stacktrace_x64-windows/debug/lib/cmake/boost_stacktrace_windbg-1.86.0/boost_stacktrace_windbg-config.cmake
-- Installing: D:/TelegramBot/vcpkg_installed/vcpkg/pkgs/boost-stacktrace_x64-windows/debug/lib/cmake/boost_stacktrace_windbg-1.86.0/boost_stacktrace_windbg-config-version.cmake
-- Up-to-date: D:/TelegramBot/vcpkg_installed/vcpkg/pkgs/boost-stacktrace_x64-windows/debug/include
-- Up-to-date: D:/TelegramBot/vcpkg_installed/vcpkg/pkgs/boost-stacktrace_x64-windows/debug/include/boost
-- Up-to-date: D:/TelegramBot/vcpkg_installed/vcpkg/pkgs/boost-stacktrace_x64-windows/debug/include/boost/stacktrace
-- Up-to-date: D:/TelegramBot/vcpkg_installed/vcpkg/pkgs/boost-stacktrace_x64-windows/debug/include/boost/stacktrace/detail
-- Up-to-date: D:/TelegramBot/vcpkg_installed/vcpkg/pkgs/boost-stacktrace_x64-windows/debug/include/boost/stacktrace/detail/addr2line_impls.hpp
-- Up-to-date: D:/TelegramBot/vcpkg_installed/vcpkg/pkgs/boost-stacktrace_x64-windows/debug/include/boost/stacktrace/detail/addr_base.hpp
-- Up-to-date: D:/TelegramBot/vcpkg_installed/vcpkg/pkgs/boost-stacktrace_x64-windows/debug/include/boost/stacktrace/detail/collect_msvc.ipp
-- Up-to-date: D:/TelegramBot/vcpkg_installed/vcpkg/pkgs/boost-stacktrace_x64-windows/debug/include/boost/stacktrace/detail/collect_noop.ipp
-- Up-to-date: D:/TelegramBot/vcpkg_installed/vcpkg/pkgs/boost-stacktrace_x64-windows/debug/include/boost/stacktrace/detail/collect_unwind.ipp
-- Up-to-date: D:/TelegramBot/vcpkg_installed/vcpkg/pkgs/boost-stacktrace_x64-windows/debug/include/boost/stacktrace/detail/frame_decl.hpp
-- Up-to-date: D:/TelegramBot/vcpkg_installed/vcpkg/pkgs/boost-stacktrace_x64-windows/debug/include/boost/stacktrace/detail/frame_msvc.ipp
-- Up-to-date: D:/TelegramBot/vcpkg_installed/vcpkg/pkgs/boost-stacktrace_x64-windows/debug/include/boost/stacktrace/detail/frame_noop.ipp
-- Up-to-date: D:/TelegramBot/vcpkg_installed/vcpkg/pkgs/boost-stacktrace_x64-windows/debug/include/boost/stacktrace/detail/frame_unwind.ipp
-- Up-to-date: D:/TelegramBot/vcpkg_installed/vcpkg/pkgs/boost-stacktrace_x64-windows/debug/include/boost/stacktrace/detail/libbacktrace_impls.hpp
-- Up-to-date: D:/TelegramBot/vcpkg_installed/vcpkg/pkgs/boost-stacktrace_x64-windows/debug/include/boost/stacktrace/detail/location_from_symbol.hpp
-- Up-to-date: D:/TelegramBot/vcpkg_installed/vcpkg/pkgs/boost-stacktrace_x64-windows/debug/include/boost/stacktrace/detail/pop_options.h
-- Up-to-date: D:/TelegramBot/vcpkg_installed/vcpkg/pkgs/boost-stacktrace_x64-windows/debug/include/boost/stacktrace/detail/push_options.h
-- Up-to-date: D:/TelegramBot/vcpkg_installed/vcpkg/pkgs/boost-stacktrace_x64-windows/debug/include/boost/stacktrace/detail/safe_dump_noop.ipp
-- Up-to-date: D:/TelegramBot/vcpkg_installed/vcpkg/pkgs/boost-stacktrace_x64-windows/debug/include/boost/stacktrace/detail/safe_dump_posix.ipp
-- Up-to-date: D:/TelegramBot/vcpkg_installed/vcpkg/pkgs/boost-stacktrace_x64-windows/debug/include/boost/stacktrace/detail/safe_dump_win.ipp
-- Up-to-date: D:/TelegramBot/vcpkg_installed/vcpkg/pkgs/boost-stacktrace_x64-windows/debug/include/boost/stacktrace/detail/to_dec_array.hpp
-- Up-to-date: D:/TelegramBot/vcpkg_installed/vcpkg/pkgs/boost-stacktrace_x64-windows/debug/include/boost/stacktrace/detail/to_hex_array.hpp
-- Up-to-date: D:/TelegramBot/vcpkg_installed/vcpkg/pkgs/boost-stacktrace_x64-windows/debug/include/boost/stacktrace/detail/try_dec_convert.hpp
-- Up-to-date: D:/TelegramBot/vcpkg_installed/vcpkg/pkgs/boost-stacktrace_x64-windows/debug/include/boost/stacktrace/detail/unwind_base_impls.hpp
-- Up-to-date: D:/TelegramBot/vcpkg_installed/vcpkg/pkgs/boost-stacktrace_x64-windows/debug/include/boost/stacktrace/detail/void_ptr_cast.hpp
-- Up-to-date: D:/TelegramBot/vcpkg_installed/vcpkg/pkgs/boost-stacktrace_x64-windows/debug/include/boost/stacktrace/frame.hpp
-- Up-to-date: D:/TelegramBot/vcpkg_installed/vcpkg/pkgs/boost-stacktrace_x64-windows/debug/include/boost/stacktrace/safe_dump_to.hpp
-- Up-to-date: D:/TelegramBot/vcpkg_installed/vcpkg/pkgs/boost-stacktrace_x64-windows/debug/include/boost/stacktrace/stacktrace.hpp
-- Up-to-date: D:/TelegramBot/vcpkg_installed/vcpkg/pkgs/boost-stacktrace_x64-windows/debug/include/boost/stacktrace/stacktrace_fwd.hpp
-- Up-to-date: D:/TelegramBot/vcpkg_installed/vcpkg/pkgs/boost-stacktrace_x64-windows/debug/include/boost/stacktrace/this_thread.hpp
-- Up-to-date: D:/TelegramBot/vcpkg_installed/vcpkg/pkgs/boost-stacktrace_x64-windows/debug/include/boost/stacktrace.hpp
-- Installing: D:/TelegramBot/vcpkg_installed/vcpkg/pkgs/boost-stacktrace_x64-windows/debug/lib/boost_stacktrace_windbg_cached-vc143-mt-gd-x64-1_86.lib
-- Installing: D:/TelegramBot/vcpkg_installed/vcpkg/pkgs/boost-stacktrace_x64-windows/debug/bin/boost_stacktrace_windbg_cached-vc143-mt-gd-x64-1_86.dll
-- Installing: D:/TelegramBot/vcpkg_installed/vcpkg/pkgs/boost-stacktrace_x64-windows/debug/bin/boost_stacktrace_windbg_cached-vc143-mt-gd-x64-1_86.pdb
-- Installing: D:/TelegramBot/vcpkg_installed/vcpkg/pkgs/boost-stacktrace_x64-windows/debug/lib/cmake/boost_stacktrace_windbg_cached-1.86.0/boost_stacktrace_windbg_cached-targets.cmake
-- Installing: D:/TelegramBot/vcpkg_installed/vcpkg/pkgs/boost-stacktrace_x64-windows/debug/lib/cmake/boost_stacktrace_windbg_cached-1.86.0/boost_stacktrace_windbg_cached-targets-debug.cmake
-- Installing: D:/TelegramBot/vcpkg_installed/vcpkg/pkgs/boost-stacktrace_x64-windows/debug/lib/cmake/boost_stacktrace_windbg_cached-1.86.0/boost_stacktrace_windbg_cached-config.cmake
-- Installing: D:/TelegramBot/vcpkg_installed/vcpkg/pkgs/boost-stacktrace_x64-windows/debug/lib/cmake/boost_stacktrace_windbg_cached-1.86.0/boost_stacktrace_windbg_cached-config-version.cmake
-- Up-to-date: D:/TelegramBot/vcpkg_installed/vcpkg/pkgs/boost-stacktrace_x64-windows/debug/include
-- Up-to-date: D:/TelegramBot/vcpkg_installed/vcpkg/pkgs/boost-stacktrace_x64-windows/debug/include/boost
-- Up-to-date: D:/TelegramBot/vcpkg_installed/vcpkg/pkgs/boost-stacktrace_x64-windows/debug/include/boost/stacktrace
-- Up-to-date: D:/TelegramBot/vcpkg_installed/vcpkg/pkgs/boost-stacktrace_x64-windows/debug/include/boost/stacktrace/detail
-- Up-to-date: D:/TelegramBot/vcpkg_installed/vcpkg/pkgs/boost-stacktrace_x64-windows/debug/include/boost/stacktrace/detail/addr2line_impls.hpp
-- Up-to-date: D:/TelegramBot/vcpkg_installed/vcpkg/pkgs/boost-stacktrace_x64-windows/debug/include/boost/stacktrace/detail/addr_base.hpp
-- Up-to-date: D:/TelegramBot/vcpkg_installed/vcpkg/pkgs/boost-stacktrace_x64-windows/debug/include/boost/stacktrace/detail/collect_msvc.ipp
-- Up-to-date: D:/TelegramBot/vcpkg_installed/vcpkg/pkgs/boost-stacktrace_x64-windows/debug/include/boost/stacktrace/detail/collect_noop.ipp
-- Up-to-date: D:/TelegramBot/vcpkg_installed/vcpkg/pkgs/boost-stacktrace_x64-windows/debug/include/boost/stacktrace/detail/collect_unwind.ipp
-- Up-to-date: D:/TelegramBot/vcpkg_installed/vcpkg/pkgs/boost-stacktrace_x64-windows/debug/include/boost/stacktrace/detail/frame_decl.hpp
-- Up-to-date: D:/TelegramBot/vcpkg_installed/vcpkg/pkgs/boost-stacktrace_x64-windows/debug/include/boost/stacktrace/detail/frame_msvc.ipp
-- Up-to-date: D:/TelegramBot/vcpkg_installed/vcpkg/pkgs/boost-stacktrace_x64-windows/debug/include/boost/stacktrace/detail/frame_noop.ipp
-- Up-to-date: D:/TelegramBot/vcpkg_installed/vcpkg/pkgs/boost-stacktrace_x64-windows/debug/include/boost/stacktrace/detail/frame_unwind.ipp
-- Up-to-date: D:/TelegramBot/vcpkg_installed/vcpkg/pkgs/boost-stacktrace_x64-windows/debug/include/boost/stacktrace/detail/libbacktrace_impls.hpp
-- Up-to-date: D:/TelegramBot/vcpkg_installed/vcpkg/pkgs/boost-stacktrace_x64-windows/debug/include/boost/stacktrace/detail/location_from_symbol.hpp
-- Up-to-date: D:/TelegramBot/vcpkg_installed/vcpkg/pkgs/boost-stacktrace_x64-windows/debug/include/boost/stacktrace/detail/pop_options.h
-- Up-to-date: D:/TelegramBot/vcpkg_installed/vcpkg/pkgs/boost-stacktrace_x64-windows/debug/include/boost/stacktrace/detail/push_options.h
-- Up-to-date: D:/TelegramBot/vcpkg_installed/vcpkg/pkgs/boost-stacktrace_x64-windows/debug/include/boost/stacktrace/detail/safe_dump_noop.ipp
-- Up-to-date: D:/TelegramBot/vcpkg_installed/vcpkg/pkgs/boost-stacktrace_x64-windows/debug/include/boost/stacktrace/detail/safe_dump_posix.ipp
-- Up-to-date: D:/TelegramBot/vcpkg_installed/vcpkg/pkgs/boost-stacktrace_x64-windows/debug/include/boost/stacktrace/detail/safe_dump_win.ipp
-- Up-to-date: D:/TelegramBot/vcpkg_installed/vcpkg/pkgs/boost-stacktrace_x64-windows/debug/include/boost/stacktrace/detail/to_dec_array.hpp
-- Up-to-date: D:/TelegramBot/vcpkg_installed/vcpkg/pkgs/boost-stacktrace_x64-windows/debug/include/boost/stacktrace/detail/to_hex_array.hpp
-- Up-to-date: D:/TelegramBot/vcpkg_installed/vcpkg/pkgs/boost-stacktrace_x64-windows/debug/include/boost/stacktrace/detail/try_dec_convert.hpp
-- Up-to-date: D:/TelegramBot/vcpkg_installed/vcpkg/pkgs/boost-stacktrace_x64-windows/debug/include/boost/stacktrace/detail/unwind_base_impls.hpp
-- Up-to-date: D:/TelegramBot/vcpkg_installed/vcpkg/pkgs/boost-stacktrace_x64-windows/debug/include/boost/stacktrace/detail/void_ptr_cast.hpp
-- Up-to-date: D:/TelegramBot/vcpkg_installed/vcpkg/pkgs/boost-stacktrace_x64-windows/debug/include/boost/stacktrace/frame.hpp
-- Up-to-date: D:/TelegramBot/vcpkg_installed/vcpkg/pkgs/boost-stacktrace_x64-windows/debug/include/boost/stacktrace/safe_dump_to.hpp
-- Up-to-date: D:/TelegramBot/vcpkg_installed/vcpkg/pkgs/boost-stacktrace_x64-windows/debug/include/boost/stacktrace/stacktrace.hpp
-- Up-to-date: D:/TelegramBot/vcpkg_installed/vcpkg/pkgs/boost-stacktrace_x64-windows/debug/include/boost/stacktrace/stacktrace_fwd.hpp
-- Up-to-date: D:/TelegramBot/vcpkg_installed/vcpkg/pkgs/boost-stacktrace_x64-windows/debug/include/boost/stacktrace/this_thread.hpp
-- Up-to-date: D:/TelegramBot/vcpkg_installed/vcpkg/pkgs/boost-stacktrace_x64-windows/debug/include/boost/stacktrace.hpp
-- Installing: D:/TelegramBot/vcpkg_installed/vcpkg/pkgs/boost-stacktrace_x64-windows/debug/lib/cmake/boost_stacktrace-1.86.0/boost_stacktrace-targets.cmake
-- Installing: D:/TelegramBot/vcpkg_installed/vcpkg/pkgs/boost-stacktrace_x64-windows/debug/lib/cmake/boost_stacktrace-1.86.0/boost_stacktrace-config.cmake
-- Installing: D:/TelegramBot/vcpkg_installed/vcpkg/pkgs/boost-stacktrace_x64-windows/debug/lib/cmake/boost_stacktrace-1.86.0/boost_stacktrace-config-version.cmake

