Change Dir: 'D:/TelegramBot/vcpkg_installed/vcpkg/blds/boost-compat/x64-windows-rel'

Run Build Command(s): "C:/Program Files/Microsoft Visual Studio/2022/Community/Common7/IDE/CommonExtensions/Microsoft/CMake/Ninja/ninja.exe" -v -v -j9 install
[0/1] C:\WINDOWS\system32\cmd.exe /C "cd /D D:\TelegramBot\vcpkg_installed\vcpkg\blds\boost-compat\x64-windows-rel && D:\Software\cmake-4.2.1-windows-x86_64\bin\cmake.exe -P cmake_install.cmake"
-- Install configuration: "Release"
-- Installing: D:/TelegramBot/vcpkg_installed/vcpkg/pkgs/boost-compat_x64-windows/include
-- Installing: D:/TelegramBot/vcpkg_installed/vcpkg/pkgs/boost-compat_x64-windows/include/boost
-- Installing: D:/TelegramBot/vcpkg_installed/vcpkg/pkgs/boost-compat_x64-windows/include/boost/compat
-- Installing: D:/TelegramBot/vcpkg_installed/vcpkg/pkgs/boost-compat_x64-windows/include/boost/compat/bind_back.hpp
-- Installing: D:/TelegramBot/vcpkg_installed/vcpkg/pkgs/boost-compat_x64-windows/include/boost/compat/bind_front.hpp
-- Installing: D:/TelegramBot/vcpkg_installed/vcpkg/pkgs/boost-compat_x64-windows/include/boost/compat/detail
-- Installing: D:/TelegramBot/vcpkg_installed/vcpkg/pkgs/boost-compat_x64-windows/include/boost/compat/detail/returns.hpp
-- Installing: D:/TelegramBot/vcpkg_installed/vcpkg/pkgs/boost-compat_x64-windows/include/boost/compat/detail/throw_system_error.hpp
-- Installing: D:/TelegramBot/vcpkg_installed/vcpkg/pkgs/boost-compat_x64-windows/include/boost/compat/function_ref.hpp
-- Installing: D:/TelegramBot/vcpkg_installed/vcpkg/pkgs/boost-compat_x64-windows/include/boost/compat/integer_sequence.hpp
-- Installing: D:/TelegramBot/vcpkg_installed/vcpkg/pkgs/boost-compat_x64-windows/include/boost/compat/invoke.hpp
-- Installing: D:/TelegramBot/vcpkg_installed/vcpkg/pkgs/boost-compat_x64-windows/include/boost/compat/latch.hpp
-- Installing: D:/TelegramBot/vcpkg_installed/vcpkg/pkgs/boost-compat_x64-windows/include/boost/compat/mem_fn.hpp
-- Installing: D:/TelegramBot/vcpkg_installed/vcpkg/pkgs/boost-compat_x64-windows/include/boost/compat/shared_lock.hpp
-- Installing: D:/TelegramBot/vcpkg_installed/vcpkg/pkgs/boost-compat_x64-windows/include/boost/compat/type_traits.hpp
-- Installing: D:/TelegramBot/vcpkg_installed/vcpkg/pkgs/boost-compat_x64-windows/lib/cmake/boost_compat-1.86.0/boost_compat-targets.cmake
-- Installing: D:/TelegramBot/vcpkg_installed/vcpkg/pkgs/boost-compat_x64-windows/lib/cmake/boost_compat-1.86.0/boost_compat-config.cmake
-- Installing: D:/TelegramBot/vcpkg_installed/vcpkg/pkgs/boost-compat_x64-windows/lib/cmake/boost_compat-1.86.0/boost_compat-config-version.cmake

