Change Dir: 'D:/TelegramBot/vcpkg_installed/vcpkg/blds/boost-contract/x64-windows-rel'

Run Build Command(s): "C:/Program Files/Microsoft Visual Studio/2022/Community/Common7/IDE/CommonExtensions/Microsoft/CMake/Ninja/ninja.exe" -v -v -j9 install
[1/3] C:\PROGRA~1\MICROS~1\2022\COMMUN~1\VC\Tools\MSVC\1444~1.352\bin\Hostx64\x64\cl.exe   /TP -DBOOST_ATOMIC_DYN_LINK -DBOOST_ATOMIC_NO_LIB -DBOOST_CHRONO_DYN_LINK -DBOOST_CHRONO_NO_LIB -DBOOST_CONTAINER_DYN_LINK -DBOOST_CONTAINER_NO_LIB -DBOOST_CONTRACT_DYN_LINK -DBOOST_CONTRACT_NO_LIB -DBOOST_DATE_TIME_DYN_LINK -DBOOST_DATE_TIME_NO_LIB -DBOOST_THREAD_DYN_LINK -DBOOST_THREAD_NO_LIB -DBOOST_THREAD_USE_DLL -Dboost_contract_EXPORTS -ID:\TelegramBot\vcpkg_installed\vcpkg\blds\boost-contract\src\ost-1.86.0-8aa7295acf.clean\libs\contract\include -external:ID:\TelegramBot\vcpkg_installed\x64-windows\include -external:W0 /nologo /DWIN32 /D_WINDOWS /utf-8 /GR /EHsc /MP  /MD /O2 /Oi /Gy /DNDEBUG /Z7  -MD /showIncludes /Folibs\contract\CMakeFiles\boost_contract.dir\src\contract.cpp.obj /Fdlibs\contract\CMakeFiles\boost_contract.dir\ /FS -c D:\TelegramBot\vcpkg_installed\vcpkg\blds\boost-contract\src\ost-1.86.0-8aa7295acf.clean\libs\contract\src\contract.cpp
[2/3] C:\WINDOWS\system32\cmd.exe /C "cd . && D:\Software\cmake-4.2.1-windows-x86_64\bin\cmake.exe -E vs_link_dll --msvc-ver=1944 --intdir=libs\contract\CMakeFiles\boost_contract.dir --rc=C:\PROGRA~2\WI3CF2~1\10\bin\100261~1.0\x64\rc.exe --mt=C:\PROGRA~2\WI3CF2~1\10\bin\100261~1.0\x64\mt.exe --manifests  -- C:\PROGRA~1\MICROS~1\2022\COMMUN~1\VC\Tools\MSVC\1444~1.352\bin\Hostx64\x64\link.exe  libs\contract\CMakeFiles\boost_contract.dir\src\contract.cpp.obj  /out:stage\bin\boost_contract-vc143-mt-x64-1_86.dll /implib:stage\lib\boost_contract-vc143-mt-x64-1_86.lib /pdb:stage\bin\boost_contract-vc143-mt-x64-1_86.pdb /dll /version:1.86 /machine:x64 /nologo /DEBUG /INCREMENTAL:NO /OPT:REF /OPT:ICF  D:\TelegramBot\vcpkg_installed\x64-windows\lib\boost_thread-vc143-mt-x64-1_86.lib  D:\TelegramBot\vcpkg_installed\x64-windows\lib\boost_atomic-vc143-mt-x64-1_86.lib  synchronization.lib  D:\TelegramBot\vcpkg_installed\x64-windows\lib\boost_chrono-vc143-mt-x64-1_86.lib  D:\TelegramBot\vcpkg_installed\x64-windows\lib\boost_date_time-vc143-mt-x64-1_86.lib  D:\TelegramBot\vcpkg_installed\x64-windows\lib\boost_container-vc143-mt-x64-1_86.lib  D:\TelegramBot\vcpkg_installed\x64-windows\lib\boost_regex-vc143-mt-x64-1_86.lib  D:\TelegramBot\vcpkg_installed\x64-windows\lib\boost_system-vc143-mt-x64-1_86.lib  kernel32.lib user32.lib gdi32.lib winspool.lib shell32.lib ole32.lib oleaut32.lib uuid.lib comdlg32.lib advapi32.lib && cd ."
[2/3] C:\WINDOWS\system32\cmd.exe /C "cd /D D:\TelegramBot\vcpkg_installed\vcpkg\blds\boost-contract\x64-windows-rel && D:\Software\cmake-4.2.1-windows-x86_64\bin\cmake.exe -P cmake_install.cmake"
-- Install configuration: "Release"
-- Installing: D:/TelegramBot/vcpkg_installed/vcpkg/pkgs/boost-contract_x64-windows/include
-- Installing: D:/TelegramBot/vcpkg_installed/vcpkg/pkgs/boost-contract_x64-windows/include/boost
-- Installing: D:/TelegramBot/vcpkg_installed/vcpkg/pkgs/boost-contract_x64-windows/include/boost/contract
-- Installing: D:/TelegramBot/vcpkg_installed/vcpkg/pkgs/boost-contract_x64-windows/include/boost/contract/assert.hpp
-- Installing: D:/TelegramBot/vcpkg_installed/vcpkg/pkgs/boost-contract_x64-windows/include/boost/contract/base_types.hpp
-- Installing: D:/TelegramBot/vcpkg_installed/vcpkg/pkgs/boost-contract_x64-windows/include/boost/contract/call_if.hpp
-- Installing: D:/TelegramBot/vcpkg_installed/vcpkg/pkgs/boost-contract_x64-windows/include/boost/contract/check.hpp
-- Installing: D:/TelegramBot/vcpkg_installed/vcpkg/pkgs/boost-contract_x64-windows/include/boost/contract/constructor.hpp
-- Installing: D:/TelegramBot/vcpkg_installed/vcpkg/pkgs/boost-contract_x64-windows/include/boost/contract/core
-- Installing: D:/TelegramBot/vcpkg_installed/vcpkg/pkgs/boost-contract_x64-windows/include/boost/contract/core/access.hpp
-- Installing: D:/TelegramBot/vcpkg_installed/vcpkg/pkgs/boost-contract_x64-windows/include/boost/contract/core/check_macro.hpp
-- Installing: D:/TelegramBot/vcpkg_installed/vcpkg/pkgs/boost-contract_x64-windows/include/boost/contract/core/config.hpp
-- Installing: D:/TelegramBot/vcpkg_installed/vcpkg/pkgs/boost-contract_x64-windows/include/boost/contract/core/constructor_precondition.hpp
-- Installing: D:/TelegramBot/vcpkg_installed/vcpkg/pkgs/boost-contract_x64-windows/include/boost/contract/core/exception.hpp
-- Installing: D:/TelegramBot/vcpkg_installed/vcpkg/pkgs/boost-contract_x64-windows/include/boost/contract/core/specify.hpp
-- Installing: D:/TelegramBot/vcpkg_installed/vcpkg/pkgs/boost-contract_x64-windows/include/boost/contract/core/virtual.hpp
-- Installing: D:/TelegramBot/vcpkg_installed/vcpkg/pkgs/boost-contract_x64-windows/include/boost/contract/destructor.hpp
-- Installing: D:/TelegramBot/vcpkg_installed/vcpkg/pkgs/boost-contract_x64-windows/include/boost/contract/detail
-- Installing: D:/TelegramBot/vcpkg_installed/vcpkg/pkgs/boost-contract_x64-windows/include/boost/contract/detail/assert.hpp
-- Installing: D:/TelegramBot/vcpkg_installed/vcpkg/pkgs/boost-contract_x64-windows/include/boost/contract/detail/auto_ptr.hpp
-- Installing: D:/TelegramBot/vcpkg_installed/vcpkg/pkgs/boost-contract_x64-windows/include/boost/contract/detail/check.hpp
-- Installing: D:/TelegramBot/vcpkg_installed/vcpkg/pkgs/boost-contract_x64-windows/include/boost/contract/detail/checking.hpp
-- Installing: D:/TelegramBot/vcpkg_installed/vcpkg/pkgs/boost-contract_x64-windows/include/boost/contract/detail/condition
-- Installing: D:/TelegramBot/vcpkg_installed/vcpkg/pkgs/boost-contract_x64-windows/include/boost/contract/detail/condition/cond_base.hpp
-- Installing: D:/TelegramBot/vcpkg_installed/vcpkg/pkgs/boost-contract_x64-windows/include/boost/contract/detail/condition/cond_inv.hpp
-- Installing: D:/TelegramBot/vcpkg_installed/vcpkg/pkgs/boost-contract_x64-windows/include/boost/contract/detail/condition/cond_post.hpp
-- Installing: D:/TelegramBot/vcpkg_installed/vcpkg/pkgs/boost-contract_x64-windows/include/boost/contract/detail/condition/cond_subcontracting.hpp
-- Installing: D:/TelegramBot/vcpkg_installed/vcpkg/pkgs/boost-contract_x64-windows/include/boost/contract/detail/config.hpp
-- Installing: D:/TelegramBot/vcpkg_installed/vcpkg/pkgs/boost-contract_x64-windows/include/boost/contract/detail/debug.hpp
-- Installing: D:/TelegramBot/vcpkg_installed/vcpkg/pkgs/boost-contract_x64-windows/include/boost/contract/detail/decl.hpp
-- Installing: D:/TelegramBot/vcpkg_installed/vcpkg/pkgs/boost-contract_x64-windows/include/boost/contract/detail/declspec.hpp
-- Installing: D:/TelegramBot/vcpkg_installed/vcpkg/pkgs/boost-contract_x64-windows/include/boost/contract/detail/exception.hpp
-- Installing: D:/TelegramBot/vcpkg_installed/vcpkg/pkgs/boost-contract_x64-windows/include/boost/contract/detail/inlined
-- Installing: D:/TelegramBot/vcpkg_installed/vcpkg/pkgs/boost-contract_x64-windows/include/boost/contract/detail/inlined/core
-- Installing: D:/TelegramBot/vcpkg_installed/vcpkg/pkgs/boost-contract_x64-windows/include/boost/contract/detail/inlined/core/exception.hpp
-- Installing: D:/TelegramBot/vcpkg_installed/vcpkg/pkgs/boost-contract_x64-windows/include/boost/contract/detail/inlined/detail
-- Installing: D:/TelegramBot/vcpkg_installed/vcpkg/pkgs/boost-contract_x64-windows/include/boost/contract/detail/inlined/detail/checking.hpp
-- Installing: D:/TelegramBot/vcpkg_installed/vcpkg/pkgs/boost-contract_x64-windows/include/boost/contract/detail/inlined/old.hpp
-- Installing: D:/TelegramBot/vcpkg_installed/vcpkg/pkgs/boost-contract_x64-windows/include/boost/contract/detail/inlined.hpp
-- Installing: D:/TelegramBot/vcpkg_installed/vcpkg/pkgs/boost-contract_x64-windows/include/boost/contract/detail/name.hpp
-- Installing: D:/TelegramBot/vcpkg_installed/vcpkg/pkgs/boost-contract_x64-windows/include/boost/contract/detail/none.hpp
-- Installing: D:/TelegramBot/vcpkg_installed/vcpkg/pkgs/boost-contract_x64-windows/include/boost/contract/detail/noop.hpp
-- Installing: D:/TelegramBot/vcpkg_installed/vcpkg/pkgs/boost-contract_x64-windows/include/boost/contract/detail/operation
-- Installing: D:/TelegramBot/vcpkg_installed/vcpkg/pkgs/boost-contract_x64-windows/include/boost/contract/detail/operation/constructor.hpp
-- Installing: D:/TelegramBot/vcpkg_installed/vcpkg/pkgs/boost-contract_x64-windows/include/boost/contract/detail/operation/destructor.hpp
-- Installing: D:/TelegramBot/vcpkg_installed/vcpkg/pkgs/boost-contract_x64-windows/include/boost/contract/detail/operation/function.hpp
-- Installing: D:/TelegramBot/vcpkg_installed/vcpkg/pkgs/boost-contract_x64-windows/include/boost/contract/detail/operation/public_function.hpp
-- Installing: D:/TelegramBot/vcpkg_installed/vcpkg/pkgs/boost-contract_x64-windows/include/boost/contract/detail/operation/static_public_function.hpp
-- Installing: D:/TelegramBot/vcpkg_installed/vcpkg/pkgs/boost-contract_x64-windows/include/boost/contract/detail/operator_safe_bool.hpp
-- Installing: D:/TelegramBot/vcpkg_installed/vcpkg/pkgs/boost-contract_x64-windows/include/boost/contract/detail/preprocessor
-- Installing: D:/TelegramBot/vcpkg_installed/vcpkg/pkgs/boost-contract_x64-windows/include/boost/contract/detail/preprocessor/keyword
-- Installing: D:/TelegramBot/vcpkg_installed/vcpkg/pkgs/boost-contract_x64-windows/include/boost/contract/detail/preprocessor/keyword/private.hpp
-- Installing: D:/TelegramBot/vcpkg_installed/vcpkg/pkgs/boost-contract_x64-windows/include/boost/contract/detail/preprocessor/keyword/protected.hpp
-- Installing: D:/TelegramBot/vcpkg_installed/vcpkg/pkgs/boost-contract_x64-windows/include/boost/contract/detail/preprocessor/keyword/public.hpp
-- Installing: D:/TelegramBot/vcpkg_installed/vcpkg/pkgs/boost-contract_x64-windows/include/boost/contract/detail/preprocessor/keyword/utility
-- Installing: D:/TelegramBot/vcpkg_installed/vcpkg/pkgs/boost-contract_x64-windows/include/boost/contract/detail/preprocessor/keyword/utility/is.hpp
-- Installing: D:/TelegramBot/vcpkg_installed/vcpkg/pkgs/boost-contract_x64-windows/include/boost/contract/detail/preprocessor/keyword/virtual.hpp
-- Installing: D:/TelegramBot/vcpkg_installed/vcpkg/pkgs/boost-contract_x64-windows/include/boost/contract/detail/static_local_var.hpp
-- Installing: D:/TelegramBot/vcpkg_installed/vcpkg/pkgs/boost-contract_x64-windows/include/boost/contract/detail/tvariadic.hpp
-- Installing: D:/TelegramBot/vcpkg_installed/vcpkg/pkgs/boost-contract_x64-windows/include/boost/contract/detail/type_traits
-- Installing: D:/TelegramBot/vcpkg_installed/vcpkg/pkgs/boost-contract_x64-windows/include/boost/contract/detail/type_traits/member_function_types.hpp
-- Installing: D:/TelegramBot/vcpkg_installed/vcpkg/pkgs/boost-contract_x64-windows/include/boost/contract/detail/type_traits/mirror.hpp
-- Installing: D:/TelegramBot/vcpkg_installed/vcpkg/pkgs/boost-contract_x64-windows/include/boost/contract/detail/type_traits/optional.hpp
-- Installing: D:/TelegramBot/vcpkg_installed/vcpkg/pkgs/boost-contract_x64-windows/include/boost/contract/function.hpp
-- Installing: D:/TelegramBot/vcpkg_installed/vcpkg/pkgs/boost-contract_x64-windows/include/boost/contract/old.hpp
-- Installing: D:/TelegramBot/vcpkg_installed/vcpkg/pkgs/boost-contract_x64-windows/include/boost/contract/override.hpp
-- Installing: D:/TelegramBot/vcpkg_installed/vcpkg/pkgs/boost-contract_x64-windows/include/boost/contract/public_function.hpp
-- Installing: D:/TelegramBot/vcpkg_installed/vcpkg/pkgs/boost-contract_x64-windows/include/boost/contract.hpp
-- Installing: D:/TelegramBot/vcpkg_installed/vcpkg/pkgs/boost-contract_x64-windows/include/boost/contract_macro.hpp
-- Installing: D:/TelegramBot/vcpkg_installed/vcpkg/pkgs/boost-contract_x64-windows/lib/boost_contract-vc143-mt-x64-1_86.lib
-- Installing: D:/TelegramBot/vcpkg_installed/vcpkg/pkgs/boost-contract_x64-windows/bin/boost_contract-vc143-mt-x64-1_86.dll
-- Installing: D:/TelegramBot/vcpkg_installed/vcpkg/pkgs/boost-contract_x64-windows/bin/boost_contract-vc143-mt-x64-1_86.pdb
-- Installing: D:/TelegramBot/vcpkg_installed/vcpkg/pkgs/boost-contract_x64-windows/lib/cmake/boost_contract-1.86.0/boost_contract-targets.cmake
-- Installing: D:/TelegramBot/vcpkg_installed/vcpkg/pkgs/boost-contract_x64-windows/lib/cmake/boost_contract-1.86.0/boost_contract-targets-release.cmake
-- Installing: D:/TelegramBot/vcpkg_installed/vcpkg/pkgs/boost-contract_x64-windows/lib/cmake/boost_contract-1.86.0/boost_contract-config.cmake
-- Installing: D:/TelegramBot/vcpkg_installed/vcpkg/pkgs/boost-contract_x64-windows/lib/cmake/boost_contract-1.86.0/boost_contract-config-version.cmake

