Change Dir: 'D:/TelegramBot/vcpkg_installed/vcpkg/blds/boost-pool/x64-windows-rel'

Run Build Command(s): "C:/Program Files/Microsoft Visual Studio/2022/Community/Common7/IDE/CommonExtensions/Microsoft/CMake/Ninja/ninja.exe" -v -v -j9 install
[0/1] C:\WINDOWS\system32\cmd.exe /C "cd /D D:\TelegramBot\vcpkg_installed\vcpkg\blds\boost-pool\x64-windows-rel && D:\Software\cmake-4.2.1-windows-x86_64\bin\cmake.exe -P cmake_install.cmake"
-- Install configuration: "Release"
-- Installing: D:/TelegramBot/vcpkg_installed/vcpkg/pkgs/boost-pool_x64-windows/include
-- Installing: D:/TelegramBot/vcpkg_installed/vcpkg/pkgs/boost-pool_x64-windows/include/boost
-- Installing: D:/TelegramBot/vcpkg_installed/vcpkg/pkgs/boost-pool_x64-windows/include/boost/pool
-- Installing: D:/TelegramBot/vcpkg_installed/vcpkg/pkgs/boost-pool_x64-windows/include/boost/pool/detail
-- Installing: D:/TelegramBot/vcpkg_installed/vcpkg/pkgs/boost-pool_x64-windows/include/boost/pool/detail/for.m4
-- Installing: D:/TelegramBot/vcpkg_installed/vcpkg/pkgs/boost-pool_x64-windows/include/boost/pool/detail/guard.hpp
-- Installing: D:/TelegramBot/vcpkg_installed/vcpkg/pkgs/boost-pool_x64-windows/include/boost/pool/detail/mutex.hpp
-- Installing: D:/TelegramBot/vcpkg_installed/vcpkg/pkgs/boost-pool_x64-windows/include/boost/pool/detail/pool_construct.bat
-- Installing: D:/TelegramBot/vcpkg_installed/vcpkg/pkgs/boost-pool_x64-windows/include/boost/pool/detail/pool_construct.ipp
-- Installing: D:/TelegramBot/vcpkg_installed/vcpkg/pkgs/boost-pool_x64-windows/include/boost/pool/detail/pool_construct.m4
-- Installing: D:/TelegramBot/vcpkg_installed/vcpkg/pkgs/boost-pool_x64-windows/include/boost/pool/detail/pool_construct.sh
-- Installing: D:/TelegramBot/vcpkg_installed/vcpkg/pkgs/boost-pool_x64-windows/include/boost/pool/detail/pool_construct_simple.bat
-- Installing: D:/TelegramBot/vcpkg_installed/vcpkg/pkgs/boost-pool_x64-windows/include/boost/pool/detail/pool_construct_simple.ipp
-- Installing: D:/TelegramBot/vcpkg_installed/vcpkg/pkgs/boost-pool_x64-windows/include/boost/pool/detail/pool_construct_simple.m4
-- Installing: D:/TelegramBot/vcpkg_installed/vcpkg/pkgs/boost-pool_x64-windows/include/boost/pool/detail/pool_construct_simple.sh
-- Installing: D:/TelegramBot/vcpkg_installed/vcpkg/pkgs/boost-pool_x64-windows/include/boost/pool/object_pool.hpp
-- Installing: D:/TelegramBot/vcpkg_installed/vcpkg/pkgs/boost-pool_x64-windows/include/boost/pool/pool.hpp
-- Installing: D:/TelegramBot/vcpkg_installed/vcpkg/pkgs/boost-pool_x64-windows/include/boost/pool/poolfwd.hpp
-- Installing: D:/TelegramBot/vcpkg_installed/vcpkg/pkgs/boost-pool_x64-windows/include/boost/pool/pool_alloc.hpp
-- Installing: D:/TelegramBot/vcpkg_installed/vcpkg/pkgs/boost-pool_x64-windows/include/boost/pool/simple_segregated_storage.hpp
-- Installing: D:/TelegramBot/vcpkg_installed/vcpkg/pkgs/boost-pool_x64-windows/include/boost/pool/singleton_pool.hpp
-- Installing: D:/TelegramBot/vcpkg_installed/vcpkg/pkgs/boost-pool_x64-windows/lib/cmake/boost_pool-1.86.0/boost_pool-targets.cmake
-- Installing: D:/TelegramBot/vcpkg_installed/vcpkg/pkgs/boost-pool_x64-windows/lib/cmake/boost_pool-1.86.0/boost_pool-config.cmake
-- Installing: D:/TelegramBot/vcpkg_installed/vcpkg/pkgs/boost-pool_x64-windows/lib/cmake/boost_pool-1.86.0/boost_pool-config-version.cmake

