Change Dir: 'D:/TelegramBot/vcpkg_installed/vcpkg/blds/boost-phoenix/x64-windows-rel'

Run Build Command(s): "C:/Program Files/Microsoft Visual Studio/2022/Community/Common7/IDE/CommonExtensions/Microsoft/CMake/Ninja/ninja.exe" -v -v -j9 install
[0/1] C:\WINDOWS\system32\cmd.exe /C "cd /D D:\TelegramBot\vcpkg_installed\vcpkg\blds\boost-phoenix\x64-windows-rel && D:\Software\cmake-4.2.1-windows-x86_64\bin\cmake.exe -P cmake_install.cmake"
-- Install configuration: "Release"
-- Installing: D:/TelegramBot/vcpkg_installed/vcpkg/pkgs/boost-phoenix_x64-windows/include
-- Installing: D:/TelegramBot/vcpkg_installed/vcpkg/pkgs/boost-phoenix_x64-windows/include/boost
-- Installing: D:/TelegramBot/vcpkg_installed/vcpkg/pkgs/boost-phoenix_x64-windows/include/boost/phoenix
-- Installing: D:/TelegramBot/vcpkg_installed/vcpkg/pkgs/boost-phoenix_x64-windows/include/boost/phoenix/bind
-- Installing: D:/TelegramBot/vcpkg_installed/vcpkg/pkgs/boost-phoenix_x64-windows/include/boost/phoenix/bind/bind_function.hpp
-- Installing: D:/TelegramBot/vcpkg_installed/vcpkg/pkgs/boost-phoenix_x64-windows/include/boost/phoenix/bind/bind_function_object.hpp
-- Installing: D:/TelegramBot/vcpkg_installed/vcpkg/pkgs/boost-phoenix_x64-windows/include/boost/phoenix/bind/bind_member_function.hpp
-- Installing: D:/TelegramBot/vcpkg_installed/vcpkg/pkgs/boost-phoenix_x64-windows/include/boost/phoenix/bind/bind_member_variable.hpp
-- Installing: D:/TelegramBot/vcpkg_installed/vcpkg/pkgs/boost-phoenix_x64-windows/include/boost/phoenix/bind/detail
-- Installing: D:/TelegramBot/vcpkg_installed/vcpkg/pkgs/boost-phoenix_x64-windows/include/boost/phoenix/bind/detail/cpp03
-- Installing: D:/TelegramBot/vcpkg_installed/vcpkg/pkgs/boost-phoenix_x64-windows/include/boost/phoenix/bind/detail/cpp03/bind_function.hpp
-- Installing: D:/TelegramBot/vcpkg_installed/vcpkg/pkgs/boost-phoenix_x64-windows/include/boost/phoenix/bind/detail/cpp03/bind_function_object.hpp
-- Installing: D:/TelegramBot/vcpkg_installed/vcpkg/pkgs/boost-phoenix_x64-windows/include/boost/phoenix/bind/detail/cpp03/bind_member_function.hpp
-- Installing: D:/TelegramBot/vcpkg_installed/vcpkg/pkgs/boost-phoenix_x64-windows/include/boost/phoenix/bind/detail/cpp03/function_ptr.hpp
-- Installing: D:/TelegramBot/vcpkg_installed/vcpkg/pkgs/boost-phoenix_x64-windows/include/boost/phoenix/bind/detail/cpp03/member_function_ptr.hpp
-- Installing: D:/TelegramBot/vcpkg_installed/vcpkg/pkgs/boost-phoenix_x64-windows/include/boost/phoenix/bind/detail/cpp03/preprocessed
-- Installing: D:/TelegramBot/vcpkg_installed/vcpkg/pkgs/boost-phoenix_x64-windows/include/boost/phoenix/bind/detail/cpp03/preprocessed/bind_function.hpp
-- Installing: D:/TelegramBot/vcpkg_installed/vcpkg/pkgs/boost-phoenix_x64-windows/include/boost/phoenix/bind/detail/cpp03/preprocessed/bind_function_10.hpp
-- Installing: D:/TelegramBot/vcpkg_installed/vcpkg/pkgs/boost-phoenix_x64-windows/include/boost/phoenix/bind/detail/cpp03/preprocessed/bind_function_20.hpp
-- Installing: D:/TelegramBot/vcpkg_installed/vcpkg/pkgs/boost-phoenix_x64-windows/include/boost/phoenix/bind/detail/cpp03/preprocessed/bind_function_30.hpp
-- Installing: D:/TelegramBot/vcpkg_installed/vcpkg/pkgs/boost-phoenix_x64-windows/include/boost/phoenix/bind/detail/cpp03/preprocessed/bind_function_40.hpp
-- Installing: D:/TelegramBot/vcpkg_installed/vcpkg/pkgs/boost-phoenix_x64-windows/include/boost/phoenix/bind/detail/cpp03/preprocessed/bind_function_50.hpp
-- Installing: D:/TelegramBot/vcpkg_installed/vcpkg/pkgs/boost-phoenix_x64-windows/include/boost/phoenix/bind/detail/cpp03/preprocessed/bind_function_object.hpp
-- Installing: D:/TelegramBot/vcpkg_installed/vcpkg/pkgs/boost-phoenix_x64-windows/include/boost/phoenix/bind/detail/cpp03/preprocessed/bind_function_object_10.hpp
-- Installing: D:/TelegramBot/vcpkg_installed/vcpkg/pkgs/boost-phoenix_x64-windows/include/boost/phoenix/bind/detail/cpp03/preprocessed/bind_function_object_20.hpp
-- Installing: D:/TelegramBot/vcpkg_installed/vcpkg/pkgs/boost-phoenix_x64-windows/include/boost/phoenix/bind/detail/cpp03/preprocessed/bind_function_object_30.hpp
-- Installing: D:/TelegramBot/vcpkg_installed/vcpkg/pkgs/boost-phoenix_x64-windows/include/boost/phoenix/bind/detail/cpp03/preprocessed/bind_function_object_40.hpp
-- Installing: D:/TelegramBot/vcpkg_installed/vcpkg/pkgs/boost-phoenix_x64-windows/include/boost/phoenix/bind/detail/cpp03/preprocessed/bind_function_object_50.hpp
-- Installing: D:/TelegramBot/vcpkg_installed/vcpkg/pkgs/boost-phoenix_x64-windows/include/boost/phoenix/bind/detail/cpp03/preprocessed/bind_member_function.hpp
-- Installing: D:/TelegramBot/vcpkg_installed/vcpkg/pkgs/boost-phoenix_x64-windows/include/boost/phoenix/bind/detail/cpp03/preprocessed/bind_member_function_10.hpp
-- Installing: D:/TelegramBot/vcpkg_installed/vcpkg/pkgs/boost-phoenix_x64-windows/include/boost/phoenix/bind/detail/cpp03/preprocessed/bind_member_function_20.hpp
-- Installing: D:/TelegramBot/vcpkg_installed/vcpkg/pkgs/boost-phoenix_x64-windows/include/boost/phoenix/bind/detail/cpp03/preprocessed/bind_member_function_30.hpp
-- Installing: D:/TelegramBot/vcpkg_installed/vcpkg/pkgs/boost-phoenix_x64-windows/include/boost/phoenix/bind/detail/cpp03/preprocessed/bind_member_function_40.hpp
-- Installing: D:/TelegramBot/vcpkg_installed/vcpkg/pkgs/boost-phoenix_x64-windows/include/boost/phoenix/bind/detail/cpp03/preprocessed/bind_member_function_50.hpp
-- Installing: D:/TelegramBot/vcpkg_installed/vcpkg/pkgs/boost-phoenix_x64-windows/include/boost/phoenix/bind/detail/cpp03/preprocessed/function_ptr.hpp
-- Installing: D:/TelegramBot/vcpkg_installed/vcpkg/pkgs/boost-phoenix_x64-windows/include/boost/phoenix/bind/detail/cpp03/preprocessed/function_ptr_10.hpp
-- Installing: D:/TelegramBot/vcpkg_installed/vcpkg/pkgs/boost-phoenix_x64-windows/include/boost/phoenix/bind/detail/cpp03/preprocessed/function_ptr_20.hpp
-- Installing: D:/TelegramBot/vcpkg_installed/vcpkg/pkgs/boost-phoenix_x64-windows/include/boost/phoenix/bind/detail/cpp03/preprocessed/function_ptr_30.hpp
-- Installing: D:/TelegramBot/vcpkg_installed/vcpkg/pkgs/boost-phoenix_x64-windows/include/boost/phoenix/bind/detail/cpp03/preprocessed/function_ptr_40.hpp
-- Installing: D:/TelegramBot/vcpkg_installed/vcpkg/pkgs/boost-phoenix_x64-windows/include/boost/phoenix/bind/detail/cpp03/preprocessed/function_ptr_50.hpp
-- Installing: D:/TelegramBot/vcpkg_installed/vcpkg/pkgs/boost-phoenix_x64-windows/include/boost/phoenix/bind/detail/cpp03/preprocessed/member_function_ptr.hpp
-- Installing: D:/TelegramBot/vcpkg_installed/vcpkg/pkgs/boost-phoenix_x64-windows/include/boost/phoenix/bind/detail/cpp03/preprocessed/member_function_ptr_10.hpp
-- Installing: D:/TelegramBot/vcpkg_installed/vcpkg/pkgs/boost-phoenix_x64-windows/include/boost/phoenix/bind/detail/cpp03/preprocessed/member_function_ptr_20.hpp
-- Installing: D:/TelegramBot/vcpkg_installed/vcpkg/pkgs/boost-phoenix_x64-windows/include/boost/phoenix/bind/detail/cpp03/preprocessed/member_function_ptr_30.hpp
-- Installing: D:/TelegramBot/vcpkg_installed/vcpkg/pkgs/boost-phoenix_x64-windows/include/boost/phoenix/bind/detail/cpp03/preprocessed/member_function_ptr_40.hpp
-- Installing: D:/TelegramBot/vcpkg_installed/vcpkg/pkgs/boost-phoenix_x64-windows/include/boost/phoenix/bind/detail/cpp03/preprocessed/member_function_ptr_50.hpp
-- Installing: D:/TelegramBot/vcpkg_installed/vcpkg/pkgs/boost-phoenix_x64-windows/include/boost/phoenix/bind/detail/member_variable.hpp
-- Installing: D:/TelegramBot/vcpkg_installed/vcpkg/pkgs/boost-phoenix_x64-windows/include/boost/phoenix/bind.hpp
-- Installing: D:/TelegramBot/vcpkg_installed/vcpkg/pkgs/boost-phoenix_x64-windows/include/boost/phoenix/config.hpp
-- Installing: D:/TelegramBot/vcpkg_installed/vcpkg/pkgs/boost-phoenix_x64-windows/include/boost/phoenix/core
-- Installing: D:/TelegramBot/vcpkg_installed/vcpkg/pkgs/boost-phoenix_x64-windows/include/boost/phoenix/core/actor.hpp
-- Installing: D:/TelegramBot/vcpkg_installed/vcpkg/pkgs/boost-phoenix_x64-windows/include/boost/phoenix/core/argument.hpp
-- Installing: D:/TelegramBot/vcpkg_installed/vcpkg/pkgs/boost-phoenix_x64-windows/include/boost/phoenix/core/arity.hpp
-- Installing: D:/TelegramBot/vcpkg_installed/vcpkg/pkgs/boost-phoenix_x64-windows/include/boost/phoenix/core/as_actor.hpp
-- Installing: D:/TelegramBot/vcpkg_installed/vcpkg/pkgs/boost-phoenix_x64-windows/include/boost/phoenix/core/call.hpp
-- Installing: D:/TelegramBot/vcpkg_installed/vcpkg/pkgs/boost-phoenix_x64-windows/include/boost/phoenix/core/debug.hpp
-- Installing: D:/TelegramBot/vcpkg_installed/vcpkg/pkgs/boost-phoenix_x64-windows/include/boost/phoenix/core/detail
-- Installing: D:/TelegramBot/vcpkg_installed/vcpkg/pkgs/boost-phoenix_x64-windows/include/boost/phoenix/core/detail/argument.hpp
-- Installing: D:/TelegramBot/vcpkg_installed/vcpkg/pkgs/boost-phoenix_x64-windows/include/boost/phoenix/core/detail/cpp03
-- Installing: D:/TelegramBot/vcpkg_installed/vcpkg/pkgs/boost-phoenix_x64-windows/include/boost/phoenix/core/detail/cpp03/actor_operator.hpp
-- Installing: D:/TelegramBot/vcpkg_installed/vcpkg/pkgs/boost-phoenix_x64-windows/include/boost/phoenix/core/detail/cpp03/actor_result_of.hpp
-- Installing: D:/TelegramBot/vcpkg_installed/vcpkg/pkgs/boost-phoenix_x64-windows/include/boost/phoenix/core/detail/cpp03/call.hpp
-- Installing: D:/TelegramBot/vcpkg_installed/vcpkg/pkgs/boost-phoenix_x64-windows/include/boost/phoenix/core/detail/cpp03/expression.hpp
-- Installing: D:/TelegramBot/vcpkg_installed/vcpkg/pkgs/boost-phoenix_x64-windows/include/boost/phoenix/core/detail/cpp03/function_eval.hpp
-- Installing: D:/TelegramBot/vcpkg_installed/vcpkg/pkgs/boost-phoenix_x64-windows/include/boost/phoenix/core/detail/cpp03/function_eval_expr.hpp
-- Installing: D:/TelegramBot/vcpkg_installed/vcpkg/pkgs/boost-phoenix_x64-windows/include/boost/phoenix/core/detail/cpp03/preprocessed
-- Installing: D:/TelegramBot/vcpkg_installed/vcpkg/pkgs/boost-phoenix_x64-windows/include/boost/phoenix/core/detail/cpp03/preprocessed/actor_operator.hpp
-- Installing: D:/TelegramBot/vcpkg_installed/vcpkg/pkgs/boost-phoenix_x64-windows/include/boost/phoenix/core/detail/cpp03/preprocessed/actor_operator_10.hpp
-- Installing: D:/TelegramBot/vcpkg_installed/vcpkg/pkgs/boost-phoenix_x64-windows/include/boost/phoenix/core/detail/cpp03/preprocessed/actor_operator_20.hpp
-- Installing: D:/TelegramBot/vcpkg_installed/vcpkg/pkgs/boost-phoenix_x64-windows/include/boost/phoenix/core/detail/cpp03/preprocessed/actor_operator_30.hpp
-- Installing: D:/TelegramBot/vcpkg_installed/vcpkg/pkgs/boost-phoenix_x64-windows/include/boost/phoenix/core/detail/cpp03/preprocessed/actor_operator_40.hpp
-- Installing: D:/TelegramBot/vcpkg_installed/vcpkg/pkgs/boost-phoenix_x64-windows/include/boost/phoenix/core/detail/cpp03/preprocessed/actor_operator_50.hpp
-- Installing: D:/TelegramBot/vcpkg_installed/vcpkg/pkgs/boost-phoenix_x64-windows/include/boost/phoenix/core/detail/cpp03/preprocessed/actor_result_of.hpp
-- Installing: D:/TelegramBot/vcpkg_installed/vcpkg/pkgs/boost-phoenix_x64-windows/include/boost/phoenix/core/detail/cpp03/preprocessed/actor_result_of_10.hpp
-- Installing: D:/TelegramBot/vcpkg_installed/vcpkg/pkgs/boost-phoenix_x64-windows/include/boost/phoenix/core/detail/cpp03/preprocessed/actor_result_of_20.hpp
-- Installing: D:/TelegramBot/vcpkg_installed/vcpkg/pkgs/boost-phoenix_x64-windows/include/boost/phoenix/core/detail/cpp03/preprocessed/actor_result_of_30.hpp
-- Installing: D:/TelegramBot/vcpkg_installed/vcpkg/pkgs/boost-phoenix_x64-windows/include/boost/phoenix/core/detail/cpp03/preprocessed/actor_result_of_40.hpp
-- Installing: D:/TelegramBot/vcpkg_installed/vcpkg/pkgs/boost-phoenix_x64-windows/include/boost/phoenix/core/detail/cpp03/preprocessed/actor_result_of_50.hpp
-- Installing: D:/TelegramBot/vcpkg_installed/vcpkg/pkgs/boost-phoenix_x64-windows/include/boost/phoenix/core/detail/cpp03/preprocessed/argument.hpp
-- Installing: D:/TelegramBot/vcpkg_installed/vcpkg/pkgs/boost-phoenix_x64-windows/include/boost/phoenix/core/detail/cpp03/preprocessed/argument_no_predefined_10.hpp
-- Installing: D:/TelegramBot/vcpkg_installed/vcpkg/pkgs/boost-phoenix_x64-windows/include/boost/phoenix/core/detail/cpp03/preprocessed/argument_no_predefined_20.hpp
-- Installing: D:/TelegramBot/vcpkg_installed/vcpkg/pkgs/boost-phoenix_x64-windows/include/boost/phoenix/core/detail/cpp03/preprocessed/argument_no_predefined_30.hpp
-- Installing: D:/TelegramBot/vcpkg_installed/vcpkg/pkgs/boost-phoenix_x64-windows/include/boost/phoenix/core/detail/cpp03/preprocessed/argument_no_predefined_40.hpp
-- Installing: D:/TelegramBot/vcpkg_installed/vcpkg/pkgs/boost-phoenix_x64-windows/include/boost/phoenix/core/detail/cpp03/preprocessed/argument_no_predefined_50.hpp
-- Installing: D:/TelegramBot/vcpkg_installed/vcpkg/pkgs/boost-phoenix_x64-windows/include/boost/phoenix/core/detail/cpp03/preprocessed/argument_predefined_10.hpp
-- Installing: D:/TelegramBot/vcpkg_installed/vcpkg/pkgs/boost-phoenix_x64-windows/include/boost/phoenix/core/detail/cpp03/preprocessed/argument_predefined_20.hpp
-- Installing: D:/TelegramBot/vcpkg_installed/vcpkg/pkgs/boost-phoenix_x64-windows/include/boost/phoenix/core/detail/cpp03/preprocessed/argument_predefined_30.hpp
-- Installing: D:/TelegramBot/vcpkg_installed/vcpkg/pkgs/boost-phoenix_x64-windows/include/boost/phoenix/core/detail/cpp03/preprocessed/argument_predefined_40.hpp
-- Installing: D:/TelegramBot/vcpkg_installed/vcpkg/pkgs/boost-phoenix_x64-windows/include/boost/phoenix/core/detail/cpp03/preprocessed/argument_predefined_50.hpp
-- Installing: D:/TelegramBot/vcpkg_installed/vcpkg/pkgs/boost-phoenix_x64-windows/include/boost/phoenix/core/detail/cpp03/preprocessed/call.hpp
-- Installing: D:/TelegramBot/vcpkg_installed/vcpkg/pkgs/boost-phoenix_x64-windows/include/boost/phoenix/core/detail/cpp03/preprocessed/call_10.hpp
-- Installing: D:/TelegramBot/vcpkg_installed/vcpkg/pkgs/boost-phoenix_x64-windows/include/boost/phoenix/core/detail/cpp03/preprocessed/call_20.hpp
-- Installing: D:/TelegramBot/vcpkg_installed/vcpkg/pkgs/boost-phoenix_x64-windows/include/boost/phoenix/core/detail/cpp03/preprocessed/call_30.hpp
-- Installing: D:/TelegramBot/vcpkg_installed/vcpkg/pkgs/boost-phoenix_x64-windows/include/boost/phoenix/core/detail/cpp03/preprocessed/call_40.hpp
-- Installing: D:/TelegramBot/vcpkg_installed/vcpkg/pkgs/boost-phoenix_x64-windows/include/boost/phoenix/core/detail/cpp03/preprocessed/call_50.hpp
-- Installing: D:/TelegramBot/vcpkg_installed/vcpkg/pkgs/boost-phoenix_x64-windows/include/boost/phoenix/core/detail/cpp03/preprocessed/expression.hpp
-- Installing: D:/TelegramBot/vcpkg_installed/vcpkg/pkgs/boost-phoenix_x64-windows/include/boost/phoenix/core/detail/cpp03/preprocessed/expression_10.hpp
-- Installing: D:/TelegramBot/vcpkg_installed/vcpkg/pkgs/boost-phoenix_x64-windows/include/boost/phoenix/core/detail/cpp03/preprocessed/expression_20.hpp
-- Installing: D:/TelegramBot/vcpkg_installed/vcpkg/pkgs/boost-phoenix_x64-windows/include/boost/phoenix/core/detail/cpp03/preprocessed/expression_30.hpp
-- Installing: D:/TelegramBot/vcpkg_installed/vcpkg/pkgs/boost-phoenix_x64-windows/include/boost/phoenix/core/detail/cpp03/preprocessed/expression_40.hpp
-- Installing: D:/TelegramBot/vcpkg_installed/vcpkg/pkgs/boost-phoenix_x64-windows/include/boost/phoenix/core/detail/cpp03/preprocessed/expression_50.hpp
-- Installing: D:/TelegramBot/vcpkg_installed/vcpkg/pkgs/boost-phoenix_x64-windows/include/boost/phoenix/core/detail/cpp03/preprocessed/function_eval.hpp
-- Installing: D:/TelegramBot/vcpkg_installed/vcpkg/pkgs/boost-phoenix_x64-windows/include/boost/phoenix/core/detail/cpp03/preprocessed/function_eval_10.hpp
-- Installing: D:/TelegramBot/vcpkg_installed/vcpkg/pkgs/boost-phoenix_x64-windows/include/boost/phoenix/core/detail/cpp03/preprocessed/function_eval_20.hpp
-- Installing: D:/TelegramBot/vcpkg_installed/vcpkg/pkgs/boost-phoenix_x64-windows/include/boost/phoenix/core/detail/cpp03/preprocessed/function_eval_30.hpp
-- Installing: D:/TelegramBot/vcpkg_installed/vcpkg/pkgs/boost-phoenix_x64-windows/include/boost/phoenix/core/detail/cpp03/preprocessed/function_eval_40.hpp
-- Installing: D:/TelegramBot/vcpkg_installed/vcpkg/pkgs/boost-phoenix_x64-windows/include/boost/phoenix/core/detail/cpp03/preprocessed/function_eval_50.hpp
-- Installing: D:/TelegramBot/vcpkg_installed/vcpkg/pkgs/boost-phoenix_x64-windows/include/boost/phoenix/core/detail/cpp03/preprocessed/function_eval_expr.hpp
-- Installing: D:/TelegramBot/vcpkg_installed/vcpkg/pkgs/boost-phoenix_x64-windows/include/boost/phoenix/core/detail/cpp03/preprocessed/function_eval_expr_10.hpp
-- Installing: D:/TelegramBot/vcpkg_installed/vcpkg/pkgs/boost-phoenix_x64-windows/include/boost/phoenix/core/detail/cpp03/preprocessed/function_eval_expr_20.hpp
-- Installing: D:/TelegramBot/vcpkg_installed/vcpkg/pkgs/boost-phoenix_x64-windows/include/boost/phoenix/core/detail/cpp03/preprocessed/function_eval_expr_30.hpp
-- Installing: D:/TelegramBot/vcpkg_installed/vcpkg/pkgs/boost-phoenix_x64-windows/include/boost/phoenix/core/detail/cpp03/preprocessed/function_eval_expr_40.hpp
-- Installing: D:/TelegramBot/vcpkg_installed/vcpkg/pkgs/boost-phoenix_x64-windows/include/boost/phoenix/core/detail/cpp03/preprocessed/function_eval_expr_50.hpp
-- Installing: D:/TelegramBot/vcpkg_installed/vcpkg/pkgs/boost-phoenix_x64-windows/include/boost/phoenix/core/detail/expression.hpp
-- Installing: D:/TelegramBot/vcpkg_installed/vcpkg/pkgs/boost-phoenix_x64-windows/include/boost/phoenix/core/detail/function_eval.hpp
-- Installing: D:/TelegramBot/vcpkg_installed/vcpkg/pkgs/boost-phoenix_x64-windows/include/boost/phoenix/core/detail/index_sequence.hpp
-- Installing: D:/TelegramBot/vcpkg_installed/vcpkg/pkgs/boost-phoenix_x64-windows/include/boost/phoenix/core/domain.hpp
-- Installing: D:/TelegramBot/vcpkg_installed/vcpkg/pkgs/boost-phoenix_x64-windows/include/boost/phoenix/core/environment.hpp
-- Installing: D:/TelegramBot/vcpkg_installed/vcpkg/pkgs/boost-phoenix_x64-windows/include/boost/phoenix/core/expression.hpp
-- Installing: D:/TelegramBot/vcpkg_installed/vcpkg/pkgs/boost-phoenix_x64-windows/include/boost/phoenix/core/function_equal.hpp
-- Installing: D:/TelegramBot/vcpkg_installed/vcpkg/pkgs/boost-phoenix_x64-windows/include/boost/phoenix/core/is_actor.hpp
-- Installing: D:/TelegramBot/vcpkg_installed/vcpkg/pkgs/boost-phoenix_x64-windows/include/boost/phoenix/core/is_nullary.hpp
-- Installing: D:/TelegramBot/vcpkg_installed/vcpkg/pkgs/boost-phoenix_x64-windows/include/boost/phoenix/core/is_value.hpp
-- Installing: D:/TelegramBot/vcpkg_installed/vcpkg/pkgs/boost-phoenix_x64-windows/include/boost/phoenix/core/limits.hpp
-- Installing: D:/TelegramBot/vcpkg_installed/vcpkg/pkgs/boost-phoenix_x64-windows/include/boost/phoenix/core/meta_grammar.hpp
-- Installing: D:/TelegramBot/vcpkg_installed/vcpkg/pkgs/boost-phoenix_x64-windows/include/boost/phoenix/core/nothing.hpp
-- Installing: D:/TelegramBot/vcpkg_installed/vcpkg/pkgs/boost-phoenix_x64-windows/include/boost/phoenix/core/reference.hpp
-- Installing: D:/TelegramBot/vcpkg_installed/vcpkg/pkgs/boost-phoenix_x64-windows/include/boost/phoenix/core/terminal.hpp
-- Installing: D:/TelegramBot/vcpkg_installed/vcpkg/pkgs/boost-phoenix_x64-windows/include/boost/phoenix/core/terminal_fwd.hpp
-- Installing: D:/TelegramBot/vcpkg_installed/vcpkg/pkgs/boost-phoenix_x64-windows/include/boost/phoenix/core/v2_eval.hpp
-- Installing: D:/TelegramBot/vcpkg_installed/vcpkg/pkgs/boost-phoenix_x64-windows/include/boost/phoenix/core/value.hpp
-- Installing: D:/TelegramBot/vcpkg_installed/vcpkg/pkgs/boost-phoenix_x64-windows/include/boost/phoenix/core.hpp
-- Installing: D:/TelegramBot/vcpkg_installed/vcpkg/pkgs/boost-phoenix_x64-windows/include/boost/phoenix/debug.hpp
-- Installing: D:/TelegramBot/vcpkg_installed/vcpkg/pkgs/boost-phoenix_x64-windows/include/boost/phoenix/function
-- Installing: D:/TelegramBot/vcpkg_installed/vcpkg/pkgs/boost-phoenix_x64-windows/include/boost/phoenix/function/adapt_callable.hpp
-- Installing: D:/TelegramBot/vcpkg_installed/vcpkg/pkgs/boost-phoenix_x64-windows/include/boost/phoenix/function/adapt_function.hpp
-- Installing: D:/TelegramBot/vcpkg_installed/vcpkg/pkgs/boost-phoenix_x64-windows/include/boost/phoenix/function/detail
-- Installing: D:/TelegramBot/vcpkg_installed/vcpkg/pkgs/boost-phoenix_x64-windows/include/boost/phoenix/function/detail/cpp03
-- Installing: D:/TelegramBot/vcpkg_installed/vcpkg/pkgs/boost-phoenix_x64-windows/include/boost/phoenix/function/detail/cpp03/function_operator.hpp
-- Installing: D:/TelegramBot/vcpkg_installed/vcpkg/pkgs/boost-phoenix_x64-windows/include/boost/phoenix/function/detail/cpp03/preprocessed
-- Installing: D:/TelegramBot/vcpkg_installed/vcpkg/pkgs/boost-phoenix_x64-windows/include/boost/phoenix/function/detail/cpp03/preprocessed/function_operator.hpp
-- Installing: D:/TelegramBot/vcpkg_installed/vcpkg/pkgs/boost-phoenix_x64-windows/include/boost/phoenix/function/detail/cpp03/preprocessed/function_operator_10.hpp
-- Installing: D:/TelegramBot/vcpkg_installed/vcpkg/pkgs/boost-phoenix_x64-windows/include/boost/phoenix/function/detail/cpp03/preprocessed/function_operator_20.hpp
-- Installing: D:/TelegramBot/vcpkg_installed/vcpkg/pkgs/boost-phoenix_x64-windows/include/boost/phoenix/function/detail/cpp03/preprocessed/function_operator_30.hpp
-- Installing: D:/TelegramBot/vcpkg_installed/vcpkg/pkgs/boost-phoenix_x64-windows/include/boost/phoenix/function/detail/cpp03/preprocessed/function_operator_40.hpp
-- Installing: D:/TelegramBot/vcpkg_installed/vcpkg/pkgs/boost-phoenix_x64-windows/include/boost/phoenix/function/detail/cpp03/preprocessed/function_operator_50.hpp
-- Installing: D:/TelegramBot/vcpkg_installed/vcpkg/pkgs/boost-phoenix_x64-windows/include/boost/phoenix/function/function.hpp
-- Installing: D:/TelegramBot/vcpkg_installed/vcpkg/pkgs/boost-phoenix_x64-windows/include/boost/phoenix/function/lazy_list.hpp
-- Installing: D:/TelegramBot/vcpkg_installed/vcpkg/pkgs/boost-phoenix_x64-windows/include/boost/phoenix/function/lazy_operator.hpp
-- Installing: D:/TelegramBot/vcpkg_installed/vcpkg/pkgs/boost-phoenix_x64-windows/include/boost/phoenix/function/lazy_prelude.hpp
-- Installing: D:/TelegramBot/vcpkg_installed/vcpkg/pkgs/boost-phoenix_x64-windows/include/boost/phoenix/function/lazy_reuse.hpp
-- Installing: D:/TelegramBot/vcpkg_installed/vcpkg/pkgs/boost-phoenix_x64-windows/include/boost/phoenix/function/lazy_signature.hpp
-- Installing: D:/TelegramBot/vcpkg_installed/vcpkg/pkgs/boost-phoenix_x64-windows/include/boost/phoenix/function/lazy_smart.hpp
-- Installing: D:/TelegramBot/vcpkg_installed/vcpkg/pkgs/boost-phoenix_x64-windows/include/boost/phoenix/function.hpp
-- Installing: D:/TelegramBot/vcpkg_installed/vcpkg/pkgs/boost-phoenix_x64-windows/include/boost/phoenix/fusion
-- Installing: D:/TelegramBot/vcpkg_installed/vcpkg/pkgs/boost-phoenix_x64-windows/include/boost/phoenix/fusion/at.hpp
-- Installing: D:/TelegramBot/vcpkg_installed/vcpkg/pkgs/boost-phoenix_x64-windows/include/boost/phoenix/fusion.hpp
-- Installing: D:/TelegramBot/vcpkg_installed/vcpkg/pkgs/boost-phoenix_x64-windows/include/boost/phoenix/object
-- Installing: D:/TelegramBot/vcpkg_installed/vcpkg/pkgs/boost-phoenix_x64-windows/include/boost/phoenix/object/construct.hpp
-- Installing: D:/TelegramBot/vcpkg_installed/vcpkg/pkgs/boost-phoenix_x64-windows/include/boost/phoenix/object/const_cast.hpp
-- Installing: D:/TelegramBot/vcpkg_installed/vcpkg/pkgs/boost-phoenix_x64-windows/include/boost/phoenix/object/delete.hpp
-- Installing: D:/TelegramBot/vcpkg_installed/vcpkg/pkgs/boost-phoenix_x64-windows/include/boost/phoenix/object/detail
-- Installing: D:/TelegramBot/vcpkg_installed/vcpkg/pkgs/boost-phoenix_x64-windows/include/boost/phoenix/object/detail/cpp03
-- Installing: D:/TelegramBot/vcpkg_installed/vcpkg/pkgs/boost-phoenix_x64-windows/include/boost/phoenix/object/detail/cpp03/construct.hpp
-- Installing: D:/TelegramBot/vcpkg_installed/vcpkg/pkgs/boost-phoenix_x64-windows/include/boost/phoenix/object/detail/cpp03/construct_eval.hpp
-- Installing: D:/TelegramBot/vcpkg_installed/vcpkg/pkgs/boost-phoenix_x64-windows/include/boost/phoenix/object/detail/cpp03/construct_expr.hpp
-- Installing: D:/TelegramBot/vcpkg_installed/vcpkg/pkgs/boost-phoenix_x64-windows/include/boost/phoenix/object/detail/cpp03/new.hpp
-- Installing: D:/TelegramBot/vcpkg_installed/vcpkg/pkgs/boost-phoenix_x64-windows/include/boost/phoenix/object/detail/cpp03/new_eval.hpp
-- Installing: D:/TelegramBot/vcpkg_installed/vcpkg/pkgs/boost-phoenix_x64-windows/include/boost/phoenix/object/detail/cpp03/new_expr.hpp
-- Installing: D:/TelegramBot/vcpkg_installed/vcpkg/pkgs/boost-phoenix_x64-windows/include/boost/phoenix/object/detail/cpp03/preprocessed
-- Installing: D:/TelegramBot/vcpkg_installed/vcpkg/pkgs/boost-phoenix_x64-windows/include/boost/phoenix/object/detail/cpp03/preprocessed/construct.hpp
-- Installing: D:/TelegramBot/vcpkg_installed/vcpkg/pkgs/boost-phoenix_x64-windows/include/boost/phoenix/object/detail/cpp03/preprocessed/construct_10.hpp
-- Installing: D:/TelegramBot/vcpkg_installed/vcpkg/pkgs/boost-phoenix_x64-windows/include/boost/phoenix/object/detail/cpp03/preprocessed/construct_20.hpp
-- Installing: D:/TelegramBot/vcpkg_installed/vcpkg/pkgs/boost-phoenix_x64-windows/include/boost/phoenix/object/detail/cpp03/preprocessed/construct_30.hpp
-- Installing: D:/TelegramBot/vcpkg_installed/vcpkg/pkgs/boost-phoenix_x64-windows/include/boost/phoenix/object/detail/cpp03/preprocessed/construct_40.hpp
-- Installing: D:/TelegramBot/vcpkg_installed/vcpkg/pkgs/boost-phoenix_x64-windows/include/boost/phoenix/object/detail/cpp03/preprocessed/construct_50.hpp
-- Installing: D:/TelegramBot/vcpkg_installed/vcpkg/pkgs/boost-phoenix_x64-windows/include/boost/phoenix/object/detail/cpp03/preprocessed/construct_eval.hpp
-- Installing: D:/TelegramBot/vcpkg_installed/vcpkg/pkgs/boost-phoenix_x64-windows/include/boost/phoenix/object/detail/cpp03/preprocessed/construct_eval_10.hpp
-- Installing: D:/TelegramBot/vcpkg_installed/vcpkg/pkgs/boost-phoenix_x64-windows/include/boost/phoenix/object/detail/cpp03/preprocessed/construct_eval_20.hpp
-- Installing: D:/TelegramBot/vcpkg_installed/vcpkg/pkgs/boost-phoenix_x64-windows/include/boost/phoenix/object/detail/cpp03/preprocessed/construct_eval_30.hpp
-- Installing: D:/TelegramBot/vcpkg_installed/vcpkg/pkgs/boost-phoenix_x64-windows/include/boost/phoenix/object/detail/cpp03/preprocessed/construct_eval_40.hpp
-- Installing: D:/TelegramBot/vcpkg_installed/vcpkg/pkgs/boost-phoenix_x64-windows/include/boost/phoenix/object/detail/cpp03/preprocessed/construct_eval_50.hpp
-- Installing: D:/TelegramBot/vcpkg_installed/vcpkg/pkgs/boost-phoenix_x64-windows/include/boost/phoenix/object/detail/cpp03/preprocessed/construct_expr.hpp
-- Installing: D:/TelegramBot/vcpkg_installed/vcpkg/pkgs/boost-phoenix_x64-windows/include/boost/phoenix/object/detail/cpp03/preprocessed/construct_expr_10.hpp
-- Installing: D:/TelegramBot/vcpkg_installed/vcpkg/pkgs/boost-phoenix_x64-windows/include/boost/phoenix/object/detail/cpp03/preprocessed/construct_expr_20.hpp
-- Installing: D:/TelegramBot/vcpkg_installed/vcpkg/pkgs/boost-phoenix_x64-windows/include/boost/phoenix/object/detail/cpp03/preprocessed/construct_expr_30.hpp
-- Installing: D:/TelegramBot/vcpkg_installed/vcpkg/pkgs/boost-phoenix_x64-windows/include/boost/phoenix/object/detail/cpp03/preprocessed/construct_expr_40.hpp
-- Installing: D:/TelegramBot/vcpkg_installed/vcpkg/pkgs/boost-phoenix_x64-windows/include/boost/phoenix/object/detail/cpp03/preprocessed/construct_expr_50.hpp
-- Installing: D:/TelegramBot/vcpkg_installed/vcpkg/pkgs/boost-phoenix_x64-windows/include/boost/phoenix/object/detail/cpp03/preprocessed/new.hpp
-- Installing: D:/TelegramBot/vcpkg_installed/vcpkg/pkgs/boost-phoenix_x64-windows/include/boost/phoenix/object/detail/cpp03/preprocessed/new_10.hpp
-- Installing: D:/TelegramBot/vcpkg_installed/vcpkg/pkgs/boost-phoenix_x64-windows/include/boost/phoenix/object/detail/cpp03/preprocessed/new_20.hpp
-- Installing: D:/TelegramBot/vcpkg_installed/vcpkg/pkgs/boost-phoenix_x64-windows/include/boost/phoenix/object/detail/cpp03/preprocessed/new_30.hpp
-- Installing: D:/TelegramBot/vcpkg_installed/vcpkg/pkgs/boost-phoenix_x64-windows/include/boost/phoenix/object/detail/cpp03/preprocessed/new_40.hpp
-- Installing: D:/TelegramBot/vcpkg_installed/vcpkg/pkgs/boost-phoenix_x64-windows/include/boost/phoenix/object/detail/cpp03/preprocessed/new_50.hpp
-- Installing: D:/TelegramBot/vcpkg_installed/vcpkg/pkgs/boost-phoenix_x64-windows/include/boost/phoenix/object/detail/cpp03/preprocessed/new_eval.hpp
-- Installing: D:/TelegramBot/vcpkg_installed/vcpkg/pkgs/boost-phoenix_x64-windows/include/boost/phoenix/object/detail/cpp03/preprocessed/new_eval_10.hpp
-- Installing: D:/TelegramBot/vcpkg_installed/vcpkg/pkgs/boost-phoenix_x64-windows/include/boost/phoenix/object/detail/cpp03/preprocessed/new_eval_20.hpp
-- Installing: D:/TelegramBot/vcpkg_installed/vcpkg/pkgs/boost-phoenix_x64-windows/include/boost/phoenix/object/detail/cpp03/preprocessed/new_eval_30.hpp
-- Installing: D:/TelegramBot/vcpkg_installed/vcpkg/pkgs/boost-phoenix_x64-windows/include/boost/phoenix/object/detail/cpp03/preprocessed/new_eval_40.hpp
-- Installing: D:/TelegramBot/vcpkg_installed/vcpkg/pkgs/boost-phoenix_x64-windows/include/boost/phoenix/object/detail/cpp03/preprocessed/new_eval_50.hpp
-- Installing: D:/TelegramBot/vcpkg_installed/vcpkg/pkgs/boost-phoenix_x64-windows/include/boost/phoenix/object/detail/cpp03/preprocessed/new_expr.hpp
-- Installing: D:/TelegramBot/vcpkg_installed/vcpkg/pkgs/boost-phoenix_x64-windows/include/boost/phoenix/object/detail/cpp03/preprocessed/new_expr_10.hpp
-- Installing: D:/TelegramBot/vcpkg_installed/vcpkg/pkgs/boost-phoenix_x64-windows/include/boost/phoenix/object/detail/cpp03/preprocessed/new_expr_20.hpp
-- Installing: D:/TelegramBot/vcpkg_installed/vcpkg/pkgs/boost-phoenix_x64-windows/include/boost/phoenix/object/detail/cpp03/preprocessed/new_expr_30.hpp
-- Installing: D:/TelegramBot/vcpkg_installed/vcpkg/pkgs/boost-phoenix_x64-windows/include/boost/phoenix/object/detail/cpp03/preprocessed/new_expr_40.hpp
-- Installing: D:/TelegramBot/vcpkg_installed/vcpkg/pkgs/boost-phoenix_x64-windows/include/boost/phoenix/object/detail/cpp03/preprocessed/new_expr_50.hpp
-- Installing: D:/TelegramBot/vcpkg_installed/vcpkg/pkgs/boost-phoenix_x64-windows/include/boost/phoenix/object/detail/target.hpp
-- Installing: D:/TelegramBot/vcpkg_installed/vcpkg/pkgs/boost-phoenix_x64-windows/include/boost/phoenix/object/dynamic_cast.hpp
-- Installing: D:/TelegramBot/vcpkg_installed/vcpkg/pkgs/boost-phoenix_x64-windows/include/boost/phoenix/object/new.hpp
-- Installing: D:/TelegramBot/vcpkg_installed/vcpkg/pkgs/boost-phoenix_x64-windows/include/boost/phoenix/object/reinterpret_cast.hpp
-- Installing: D:/TelegramBot/vcpkg_installed/vcpkg/pkgs/boost-phoenix_x64-windows/include/boost/phoenix/object/static_cast.hpp
-- Installing: D:/TelegramBot/vcpkg_installed/vcpkg/pkgs/boost-phoenix_x64-windows/include/boost/phoenix/object.hpp
-- Installing: D:/TelegramBot/vcpkg_installed/vcpkg/pkgs/boost-phoenix_x64-windows/include/boost/phoenix/operator
-- Installing: D:/TelegramBot/vcpkg_installed/vcpkg/pkgs/boost-phoenix_x64-windows/include/boost/phoenix/operator/arithmetic.hpp
-- Installing: D:/TelegramBot/vcpkg_installed/vcpkg/pkgs/boost-phoenix_x64-windows/include/boost/phoenix/operator/bitwise.hpp
-- Installing: D:/TelegramBot/vcpkg_installed/vcpkg/pkgs/boost-phoenix_x64-windows/include/boost/phoenix/operator/comparison.hpp
-- Installing: D:/TelegramBot/vcpkg_installed/vcpkg/pkgs/boost-phoenix_x64-windows/include/boost/phoenix/operator/detail
-- Installing: D:/TelegramBot/vcpkg_installed/vcpkg/pkgs/boost-phoenix_x64-windows/include/boost/phoenix/operator/detail/cpp03
-- Installing: D:/TelegramBot/vcpkg_installed/vcpkg/pkgs/boost-phoenix_x64-windows/include/boost/phoenix/operator/detail/cpp03/mem_fun_ptr_eval.hpp
-- Installing: D:/TelegramBot/vcpkg_installed/vcpkg/pkgs/boost-phoenix_x64-windows/include/boost/phoenix/operator/detail/cpp03/mem_fun_ptr_eval_result_of.hpp
-- Installing: D:/TelegramBot/vcpkg_installed/vcpkg/pkgs/boost-phoenix_x64-windows/include/boost/phoenix/operator/detail/cpp03/mem_fun_ptr_expr.hpp
-- Installing: D:/TelegramBot/vcpkg_installed/vcpkg/pkgs/boost-phoenix_x64-windows/include/boost/phoenix/operator/detail/cpp03/mem_fun_ptr_gen.hpp
-- Installing: D:/TelegramBot/vcpkg_installed/vcpkg/pkgs/boost-phoenix_x64-windows/include/boost/phoenix/operator/detail/cpp03/preprocessed
-- Installing: D:/TelegramBot/vcpkg_installed/vcpkg/pkgs/boost-phoenix_x64-windows/include/boost/phoenix/operator/detail/cpp03/preprocessed/mem_fun_ptr_eval.hpp
-- Installing: D:/TelegramBot/vcpkg_installed/vcpkg/pkgs/boost-phoenix_x64-windows/include/boost/phoenix/operator/detail/cpp03/preprocessed/mem_fun_ptr_eval_10.hpp
-- Installing: D:/TelegramBot/vcpkg_installed/vcpkg/pkgs/boost-phoenix_x64-windows/include/boost/phoenix/operator/detail/cpp03/preprocessed/mem_fun_ptr_eval_20.hpp
-- Installing: D:/TelegramBot/vcpkg_installed/vcpkg/pkgs/boost-phoenix_x64-windows/include/boost/phoenix/operator/detail/cpp03/preprocessed/mem_fun_ptr_eval_30.hpp
-- Installing: D:/TelegramBot/vcpkg_installed/vcpkg/pkgs/boost-phoenix_x64-windows/include/boost/phoenix/operator/detail/cpp03/preprocessed/mem_fun_ptr_eval_40.hpp
-- Installing: D:/TelegramBot/vcpkg_installed/vcpkg/pkgs/boost-phoenix_x64-windows/include/boost/phoenix/operator/detail/cpp03/preprocessed/mem_fun_ptr_eval_50.hpp
-- Installing: D:/TelegramBot/vcpkg_installed/vcpkg/pkgs/boost-phoenix_x64-windows/include/boost/phoenix/operator/detail/cpp03/preprocessed/mem_fun_ptr_eval_result_of.hpp
-- Installing: D:/TelegramBot/vcpkg_installed/vcpkg/pkgs/boost-phoenix_x64-windows/include/boost/phoenix/operator/detail/cpp03/preprocessed/mem_fun_ptr_eval_result_of_10.hpp
-- Installing: D:/TelegramBot/vcpkg_installed/vcpkg/pkgs/boost-phoenix_x64-windows/include/boost/phoenix/operator/detail/cpp03/preprocessed/mem_fun_ptr_eval_result_of_20.hpp
-- Installing: D:/TelegramBot/vcpkg_installed/vcpkg/pkgs/boost-phoenix_x64-windows/include/boost/phoenix/operator/detail/cpp03/preprocessed/mem_fun_ptr_eval_result_of_30.hpp
-- Installing: D:/TelegramBot/vcpkg_installed/vcpkg/pkgs/boost-phoenix_x64-windows/include/boost/phoenix/operator/detail/cpp03/preprocessed/mem_fun_ptr_eval_result_of_40.hpp
-- Installing: D:/TelegramBot/vcpkg_installed/vcpkg/pkgs/boost-phoenix_x64-windows/include/boost/phoenix/operator/detail/cpp03/preprocessed/mem_fun_ptr_eval_result_of_50.hpp
-- Installing: D:/TelegramBot/vcpkg_installed/vcpkg/pkgs/boost-phoenix_x64-windows/include/boost/phoenix/operator/detail/cpp03/preprocessed/mem_fun_ptr_expr.hpp
-- Installing: D:/TelegramBot/vcpkg_installed/vcpkg/pkgs/boost-phoenix_x64-windows/include/boost/phoenix/operator/detail/cpp03/preprocessed/mem_fun_ptr_expr_10.hpp
-- Installing: D:/TelegramBot/vcpkg_installed/vcpkg/pkgs/boost-phoenix_x64-windows/include/boost/phoenix/operator/detail/cpp03/preprocessed/mem_fun_ptr_expr_20.hpp
-- Installing: D:/TelegramBot/vcpkg_installed/vcpkg/pkgs/boost-phoenix_x64-windows/include/boost/phoenix/operator/detail/cpp03/preprocessed/mem_fun_ptr_expr_30.hpp
-- Installing: D:/TelegramBot/vcpkg_installed/vcpkg/pkgs/boost-phoenix_x64-windows/include/boost/phoenix/operator/detail/cpp03/preprocessed/mem_fun_ptr_expr_40.hpp
-- Installing: D:/TelegramBot/vcpkg_installed/vcpkg/pkgs/boost-phoenix_x64-windows/include/boost/phoenix/operator/detail/cpp03/preprocessed/mem_fun_ptr_expr_50.hpp
-- Installing: D:/TelegramBot/vcpkg_installed/vcpkg/pkgs/boost-phoenix_x64-windows/include/boost/phoenix/operator/detail/cpp03/preprocessed/mem_fun_ptr_gen.hpp
-- Installing: D:/TelegramBot/vcpkg_installed/vcpkg/pkgs/boost-phoenix_x64-windows/include/boost/phoenix/operator/detail/cpp03/preprocessed/mem_fun_ptr_gen_10.hpp
-- Installing: D:/TelegramBot/vcpkg_installed/vcpkg/pkgs/boost-phoenix_x64-windows/include/boost/phoenix/operator/detail/cpp03/preprocessed/mem_fun_ptr_gen_20.hpp
-- Installing: D:/TelegramBot/vcpkg_installed/vcpkg/pkgs/boost-phoenix_x64-windows/include/boost/phoenix/operator/detail/cpp03/preprocessed/mem_fun_ptr_gen_30.hpp
-- Installing: D:/TelegramBot/vcpkg_installed/vcpkg/pkgs/boost-phoenix_x64-windows/include/boost/phoenix/operator/detail/cpp03/preprocessed/mem_fun_ptr_gen_40.hpp
-- Installing: D:/TelegramBot/vcpkg_installed/vcpkg/pkgs/boost-phoenix_x64-windows/include/boost/phoenix/operator/detail/cpp03/preprocessed/mem_fun_ptr_gen_50.hpp
-- Installing: D:/TelegramBot/vcpkg_installed/vcpkg/pkgs/boost-phoenix_x64-windows/include/boost/phoenix/operator/detail/define_operator.hpp
-- Installing: D:/TelegramBot/vcpkg_installed/vcpkg/pkgs/boost-phoenix_x64-windows/include/boost/phoenix/operator/detail/undef_operator.hpp
-- Installing: D:/TelegramBot/vcpkg_installed/vcpkg/pkgs/boost-phoenix_x64-windows/include/boost/phoenix/operator/if_else.hpp
-- Installing: D:/TelegramBot/vcpkg_installed/vcpkg/pkgs/boost-phoenix_x64-windows/include/boost/phoenix/operator/io.hpp
-- Installing: D:/TelegramBot/vcpkg_installed/vcpkg/pkgs/boost-phoenix_x64-windows/include/boost/phoenix/operator/logical.hpp
-- Installing: D:/TelegramBot/vcpkg_installed/vcpkg/pkgs/boost-phoenix_x64-windows/include/boost/phoenix/operator/member.hpp
-- Installing: D:/TelegramBot/vcpkg_installed/vcpkg/pkgs/boost-phoenix_x64-windows/include/boost/phoenix/operator/self.hpp
-- Installing: D:/TelegramBot/vcpkg_installed/vcpkg/pkgs/boost-phoenix_x64-windows/include/boost/phoenix/operator.hpp
-- Installing: D:/TelegramBot/vcpkg_installed/vcpkg/pkgs/boost-phoenix_x64-windows/include/boost/phoenix/phoenix.hpp
-- Installing: D:/TelegramBot/vcpkg_installed/vcpkg/pkgs/boost-phoenix_x64-windows/include/boost/phoenix/scope
-- Installing: D:/TelegramBot/vcpkg_installed/vcpkg/pkgs/boost-phoenix_x64-windows/include/boost/phoenix/scope/detail
-- Installing: D:/TelegramBot/vcpkg_installed/vcpkg/pkgs/boost-phoenix_x64-windows/include/boost/phoenix/scope/detail/cpp03
-- Installing: D:/TelegramBot/vcpkg_installed/vcpkg/pkgs/boost-phoenix_x64-windows/include/boost/phoenix/scope/detail/cpp03/dynamic.hpp
-- Installing: D:/TelegramBot/vcpkg_installed/vcpkg/pkgs/boost-phoenix_x64-windows/include/boost/phoenix/scope/detail/cpp03/lambda.hpp
-- Installing: D:/TelegramBot/vcpkg_installed/vcpkg/pkgs/boost-phoenix_x64-windows/include/boost/phoenix/scope/detail/cpp03/local_gen.hpp
-- Installing: D:/TelegramBot/vcpkg_installed/vcpkg/pkgs/boost-phoenix_x64-windows/include/boost/phoenix/scope/detail/cpp03/preprocessed
-- Installing: D:/TelegramBot/vcpkg_installed/vcpkg/pkgs/boost-phoenix_x64-windows/include/boost/phoenix/scope/detail/cpp03/preprocessed/dynamic.hpp
-- Installing: D:/TelegramBot/vcpkg_installed/vcpkg/pkgs/boost-phoenix_x64-windows/include/boost/phoenix/scope/detail/cpp03/preprocessed/dynamic_10.hpp
-- Installing: D:/TelegramBot/vcpkg_installed/vcpkg/pkgs/boost-phoenix_x64-windows/include/boost/phoenix/scope/detail/cpp03/preprocessed/dynamic_20.hpp
-- Installing: D:/TelegramBot/vcpkg_installed/vcpkg/pkgs/boost-phoenix_x64-windows/include/boost/phoenix/scope/detail/cpp03/preprocessed/dynamic_30.hpp
-- Installing: D:/TelegramBot/vcpkg_installed/vcpkg/pkgs/boost-phoenix_x64-windows/include/boost/phoenix/scope/detail/cpp03/preprocessed/dynamic_40.hpp
-- Installing: D:/TelegramBot/vcpkg_installed/vcpkg/pkgs/boost-phoenix_x64-windows/include/boost/phoenix/scope/detail/cpp03/preprocessed/dynamic_50.hpp
-- Installing: D:/TelegramBot/vcpkg_installed/vcpkg/pkgs/boost-phoenix_x64-windows/include/boost/phoenix/scope/detail/cpp03/preprocessed/lambda.hpp
-- Installing: D:/TelegramBot/vcpkg_installed/vcpkg/pkgs/boost-phoenix_x64-windows/include/boost/phoenix/scope/detail/cpp03/preprocessed/lambda_10.hpp
-- Installing: D:/TelegramBot/vcpkg_installed/vcpkg/pkgs/boost-phoenix_x64-windows/include/boost/phoenix/scope/detail/cpp03/preprocessed/lambda_20.hpp
-- Installing: D:/TelegramBot/vcpkg_installed/vcpkg/pkgs/boost-phoenix_x64-windows/include/boost/phoenix/scope/detail/cpp03/preprocessed/lambda_30.hpp
-- Installing: D:/TelegramBot/vcpkg_installed/vcpkg/pkgs/boost-phoenix_x64-windows/include/boost/phoenix/scope/detail/cpp03/preprocessed/lambda_40.hpp
-- Installing: D:/TelegramBot/vcpkg_installed/vcpkg/pkgs/boost-phoenix_x64-windows/include/boost/phoenix/scope/detail/cpp03/preprocessed/lambda_50.hpp
-- Installing: D:/TelegramBot/vcpkg_installed/vcpkg/pkgs/boost-phoenix_x64-windows/include/boost/phoenix/scope/detail/local_gen.hpp
-- Installing: D:/TelegramBot/vcpkg_installed/vcpkg/pkgs/boost-phoenix_x64-windows/include/boost/phoenix/scope/detail/local_variable.hpp
-- Installing: D:/TelegramBot/vcpkg_installed/vcpkg/pkgs/boost-phoenix_x64-windows/include/boost/phoenix/scope/dynamic.hpp
-- Installing: D:/TelegramBot/vcpkg_installed/vcpkg/pkgs/boost-phoenix_x64-windows/include/boost/phoenix/scope/lambda.hpp
-- Installing: D:/TelegramBot/vcpkg_installed/vcpkg/pkgs/boost-phoenix_x64-windows/include/boost/phoenix/scope/let.hpp
-- Installing: D:/TelegramBot/vcpkg_installed/vcpkg/pkgs/boost-phoenix_x64-windows/include/boost/phoenix/scope/local_variable.hpp
-- Installing: D:/TelegramBot/vcpkg_installed/vcpkg/pkgs/boost-phoenix_x64-windows/include/boost/phoenix/scope/scoped_environment.hpp
-- Installing: D:/TelegramBot/vcpkg_installed/vcpkg/pkgs/boost-phoenix_x64-windows/include/boost/phoenix/scope/this.hpp
-- Installing: D:/TelegramBot/vcpkg_installed/vcpkg/pkgs/boost-phoenix_x64-windows/include/boost/phoenix/scope.hpp
-- Installing: D:/TelegramBot/vcpkg_installed/vcpkg/pkgs/boost-phoenix_x64-windows/include/boost/phoenix/statement
-- Installing: D:/TelegramBot/vcpkg_installed/vcpkg/pkgs/boost-phoenix_x64-windows/include/boost/phoenix/statement/detail
-- Installing: D:/TelegramBot/vcpkg_installed/vcpkg/pkgs/boost-phoenix_x64-windows/include/boost/phoenix/statement/detail/catch_push_back.hpp
-- Installing: D:/TelegramBot/vcpkg_installed/vcpkg/pkgs/boost-phoenix_x64-windows/include/boost/phoenix/statement/detail/preprocessed
-- Installing: D:/TelegramBot/vcpkg_installed/vcpkg/pkgs/boost-phoenix_x64-windows/include/boost/phoenix/statement/detail/preprocessed/catch_push_back.hpp
-- Installing: D:/TelegramBot/vcpkg_installed/vcpkg/pkgs/boost-phoenix_x64-windows/include/boost/phoenix/statement/detail/preprocessed/catch_push_back_10.hpp
-- Installing: D:/TelegramBot/vcpkg_installed/vcpkg/pkgs/boost-phoenix_x64-windows/include/boost/phoenix/statement/detail/preprocessed/catch_push_back_20.hpp
-- Installing: D:/TelegramBot/vcpkg_installed/vcpkg/pkgs/boost-phoenix_x64-windows/include/boost/phoenix/statement/detail/preprocessed/catch_push_back_30.hpp
-- Installing: D:/TelegramBot/vcpkg_installed/vcpkg/pkgs/boost-phoenix_x64-windows/include/boost/phoenix/statement/detail/preprocessed/catch_push_back_40.hpp
-- Installing: D:/TelegramBot/vcpkg_installed/vcpkg/pkgs/boost-phoenix_x64-windows/include/boost/phoenix/statement/detail/preprocessed/catch_push_back_50.hpp
-- Installing: D:/TelegramBot/vcpkg_installed/vcpkg/pkgs/boost-phoenix_x64-windows/include/boost/phoenix/statement/detail/preprocessed/switch.hpp
-- Installing: D:/TelegramBot/vcpkg_installed/vcpkg/pkgs/boost-phoenix_x64-windows/include/boost/phoenix/statement/detail/preprocessed/switch_10.hpp
-- Installing: D:/TelegramBot/vcpkg_installed/vcpkg/pkgs/boost-phoenix_x64-windows/include/boost/phoenix/statement/detail/preprocessed/switch_20.hpp
-- Installing: D:/TelegramBot/vcpkg_installed/vcpkg/pkgs/boost-phoenix_x64-windows/include/boost/phoenix/statement/detail/preprocessed/switch_30.hpp
-- Installing: D:/TelegramBot/vcpkg_installed/vcpkg/pkgs/boost-phoenix_x64-windows/include/boost/phoenix/statement/detail/preprocessed/switch_40.hpp
-- Installing: D:/TelegramBot/vcpkg_installed/vcpkg/pkgs/boost-phoenix_x64-windows/include/boost/phoenix/statement/detail/preprocessed/switch_50.hpp
-- Installing: D:/TelegramBot/vcpkg_installed/vcpkg/pkgs/boost-phoenix_x64-windows/include/boost/phoenix/statement/detail/preprocessed/try_catch_eval.hpp
-- Installing: D:/TelegramBot/vcpkg_installed/vcpkg/pkgs/boost-phoenix_x64-windows/include/boost/phoenix/statement/detail/preprocessed/try_catch_eval_10.hpp
-- Installing: D:/TelegramBot/vcpkg_installed/vcpkg/pkgs/boost-phoenix_x64-windows/include/boost/phoenix/statement/detail/preprocessed/try_catch_eval_20.hpp
-- Installing: D:/TelegramBot/vcpkg_installed/vcpkg/pkgs/boost-phoenix_x64-windows/include/boost/phoenix/statement/detail/preprocessed/try_catch_eval_30.hpp
-- Installing: D:/TelegramBot/vcpkg_installed/vcpkg/pkgs/boost-phoenix_x64-windows/include/boost/phoenix/statement/detail/preprocessed/try_catch_eval_40.hpp
-- Installing: D:/TelegramBot/vcpkg_installed/vcpkg/pkgs/boost-phoenix_x64-windows/include/boost/phoenix/statement/detail/preprocessed/try_catch_eval_50.hpp
-- Installing: D:/TelegramBot/vcpkg_installed/vcpkg/pkgs/boost-phoenix_x64-windows/include/boost/phoenix/statement/detail/preprocessed/try_catch_expression.hpp
-- Installing: D:/TelegramBot/vcpkg_installed/vcpkg/pkgs/boost-phoenix_x64-windows/include/boost/phoenix/statement/detail/preprocessed/try_catch_expression_10.hpp
-- Installing: D:/TelegramBot/vcpkg_installed/vcpkg/pkgs/boost-phoenix_x64-windows/include/boost/phoenix/statement/detail/preprocessed/try_catch_expression_20.hpp
-- Installing: D:/TelegramBot/vcpkg_installed/vcpkg/pkgs/boost-phoenix_x64-windows/include/boost/phoenix/statement/detail/preprocessed/try_catch_expression_30.hpp
-- Installing: D:/TelegramBot/vcpkg_installed/vcpkg/pkgs/boost-phoenix_x64-windows/include/boost/phoenix/statement/detail/preprocessed/try_catch_expression_40.hpp
-- Installing: D:/TelegramBot/vcpkg_installed/vcpkg/pkgs/boost-phoenix_x64-windows/include/boost/phoenix/statement/detail/preprocessed/try_catch_expression_50.hpp
-- Installing: D:/TelegramBot/vcpkg_installed/vcpkg/pkgs/boost-phoenix_x64-windows/include/boost/phoenix/statement/detail/switch.hpp
-- Installing: D:/TelegramBot/vcpkg_installed/vcpkg/pkgs/boost-phoenix_x64-windows/include/boost/phoenix/statement/detail/try_catch_eval.hpp
-- Installing: D:/TelegramBot/vcpkg_installed/vcpkg/pkgs/boost-phoenix_x64-windows/include/boost/phoenix/statement/detail/try_catch_expression.hpp
-- Installing: D:/TelegramBot/vcpkg_installed/vcpkg/pkgs/boost-phoenix_x64-windows/include/boost/phoenix/statement/do_while.hpp
-- Installing: D:/TelegramBot/vcpkg_installed/vcpkg/pkgs/boost-phoenix_x64-windows/include/boost/phoenix/statement/for.hpp
-- Installing: D:/TelegramBot/vcpkg_installed/vcpkg/pkgs/boost-phoenix_x64-windows/include/boost/phoenix/statement/if.hpp
-- Installing: D:/TelegramBot/vcpkg_installed/vcpkg/pkgs/boost-phoenix_x64-windows/include/boost/phoenix/statement/sequence.hpp
-- Installing: D:/TelegramBot/vcpkg_installed/vcpkg/pkgs/boost-phoenix_x64-windows/include/boost/phoenix/statement/switch.hpp
-- Installing: D:/TelegramBot/vcpkg_installed/vcpkg/pkgs/boost-phoenix_x64-windows/include/boost/phoenix/statement/throw.hpp
-- Installing: D:/TelegramBot/vcpkg_installed/vcpkg/pkgs/boost-phoenix_x64-windows/include/boost/phoenix/statement/try_catch.hpp
-- Installing: D:/TelegramBot/vcpkg_installed/vcpkg/pkgs/boost-phoenix_x64-windows/include/boost/phoenix/statement/while.hpp
-- Installing: D:/TelegramBot/vcpkg_installed/vcpkg/pkgs/boost-phoenix_x64-windows/include/boost/phoenix/statement.hpp
-- Installing: D:/TelegramBot/vcpkg_installed/vcpkg/pkgs/boost-phoenix_x64-windows/include/boost/phoenix/stl
-- Installing: D:/TelegramBot/vcpkg_installed/vcpkg/pkgs/boost-phoenix_x64-windows/include/boost/phoenix/stl/algorithm
-- Installing: D:/TelegramBot/vcpkg_installed/vcpkg/pkgs/boost-phoenix_x64-windows/include/boost/phoenix/stl/algorithm/detail
-- Installing: D:/TelegramBot/vcpkg_installed/vcpkg/pkgs/boost-phoenix_x64-windows/include/boost/phoenix/stl/algorithm/detail/begin.hpp
-- Installing: D:/TelegramBot/vcpkg_installed/vcpkg/pkgs/boost-phoenix_x64-windows/include/boost/phoenix/stl/algorithm/detail/decay_array.hpp
-- Installing: D:/TelegramBot/vcpkg_installed/vcpkg/pkgs/boost-phoenix_x64-windows/include/boost/phoenix/stl/algorithm/detail/end.hpp
-- Installing: D:/TelegramBot/vcpkg_installed/vcpkg/pkgs/boost-phoenix_x64-windows/include/boost/phoenix/stl/algorithm/detail/has_equal_range.hpp
-- Installing: D:/TelegramBot/vcpkg_installed/vcpkg/pkgs/boost-phoenix_x64-windows/include/boost/phoenix/stl/algorithm/detail/has_find.hpp
-- Installing: D:/TelegramBot/vcpkg_installed/vcpkg/pkgs/boost-phoenix_x64-windows/include/boost/phoenix/stl/algorithm/detail/has_lower_bound.hpp
-- Installing: D:/TelegramBot/vcpkg_installed/vcpkg/pkgs/boost-phoenix_x64-windows/include/boost/phoenix/stl/algorithm/detail/has_remove.hpp
-- Installing: D:/TelegramBot/vcpkg_installed/vcpkg/pkgs/boost-phoenix_x64-windows/include/boost/phoenix/stl/algorithm/detail/has_remove_if.hpp
-- Installing: D:/TelegramBot/vcpkg_installed/vcpkg/pkgs/boost-phoenix_x64-windows/include/boost/phoenix/stl/algorithm/detail/has_reverse.hpp
-- Installing: D:/TelegramBot/vcpkg_installed/vcpkg/pkgs/boost-phoenix_x64-windows/include/boost/phoenix/stl/algorithm/detail/has_sort.hpp
-- Installing: D:/TelegramBot/vcpkg_installed/vcpkg/pkgs/boost-phoenix_x64-windows/include/boost/phoenix/stl/algorithm/detail/has_unique.hpp
-- Installing: D:/TelegramBot/vcpkg_installed/vcpkg/pkgs/boost-phoenix_x64-windows/include/boost/phoenix/stl/algorithm/detail/has_upper_bound.hpp
-- Installing: D:/TelegramBot/vcpkg_installed/vcpkg/pkgs/boost-phoenix_x64-windows/include/boost/phoenix/stl/algorithm/detail/is_std_hash_map.hpp
-- Installing: D:/TelegramBot/vcpkg_installed/vcpkg/pkgs/boost-phoenix_x64-windows/include/boost/phoenix/stl/algorithm/detail/is_std_hash_set.hpp
-- Installing: D:/TelegramBot/vcpkg_installed/vcpkg/pkgs/boost-phoenix_x64-windows/include/boost/phoenix/stl/algorithm/detail/is_std_list.hpp
-- Installing: D:/TelegramBot/vcpkg_installed/vcpkg/pkgs/boost-phoenix_x64-windows/include/boost/phoenix/stl/algorithm/detail/is_std_map.hpp
-- Installing: D:/TelegramBot/vcpkg_installed/vcpkg/pkgs/boost-phoenix_x64-windows/include/boost/phoenix/stl/algorithm/detail/is_std_set.hpp
-- Installing: D:/TelegramBot/vcpkg_installed/vcpkg/pkgs/boost-phoenix_x64-windows/include/boost/phoenix/stl/algorithm/detail/is_unordered_set_or_map.hpp
-- Installing: D:/TelegramBot/vcpkg_installed/vcpkg/pkgs/boost-phoenix_x64-windows/include/boost/phoenix/stl/algorithm/iteration.hpp
-- Installing: D:/TelegramBot/vcpkg_installed/vcpkg/pkgs/boost-phoenix_x64-windows/include/boost/phoenix/stl/algorithm/querying.hpp
-- Installing: D:/TelegramBot/vcpkg_installed/vcpkg/pkgs/boost-phoenix_x64-windows/include/boost/phoenix/stl/algorithm/transformation.hpp
-- Installing: D:/TelegramBot/vcpkg_installed/vcpkg/pkgs/boost-phoenix_x64-windows/include/boost/phoenix/stl/algorithm.hpp
-- Installing: D:/TelegramBot/vcpkg_installed/vcpkg/pkgs/boost-phoenix_x64-windows/include/boost/phoenix/stl/cmath.hpp
-- Installing: D:/TelegramBot/vcpkg_installed/vcpkg/pkgs/boost-phoenix_x64-windows/include/boost/phoenix/stl/container
-- Installing: D:/TelegramBot/vcpkg_installed/vcpkg/pkgs/boost-phoenix_x64-windows/include/boost/phoenix/stl/container/container.hpp
-- Installing: D:/TelegramBot/vcpkg_installed/vcpkg/pkgs/boost-phoenix_x64-windows/include/boost/phoenix/stl/container/detail
-- Installing: D:/TelegramBot/vcpkg_installed/vcpkg/pkgs/boost-phoenix_x64-windows/include/boost/phoenix/stl/container/detail/container.hpp
-- Installing: D:/TelegramBot/vcpkg_installed/vcpkg/pkgs/boost-phoenix_x64-windows/include/boost/phoenix/stl/container.hpp
-- Installing: D:/TelegramBot/vcpkg_installed/vcpkg/pkgs/boost-phoenix_x64-windows/include/boost/phoenix/stl/tuple.hpp
-- Installing: D:/TelegramBot/vcpkg_installed/vcpkg/pkgs/boost-phoenix_x64-windows/include/boost/phoenix/stl.hpp
-- Installing: D:/TelegramBot/vcpkg_installed/vcpkg/pkgs/boost-phoenix_x64-windows/include/boost/phoenix/support
-- Installing: D:/TelegramBot/vcpkg_installed/vcpkg/pkgs/boost-phoenix_x64-windows/include/boost/phoenix/support/detail
-- Installing: D:/TelegramBot/vcpkg_installed/vcpkg/pkgs/boost-phoenix_x64-windows/include/boost/phoenix/support/detail/iterate.hpp
-- Installing: D:/TelegramBot/vcpkg_installed/vcpkg/pkgs/boost-phoenix_x64-windows/include/boost/phoenix/support/detail/iterate_define.hpp
-- Installing: D:/TelegramBot/vcpkg_installed/vcpkg/pkgs/boost-phoenix_x64-windows/include/boost/phoenix/support/detail/iterate_undef.hpp
-- Installing: D:/TelegramBot/vcpkg_installed/vcpkg/pkgs/boost-phoenix_x64-windows/include/boost/phoenix/support/iterate.hpp
-- Installing: D:/TelegramBot/vcpkg_installed/vcpkg/pkgs/boost-phoenix_x64-windows/include/boost/phoenix/support/preprocessed
-- Installing: D:/TelegramBot/vcpkg_installed/vcpkg/pkgs/boost-phoenix_x64-windows/include/boost/phoenix/support/preprocessed/vector.hpp
-- Installing: D:/TelegramBot/vcpkg_installed/vcpkg/pkgs/boost-phoenix_x64-windows/include/boost/phoenix/support/preprocessed/vector_10.hpp
-- Installing: D:/TelegramBot/vcpkg_installed/vcpkg/pkgs/boost-phoenix_x64-windows/include/boost/phoenix/support/preprocessed/vector_20.hpp
-- Installing: D:/TelegramBot/vcpkg_installed/vcpkg/pkgs/boost-phoenix_x64-windows/include/boost/phoenix/support/preprocessed/vector_30.hpp
-- Installing: D:/TelegramBot/vcpkg_installed/vcpkg/pkgs/boost-phoenix_x64-windows/include/boost/phoenix/support/preprocessed/vector_40.hpp
-- Installing: D:/TelegramBot/vcpkg_installed/vcpkg/pkgs/boost-phoenix_x64-windows/include/boost/phoenix/support/preprocessed/vector_50.hpp
-- Installing: D:/TelegramBot/vcpkg_installed/vcpkg/pkgs/boost-phoenix_x64-windows/include/boost/phoenix/support/preprocessor
-- Installing: D:/TelegramBot/vcpkg_installed/vcpkg/pkgs/boost-phoenix_x64-windows/include/boost/phoenix/support/preprocessor/round.hpp
-- Installing: D:/TelegramBot/vcpkg_installed/vcpkg/pkgs/boost-phoenix_x64-windows/include/boost/phoenix/support/vector.hpp
-- Installing: D:/TelegramBot/vcpkg_installed/vcpkg/pkgs/boost-phoenix_x64-windows/include/boost/phoenix/version.hpp
-- Installing: D:/TelegramBot/vcpkg_installed/vcpkg/pkgs/boost-phoenix_x64-windows/include/boost/phoenix.hpp
-- Installing: D:/TelegramBot/vcpkg_installed/vcpkg/pkgs/boost-phoenix_x64-windows/lib/cmake/boost_phoenix-1.86.0/boost_phoenix-targets.cmake
-- Installing: D:/TelegramBot/vcpkg_installed/vcpkg/pkgs/boost-phoenix_x64-windows/lib/cmake/boost_phoenix-1.86.0/boost_phoenix-config.cmake
-- Installing: D:/TelegramBot/vcpkg_installed/vcpkg/pkgs/boost-phoenix_x64-windows/lib/cmake/boost_phoenix-1.86.0/boost_phoenix-config-version.cmake

