Change Dir: 'D:/TelegramBot/vcpkg_installed/vcpkg/blds/boost-yap/x64-windows-rel'

Run Build Command(s): "C:/Program Files/Microsoft Visual Studio/2022/Community/Common7/IDE/CommonExtensions/Microsoft/CMake/Ninja/ninja.exe" -v -v -j9 install
[0/1] C:\WINDOWS\system32\cmd.exe /C "cd /D D:\TelegramBot\vcpkg_installed\vcpkg\blds\boost-yap\x64-windows-rel && D:\Software\cmake-4.2.1-windows-x86_64\bin\cmake.exe -P cmake_install.cmake"
-- Install configuration: "Release"
-- Installing: D:/TelegramBot/vcpkg_installed/vcpkg/pkgs/boost-yap_x64-windows/include
-- Installing: D:/TelegramBot/vcpkg_installed/vcpkg/pkgs/boost-yap_x64-windows/include/boost
-- Installing: D:/TelegramBot/vcpkg_installed/vcpkg/pkgs/boost-yap_x64-windows/include/boost/yap
-- Installing: D:/TelegramBot/vcpkg_installed/vcpkg/pkgs/boost-yap_x64-windows/include/boost/yap/algorithm.hpp
-- Installing: D:/TelegramBot/vcpkg_installed/vcpkg/pkgs/boost-yap_x64-windows/include/boost/yap/algorithm_fwd.hpp
-- Installing: D:/TelegramBot/vcpkg_installed/vcpkg/pkgs/boost-yap_x64-windows/include/boost/yap/config.hpp
-- Installing: D:/TelegramBot/vcpkg_installed/vcpkg/pkgs/boost-yap_x64-windows/include/boost/yap/detail
-- Installing: D:/TelegramBot/vcpkg_installed/vcpkg/pkgs/boost-yap_x64-windows/include/boost/yap/detail/algorithm.hpp
-- Installing: D:/TelegramBot/vcpkg_installed/vcpkg/pkgs/boost-yap_x64-windows/include/boost/yap/detail/transform.hpp
-- Installing: D:/TelegramBot/vcpkg_installed/vcpkg/pkgs/boost-yap_x64-windows/include/boost/yap/expression.hpp
-- Installing: D:/TelegramBot/vcpkg_installed/vcpkg/pkgs/boost-yap_x64-windows/include/boost/yap/print.hpp
-- Installing: D:/TelegramBot/vcpkg_installed/vcpkg/pkgs/boost-yap_x64-windows/include/boost/yap/user_macros.hpp
-- Installing: D:/TelegramBot/vcpkg_installed/vcpkg/pkgs/boost-yap_x64-windows/include/boost/yap/yap.hpp
-- Installing: D:/TelegramBot/vcpkg_installed/vcpkg/pkgs/boost-yap_x64-windows/lib/cmake/boost_yap-1.86.0/boost_yap-targets.cmake
-- Installing: D:/TelegramBot/vcpkg_installed/vcpkg/pkgs/boost-yap_x64-windows/lib/cmake/boost_yap-1.86.0/boost_yap-config.cmake
-- Installing: D:/TelegramBot/vcpkg_installed/vcpkg/pkgs/boost-yap_x64-windows/lib/cmake/boost_yap-1.86.0/boost_yap-config-version.cmake

