checking build system type... x86_64-pc-mingw32
checking host system type... x86_64-pc-mingw32
checking target system type... x86_64-pc-mingw32
checking for gsed... sed
checking for a BSD-compatible install... /usr/bin/install -c
checking whether build environment is sane... yes
checking for a race-free mkdir -p... /usr/bin/mkdir -p
checking for gawk... gawk
checking whether make sets $(MAKE)... yes
checking whether make supports nested variables... yes
checking for gcc... compile cl.exe
checking whether the C compiler works... yes
checking for C compiler default output file name... conftest.exe
checking for suffix of executables... .exe
checking whether we are cross compiling... no
checking for suffix of object files... obj
checking whether the compiler supports GNU C... no
checking whether compile cl.exe accepts -g... yes
checking for compile cl.exe option to enable C11 features... unsupported
checking for compile cl.exe option to enable C99 features... unsupported
checking for compile cl.exe option to enable C89 features... unsupported
checking whether compile cl.exe understands -c and -o together... yes
checking whether make supports the include directive... yes (GNU style)
checking dependency style of compile cl.exe... none
checking whether the compiler supports GNU C++... no
checking whether compile cl.exe accepts -g... yes
checking for compile cl.exe option to enable C++11 features... unsupported
checking for compile cl.exe option to enable C++98 features... unsupported
checking dependency style of compile cl.exe... none
checking dependency style of msvcc.sh -m64... none
checking for grep that handles long lines and -e... /usr/bin/grep
checking for egrep... /usr/bin/grep -E
checking how to print strings... printf
checking for a sed that does not truncate output... /usr/bin/sed
checking for fgrep... /usr/bin/grep -F
checking for non-GNU ld... link.exe -verbose
checking if the linker (link.exe -verbose) is GNU ld... no
checking for BSD- or MS-compatible name lister (nm)... dumpbin.exe -symbols -headers
checking the name lister (dumpbin.exe -symbols -headers) interface... MS dumpbin
checking whether ln -s works... no, using cp -pR
checking the maximum length of command line arguments... 8192
checking how to convert x86_64-pc-mingw32 file names to x86_64-pc-mingw32 format... func_convert_file_msys_to_w32
checking how to convert x86_64-pc-mingw32 file names to toolchain format... func_convert_file_msys_to_w32
checking for link.exe -verbose option to reload object files... -r
checking for file... file
checking for objdump... objdump
checking how to recognize dependent libraries... file_magic ^x86 archive import|^x86 DLL
checking for dlltool... link.exe -verbose -dll
checking how to associate runtime and link libraries... func_cygming_dll_for_implib_fallback
checking for archiver @FILE support... @
checking for strip... (cached) :
checking for ranlib... :
checking command to parse dumpbin.exe -symbols -headers output from compile cl.exe object... ok
checking for sysroot... no
checking for a working dd... /usr/bin/dd
checking how to truncate binary pipes... /usr/bin/dd bs=4096 count=1
checking for mt... mt
checking if mt is a manifest tool... yes
checking for stdio.h... yes
checking for stdlib.h... yes
checking for string.h... yes
checking for inttypes.h... yes
checking for stdint.h... yes
checking for strings.h... no
checking for sys/stat.h... yes
checking for sys/types.h... yes
checking for unistd.h... no
checking for dlfcn.h... no
checking for objdir... .libs
checking for compile cl.exe option to produce PIC... -DDLL_EXPORT -DPIC
checking if compile cl.exe PIC flag -DDLL_EXPORT -DPIC works... yes
checking if compile cl.exe static flag  works... yes
checking if compile cl.exe supports -c -o file.obj... yes
checking if compile cl.exe supports -c -o file.obj... (cached) yes
checking whether the compile cl.exe linker (link.exe -verbose) supports shared libraries... yes
checking dynamic linker characteristics... Win32 link.exe
checking how to hardcode library paths into programs... immediate
checking whether stripping libraries is possible... no
checking if libtool supports shared libraries... yes
checking whether to build shared libraries... yes
checking whether to build static libraries... no
checking how to run the C++ preprocessor... compile cl.exe -E
checking whether the compile cl.exe linker (link.exe -verbose) supports shared libraries... yes
checking for compile cl.exe option to produce PIC... -DDLL_EXPORT -DPIC
checking if compile cl.exe PIC flag -DDLL_EXPORT -DPIC works... yes
checking if compile cl.exe static flag  works... yes
checking if compile cl.exe supports -c -o file.obj... yes
checking if compile cl.exe supports -c -o file.obj... (cached) yes
checking whether the compile cl.exe linker (link.exe -verbose) supports shared libraries... yes
checking dynamic linker characteristics... Win32 link.exe
checking how to hardcode library paths into programs... immediate
checking for readelf... readelf
checking size of size_t... 8
checking for C compiler vendor... microsoft
checking CFLAGS for most reasonable warnings... 
checking whether to enable maintainer-specific portions of Makefiles... no
checking for sys/memfd.h... no
checking for memfd_create... no
checking for egrep... (cached) /usr/bin/grep -E
checking for memcpy... yes
checking for alloca.h... no
checking size of double... 8
checking size of long double... 8
checking whether byte ordering is bigendian... no
checking assembler .cfi pseudo-op support... no
checking assembler supports pc related relocs... yes
checking whether compiler supports pointer authentication... no
checking for _ prefix in compiled symbols... no
configure: versioning on shared library symbols is no
checking that generated files are newer than configure... done
configure: creating ./config.status
config.status: creating include/Makefile
config.status: creating include/ffi.h
config.status: creating Makefile
config.status: creating testsuite/Makefile
config.status: creating man/Makefile
config.status: creating doc/Makefile
config.status: creating libffi.pc
config.status: creating fficonfig.h
config.status: executing buildir commands
config.status: skipping top_srcdir/Makefile - not created
config.status: executing depfiles commands
config.status: executing libtool commands
config.status: executing include commands
config.status: executing src commands
