Downloading https://github.com/libffi/libffi/releases/download/v3.4.6/libffi-3.4.6.tar.gz -> libffi-3.4.6.tar.gz
Successfully downloaded libffi-3.4.6.tar.gz
-- Extracting source C:/Users/Artem/AppData/Local/vcpkg/downloads/libffi-3.4.6.tar.gz
-- Applying patch dll-bindir.diff
-- Using source at D:/TelegramBot/vcpkg_installed/vcpkg/blds/libffi/src/libffi-3-5867c437e9.clean
-- Found external ninja('1.12.1').
-- Getting CMake variables for x64-windows
-- Getting CMake variables for x64-windows
Downloading msys2-autoconf-wrapper-20240607-1-any.pkg.tar.zst, trying https://mirror.msys2.org/msys/x86_64/autoconf-wrapper-20240607-1-any.pkg.tar.zst
Successfully downloaded msys2-autoconf-wrapper-20240607-1-any.pkg.tar.zst
Downloading msys2-automake-wrapper-20240607-1-any.pkg.tar.zst, trying https://mirror.msys2.org/msys/x86_64/automake-wrapper-20240607-1-any.pkg.tar.zst
Successfully downloaded msys2-automake-wrapper-20240607-1-any.pkg.tar.zst
Downloading msys2-binutils-2.43.1-1-x86_64.pkg.tar.zst, trying https://mirror.msys2.org/msys/x86_64/binutils-2.43.1-1-x86_64.pkg.tar.zst
Successfully downloaded msys2-binutils-2.43.1-1-x86_64.pkg.tar.zst
Downloading msys2-libtool-2.4.7-4-x86_64.pkg.tar.zst, trying https://mirror.msys2.org/msys/x86_64/libtool-2.4.7-4-x86_64.pkg.tar.zst
Successfully downloaded msys2-libtool-2.4.7-4-x86_64.pkg.tar.zst
Downloading msys2-make-4.4.1-2-x86_64.pkg.tar.zst, trying https://mirror.msys2.org/msys/x86_64/make-4.4.1-2-x86_64.pkg.tar.zst
Successfully downloaded msys2-make-4.4.1-2-x86_64.pkg.tar.zst
Downloading msys2-pkgconf-2.3.0-1-x86_64.pkg.tar.zst, trying https://mirror.msys2.org/msys/x86_64/pkgconf-2.3.0-1-x86_64.pkg.tar.zst
Successfully downloaded msys2-pkgconf-2.3.0-1-x86_64.pkg.tar.zst
Downloading msys2-which-2.21-4-x86_64.pkg.tar.zst, trying https://mirror.msys2.org/msys/x86_64/which-2.21-4-x86_64.pkg.tar.zst
Successfully downloaded msys2-which-2.21-4-x86_64.pkg.tar.zst
Downloading msys2-bash-5.2.037-1-x86_64.pkg.tar.zst, trying https://mirror.msys2.org/msys/x86_64/bash-5.2.037-1-x86_64.pkg.tar.zst
Successfully downloaded msys2-bash-5.2.037-1-x86_64.pkg.tar.zst
Downloading msys2-coreutils-8.32-5-x86_64.pkg.tar.zst, trying https://mirror.msys2.org/msys/x86_64/coreutils-8.32-5-x86_64.pkg.tar.zst
Successfully downloaded msys2-coreutils-8.32-5-x86_64.pkg.tar.zst
Downloading msys2-file-5.45-3-x86_64.pkg.tar.zst, trying https://mirror.msys2.org/msys/x86_64/file-5.45-3-x86_64.pkg.tar.zst
Successfully downloaded msys2-file-5.45-3-x86_64.pkg.tar.zst
Downloading msys2-gawk-5.3.1-1-x86_64.pkg.tar.zst, trying https://mirror.msys2.org/msys/x86_64/gawk-5.3.1-1-x86_64.pkg.tar.zst
Successfully downloaded msys2-gawk-5.3.1-1-x86_64.pkg.tar.zst
Downloading msys2-grep-1~3.0-6-x86_64.pkg.tar.zst, trying https://mirror.msys2.org/msys/x86_64/grep-1~3.0-6-x86_64.pkg.tar.zst
Successfully downloaded msys2-grep-1~3.0-6-x86_64.pkg.tar.zst
Downloading msys2-gzip-1.13-1-x86_64.pkg.tar.zst, trying https://mirror.msys2.org/msys/x86_64/gzip-1.13-1-x86_64.pkg.tar.zst
Successfully downloaded msys2-gzip-1.13-1-x86_64.pkg.tar.zst
Downloading msys2-diffutils-3.10-1-x86_64.pkg.tar.zst, trying https://mirror.msys2.org/msys/x86_64/diffutils-3.10-1-x86_64.pkg.tar.zst
Successfully downloaded msys2-diffutils-3.10-1-x86_64.pkg.tar.zst
Downloading msys2-sed-4.9-1-x86_64.pkg.tar.zst, trying https://mirror.msys2.org/msys/x86_64/sed-4.9-1-x86_64.pkg.tar.zst
Successfully downloaded msys2-sed-4.9-1-x86_64.pkg.tar.zst
-- Using cached msys2-msys2-runtime-3.5.4-2-x86_64.pkg.tar.zst
Downloading msys2-autoconf2.72-2.72-1-any.pkg.tar.zst, trying https://mirror.msys2.org/msys/x86_64/autoconf2.72-2.72-1-any.pkg.tar.zst
Successfully downloaded msys2-autoconf2.72-2.72-1-any.pkg.tar.zst
Downloading msys2-automake1.16-1.16.5-1-any.pkg.tar.zst, trying https://mirror.msys2.org/msys/x86_64/automake1.16-1.16.5-1-any.pkg.tar.zst
Successfully downloaded msys2-automake1.16-1.16.5-1-any.pkg.tar.zst
Downloading msys2-automake1.17-1.17-1-any.pkg.tar.zst, trying https://mirror.msys2.org/msys/x86_64/automake1.17-1.17-1-any.pkg.tar.zst
Successfully downloaded msys2-automake1.17-1.17-1-any.pkg.tar.zst
Downloading msys2-libiconv-1.17-1-x86_64.pkg.tar.zst, trying https://mirror.msys2.org/msys/x86_64/libiconv-1.17-1-x86_64.pkg.tar.zst
Successfully downloaded msys2-libiconv-1.17-1-x86_64.pkg.tar.zst
Downloading msys2-libintl-0.22.4-1-x86_64.pkg.tar.zst, trying https://mirror.msys2.org/msys/x86_64/libintl-0.22.4-1-x86_64.pkg.tar.zst
Successfully downloaded msys2-libintl-0.22.4-1-x86_64.pkg.tar.zst
Downloading msys2-zlib-1.3.1-1-x86_64.pkg.tar.zst, trying https://mirror.msys2.org/msys/x86_64/zlib-1.3.1-1-x86_64.pkg.tar.zst
Successfully downloaded msys2-zlib-1.3.1-1-x86_64.pkg.tar.zst
Downloading msys2-tar-1.35-2-x86_64.pkg.tar.zst, trying https://mirror.msys2.org/msys/x86_64/tar-1.35-2-x86_64.pkg.tar.zst
Successfully downloaded msys2-tar-1.35-2-x86_64.pkg.tar.zst
Downloading msys2-findutils-4.10.0-2-x86_64.pkg.tar.zst, trying https://mirror.msys2.org/msys/x86_64/findutils-4.10.0-2-x86_64.pkg.tar.zst
Successfully downloaded msys2-findutils-4.10.0-2-x86_64.pkg.tar.zst
Downloading msys2-gmp-6.3.0-1-x86_64.pkg.tar.zst, trying https://mirror.msys2.org/msys/x86_64/gmp-6.3.0-1-x86_64.pkg.tar.zst
Successfully downloaded msys2-gmp-6.3.0-1-x86_64.pkg.tar.zst
Downloading msys2-gcc-libs-13.3.0-1-x86_64.pkg.tar.zst, trying https://mirror.msys2.org/msys/x86_64/gcc-libs-13.3.0-1-x86_64.pkg.tar.zst
Successfully downloaded msys2-gcc-libs-13.3.0-1-x86_64.pkg.tar.zst
Downloading msys2-libbz2-1.0.8-4-x86_64.pkg.tar.zst, trying https://mirror.msys2.org/msys/x86_64/libbz2-1.0.8-4-x86_64.pkg.tar.zst
Successfully downloaded msys2-libbz2-1.0.8-4-x86_64.pkg.tar.zst
Downloading msys2-liblzma-5.6.3-1-x86_64.pkg.tar.zst, trying https://mirror.msys2.org/msys/x86_64/liblzma-5.6.3-1-x86_64.pkg.tar.zst
Successfully downloaded msys2-liblzma-5.6.3-1-x86_64.pkg.tar.zst
Downloading msys2-libzstd-1.5.6-1-x86_64.pkg.tar.zst, trying https://mirror.msys2.org/msys/x86_64/libzstd-1.5.6-1-x86_64.pkg.tar.zst
Successfully downloaded msys2-libzstd-1.5.6-1-x86_64.pkg.tar.zst
Downloading msys2-libreadline-8.2.013-1-x86_64.pkg.tar.zst, trying https://mirror.msys2.org/msys/x86_64/libreadline-8.2.013-1-x86_64.pkg.tar.zst
Successfully downloaded msys2-libreadline-8.2.013-1-x86_64.pkg.tar.zst
Downloading msys2-mpfr-4.2.1-1-x86_64.pkg.tar.zst, trying https://mirror.msys2.org/msys/x86_64/mpfr-4.2.1-1-x86_64.pkg.tar.zst
Successfully downloaded msys2-mpfr-4.2.1-1-x86_64.pkg.tar.zst
Downloading msys2-libpcre-8.45-4-x86_64.pkg.tar.zst, trying https://mirror.msys2.org/msys/x86_64/libpcre-8.45-4-x86_64.pkg.tar.zst
Successfully downloaded msys2-libpcre-8.45-4-x86_64.pkg.tar.zst
Downloading msys2-m4-1.4.19-2-x86_64.pkg.tar.zst, trying https://mirror.msys2.org/msys/x86_64/m4-1.4.19-2-x86_64.pkg.tar.zst
Successfully downloaded msys2-m4-1.4.19-2-x86_64.pkg.tar.zst
Downloading msys2-perl-5.38.2-2-x86_64.pkg.tar.zst, trying https://mirror.msys2.org/msys/x86_64/perl-5.38.2-2-x86_64.pkg.tar.zst
Successfully downloaded msys2-perl-5.38.2-2-x86_64.pkg.tar.zst
Downloading msys2-ncurses-6.5.20240831-2-x86_64.pkg.tar.zst, trying https://mirror.msys2.org/msys/x86_64/ncurses-6.5.20240831-2-x86_64.pkg.tar.zst
Successfully downloaded msys2-ncurses-6.5.20240831-2-x86_64.pkg.tar.zst
Downloading msys2-libxcrypt-4.4.36-1-x86_64.pkg.tar.zst, trying https://mirror.msys2.org/msys/x86_64/libxcrypt-4.4.36-1-x86_64.pkg.tar.zst
Successfully downloaded msys2-libxcrypt-4.4.36-1-x86_64.pkg.tar.zst
-- Applying patch C:/Program Files/Microsoft Visual Studio/2022/Community/VC/vcpkg/scripts/cmake/compile_wrapper_consider_clang-cl.patch
-- Using msys root at C:/Users/Artem/AppData/Local/vcpkg/downloads/tools/msys2/2db36fb050d01f45
-- Using cached msys2-mingw-w64-x86_64-pkgconf-1~2.3.0-1-any.pkg.tar.zst
-- Using cached msys2-msys2-runtime-3.5.4-2-x86_64.pkg.tar.zst
-- Using msys root at C:/Users/Artem/AppData/Local/vcpkg/downloads/tools/msys2/21caed2f81ec917b
-- Configuring x64-windows-dbg
-- Configuring x64-windows-rel
-- Building x64-windows-dbg
-- Installing x64-windows-dbg
-- Building x64-windows-rel
-- Installing x64-windows-rel
-- Fixing pkgconfig file: D:/TelegramBot/vcpkg_installed/vcpkg/pkgs/libffi_x64-windows/lib/pkgconfig/libffi.pc
-- Fixing pkgconfig file: D:/TelegramBot/vcpkg_installed/vcpkg/pkgs/libffi_x64-windows/debug/lib/pkgconfig/libffi.pc
-- Installing: D:/TelegramBot/vcpkg_installed/vcpkg/pkgs/libffi_x64-windows/share/libffi/usage
-- Installing: D:/TelegramBot/vcpkg_installed/vcpkg/pkgs/libffi_x64-windows/share/unofficial-libffi/unofficial-libffi-config.cmake
-- Installing: D:/TelegramBot/vcpkg_installed/vcpkg/pkgs/libffi_x64-windows/share/libffi/libffiConfig.cmake
-- Installing: D:/TelegramBot/vcpkg_installed/vcpkg/pkgs/libffi_x64-windows/share/libffi/copyright
-- Performing post-build validation
