Change Dir: 'D:/TelegramBot/vcpkg_installed/vcpkg/blds/boost-random/x64-windows-dbg'

Run Build Command(s): "C:/Program Files/Microsoft Visual Studio/2022/Community/Common7/IDE/CommonExtensions/Microsoft/CMake/Ninja/ninja.exe" -v -v -j9 install
[1/3] C:\PROGRA~1\MICROS~1\2022\COMMUN~1\VC\Tools\MSVC\1444~1.352\bin\Hostx64\x64\cl.exe   /TP -DBOOST_RANDOM_DYN_LINK -DBOOST_RANDOM_NO_LIB -Dboost_random_EXPORTS -ID:\TelegramBot\vcpkg_installed\vcpkg\blds\boost-random\src\ost-1.86.0-d0ab3c5008.clean\libs\random\include -external:ID:\TelegramBot\vcpkg_installed\x64-windows\include -external:W0 /nologo /DWIN32 /D_WINDOWS /utf-8 /GR /EHsc /MP  /MDd /Z7 /Ob0 /Od /RTC1  -MDd /showIncludes /Folibs\random\CMakeFiles\boost_random.dir\src\random_device.cpp.obj /Fdlibs\random\CMakeFiles\boost_random.dir\ /FS -c D:\TelegramBot\vcpkg_installed\vcpkg\blds\boost-random\src\ost-1.86.0-d0ab3c5008.clean\libs\random\src\random_device.cpp
[2/3] C:\WINDOWS\system32\cmd.exe /C "cd . && D:\Software\cmake-4.2.1-windows-x86_64\bin\cmake.exe -E vs_link_dll --msvc-ver=1944 --intdir=libs\random\CMakeFiles\boost_random.dir --rc=C:\PROGRA~2\WI3CF2~1\10\bin\100261~1.0\x64\rc.exe --mt=C:\PROGRA~2\WI3CF2~1\10\bin\100261~1.0\x64\mt.exe --manifests  -- C:\PROGRA~1\MICROS~1\2022\COMMUN~1\VC\Tools\MSVC\1444~1.352\bin\Hostx64\x64\link.exe  libs\random\CMakeFiles\boost_random.dir\src\random_device.cpp.obj  /out:stage\bin\boost_random-vc143-mt-gd-x64-1_86.dll /implib:stage\lib\boost_random-vc143-mt-gd-x64-1_86.lib /pdb:stage\bin\boost_random-vc143-mt-gd-x64-1_86.pdb /dll /version:1.86 /machine:x64 /nologo    /debug /INCREMENTAL  D:\TelegramBot\vcpkg_installed\x64-windows\debug\lib\boost_system-vc143-mt-gd-x64-1_86.lib  D:\TelegramBot\vcpkg_installed\x64-windows\debug\lib\boost_regex-vc143-mt-gd-x64-1_86.lib  kernel32.lib user32.lib gdi32.lib winspool.lib shell32.lib ole32.lib oleaut32.lib uuid.lib comdlg32.lib advapi32.lib && cd ."
[2/3] C:\WINDOWS\system32\cmd.exe /C "cd /D D:\TelegramBot\vcpkg_installed\vcpkg\blds\boost-random\x64-windows-dbg && D:\Software\cmake-4.2.1-windows-x86_64\bin\cmake.exe -P cmake_install.cmake"
-- Install configuration: "Debug"
-- Installing: D:/TelegramBot/vcpkg_installed/vcpkg/pkgs/boost-random_x64-windows/debug/include
-- Installing: D:/TelegramBot/vcpkg_installed/vcpkg/pkgs/boost-random_x64-windows/debug/include/boost
-- Installing: D:/TelegramBot/vcpkg_installed/vcpkg/pkgs/boost-random_x64-windows/debug/include/boost/nondet_random.hpp
-- Installing: D:/TelegramBot/vcpkg_installed/vcpkg/pkgs/boost-random_x64-windows/debug/include/boost/random
-- Installing: D:/TelegramBot/vcpkg_installed/vcpkg/pkgs/boost-random_x64-windows/debug/include/boost/random/additive_combine.hpp
-- Installing: D:/TelegramBot/vcpkg_installed/vcpkg/pkgs/boost-random_x64-windows/debug/include/boost/random/bernoulli_distribution.hpp
-- Installing: D:/TelegramBot/vcpkg_installed/vcpkg/pkgs/boost-random_x64-windows/debug/include/boost/random/beta_distribution.hpp
-- Installing: D:/TelegramBot/vcpkg_installed/vcpkg/pkgs/boost-random_x64-windows/debug/include/boost/random/binomial_distribution.hpp
-- Installing: D:/TelegramBot/vcpkg_installed/vcpkg/pkgs/boost-random_x64-windows/debug/include/boost/random/cauchy_distribution.hpp
-- Installing: D:/TelegramBot/vcpkg_installed/vcpkg/pkgs/boost-random_x64-windows/debug/include/boost/random/chi_squared_distribution.hpp
-- Installing: D:/TelegramBot/vcpkg_installed/vcpkg/pkgs/boost-random_x64-windows/debug/include/boost/random/detail
-- Installing: D:/TelegramBot/vcpkg_installed/vcpkg/pkgs/boost-random_x64-windows/debug/include/boost/random/detail/auto_link.hpp
-- Installing: D:/TelegramBot/vcpkg_installed/vcpkg/pkgs/boost-random_x64-windows/debug/include/boost/random/detail/config.hpp
-- Installing: D:/TelegramBot/vcpkg_installed/vcpkg/pkgs/boost-random_x64-windows/debug/include/boost/random/detail/const_mod.hpp
-- Installing: D:/TelegramBot/vcpkg_installed/vcpkg/pkgs/boost-random_x64-windows/debug/include/boost/random/detail/disable_warnings.hpp
-- Installing: D:/TelegramBot/vcpkg_installed/vcpkg/pkgs/boost-random_x64-windows/debug/include/boost/random/detail/enable_warnings.hpp
-- Installing: D:/TelegramBot/vcpkg_installed/vcpkg/pkgs/boost-random_x64-windows/debug/include/boost/random/detail/generator_bits.hpp
-- Installing: D:/TelegramBot/vcpkg_installed/vcpkg/pkgs/boost-random_x64-windows/debug/include/boost/random/detail/generator_seed_seq.hpp
-- Installing: D:/TelegramBot/vcpkg_installed/vcpkg/pkgs/boost-random_x64-windows/debug/include/boost/random/detail/gray_coded_qrng.hpp
-- Installing: D:/TelegramBot/vcpkg_installed/vcpkg/pkgs/boost-random_x64-windows/debug/include/boost/random/detail/integer_log2.hpp
-- Installing: D:/TelegramBot/vcpkg_installed/vcpkg/pkgs/boost-random_x64-windows/debug/include/boost/random/detail/int_float_pair.hpp
-- Installing: D:/TelegramBot/vcpkg_installed/vcpkg/pkgs/boost-random_x64-windows/debug/include/boost/random/detail/iterator_mixin.hpp
-- Installing: D:/TelegramBot/vcpkg_installed/vcpkg/pkgs/boost-random_x64-windows/debug/include/boost/random/detail/large_arithmetic.hpp
-- Installing: D:/TelegramBot/vcpkg_installed/vcpkg/pkgs/boost-random_x64-windows/debug/include/boost/random/detail/mixmax_skip_N17.ipp
-- Installing: D:/TelegramBot/vcpkg_installed/vcpkg/pkgs/boost-random_x64-windows/debug/include/boost/random/detail/niederreiter_base2_table.hpp
-- Installing: D:/TelegramBot/vcpkg_installed/vcpkg/pkgs/boost-random_x64-windows/debug/include/boost/random/detail/operators.hpp
-- Installing: D:/TelegramBot/vcpkg_installed/vcpkg/pkgs/boost-random_x64-windows/debug/include/boost/random/detail/polynomial.hpp
-- Installing: D:/TelegramBot/vcpkg_installed/vcpkg/pkgs/boost-random_x64-windows/debug/include/boost/random/detail/ptr_helper.hpp
-- Installing: D:/TelegramBot/vcpkg_installed/vcpkg/pkgs/boost-random_x64-windows/debug/include/boost/random/detail/qrng_base.hpp
-- Installing: D:/TelegramBot/vcpkg_installed/vcpkg/pkgs/boost-random_x64-windows/debug/include/boost/random/detail/seed.hpp
-- Installing: D:/TelegramBot/vcpkg_installed/vcpkg/pkgs/boost-random_x64-windows/debug/include/boost/random/detail/seed_impl.hpp
-- Installing: D:/TelegramBot/vcpkg_installed/vcpkg/pkgs/boost-random_x64-windows/debug/include/boost/random/detail/signed_unsigned_tools.hpp
-- Installing: D:/TelegramBot/vcpkg_installed/vcpkg/pkgs/boost-random_x64-windows/debug/include/boost/random/detail/sobol_table.hpp
-- Installing: D:/TelegramBot/vcpkg_installed/vcpkg/pkgs/boost-random_x64-windows/debug/include/boost/random/detail/uniform_int_float.hpp
-- Installing: D:/TelegramBot/vcpkg_installed/vcpkg/pkgs/boost-random_x64-windows/debug/include/boost/random/detail/vector_io.hpp
-- Installing: D:/TelegramBot/vcpkg_installed/vcpkg/pkgs/boost-random_x64-windows/debug/include/boost/random/discard_block.hpp
-- Installing: D:/TelegramBot/vcpkg_installed/vcpkg/pkgs/boost-random_x64-windows/debug/include/boost/random/discrete_distribution.hpp
-- Installing: D:/TelegramBot/vcpkg_installed/vcpkg/pkgs/boost-random_x64-windows/debug/include/boost/random/exponential_distribution.hpp
-- Installing: D:/TelegramBot/vcpkg_installed/vcpkg/pkgs/boost-random_x64-windows/debug/include/boost/random/extreme_value_distribution.hpp
-- Installing: D:/TelegramBot/vcpkg_installed/vcpkg/pkgs/boost-random_x64-windows/debug/include/boost/random/faure.hpp
-- Installing: D:/TelegramBot/vcpkg_installed/vcpkg/pkgs/boost-random_x64-windows/debug/include/boost/random/fisher_f_distribution.hpp
-- Installing: D:/TelegramBot/vcpkg_installed/vcpkg/pkgs/boost-random_x64-windows/debug/include/boost/random/gamma_distribution.hpp
-- Installing: D:/TelegramBot/vcpkg_installed/vcpkg/pkgs/boost-random_x64-windows/debug/include/boost/random/generate_canonical.hpp
-- Installing: D:/TelegramBot/vcpkg_installed/vcpkg/pkgs/boost-random_x64-windows/debug/include/boost/random/geometric_distribution.hpp
-- Installing: D:/TelegramBot/vcpkg_installed/vcpkg/pkgs/boost-random_x64-windows/debug/include/boost/random/hyperexponential_distribution.hpp
-- Installing: D:/TelegramBot/vcpkg_installed/vcpkg/pkgs/boost-random_x64-windows/debug/include/boost/random/independent_bits.hpp
-- Installing: D:/TelegramBot/vcpkg_installed/vcpkg/pkgs/boost-random_x64-windows/debug/include/boost/random/inversive_congruential.hpp
-- Installing: D:/TelegramBot/vcpkg_installed/vcpkg/pkgs/boost-random_x64-windows/debug/include/boost/random/lagged_fibonacci.hpp
-- Installing: D:/TelegramBot/vcpkg_installed/vcpkg/pkgs/boost-random_x64-windows/debug/include/boost/random/laplace_distribution.hpp
-- Installing: D:/TelegramBot/vcpkg_installed/vcpkg/pkgs/boost-random_x64-windows/debug/include/boost/random/linear_congruential.hpp
-- Installing: D:/TelegramBot/vcpkg_installed/vcpkg/pkgs/boost-random_x64-windows/debug/include/boost/random/linear_feedback_shift.hpp
-- Installing: D:/TelegramBot/vcpkg_installed/vcpkg/pkgs/boost-random_x64-windows/debug/include/boost/random/lognormal_distribution.hpp
-- Installing: D:/TelegramBot/vcpkg_installed/vcpkg/pkgs/boost-random_x64-windows/debug/include/boost/random/mersenne_twister.hpp
-- Installing: D:/TelegramBot/vcpkg_installed/vcpkg/pkgs/boost-random_x64-windows/debug/include/boost/random/mixmax.hpp
-- Installing: D:/TelegramBot/vcpkg_installed/vcpkg/pkgs/boost-random_x64-windows/debug/include/boost/random/negative_binomial_distribution.hpp
-- Installing: D:/TelegramBot/vcpkg_installed/vcpkg/pkgs/boost-random_x64-windows/debug/include/boost/random/niederreiter_base2.hpp
-- Installing: D:/TelegramBot/vcpkg_installed/vcpkg/pkgs/boost-random_x64-windows/debug/include/boost/random/non_central_chi_squared_distribution.hpp
-- Installing: D:/TelegramBot/vcpkg_installed/vcpkg/pkgs/boost-random_x64-windows/debug/include/boost/random/normal_distribution.hpp
-- Installing: D:/TelegramBot/vcpkg_installed/vcpkg/pkgs/boost-random_x64-windows/debug/include/boost/random/piecewise_constant_distribution.hpp
-- Installing: D:/TelegramBot/vcpkg_installed/vcpkg/pkgs/boost-random_x64-windows/debug/include/boost/random/piecewise_linear_distribution.hpp
-- Installing: D:/TelegramBot/vcpkg_installed/vcpkg/pkgs/boost-random_x64-windows/debug/include/boost/random/poisson_distribution.hpp
-- Installing: D:/TelegramBot/vcpkg_installed/vcpkg/pkgs/boost-random_x64-windows/debug/include/boost/random/random_device.hpp
-- Installing: D:/TelegramBot/vcpkg_installed/vcpkg/pkgs/boost-random_x64-windows/debug/include/boost/random/random_number_generator.hpp
-- Installing: D:/TelegramBot/vcpkg_installed/vcpkg/pkgs/boost-random_x64-windows/debug/include/boost/random/ranlux.hpp
-- Installing: D:/TelegramBot/vcpkg_installed/vcpkg/pkgs/boost-random_x64-windows/debug/include/boost/random/seed_seq.hpp
-- Installing: D:/TelegramBot/vcpkg_installed/vcpkg/pkgs/boost-random_x64-windows/debug/include/boost/random/shuffle_order.hpp
-- Installing: D:/TelegramBot/vcpkg_installed/vcpkg/pkgs/boost-random_x64-windows/debug/include/boost/random/shuffle_output.hpp
-- Installing: D:/TelegramBot/vcpkg_installed/vcpkg/pkgs/boost-random_x64-windows/debug/include/boost/random/sobol.hpp
-- Installing: D:/TelegramBot/vcpkg_installed/vcpkg/pkgs/boost-random_x64-windows/debug/include/boost/random/splitmix64.hpp
-- Installing: D:/TelegramBot/vcpkg_installed/vcpkg/pkgs/boost-random_x64-windows/debug/include/boost/random/student_t_distribution.hpp
-- Installing: D:/TelegramBot/vcpkg_installed/vcpkg/pkgs/boost-random_x64-windows/debug/include/boost/random/subtract_with_carry.hpp
-- Installing: D:/TelegramBot/vcpkg_installed/vcpkg/pkgs/boost-random_x64-windows/debug/include/boost/random/taus88.hpp
-- Installing: D:/TelegramBot/vcpkg_installed/vcpkg/pkgs/boost-random_x64-windows/debug/include/boost/random/traits.hpp
-- Installing: D:/TelegramBot/vcpkg_installed/vcpkg/pkgs/boost-random_x64-windows/debug/include/boost/random/triangle_distribution.hpp
-- Installing: D:/TelegramBot/vcpkg_installed/vcpkg/pkgs/boost-random_x64-windows/debug/include/boost/random/uniform_01.hpp
-- Installing: D:/TelegramBot/vcpkg_installed/vcpkg/pkgs/boost-random_x64-windows/debug/include/boost/random/uniform_int.hpp
-- Installing: D:/TelegramBot/vcpkg_installed/vcpkg/pkgs/boost-random_x64-windows/debug/include/boost/random/uniform_int_distribution.hpp
-- Installing: D:/TelegramBot/vcpkg_installed/vcpkg/pkgs/boost-random_x64-windows/debug/include/boost/random/uniform_on_sphere.hpp
-- Installing: D:/TelegramBot/vcpkg_installed/vcpkg/pkgs/boost-random_x64-windows/debug/include/boost/random/uniform_real.hpp
-- Installing: D:/TelegramBot/vcpkg_installed/vcpkg/pkgs/boost-random_x64-windows/debug/include/boost/random/uniform_real_distribution.hpp
-- Installing: D:/TelegramBot/vcpkg_installed/vcpkg/pkgs/boost-random_x64-windows/debug/include/boost/random/uniform_smallint.hpp
-- Installing: D:/TelegramBot/vcpkg_installed/vcpkg/pkgs/boost-random_x64-windows/debug/include/boost/random/variate_generator.hpp
-- Installing: D:/TelegramBot/vcpkg_installed/vcpkg/pkgs/boost-random_x64-windows/debug/include/boost/random/weibull_distribution.hpp
-- Installing: D:/TelegramBot/vcpkg_installed/vcpkg/pkgs/boost-random_x64-windows/debug/include/boost/random/xor_combine.hpp
-- Installing: D:/TelegramBot/vcpkg_installed/vcpkg/pkgs/boost-random_x64-windows/debug/include/boost/random.hpp
-- Installing: D:/TelegramBot/vcpkg_installed/vcpkg/pkgs/boost-random_x64-windows/debug/lib/boost_random-vc143-mt-gd-x64-1_86.lib
-- Installing: D:/TelegramBot/vcpkg_installed/vcpkg/pkgs/boost-random_x64-windows/debug/bin/boost_random-vc143-mt-gd-x64-1_86.dll
-- Installing: D:/TelegramBot/vcpkg_installed/vcpkg/pkgs/boost-random_x64-windows/debug/bin/boost_random-vc143-mt-gd-x64-1_86.pdb
-- Installing: D:/TelegramBot/vcpkg_installed/vcpkg/pkgs/boost-random_x64-windows/debug/lib/cmake/boost_random-1.86.0/boost_random-targets.cmake
-- Installing: D:/TelegramBot/vcpkg_installed/vcpkg/pkgs/boost-random_x64-windows/debug/lib/cmake/boost_random-1.86.0/boost_random-targets-debug.cmake
-- Installing: D:/TelegramBot/vcpkg_installed/vcpkg/pkgs/boost-random_x64-windows/debug/lib/cmake/boost_random-1.86.0/boost_random-config.cmake
-- Installing: D:/TelegramBot/vcpkg_installed/vcpkg/pkgs/boost-random_x64-windows/debug/lib/cmake/boost_random-1.86.0/boost_random-config-version.cmake

