Change Dir: 'D:/TelegramBot/vcpkg_installed/vcpkg/blds/boost-math/x64-windows-rel'

Run Build Command(s): "C:/Program Files/Microsoft Visual Studio/2022/Community/Common7/IDE/CommonExtensions/Microsoft/CMake/Ninja/ninja.exe" -v -v -j9 install
[0/1] C:\WINDOWS\system32\cmd.exe /C "cd /D D:\TelegramBot\vcpkg_installed\vcpkg\blds\boost-math\x64-windows-rel && D:\Software\cmake-4.2.1-windows-x86_64\bin\cmake.exe -P cmake_install.cmake"
-- Install configuration: "Release"
-- Installing: D:/TelegramBot/vcpkg_installed/vcpkg/pkgs/boost-math_x64-windows/include
-- Installing: D:/TelegramBot/vcpkg_installed/vcpkg/pkgs/boost-math_x64-windows/include/boost
-- Installing: D:/TelegramBot/vcpkg_installed/vcpkg/pkgs/boost-math_x64-windows/include/boost/cstdfloat.hpp
-- Installing: D:/TelegramBot/vcpkg_installed/vcpkg/pkgs/boost-math_x64-windows/include/boost/math
-- Installing: D:/TelegramBot/vcpkg_installed/vcpkg/pkgs/boost-math_x64-windows/include/boost/math/bindings
-- Installing: D:/TelegramBot/vcpkg_installed/vcpkg/pkgs/boost-math_x64-windows/include/boost/math/bindings/detail
-- Installing: D:/TelegramBot/vcpkg_installed/vcpkg/pkgs/boost-math_x64-windows/include/boost/math/bindings/detail/big_digamma.hpp
-- Installing: D:/TelegramBot/vcpkg_installed/vcpkg/pkgs/boost-math_x64-windows/include/boost/math/bindings/detail/big_lanczos.hpp
-- Installing: D:/TelegramBot/vcpkg_installed/vcpkg/pkgs/boost-math_x64-windows/include/boost/math/bindings/mpfr.hpp
-- Installing: D:/TelegramBot/vcpkg_installed/vcpkg/pkgs/boost-math_x64-windows/include/boost/math/bindings/mpreal.hpp
-- Installing: D:/TelegramBot/vcpkg_installed/vcpkg/pkgs/boost-math_x64-windows/include/boost/math/bindings/rr.hpp
-- Installing: D:/TelegramBot/vcpkg_installed/vcpkg/pkgs/boost-math_x64-windows/include/boost/math/ccmath
-- Installing: D:/TelegramBot/vcpkg_installed/vcpkg/pkgs/boost-math_x64-windows/include/boost/math/ccmath/abs.hpp
-- Installing: D:/TelegramBot/vcpkg_installed/vcpkg/pkgs/boost-math_x64-windows/include/boost/math/ccmath/ccmath.hpp
-- Installing: D:/TelegramBot/vcpkg_installed/vcpkg/pkgs/boost-math_x64-windows/include/boost/math/ccmath/ceil.hpp
-- Installing: D:/TelegramBot/vcpkg_installed/vcpkg/pkgs/boost-math_x64-windows/include/boost/math/ccmath/copysign.hpp
-- Installing: D:/TelegramBot/vcpkg_installed/vcpkg/pkgs/boost-math_x64-windows/include/boost/math/ccmath/detail
-- Installing: D:/TelegramBot/vcpkg_installed/vcpkg/pkgs/boost-math_x64-windows/include/boost/math/ccmath/detail/config.hpp
-- Installing: D:/TelegramBot/vcpkg_installed/vcpkg/pkgs/boost-math_x64-windows/include/boost/math/ccmath/detail/swap.hpp
-- Installing: D:/TelegramBot/vcpkg_installed/vcpkg/pkgs/boost-math_x64-windows/include/boost/math/ccmath/div.hpp
-- Installing: D:/TelegramBot/vcpkg_installed/vcpkg/pkgs/boost-math_x64-windows/include/boost/math/ccmath/fabs.hpp
-- Installing: D:/TelegramBot/vcpkg_installed/vcpkg/pkgs/boost-math_x64-windows/include/boost/math/ccmath/fdim.hpp
-- Installing: D:/TelegramBot/vcpkg_installed/vcpkg/pkgs/boost-math_x64-windows/include/boost/math/ccmath/floor.hpp
-- Installing: D:/TelegramBot/vcpkg_installed/vcpkg/pkgs/boost-math_x64-windows/include/boost/math/ccmath/fma.hpp
-- Installing: D:/TelegramBot/vcpkg_installed/vcpkg/pkgs/boost-math_x64-windows/include/boost/math/ccmath/fmax.hpp
-- Installing: D:/TelegramBot/vcpkg_installed/vcpkg/pkgs/boost-math_x64-windows/include/boost/math/ccmath/fmin.hpp
-- Installing: D:/TelegramBot/vcpkg_installed/vcpkg/pkgs/boost-math_x64-windows/include/boost/math/ccmath/fmod.hpp
-- Installing: D:/TelegramBot/vcpkg_installed/vcpkg/pkgs/boost-math_x64-windows/include/boost/math/ccmath/fpclassify.hpp
-- Installing: D:/TelegramBot/vcpkg_installed/vcpkg/pkgs/boost-math_x64-windows/include/boost/math/ccmath/frexp.hpp
-- Installing: D:/TelegramBot/vcpkg_installed/vcpkg/pkgs/boost-math_x64-windows/include/boost/math/ccmath/hypot.hpp
-- Installing: D:/TelegramBot/vcpkg_installed/vcpkg/pkgs/boost-math_x64-windows/include/boost/math/ccmath/ilogb.hpp
-- Installing: D:/TelegramBot/vcpkg_installed/vcpkg/pkgs/boost-math_x64-windows/include/boost/math/ccmath/isfinite.hpp
-- Installing: D:/TelegramBot/vcpkg_installed/vcpkg/pkgs/boost-math_x64-windows/include/boost/math/ccmath/isgreater.hpp
-- Installing: D:/TelegramBot/vcpkg_installed/vcpkg/pkgs/boost-math_x64-windows/include/boost/math/ccmath/isgreaterequal.hpp
-- Installing: D:/TelegramBot/vcpkg_installed/vcpkg/pkgs/boost-math_x64-windows/include/boost/math/ccmath/isinf.hpp
-- Installing: D:/TelegramBot/vcpkg_installed/vcpkg/pkgs/boost-math_x64-windows/include/boost/math/ccmath/isless.hpp
-- Installing: D:/TelegramBot/vcpkg_installed/vcpkg/pkgs/boost-math_x64-windows/include/boost/math/ccmath/islessequal.hpp
-- Installing: D:/TelegramBot/vcpkg_installed/vcpkg/pkgs/boost-math_x64-windows/include/boost/math/ccmath/isnan.hpp
-- Installing: D:/TelegramBot/vcpkg_installed/vcpkg/pkgs/boost-math_x64-windows/include/boost/math/ccmath/isnormal.hpp
-- Installing: D:/TelegramBot/vcpkg_installed/vcpkg/pkgs/boost-math_x64-windows/include/boost/math/ccmath/isunordered.hpp
-- Installing: D:/TelegramBot/vcpkg_installed/vcpkg/pkgs/boost-math_x64-windows/include/boost/math/ccmath/ldexp.hpp
-- Installing: D:/TelegramBot/vcpkg_installed/vcpkg/pkgs/boost-math_x64-windows/include/boost/math/ccmath/logb.hpp
-- Installing: D:/TelegramBot/vcpkg_installed/vcpkg/pkgs/boost-math_x64-windows/include/boost/math/ccmath/modf.hpp
-- Installing: D:/TelegramBot/vcpkg_installed/vcpkg/pkgs/boost-math_x64-windows/include/boost/math/ccmath/next.hpp
-- Installing: D:/TelegramBot/vcpkg_installed/vcpkg/pkgs/boost-math_x64-windows/include/boost/math/ccmath/remainder.hpp
-- Installing: D:/TelegramBot/vcpkg_installed/vcpkg/pkgs/boost-math_x64-windows/include/boost/math/ccmath/round.hpp
-- Installing: D:/TelegramBot/vcpkg_installed/vcpkg/pkgs/boost-math_x64-windows/include/boost/math/ccmath/scalbln.hpp
-- Installing: D:/TelegramBot/vcpkg_installed/vcpkg/pkgs/boost-math_x64-windows/include/boost/math/ccmath/scalbn.hpp
-- Installing: D:/TelegramBot/vcpkg_installed/vcpkg/pkgs/boost-math_x64-windows/include/boost/math/ccmath/signbit.hpp
-- Installing: D:/TelegramBot/vcpkg_installed/vcpkg/pkgs/boost-math_x64-windows/include/boost/math/ccmath/sqrt.hpp
-- Installing: D:/TelegramBot/vcpkg_installed/vcpkg/pkgs/boost-math_x64-windows/include/boost/math/ccmath/trunc.hpp
-- Installing: D:/TelegramBot/vcpkg_installed/vcpkg/pkgs/boost-math_x64-windows/include/boost/math/common_factor.hpp
-- Installing: D:/TelegramBot/vcpkg_installed/vcpkg/pkgs/boost-math_x64-windows/include/boost/math/common_factor_ct.hpp
-- Installing: D:/TelegramBot/vcpkg_installed/vcpkg/pkgs/boost-math_x64-windows/include/boost/math/common_factor_rt.hpp
-- Installing: D:/TelegramBot/vcpkg_installed/vcpkg/pkgs/boost-math_x64-windows/include/boost/math/complex
-- Installing: D:/TelegramBot/vcpkg_installed/vcpkg/pkgs/boost-math_x64-windows/include/boost/math/complex/acos.hpp
-- Installing: D:/TelegramBot/vcpkg_installed/vcpkg/pkgs/boost-math_x64-windows/include/boost/math/complex/acosh.hpp
-- Installing: D:/TelegramBot/vcpkg_installed/vcpkg/pkgs/boost-math_x64-windows/include/boost/math/complex/asin.hpp
-- Installing: D:/TelegramBot/vcpkg_installed/vcpkg/pkgs/boost-math_x64-windows/include/boost/math/complex/asinh.hpp
-- Installing: D:/TelegramBot/vcpkg_installed/vcpkg/pkgs/boost-math_x64-windows/include/boost/math/complex/atan.hpp
-- Installing: D:/TelegramBot/vcpkg_installed/vcpkg/pkgs/boost-math_x64-windows/include/boost/math/complex/atanh.hpp
-- Installing: D:/TelegramBot/vcpkg_installed/vcpkg/pkgs/boost-math_x64-windows/include/boost/math/complex/details.hpp
-- Installing: D:/TelegramBot/vcpkg_installed/vcpkg/pkgs/boost-math_x64-windows/include/boost/math/complex/fabs.hpp
-- Installing: D:/TelegramBot/vcpkg_installed/vcpkg/pkgs/boost-math_x64-windows/include/boost/math/complex.hpp
-- Installing: D:/TelegramBot/vcpkg_installed/vcpkg/pkgs/boost-math_x64-windows/include/boost/math/concepts
-- Installing: D:/TelegramBot/vcpkg_installed/vcpkg/pkgs/boost-math_x64-windows/include/boost/math/concepts/distributions.hpp
-- Installing: D:/TelegramBot/vcpkg_installed/vcpkg/pkgs/boost-math_x64-windows/include/boost/math/concepts/real_concept.hpp
-- Installing: D:/TelegramBot/vcpkg_installed/vcpkg/pkgs/boost-math_x64-windows/include/boost/math/concepts/real_type_concept.hpp
-- Installing: D:/TelegramBot/vcpkg_installed/vcpkg/pkgs/boost-math_x64-windows/include/boost/math/concepts/std_real_concept.hpp
-- Installing: D:/TelegramBot/vcpkg_installed/vcpkg/pkgs/boost-math_x64-windows/include/boost/math/constants
-- Installing: D:/TelegramBot/vcpkg_installed/vcpkg/pkgs/boost-math_x64-windows/include/boost/math/constants/calculate_constants.hpp
-- Installing: D:/TelegramBot/vcpkg_installed/vcpkg/pkgs/boost-math_x64-windows/include/boost/math/constants/constants.hpp
-- Installing: D:/TelegramBot/vcpkg_installed/vcpkg/pkgs/boost-math_x64-windows/include/boost/math/constants/info.hpp
-- Installing: D:/TelegramBot/vcpkg_installed/vcpkg/pkgs/boost-math_x64-windows/include/boost/math/cstdfloat
-- Installing: D:/TelegramBot/vcpkg_installed/vcpkg/pkgs/boost-math_x64-windows/include/boost/math/cstdfloat/cstdfloat_cmath.hpp
-- Installing: D:/TelegramBot/vcpkg_installed/vcpkg/pkgs/boost-math_x64-windows/include/boost/math/cstdfloat/cstdfloat_complex.hpp
-- Installing: D:/TelegramBot/vcpkg_installed/vcpkg/pkgs/boost-math_x64-windows/include/boost/math/cstdfloat/cstdfloat_complex_std.hpp
-- Installing: D:/TelegramBot/vcpkg_installed/vcpkg/pkgs/boost-math_x64-windows/include/boost/math/cstdfloat/cstdfloat_iostream.hpp
-- Installing: D:/TelegramBot/vcpkg_installed/vcpkg/pkgs/boost-math_x64-windows/include/boost/math/cstdfloat/cstdfloat_limits.hpp
-- Installing: D:/TelegramBot/vcpkg_installed/vcpkg/pkgs/boost-math_x64-windows/include/boost/math/cstdfloat/cstdfloat_types.hpp
-- Installing: D:/TelegramBot/vcpkg_installed/vcpkg/pkgs/boost-math_x64-windows/include/boost/math/differentiation
-- Installing: D:/TelegramBot/vcpkg_installed/vcpkg/pkgs/boost-math_x64-windows/include/boost/math/differentiation/autodiff.hpp
-- Installing: D:/TelegramBot/vcpkg_installed/vcpkg/pkgs/boost-math_x64-windows/include/boost/math/differentiation/autodiff_cpp11.hpp
-- Installing: D:/TelegramBot/vcpkg_installed/vcpkg/pkgs/boost-math_x64-windows/include/boost/math/differentiation/finite_difference.hpp
-- Installing: D:/TelegramBot/vcpkg_installed/vcpkg/pkgs/boost-math_x64-windows/include/boost/math/differentiation/lanczos_smoothing.hpp
-- Installing: D:/TelegramBot/vcpkg_installed/vcpkg/pkgs/boost-math_x64-windows/include/boost/math/distributions
-- Installing: D:/TelegramBot/vcpkg_installed/vcpkg/pkgs/boost-math_x64-windows/include/boost/math/distributions/arcsine.hpp
-- Installing: D:/TelegramBot/vcpkg_installed/vcpkg/pkgs/boost-math_x64-windows/include/boost/math/distributions/bernoulli.hpp
-- Installing: D:/TelegramBot/vcpkg_installed/vcpkg/pkgs/boost-math_x64-windows/include/boost/math/distributions/beta.hpp
-- Installing: D:/TelegramBot/vcpkg_installed/vcpkg/pkgs/boost-math_x64-windows/include/boost/math/distributions/binomial.hpp
-- Installing: D:/TelegramBot/vcpkg_installed/vcpkg/pkgs/boost-math_x64-windows/include/boost/math/distributions/cauchy.hpp
-- Installing: D:/TelegramBot/vcpkg_installed/vcpkg/pkgs/boost-math_x64-windows/include/boost/math/distributions/chi_squared.hpp
-- Installing: D:/TelegramBot/vcpkg_installed/vcpkg/pkgs/boost-math_x64-windows/include/boost/math/distributions/complement.hpp
-- Installing: D:/TelegramBot/vcpkg_installed/vcpkg/pkgs/boost-math_x64-windows/include/boost/math/distributions/detail
-- Installing: D:/TelegramBot/vcpkg_installed/vcpkg/pkgs/boost-math_x64-windows/include/boost/math/distributions/detail/common_error_handling.hpp
-- Installing: D:/TelegramBot/vcpkg_installed/vcpkg/pkgs/boost-math_x64-windows/include/boost/math/distributions/detail/derived_accessors.hpp
-- Installing: D:/TelegramBot/vcpkg_installed/vcpkg/pkgs/boost-math_x64-windows/include/boost/math/distributions/detail/generic_mode.hpp
-- Installing: D:/TelegramBot/vcpkg_installed/vcpkg/pkgs/boost-math_x64-windows/include/boost/math/distributions/detail/generic_quantile.hpp
-- Installing: D:/TelegramBot/vcpkg_installed/vcpkg/pkgs/boost-math_x64-windows/include/boost/math/distributions/detail/hypergeometric_cdf.hpp
-- Installing: D:/TelegramBot/vcpkg_installed/vcpkg/pkgs/boost-math_x64-windows/include/boost/math/distributions/detail/hypergeometric_pdf.hpp
-- Installing: D:/TelegramBot/vcpkg_installed/vcpkg/pkgs/boost-math_x64-windows/include/boost/math/distributions/detail/hypergeometric_quantile.hpp
-- Installing: D:/TelegramBot/vcpkg_installed/vcpkg/pkgs/boost-math_x64-windows/include/boost/math/distributions/detail/inv_discrete_quantile.hpp
-- Installing: D:/TelegramBot/vcpkg_installed/vcpkg/pkgs/boost-math_x64-windows/include/boost/math/distributions/empirical_cumulative_distribution_function.hpp
-- Installing: D:/TelegramBot/vcpkg_installed/vcpkg/pkgs/boost-math_x64-windows/include/boost/math/distributions/exponential.hpp
-- Installing: D:/TelegramBot/vcpkg_installed/vcpkg/pkgs/boost-math_x64-windows/include/boost/math/distributions/extreme_value.hpp
-- Installing: D:/TelegramBot/vcpkg_installed/vcpkg/pkgs/boost-math_x64-windows/include/boost/math/distributions/find_location.hpp
-- Installing: D:/TelegramBot/vcpkg_installed/vcpkg/pkgs/boost-math_x64-windows/include/boost/math/distributions/find_scale.hpp
-- Installing: D:/TelegramBot/vcpkg_installed/vcpkg/pkgs/boost-math_x64-windows/include/boost/math/distributions/fisher_f.hpp
-- Installing: D:/TelegramBot/vcpkg_installed/vcpkg/pkgs/boost-math_x64-windows/include/boost/math/distributions/fwd.hpp
-- Installing: D:/TelegramBot/vcpkg_installed/vcpkg/pkgs/boost-math_x64-windows/include/boost/math/distributions/gamma.hpp
-- Installing: D:/TelegramBot/vcpkg_installed/vcpkg/pkgs/boost-math_x64-windows/include/boost/math/distributions/geometric.hpp
-- Installing: D:/TelegramBot/vcpkg_installed/vcpkg/pkgs/boost-math_x64-windows/include/boost/math/distributions/hyperexponential.hpp
-- Installing: D:/TelegramBot/vcpkg_installed/vcpkg/pkgs/boost-math_x64-windows/include/boost/math/distributions/hypergeometric.hpp
-- Installing: D:/TelegramBot/vcpkg_installed/vcpkg/pkgs/boost-math_x64-windows/include/boost/math/distributions/inverse_chi_squared.hpp
-- Installing: D:/TelegramBot/vcpkg_installed/vcpkg/pkgs/boost-math_x64-windows/include/boost/math/distributions/inverse_gamma.hpp
-- Installing: D:/TelegramBot/vcpkg_installed/vcpkg/pkgs/boost-math_x64-windows/include/boost/math/distributions/inverse_gaussian.hpp
-- Installing: D:/TelegramBot/vcpkg_installed/vcpkg/pkgs/boost-math_x64-windows/include/boost/math/distributions/kolmogorov_smirnov.hpp
-- Installing: D:/TelegramBot/vcpkg_installed/vcpkg/pkgs/boost-math_x64-windows/include/boost/math/distributions/laplace.hpp
-- Installing: D:/TelegramBot/vcpkg_installed/vcpkg/pkgs/boost-math_x64-windows/include/boost/math/distributions/logistic.hpp
-- Installing: D:/TelegramBot/vcpkg_installed/vcpkg/pkgs/boost-math_x64-windows/include/boost/math/distributions/lognormal.hpp
-- Installing: D:/TelegramBot/vcpkg_installed/vcpkg/pkgs/boost-math_x64-windows/include/boost/math/distributions/negative_binomial.hpp
-- Installing: D:/TelegramBot/vcpkg_installed/vcpkg/pkgs/boost-math_x64-windows/include/boost/math/distributions/non_central_beta.hpp
-- Installing: D:/TelegramBot/vcpkg_installed/vcpkg/pkgs/boost-math_x64-windows/include/boost/math/distributions/non_central_chi_squared.hpp
-- Installing: D:/TelegramBot/vcpkg_installed/vcpkg/pkgs/boost-math_x64-windows/include/boost/math/distributions/non_central_f.hpp
-- Installing: D:/TelegramBot/vcpkg_installed/vcpkg/pkgs/boost-math_x64-windows/include/boost/math/distributions/non_central_t.hpp
-- Installing: D:/TelegramBot/vcpkg_installed/vcpkg/pkgs/boost-math_x64-windows/include/boost/math/distributions/normal.hpp
-- Installing: D:/TelegramBot/vcpkg_installed/vcpkg/pkgs/boost-math_x64-windows/include/boost/math/distributions/pareto.hpp
-- Installing: D:/TelegramBot/vcpkg_installed/vcpkg/pkgs/boost-math_x64-windows/include/boost/math/distributions/poisson.hpp
-- Installing: D:/TelegramBot/vcpkg_installed/vcpkg/pkgs/boost-math_x64-windows/include/boost/math/distributions/rayleigh.hpp
-- Installing: D:/TelegramBot/vcpkg_installed/vcpkg/pkgs/boost-math_x64-windows/include/boost/math/distributions/skew_normal.hpp
-- Installing: D:/TelegramBot/vcpkg_installed/vcpkg/pkgs/boost-math_x64-windows/include/boost/math/distributions/students_t.hpp
-- Installing: D:/TelegramBot/vcpkg_installed/vcpkg/pkgs/boost-math_x64-windows/include/boost/math/distributions/triangular.hpp
-- Installing: D:/TelegramBot/vcpkg_installed/vcpkg/pkgs/boost-math_x64-windows/include/boost/math/distributions/uniform.hpp
-- Installing: D:/TelegramBot/vcpkg_installed/vcpkg/pkgs/boost-math_x64-windows/include/boost/math/distributions/weibull.hpp
-- Installing: D:/TelegramBot/vcpkg_installed/vcpkg/pkgs/boost-math_x64-windows/include/boost/math/distributions.hpp
-- Installing: D:/TelegramBot/vcpkg_installed/vcpkg/pkgs/boost-math_x64-windows/include/boost/math/filters
-- Installing: D:/TelegramBot/vcpkg_installed/vcpkg/pkgs/boost-math_x64-windows/include/boost/math/filters/daubechies.hpp
-- Installing: D:/TelegramBot/vcpkg_installed/vcpkg/pkgs/boost-math_x64-windows/include/boost/math/interpolators
-- Installing: D:/TelegramBot/vcpkg_installed/vcpkg/pkgs/boost-math_x64-windows/include/boost/math/interpolators/barycentric_rational.hpp
-- Installing: D:/TelegramBot/vcpkg_installed/vcpkg/pkgs/boost-math_x64-windows/include/boost/math/interpolators/bezier_polynomial.hpp
-- Installing: D:/TelegramBot/vcpkg_installed/vcpkg/pkgs/boost-math_x64-windows/include/boost/math/interpolators/bilinear_uniform.hpp
-- Installing: D:/TelegramBot/vcpkg_installed/vcpkg/pkgs/boost-math_x64-windows/include/boost/math/interpolators/cardinal_cubic_b_spline.hpp
-- Installing: D:/TelegramBot/vcpkg_installed/vcpkg/pkgs/boost-math_x64-windows/include/boost/math/interpolators/cardinal_quadratic_b_spline.hpp
-- Installing: D:/TelegramBot/vcpkg_installed/vcpkg/pkgs/boost-math_x64-windows/include/boost/math/interpolators/cardinal_quintic_b_spline.hpp
-- Installing: D:/TelegramBot/vcpkg_installed/vcpkg/pkgs/boost-math_x64-windows/include/boost/math/interpolators/cardinal_trigonometric.hpp
-- Installing: D:/TelegramBot/vcpkg_installed/vcpkg/pkgs/boost-math_x64-windows/include/boost/math/interpolators/catmull_rom.hpp
-- Installing: D:/TelegramBot/vcpkg_installed/vcpkg/pkgs/boost-math_x64-windows/include/boost/math/interpolators/cubic_b_spline.hpp
-- Installing: D:/TelegramBot/vcpkg_installed/vcpkg/pkgs/boost-math_x64-windows/include/boost/math/interpolators/cubic_hermite.hpp
-- Installing: D:/TelegramBot/vcpkg_installed/vcpkg/pkgs/boost-math_x64-windows/include/boost/math/interpolators/detail
-- Installing: D:/TelegramBot/vcpkg_installed/vcpkg/pkgs/boost-math_x64-windows/include/boost/math/interpolators/detail/barycentric_rational_detail.hpp
-- Installing: D:/TelegramBot/vcpkg_installed/vcpkg/pkgs/boost-math_x64-windows/include/boost/math/interpolators/detail/bezier_polynomial_detail.hpp
-- Installing: D:/TelegramBot/vcpkg_installed/vcpkg/pkgs/boost-math_x64-windows/include/boost/math/interpolators/detail/bilinear_uniform_detail.hpp
-- Installing: D:/TelegramBot/vcpkg_installed/vcpkg/pkgs/boost-math_x64-windows/include/boost/math/interpolators/detail/cardinal_cubic_b_spline_detail.hpp
-- Installing: D:/TelegramBot/vcpkg_installed/vcpkg/pkgs/boost-math_x64-windows/include/boost/math/interpolators/detail/cardinal_quadratic_b_spline_detail.hpp
-- Installing: D:/TelegramBot/vcpkg_installed/vcpkg/pkgs/boost-math_x64-windows/include/boost/math/interpolators/detail/cardinal_quintic_b_spline_detail.hpp
-- Installing: D:/TelegramBot/vcpkg_installed/vcpkg/pkgs/boost-math_x64-windows/include/boost/math/interpolators/detail/cardinal_trigonometric_detail.hpp
-- Installing: D:/TelegramBot/vcpkg_installed/vcpkg/pkgs/boost-math_x64-windows/include/boost/math/interpolators/detail/cubic_b_spline_detail.hpp
-- Installing: D:/TelegramBot/vcpkg_installed/vcpkg/pkgs/boost-math_x64-windows/include/boost/math/interpolators/detail/cubic_hermite_detail.hpp
-- Installing: D:/TelegramBot/vcpkg_installed/vcpkg/pkgs/boost-math_x64-windows/include/boost/math/interpolators/detail/quintic_hermite_detail.hpp
-- Installing: D:/TelegramBot/vcpkg_installed/vcpkg/pkgs/boost-math_x64-windows/include/boost/math/interpolators/detail/septic_hermite_detail.hpp
-- Installing: D:/TelegramBot/vcpkg_installed/vcpkg/pkgs/boost-math_x64-windows/include/boost/math/interpolators/detail/vector_barycentric_rational_detail.hpp
-- Installing: D:/TelegramBot/vcpkg_installed/vcpkg/pkgs/boost-math_x64-windows/include/boost/math/interpolators/detail/whittaker_shannon_detail.hpp
-- Installing: D:/TelegramBot/vcpkg_installed/vcpkg/pkgs/boost-math_x64-windows/include/boost/math/interpolators/makima.hpp
-- Installing: D:/TelegramBot/vcpkg_installed/vcpkg/pkgs/boost-math_x64-windows/include/boost/math/interpolators/pchip.hpp
-- Installing: D:/TelegramBot/vcpkg_installed/vcpkg/pkgs/boost-math_x64-windows/include/boost/math/interpolators/quintic_hermite.hpp
-- Installing: D:/TelegramBot/vcpkg_installed/vcpkg/pkgs/boost-math_x64-windows/include/boost/math/interpolators/septic_hermite.hpp
-- Installing: D:/TelegramBot/vcpkg_installed/vcpkg/pkgs/boost-math_x64-windows/include/boost/math/interpolators/vector_barycentric_rational.hpp
-- Installing: D:/TelegramBot/vcpkg_installed/vcpkg/pkgs/boost-math_x64-windows/include/boost/math/interpolators/whittaker_shannon.hpp
-- Installing: D:/TelegramBot/vcpkg_installed/vcpkg/pkgs/boost-math_x64-windows/include/boost/math/octonion.hpp
-- Installing: D:/TelegramBot/vcpkg_installed/vcpkg/pkgs/boost-math_x64-windows/include/boost/math/optimization
-- Installing: D:/TelegramBot/vcpkg_installed/vcpkg/pkgs/boost-math_x64-windows/include/boost/math/optimization/cma_es.hpp
-- Installing: D:/TelegramBot/vcpkg_installed/vcpkg/pkgs/boost-math_x64-windows/include/boost/math/optimization/detail
-- Installing: D:/TelegramBot/vcpkg_installed/vcpkg/pkgs/boost-math_x64-windows/include/boost/math/optimization/detail/common.hpp
-- Installing: D:/TelegramBot/vcpkg_installed/vcpkg/pkgs/boost-math_x64-windows/include/boost/math/optimization/differential_evolution.hpp
-- Installing: D:/TelegramBot/vcpkg_installed/vcpkg/pkgs/boost-math_x64-windows/include/boost/math/optimization/jso.hpp
-- Installing: D:/TelegramBot/vcpkg_installed/vcpkg/pkgs/boost-math_x64-windows/include/boost/math/optimization/random_search.hpp
-- Installing: D:/TelegramBot/vcpkg_installed/vcpkg/pkgs/boost-math_x64-windows/include/boost/math/policies
-- Installing: D:/TelegramBot/vcpkg_installed/vcpkg/pkgs/boost-math_x64-windows/include/boost/math/policies/error_handling.hpp
-- Installing: D:/TelegramBot/vcpkg_installed/vcpkg/pkgs/boost-math_x64-windows/include/boost/math/policies/policy.hpp
-- Installing: D:/TelegramBot/vcpkg_installed/vcpkg/pkgs/boost-math_x64-windows/include/boost/math/quadrature
-- Installing: D:/TelegramBot/vcpkg_installed/vcpkg/pkgs/boost-math_x64-windows/include/boost/math/quadrature/detail
-- Installing: D:/TelegramBot/vcpkg_installed/vcpkg/pkgs/boost-math_x64-windows/include/boost/math/quadrature/detail/exp_sinh_detail.hpp
-- Installing: D:/TelegramBot/vcpkg_installed/vcpkg/pkgs/boost-math_x64-windows/include/boost/math/quadrature/detail/ooura_fourier_integrals_detail.hpp
-- Installing: D:/TelegramBot/vcpkg_installed/vcpkg/pkgs/boost-math_x64-windows/include/boost/math/quadrature/detail/sinh_sinh_detail.hpp
-- Installing: D:/TelegramBot/vcpkg_installed/vcpkg/pkgs/boost-math_x64-windows/include/boost/math/quadrature/detail/tanh_sinh_detail.hpp
-- Installing: D:/TelegramBot/vcpkg_installed/vcpkg/pkgs/boost-math_x64-windows/include/boost/math/quadrature/exp_sinh.hpp
-- Installing: D:/TelegramBot/vcpkg_installed/vcpkg/pkgs/boost-math_x64-windows/include/boost/math/quadrature/gauss.hpp
-- Installing: D:/TelegramBot/vcpkg_installed/vcpkg/pkgs/boost-math_x64-windows/include/boost/math/quadrature/gauss_kronrod.hpp
-- Installing: D:/TelegramBot/vcpkg_installed/vcpkg/pkgs/boost-math_x64-windows/include/boost/math/quadrature/naive_monte_carlo.hpp
-- Installing: D:/TelegramBot/vcpkg_installed/vcpkg/pkgs/boost-math_x64-windows/include/boost/math/quadrature/ooura_fourier_integrals.hpp
-- Installing: D:/TelegramBot/vcpkg_installed/vcpkg/pkgs/boost-math_x64-windows/include/boost/math/quadrature/sinh_sinh.hpp
-- Installing: D:/TelegramBot/vcpkg_installed/vcpkg/pkgs/boost-math_x64-windows/include/boost/math/quadrature/tanh_sinh.hpp
-- Installing: D:/TelegramBot/vcpkg_installed/vcpkg/pkgs/boost-math_x64-windows/include/boost/math/quadrature/trapezoidal.hpp
-- Installing: D:/TelegramBot/vcpkg_installed/vcpkg/pkgs/boost-math_x64-windows/include/boost/math/quadrature/wavelet_transforms.hpp
-- Installing: D:/TelegramBot/vcpkg_installed/vcpkg/pkgs/boost-math_x64-windows/include/boost/math/quaternion.hpp
-- Installing: D:/TelegramBot/vcpkg_installed/vcpkg/pkgs/boost-math_x64-windows/include/boost/math/special_functions
-- Installing: D:/TelegramBot/vcpkg_installed/vcpkg/pkgs/boost-math_x64-windows/include/boost/math/special_functions/acosh.hpp
-- Installing: D:/TelegramBot/vcpkg_installed/vcpkg/pkgs/boost-math_x64-windows/include/boost/math/special_functions/airy.hpp
-- Installing: D:/TelegramBot/vcpkg_installed/vcpkg/pkgs/boost-math_x64-windows/include/boost/math/special_functions/asinh.hpp
-- Installing: D:/TelegramBot/vcpkg_installed/vcpkg/pkgs/boost-math_x64-windows/include/boost/math/special_functions/atanh.hpp
-- Installing: D:/TelegramBot/vcpkg_installed/vcpkg/pkgs/boost-math_x64-windows/include/boost/math/special_functions/bernoulli.hpp
-- Installing: D:/TelegramBot/vcpkg_installed/vcpkg/pkgs/boost-math_x64-windows/include/boost/math/special_functions/bessel.hpp
-- Installing: D:/TelegramBot/vcpkg_installed/vcpkg/pkgs/boost-math_x64-windows/include/boost/math/special_functions/bessel_iterators.hpp
-- Installing: D:/TelegramBot/vcpkg_installed/vcpkg/pkgs/boost-math_x64-windows/include/boost/math/special_functions/bessel_prime.hpp
-- Installing: D:/TelegramBot/vcpkg_installed/vcpkg/pkgs/boost-math_x64-windows/include/boost/math/special_functions/beta.hpp
-- Installing: D:/TelegramBot/vcpkg_installed/vcpkg/pkgs/boost-math_x64-windows/include/boost/math/special_functions/binomial.hpp
-- Installing: D:/TelegramBot/vcpkg_installed/vcpkg/pkgs/boost-math_x64-windows/include/boost/math/special_functions/cardinal_b_spline.hpp
-- Installing: D:/TelegramBot/vcpkg_installed/vcpkg/pkgs/boost-math_x64-windows/include/boost/math/special_functions/cbrt.hpp
-- Installing: D:/TelegramBot/vcpkg_installed/vcpkg/pkgs/boost-math_x64-windows/include/boost/math/special_functions/chebyshev.hpp
-- Installing: D:/TelegramBot/vcpkg_installed/vcpkg/pkgs/boost-math_x64-windows/include/boost/math/special_functions/chebyshev_transform.hpp
-- Installing: D:/TelegramBot/vcpkg_installed/vcpkg/pkgs/boost-math_x64-windows/include/boost/math/special_functions/cos_pi.hpp
-- Installing: D:/TelegramBot/vcpkg_installed/vcpkg/pkgs/boost-math_x64-windows/include/boost/math/special_functions/daubechies_scaling.hpp
-- Installing: D:/TelegramBot/vcpkg_installed/vcpkg/pkgs/boost-math_x64-windows/include/boost/math/special_functions/daubechies_wavelet.hpp
-- Installing: D:/TelegramBot/vcpkg_installed/vcpkg/pkgs/boost-math_x64-windows/include/boost/math/special_functions/detail
-- Installing: D:/TelegramBot/vcpkg_installed/vcpkg/pkgs/boost-math_x64-windows/include/boost/math/special_functions/detail/airy_ai_bi_zero.hpp
-- Installing: D:/TelegramBot/vcpkg_installed/vcpkg/pkgs/boost-math_x64-windows/include/boost/math/special_functions/detail/bernoulli_details.hpp
-- Installing: D:/TelegramBot/vcpkg_installed/vcpkg/pkgs/boost-math_x64-windows/include/boost/math/special_functions/detail/bessel_derivatives_linear.hpp
-- Installing: D:/TelegramBot/vcpkg_installed/vcpkg/pkgs/boost-math_x64-windows/include/boost/math/special_functions/detail/bessel_i0.hpp
-- Installing: D:/TelegramBot/vcpkg_installed/vcpkg/pkgs/boost-math_x64-windows/include/boost/math/special_functions/detail/bessel_i1.hpp
-- Installing: D:/TelegramBot/vcpkg_installed/vcpkg/pkgs/boost-math_x64-windows/include/boost/math/special_functions/detail/bessel_ik.hpp
-- Installing: D:/TelegramBot/vcpkg_installed/vcpkg/pkgs/boost-math_x64-windows/include/boost/math/special_functions/detail/bessel_j0.hpp
-- Installing: D:/TelegramBot/vcpkg_installed/vcpkg/pkgs/boost-math_x64-windows/include/boost/math/special_functions/detail/bessel_j1.hpp
-- Installing: D:/TelegramBot/vcpkg_installed/vcpkg/pkgs/boost-math_x64-windows/include/boost/math/special_functions/detail/bessel_jn.hpp
-- Installing: D:/TelegramBot/vcpkg_installed/vcpkg/pkgs/boost-math_x64-windows/include/boost/math/special_functions/detail/bessel_jy.hpp
-- Installing: D:/TelegramBot/vcpkg_installed/vcpkg/pkgs/boost-math_x64-windows/include/boost/math/special_functions/detail/bessel_jy_asym.hpp
-- Installing: D:/TelegramBot/vcpkg_installed/vcpkg/pkgs/boost-math_x64-windows/include/boost/math/special_functions/detail/bessel_jy_derivatives_asym.hpp
-- Installing: D:/TelegramBot/vcpkg_installed/vcpkg/pkgs/boost-math_x64-windows/include/boost/math/special_functions/detail/bessel_jy_derivatives_series.hpp
-- Installing: D:/TelegramBot/vcpkg_installed/vcpkg/pkgs/boost-math_x64-windows/include/boost/math/special_functions/detail/bessel_jy_series.hpp
-- Installing: D:/TelegramBot/vcpkg_installed/vcpkg/pkgs/boost-math_x64-windows/include/boost/math/special_functions/detail/bessel_jy_zero.hpp
-- Installing: D:/TelegramBot/vcpkg_installed/vcpkg/pkgs/boost-math_x64-windows/include/boost/math/special_functions/detail/bessel_k0.hpp
-- Installing: D:/TelegramBot/vcpkg_installed/vcpkg/pkgs/boost-math_x64-windows/include/boost/math/special_functions/detail/bessel_k1.hpp
-- Installing: D:/TelegramBot/vcpkg_installed/vcpkg/pkgs/boost-math_x64-windows/include/boost/math/special_functions/detail/bessel_kn.hpp
-- Installing: D:/TelegramBot/vcpkg_installed/vcpkg/pkgs/boost-math_x64-windows/include/boost/math/special_functions/detail/bessel_y0.hpp
-- Installing: D:/TelegramBot/vcpkg_installed/vcpkg/pkgs/boost-math_x64-windows/include/boost/math/special_functions/detail/bessel_y1.hpp
-- Installing: D:/TelegramBot/vcpkg_installed/vcpkg/pkgs/boost-math_x64-windows/include/boost/math/special_functions/detail/bessel_yn.hpp
-- Installing: D:/TelegramBot/vcpkg_installed/vcpkg/pkgs/boost-math_x64-windows/include/boost/math/special_functions/detail/daubechies_scaling_integer_grid.hpp
-- Installing: D:/TelegramBot/vcpkg_installed/vcpkg/pkgs/boost-math_x64-windows/include/boost/math/special_functions/detail/erf_inv.hpp
-- Installing: D:/TelegramBot/vcpkg_installed/vcpkg/pkgs/boost-math_x64-windows/include/boost/math/special_functions/detail/fp_traits.hpp
-- Installing: D:/TelegramBot/vcpkg_installed/vcpkg/pkgs/boost-math_x64-windows/include/boost/math/special_functions/detail/gamma_inva.hpp
-- Installing: D:/TelegramBot/vcpkg_installed/vcpkg/pkgs/boost-math_x64-windows/include/boost/math/special_functions/detail/hypergeometric_0F1_bessel.hpp
-- Installing: D:/TelegramBot/vcpkg_installed/vcpkg/pkgs/boost-math_x64-windows/include/boost/math/special_functions/detail/hypergeometric_1F1_addition_theorems_on_z.hpp
-- Installing: D:/TelegramBot/vcpkg_installed/vcpkg/pkgs/boost-math_x64-windows/include/boost/math/special_functions/detail/hypergeometric_1F1_bessel.hpp
-- Installing: D:/TelegramBot/vcpkg_installed/vcpkg/pkgs/boost-math_x64-windows/include/boost/math/special_functions/detail/hypergeometric_1F1_by_ratios.hpp
-- Installing: D:/TelegramBot/vcpkg_installed/vcpkg/pkgs/boost-math_x64-windows/include/boost/math/special_functions/detail/hypergeometric_1F1_cf.hpp
-- Installing: D:/TelegramBot/vcpkg_installed/vcpkg/pkgs/boost-math_x64-windows/include/boost/math/special_functions/detail/hypergeometric_1F1_large_a.hpp
-- Installing: D:/TelegramBot/vcpkg_installed/vcpkg/pkgs/boost-math_x64-windows/include/boost/math/special_functions/detail/hypergeometric_1F1_large_abz.hpp
-- Installing: D:/TelegramBot/vcpkg_installed/vcpkg/pkgs/boost-math_x64-windows/include/boost/math/special_functions/detail/hypergeometric_1F1_negative_b_regions.hpp
-- Installing: D:/TelegramBot/vcpkg_installed/vcpkg/pkgs/boost-math_x64-windows/include/boost/math/special_functions/detail/hypergeometric_1F1_recurrence.hpp
-- Installing: D:/TelegramBot/vcpkg_installed/vcpkg/pkgs/boost-math_x64-windows/include/boost/math/special_functions/detail/hypergeometric_1F1_scaled_series.hpp
-- Installing: D:/TelegramBot/vcpkg_installed/vcpkg/pkgs/boost-math_x64-windows/include/boost/math/special_functions/detail/hypergeometric_1F1_small_a_negative_b_by_ratio.hpp
-- Installing: D:/TelegramBot/vcpkg_installed/vcpkg/pkgs/boost-math_x64-windows/include/boost/math/special_functions/detail/hypergeometric_asym.hpp
-- Installing: D:/TelegramBot/vcpkg_installed/vcpkg/pkgs/boost-math_x64-windows/include/boost/math/special_functions/detail/hypergeometric_cf.hpp
-- Installing: D:/TelegramBot/vcpkg_installed/vcpkg/pkgs/boost-math_x64-windows/include/boost/math/special_functions/detail/hypergeometric_pade.hpp
-- Installing: D:/TelegramBot/vcpkg_installed/vcpkg/pkgs/boost-math_x64-windows/include/boost/math/special_functions/detail/hypergeometric_pFq_checked_series.hpp
-- Installing: D:/TelegramBot/vcpkg_installed/vcpkg/pkgs/boost-math_x64-windows/include/boost/math/special_functions/detail/hypergeometric_rational.hpp
-- Installing: D:/TelegramBot/vcpkg_installed/vcpkg/pkgs/boost-math_x64-windows/include/boost/math/special_functions/detail/hypergeometric_separated_series.hpp
-- Installing: D:/TelegramBot/vcpkg_installed/vcpkg/pkgs/boost-math_x64-windows/include/boost/math/special_functions/detail/hypergeometric_series.hpp
-- Installing: D:/TelegramBot/vcpkg_installed/vcpkg/pkgs/boost-math_x64-windows/include/boost/math/special_functions/detail/ibeta_inverse.hpp
-- Installing: D:/TelegramBot/vcpkg_installed/vcpkg/pkgs/boost-math_x64-windows/include/boost/math/special_functions/detail/ibeta_inv_ab.hpp
-- Installing: D:/TelegramBot/vcpkg_installed/vcpkg/pkgs/boost-math_x64-windows/include/boost/math/special_functions/detail/iconv.hpp
-- Installing: D:/TelegramBot/vcpkg_installed/vcpkg/pkgs/boost-math_x64-windows/include/boost/math/special_functions/detail/igamma_inverse.hpp
-- Installing: D:/TelegramBot/vcpkg_installed/vcpkg/pkgs/boost-math_x64-windows/include/boost/math/special_functions/detail/igamma_large.hpp
-- Installing: D:/TelegramBot/vcpkg_installed/vcpkg/pkgs/boost-math_x64-windows/include/boost/math/special_functions/detail/lambert_w_lookup_table.ipp
-- Installing: D:/TelegramBot/vcpkg_installed/vcpkg/pkgs/boost-math_x64-windows/include/boost/math/special_functions/detail/lanczos_sse2.hpp
-- Installing: D:/TelegramBot/vcpkg_installed/vcpkg/pkgs/boost-math_x64-windows/include/boost/math/special_functions/detail/lgamma_small.hpp
-- Installing: D:/TelegramBot/vcpkg_installed/vcpkg/pkgs/boost-math_x64-windows/include/boost/math/special_functions/detail/polygamma.hpp
-- Installing: D:/TelegramBot/vcpkg_installed/vcpkg/pkgs/boost-math_x64-windows/include/boost/math/special_functions/detail/round_fwd.hpp
-- Installing: D:/TelegramBot/vcpkg_installed/vcpkg/pkgs/boost-math_x64-windows/include/boost/math/special_functions/detail/t_distribution_inv.hpp
-- Installing: D:/TelegramBot/vcpkg_installed/vcpkg/pkgs/boost-math_x64-windows/include/boost/math/special_functions/detail/unchecked_bernoulli.hpp
-- Installing: D:/TelegramBot/vcpkg_installed/vcpkg/pkgs/boost-math_x64-windows/include/boost/math/special_functions/detail/unchecked_factorial.hpp
-- Installing: D:/TelegramBot/vcpkg_installed/vcpkg/pkgs/boost-math_x64-windows/include/boost/math/special_functions/digamma.hpp
-- Installing: D:/TelegramBot/vcpkg_installed/vcpkg/pkgs/boost-math_x64-windows/include/boost/math/special_functions/ellint_1.hpp
-- Installing: D:/TelegramBot/vcpkg_installed/vcpkg/pkgs/boost-math_x64-windows/include/boost/math/special_functions/ellint_2.hpp
-- Installing: D:/TelegramBot/vcpkg_installed/vcpkg/pkgs/boost-math_x64-windows/include/boost/math/special_functions/ellint_3.hpp
-- Installing: D:/TelegramBot/vcpkg_installed/vcpkg/pkgs/boost-math_x64-windows/include/boost/math/special_functions/ellint_d.hpp
-- Installing: D:/TelegramBot/vcpkg_installed/vcpkg/pkgs/boost-math_x64-windows/include/boost/math/special_functions/ellint_rc.hpp
-- Installing: D:/TelegramBot/vcpkg_installed/vcpkg/pkgs/boost-math_x64-windows/include/boost/math/special_functions/ellint_rd.hpp
-- Installing: D:/TelegramBot/vcpkg_installed/vcpkg/pkgs/boost-math_x64-windows/include/boost/math/special_functions/ellint_rf.hpp
-- Installing: D:/TelegramBot/vcpkg_installed/vcpkg/pkgs/boost-math_x64-windows/include/boost/math/special_functions/ellint_rg.hpp
-- Installing: D:/TelegramBot/vcpkg_installed/vcpkg/pkgs/boost-math_x64-windows/include/boost/math/special_functions/ellint_rj.hpp
-- Installing: D:/TelegramBot/vcpkg_installed/vcpkg/pkgs/boost-math_x64-windows/include/boost/math/special_functions/erf.hpp
-- Installing: D:/TelegramBot/vcpkg_installed/vcpkg/pkgs/boost-math_x64-windows/include/boost/math/special_functions/expint.hpp
-- Installing: D:/TelegramBot/vcpkg_installed/vcpkg/pkgs/boost-math_x64-windows/include/boost/math/special_functions/expm1.hpp
-- Installing: D:/TelegramBot/vcpkg_installed/vcpkg/pkgs/boost-math_x64-windows/include/boost/math/special_functions/factorials.hpp
-- Installing: D:/TelegramBot/vcpkg_installed/vcpkg/pkgs/boost-math_x64-windows/include/boost/math/special_functions/fibonacci.hpp
-- Installing: D:/TelegramBot/vcpkg_installed/vcpkg/pkgs/boost-math_x64-windows/include/boost/math/special_functions/fourier_transform_daubechies.hpp
-- Installing: D:/TelegramBot/vcpkg_installed/vcpkg/pkgs/boost-math_x64-windows/include/boost/math/special_functions/fpclassify.hpp
-- Installing: D:/TelegramBot/vcpkg_installed/vcpkg/pkgs/boost-math_x64-windows/include/boost/math/special_functions/gamma.hpp
-- Installing: D:/TelegramBot/vcpkg_installed/vcpkg/pkgs/boost-math_x64-windows/include/boost/math/special_functions/gegenbauer.hpp
-- Installing: D:/TelegramBot/vcpkg_installed/vcpkg/pkgs/boost-math_x64-windows/include/boost/math/special_functions/hankel.hpp
-- Installing: D:/TelegramBot/vcpkg_installed/vcpkg/pkgs/boost-math_x64-windows/include/boost/math/special_functions/hermite.hpp
-- Installing: D:/TelegramBot/vcpkg_installed/vcpkg/pkgs/boost-math_x64-windows/include/boost/math/special_functions/heuman_lambda.hpp
-- Installing: D:/TelegramBot/vcpkg_installed/vcpkg/pkgs/boost-math_x64-windows/include/boost/math/special_functions/hypergeometric_0F1.hpp
-- Installing: D:/TelegramBot/vcpkg_installed/vcpkg/pkgs/boost-math_x64-windows/include/boost/math/special_functions/hypergeometric_1F0.hpp
-- Installing: D:/TelegramBot/vcpkg_installed/vcpkg/pkgs/boost-math_x64-windows/include/boost/math/special_functions/hypergeometric_1F1.hpp
-- Installing: D:/TelegramBot/vcpkg_installed/vcpkg/pkgs/boost-math_x64-windows/include/boost/math/special_functions/hypergeometric_2F0.hpp
-- Installing: D:/TelegramBot/vcpkg_installed/vcpkg/pkgs/boost-math_x64-windows/include/boost/math/special_functions/hypergeometric_pFq.hpp
-- Installing: D:/TelegramBot/vcpkg_installed/vcpkg/pkgs/boost-math_x64-windows/include/boost/math/special_functions/hypot.hpp
-- Installing: D:/TelegramBot/vcpkg_installed/vcpkg/pkgs/boost-math_x64-windows/include/boost/math/special_functions/jacobi.hpp
-- Installing: D:/TelegramBot/vcpkg_installed/vcpkg/pkgs/boost-math_x64-windows/include/boost/math/special_functions/jacobi_elliptic.hpp
-- Installing: D:/TelegramBot/vcpkg_installed/vcpkg/pkgs/boost-math_x64-windows/include/boost/math/special_functions/jacobi_theta.hpp
-- Installing: D:/TelegramBot/vcpkg_installed/vcpkg/pkgs/boost-math_x64-windows/include/boost/math/special_functions/jacobi_zeta.hpp
-- Installing: D:/TelegramBot/vcpkg_installed/vcpkg/pkgs/boost-math_x64-windows/include/boost/math/special_functions/laguerre.hpp
-- Installing: D:/TelegramBot/vcpkg_installed/vcpkg/pkgs/boost-math_x64-windows/include/boost/math/special_functions/lambert_w.hpp
-- Installing: D:/TelegramBot/vcpkg_installed/vcpkg/pkgs/boost-math_x64-windows/include/boost/math/special_functions/lanczos.hpp
-- Installing: D:/TelegramBot/vcpkg_installed/vcpkg/pkgs/boost-math_x64-windows/include/boost/math/special_functions/legendre.hpp
-- Installing: D:/TelegramBot/vcpkg_installed/vcpkg/pkgs/boost-math_x64-windows/include/boost/math/special_functions/legendre_stieltjes.hpp
-- Installing: D:/TelegramBot/vcpkg_installed/vcpkg/pkgs/boost-math_x64-windows/include/boost/math/special_functions/log1p.hpp
-- Installing: D:/TelegramBot/vcpkg_installed/vcpkg/pkgs/boost-math_x64-windows/include/boost/math/special_functions/logaddexp.hpp
-- Installing: D:/TelegramBot/vcpkg_installed/vcpkg/pkgs/boost-math_x64-windows/include/boost/math/special_functions/logsumexp.hpp
-- Installing: D:/TelegramBot/vcpkg_installed/vcpkg/pkgs/boost-math_x64-windows/include/boost/math/special_functions/math_fwd.hpp
-- Installing: D:/TelegramBot/vcpkg_installed/vcpkg/pkgs/boost-math_x64-windows/include/boost/math/special_functions/modf.hpp
-- Installing: D:/TelegramBot/vcpkg_installed/vcpkg/pkgs/boost-math_x64-windows/include/boost/math/special_functions/next.hpp
-- Installing: D:/TelegramBot/vcpkg_installed/vcpkg/pkgs/boost-math_x64-windows/include/boost/math/special_functions/nonfinite_num_facets.hpp
-- Installing: D:/TelegramBot/vcpkg_installed/vcpkg/pkgs/boost-math_x64-windows/include/boost/math/special_functions/owens_t.hpp
-- Installing: D:/TelegramBot/vcpkg_installed/vcpkg/pkgs/boost-math_x64-windows/include/boost/math/special_functions/polygamma.hpp
-- Installing: D:/TelegramBot/vcpkg_installed/vcpkg/pkgs/boost-math_x64-windows/include/boost/math/special_functions/pow.hpp
-- Installing: D:/TelegramBot/vcpkg_installed/vcpkg/pkgs/boost-math_x64-windows/include/boost/math/special_functions/powm1.hpp
-- Installing: D:/TelegramBot/vcpkg_installed/vcpkg/pkgs/boost-math_x64-windows/include/boost/math/special_functions/prime.hpp
-- Installing: D:/TelegramBot/vcpkg_installed/vcpkg/pkgs/boost-math_x64-windows/include/boost/math/special_functions/relative_difference.hpp
-- Installing: D:/TelegramBot/vcpkg_installed/vcpkg/pkgs/boost-math_x64-windows/include/boost/math/special_functions/round.hpp
-- Installing: D:/TelegramBot/vcpkg_installed/vcpkg/pkgs/boost-math_x64-windows/include/boost/math/special_functions/rsqrt.hpp
-- Installing: D:/TelegramBot/vcpkg_installed/vcpkg/pkgs/boost-math_x64-windows/include/boost/math/special_functions/sign.hpp
-- Installing: D:/TelegramBot/vcpkg_installed/vcpkg/pkgs/boost-math_x64-windows/include/boost/math/special_functions/sinc.hpp
-- Installing: D:/TelegramBot/vcpkg_installed/vcpkg/pkgs/boost-math_x64-windows/include/boost/math/special_functions/sinhc.hpp
-- Installing: D:/TelegramBot/vcpkg_installed/vcpkg/pkgs/boost-math_x64-windows/include/boost/math/special_functions/sin_pi.hpp
-- Installing: D:/TelegramBot/vcpkg_installed/vcpkg/pkgs/boost-math_x64-windows/include/boost/math/special_functions/spherical_harmonic.hpp
-- Installing: D:/TelegramBot/vcpkg_installed/vcpkg/pkgs/boost-math_x64-windows/include/boost/math/special_functions/sqrt1pm1.hpp
-- Installing: D:/TelegramBot/vcpkg_installed/vcpkg/pkgs/boost-math_x64-windows/include/boost/math/special_functions/trigamma.hpp
-- Installing: D:/TelegramBot/vcpkg_installed/vcpkg/pkgs/boost-math_x64-windows/include/boost/math/special_functions/trunc.hpp
-- Installing: D:/TelegramBot/vcpkg_installed/vcpkg/pkgs/boost-math_x64-windows/include/boost/math/special_functions/ulp.hpp
-- Installing: D:/TelegramBot/vcpkg_installed/vcpkg/pkgs/boost-math_x64-windows/include/boost/math/special_functions/zeta.hpp
-- Installing: D:/TelegramBot/vcpkg_installed/vcpkg/pkgs/boost-math_x64-windows/include/boost/math/special_functions.hpp
-- Installing: D:/TelegramBot/vcpkg_installed/vcpkg/pkgs/boost-math_x64-windows/include/boost/math/statistics
-- Installing: D:/TelegramBot/vcpkg_installed/vcpkg/pkgs/boost-math_x64-windows/include/boost/math/statistics/anderson_darling.hpp
-- Installing: D:/TelegramBot/vcpkg_installed/vcpkg/pkgs/boost-math_x64-windows/include/boost/math/statistics/bivariate_statistics.hpp
-- Installing: D:/TelegramBot/vcpkg_installed/vcpkg/pkgs/boost-math_x64-windows/include/boost/math/statistics/chatterjee_correlation.hpp
-- Installing: D:/TelegramBot/vcpkg_installed/vcpkg/pkgs/boost-math_x64-windows/include/boost/math/statistics/detail
-- Installing: D:/TelegramBot/vcpkg_installed/vcpkg/pkgs/boost-math_x64-windows/include/boost/math/statistics/detail/rank.hpp
-- Installing: D:/TelegramBot/vcpkg_installed/vcpkg/pkgs/boost-math_x64-windows/include/boost/math/statistics/detail/single_pass.hpp
-- Installing: D:/TelegramBot/vcpkg_installed/vcpkg/pkgs/boost-math_x64-windows/include/boost/math/statistics/linear_regression.hpp
-- Installing: D:/TelegramBot/vcpkg_installed/vcpkg/pkgs/boost-math_x64-windows/include/boost/math/statistics/ljung_box.hpp
-- Installing: D:/TelegramBot/vcpkg_installed/vcpkg/pkgs/boost-math_x64-windows/include/boost/math/statistics/runs_test.hpp
-- Installing: D:/TelegramBot/vcpkg_installed/vcpkg/pkgs/boost-math_x64-windows/include/boost/math/statistics/signal_statistics.hpp
-- Installing: D:/TelegramBot/vcpkg_installed/vcpkg/pkgs/boost-math_x64-windows/include/boost/math/statistics/t_test.hpp
-- Installing: D:/TelegramBot/vcpkg_installed/vcpkg/pkgs/boost-math_x64-windows/include/boost/math/statistics/univariate_statistics.hpp
-- Installing: D:/TelegramBot/vcpkg_installed/vcpkg/pkgs/boost-math_x64-windows/include/boost/math/statistics/z_test.hpp
-- Installing: D:/TelegramBot/vcpkg_installed/vcpkg/pkgs/boost-math_x64-windows/include/boost/math/tools
-- Installing: D:/TelegramBot/vcpkg_installed/vcpkg/pkgs/boost-math_x64-windows/include/boost/math/tools/agm.hpp
-- Installing: D:/TelegramBot/vcpkg_installed/vcpkg/pkgs/boost-math_x64-windows/include/boost/math/tools/assert.hpp
-- Installing: D:/TelegramBot/vcpkg_installed/vcpkg/pkgs/boost-math_x64-windows/include/boost/math/tools/atomic.hpp
-- Installing: D:/TelegramBot/vcpkg_installed/vcpkg/pkgs/boost-math_x64-windows/include/boost/math/tools/big_constant.hpp
-- Installing: D:/TelegramBot/vcpkg_installed/vcpkg/pkgs/boost-math_x64-windows/include/boost/math/tools/bivariate_statistics.hpp
-- Installing: D:/TelegramBot/vcpkg_installed/vcpkg/pkgs/boost-math_x64-windows/include/boost/math/tools/centered_continued_fraction.hpp
-- Installing: D:/TelegramBot/vcpkg_installed/vcpkg/pkgs/boost-math_x64-windows/include/boost/math/tools/cohen_acceleration.hpp
-- Installing: D:/TelegramBot/vcpkg_installed/vcpkg/pkgs/boost-math_x64-windows/include/boost/math/tools/color_maps.hpp
-- Installing: D:/TelegramBot/vcpkg_installed/vcpkg/pkgs/boost-math_x64-windows/include/boost/math/tools/complex.hpp
-- Installing: D:/TelegramBot/vcpkg_installed/vcpkg/pkgs/boost-math_x64-windows/include/boost/math/tools/concepts.hpp
-- Installing: D:/TelegramBot/vcpkg_installed/vcpkg/pkgs/boost-math_x64-windows/include/boost/math/tools/condition_numbers.hpp
-- Installing: D:/TelegramBot/vcpkg_installed/vcpkg/pkgs/boost-math_x64-windows/include/boost/math/tools/config.hpp
-- Installing: D:/TelegramBot/vcpkg_installed/vcpkg/pkgs/boost-math_x64-windows/include/boost/math/tools/convert_from_string.hpp
-- Installing: D:/TelegramBot/vcpkg_installed/vcpkg/pkgs/boost-math_x64-windows/include/boost/math/tools/cubic_roots.hpp
-- Installing: D:/TelegramBot/vcpkg_installed/vcpkg/pkgs/boost-math_x64-windows/include/boost/math/tools/cxx03_warn.hpp
-- Installing: D:/TelegramBot/vcpkg_installed/vcpkg/pkgs/boost-math_x64-windows/include/boost/math/tools/detail
-- Installing: D:/TelegramBot/vcpkg_installed/vcpkg/pkgs/boost-math_x64-windows/include/boost/math/tools/detail/is_const_iterable.hpp
-- Installing: D:/TelegramBot/vcpkg_installed/vcpkg/pkgs/boost-math_x64-windows/include/boost/math/tools/detail/polynomial_horner1_10.hpp
-- Installing: D:/TelegramBot/vcpkg_installed/vcpkg/pkgs/boost-math_x64-windows/include/boost/math/tools/detail/polynomial_horner1_11.hpp
-- Installing: D:/TelegramBot/vcpkg_installed/vcpkg/pkgs/boost-math_x64-windows/include/boost/math/tools/detail/polynomial_horner1_12.hpp
-- Installing: D:/TelegramBot/vcpkg_installed/vcpkg/pkgs/boost-math_x64-windows/include/boost/math/tools/detail/polynomial_horner1_13.hpp
-- Installing: D:/TelegramBot/vcpkg_installed/vcpkg/pkgs/boost-math_x64-windows/include/boost/math/tools/detail/polynomial_horner1_14.hpp
-- Installing: D:/TelegramBot/vcpkg_installed/vcpkg/pkgs/boost-math_x64-windows/include/boost/math/tools/detail/polynomial_horner1_15.hpp
-- Installing: D:/TelegramBot/vcpkg_installed/vcpkg/pkgs/boost-math_x64-windows/include/boost/math/tools/detail/polynomial_horner1_16.hpp
-- Installing: D:/TelegramBot/vcpkg_installed/vcpkg/pkgs/boost-math_x64-windows/include/boost/math/tools/detail/polynomial_horner1_17.hpp
-- Installing: D:/TelegramBot/vcpkg_installed/vcpkg/pkgs/boost-math_x64-windows/include/boost/math/tools/detail/polynomial_horner1_18.hpp
-- Installing: D:/TelegramBot/vcpkg_installed/vcpkg/pkgs/boost-math_x64-windows/include/boost/math/tools/detail/polynomial_horner1_19.hpp
-- Installing: D:/TelegramBot/vcpkg_installed/vcpkg/pkgs/boost-math_x64-windows/include/boost/math/tools/detail/polynomial_horner1_2.hpp
-- Installing: D:/TelegramBot/vcpkg_installed/vcpkg/pkgs/boost-math_x64-windows/include/boost/math/tools/detail/polynomial_horner1_20.hpp
-- Installing: D:/TelegramBot/vcpkg_installed/vcpkg/pkgs/boost-math_x64-windows/include/boost/math/tools/detail/polynomial_horner1_3.hpp
-- Installing: D:/TelegramBot/vcpkg_installed/vcpkg/pkgs/boost-math_x64-windows/include/boost/math/tools/detail/polynomial_horner1_4.hpp
-- Installing: D:/TelegramBot/vcpkg_installed/vcpkg/pkgs/boost-math_x64-windows/include/boost/math/tools/detail/polynomial_horner1_5.hpp
-- Installing: D:/TelegramBot/vcpkg_installed/vcpkg/pkgs/boost-math_x64-windows/include/boost/math/tools/detail/polynomial_horner1_6.hpp
-- Installing: D:/TelegramBot/vcpkg_installed/vcpkg/pkgs/boost-math_x64-windows/include/boost/math/tools/detail/polynomial_horner1_7.hpp
-- Installing: D:/TelegramBot/vcpkg_installed/vcpkg/pkgs/boost-math_x64-windows/include/boost/math/tools/detail/polynomial_horner1_8.hpp
-- Installing: D:/TelegramBot/vcpkg_installed/vcpkg/pkgs/boost-math_x64-windows/include/boost/math/tools/detail/polynomial_horner1_9.hpp
-- Installing: D:/TelegramBot/vcpkg_installed/vcpkg/pkgs/boost-math_x64-windows/include/boost/math/tools/detail/polynomial_horner2_10.hpp
-- Installing: D:/TelegramBot/vcpkg_installed/vcpkg/pkgs/boost-math_x64-windows/include/boost/math/tools/detail/polynomial_horner2_11.hpp
-- Installing: D:/TelegramBot/vcpkg_installed/vcpkg/pkgs/boost-math_x64-windows/include/boost/math/tools/detail/polynomial_horner2_12.hpp
-- Installing: D:/TelegramBot/vcpkg_installed/vcpkg/pkgs/boost-math_x64-windows/include/boost/math/tools/detail/polynomial_horner2_13.hpp
-- Installing: D:/TelegramBot/vcpkg_installed/vcpkg/pkgs/boost-math_x64-windows/include/boost/math/tools/detail/polynomial_horner2_14.hpp
-- Installing: D:/TelegramBot/vcpkg_installed/vcpkg/pkgs/boost-math_x64-windows/include/boost/math/tools/detail/polynomial_horner2_15.hpp
-- Installing: D:/TelegramBot/vcpkg_installed/vcpkg/pkgs/boost-math_x64-windows/include/boost/math/tools/detail/polynomial_horner2_16.hpp
-- Installing: D:/TelegramBot/vcpkg_installed/vcpkg/pkgs/boost-math_x64-windows/include/boost/math/tools/detail/polynomial_horner2_17.hpp
-- Installing: D:/TelegramBot/vcpkg_installed/vcpkg/pkgs/boost-math_x64-windows/include/boost/math/tools/detail/polynomial_horner2_18.hpp
-- Installing: D:/TelegramBot/vcpkg_installed/vcpkg/pkgs/boost-math_x64-windows/include/boost/math/tools/detail/polynomial_horner2_19.hpp
-- Installing: D:/TelegramBot/vcpkg_installed/vcpkg/pkgs/boost-math_x64-windows/include/boost/math/tools/detail/polynomial_horner2_2.hpp
-- Installing: D:/TelegramBot/vcpkg_installed/vcpkg/pkgs/boost-math_x64-windows/include/boost/math/tools/detail/polynomial_horner2_20.hpp
-- Installing: D:/TelegramBot/vcpkg_installed/vcpkg/pkgs/boost-math_x64-windows/include/boost/math/tools/detail/polynomial_horner2_3.hpp
-- Installing: D:/TelegramBot/vcpkg_installed/vcpkg/pkgs/boost-math_x64-windows/include/boost/math/tools/detail/polynomial_horner2_4.hpp
-- Installing: D:/TelegramBot/vcpkg_installed/vcpkg/pkgs/boost-math_x64-windows/include/boost/math/tools/detail/polynomial_horner2_5.hpp
-- Installing: D:/TelegramBot/vcpkg_installed/vcpkg/pkgs/boost-math_x64-windows/include/boost/math/tools/detail/polynomial_horner2_6.hpp
-- Installing: D:/TelegramBot/vcpkg_installed/vcpkg/pkgs/boost-math_x64-windows/include/boost/math/tools/detail/polynomial_horner2_7.hpp
-- Installing: D:/TelegramBot/vcpkg_installed/vcpkg/pkgs/boost-math_x64-windows/include/boost/math/tools/detail/polynomial_horner2_8.hpp
-- Installing: D:/TelegramBot/vcpkg_installed/vcpkg/pkgs/boost-math_x64-windows/include/boost/math/tools/detail/polynomial_horner2_9.hpp
-- Installing: D:/TelegramBot/vcpkg_installed/vcpkg/pkgs/boost-math_x64-windows/include/boost/math/tools/detail/polynomial_horner3_10.hpp
-- Installing: D:/TelegramBot/vcpkg_installed/vcpkg/pkgs/boost-math_x64-windows/include/boost/math/tools/detail/polynomial_horner3_11.hpp
-- Installing: D:/TelegramBot/vcpkg_installed/vcpkg/pkgs/boost-math_x64-windows/include/boost/math/tools/detail/polynomial_horner3_12.hpp
-- Installing: D:/TelegramBot/vcpkg_installed/vcpkg/pkgs/boost-math_x64-windows/include/boost/math/tools/detail/polynomial_horner3_13.hpp
-- Installing: D:/TelegramBot/vcpkg_installed/vcpkg/pkgs/boost-math_x64-windows/include/boost/math/tools/detail/polynomial_horner3_14.hpp
-- Installing: D:/TelegramBot/vcpkg_installed/vcpkg/pkgs/boost-math_x64-windows/include/boost/math/tools/detail/polynomial_horner3_15.hpp
-- Installing: D:/TelegramBot/vcpkg_installed/vcpkg/pkgs/boost-math_x64-windows/include/boost/math/tools/detail/polynomial_horner3_16.hpp
-- Installing: D:/TelegramBot/vcpkg_installed/vcpkg/pkgs/boost-math_x64-windows/include/boost/math/tools/detail/polynomial_horner3_17.hpp
-- Installing: D:/TelegramBot/vcpkg_installed/vcpkg/pkgs/boost-math_x64-windows/include/boost/math/tools/detail/polynomial_horner3_18.hpp
-- Installing: D:/TelegramBot/vcpkg_installed/vcpkg/pkgs/boost-math_x64-windows/include/boost/math/tools/detail/polynomial_horner3_19.hpp
-- Installing: D:/TelegramBot/vcpkg_installed/vcpkg/pkgs/boost-math_x64-windows/include/boost/math/tools/detail/polynomial_horner3_2.hpp
-- Installing: D:/TelegramBot/vcpkg_installed/vcpkg/pkgs/boost-math_x64-windows/include/boost/math/tools/detail/polynomial_horner3_20.hpp
-- Installing: D:/TelegramBot/vcpkg_installed/vcpkg/pkgs/boost-math_x64-windows/include/boost/math/tools/detail/polynomial_horner3_3.hpp
-- Installing: D:/TelegramBot/vcpkg_installed/vcpkg/pkgs/boost-math_x64-windows/include/boost/math/tools/detail/polynomial_horner3_4.hpp
-- Installing: D:/TelegramBot/vcpkg_installed/vcpkg/pkgs/boost-math_x64-windows/include/boost/math/tools/detail/polynomial_horner3_5.hpp
-- Installing: D:/TelegramBot/vcpkg_installed/vcpkg/pkgs/boost-math_x64-windows/include/boost/math/tools/detail/polynomial_horner3_6.hpp
-- Installing: D:/TelegramBot/vcpkg_installed/vcpkg/pkgs/boost-math_x64-windows/include/boost/math/tools/detail/polynomial_horner3_7.hpp
-- Installing: D:/TelegramBot/vcpkg_installed/vcpkg/pkgs/boost-math_x64-windows/include/boost/math/tools/detail/polynomial_horner3_8.hpp
-- Installing: D:/TelegramBot/vcpkg_installed/vcpkg/pkgs/boost-math_x64-windows/include/boost/math/tools/detail/polynomial_horner3_9.hpp
-- Installing: D:/TelegramBot/vcpkg_installed/vcpkg/pkgs/boost-math_x64-windows/include/boost/math/tools/detail/rational_horner1_10.hpp
-- Installing: D:/TelegramBot/vcpkg_installed/vcpkg/pkgs/boost-math_x64-windows/include/boost/math/tools/detail/rational_horner1_11.hpp
-- Installing: D:/TelegramBot/vcpkg_installed/vcpkg/pkgs/boost-math_x64-windows/include/boost/math/tools/detail/rational_horner1_12.hpp
-- Installing: D:/TelegramBot/vcpkg_installed/vcpkg/pkgs/boost-math_x64-windows/include/boost/math/tools/detail/rational_horner1_13.hpp
-- Installing: D:/TelegramBot/vcpkg_installed/vcpkg/pkgs/boost-math_x64-windows/include/boost/math/tools/detail/rational_horner1_14.hpp
-- Installing: D:/TelegramBot/vcpkg_installed/vcpkg/pkgs/boost-math_x64-windows/include/boost/math/tools/detail/rational_horner1_15.hpp
-- Installing: D:/TelegramBot/vcpkg_installed/vcpkg/pkgs/boost-math_x64-windows/include/boost/math/tools/detail/rational_horner1_16.hpp
-- Installing: D:/TelegramBot/vcpkg_installed/vcpkg/pkgs/boost-math_x64-windows/include/boost/math/tools/detail/rational_horner1_17.hpp
-- Installing: D:/TelegramBot/vcpkg_installed/vcpkg/pkgs/boost-math_x64-windows/include/boost/math/tools/detail/rational_horner1_18.hpp
-- Installing: D:/TelegramBot/vcpkg_installed/vcpkg/pkgs/boost-math_x64-windows/include/boost/math/tools/detail/rational_horner1_19.hpp
-- Installing: D:/TelegramBot/vcpkg_installed/vcpkg/pkgs/boost-math_x64-windows/include/boost/math/tools/detail/rational_horner1_2.hpp
-- Installing: D:/TelegramBot/vcpkg_installed/vcpkg/pkgs/boost-math_x64-windows/include/boost/math/tools/detail/rational_horner1_20.hpp
-- Installing: D:/TelegramBot/vcpkg_installed/vcpkg/pkgs/boost-math_x64-windows/include/boost/math/tools/detail/rational_horner1_3.hpp
-- Installing: D:/TelegramBot/vcpkg_installed/vcpkg/pkgs/boost-math_x64-windows/include/boost/math/tools/detail/rational_horner1_4.hpp
-- Installing: D:/TelegramBot/vcpkg_installed/vcpkg/pkgs/boost-math_x64-windows/include/boost/math/tools/detail/rational_horner1_5.hpp
-- Installing: D:/TelegramBot/vcpkg_installed/vcpkg/pkgs/boost-math_x64-windows/include/boost/math/tools/detail/rational_horner1_6.hpp
-- Installing: D:/TelegramBot/vcpkg_installed/vcpkg/pkgs/boost-math_x64-windows/include/boost/math/tools/detail/rational_horner1_7.hpp
-- Installing: D:/TelegramBot/vcpkg_installed/vcpkg/pkgs/boost-math_x64-windows/include/boost/math/tools/detail/rational_horner1_8.hpp
-- Installing: D:/TelegramBot/vcpkg_installed/vcpkg/pkgs/boost-math_x64-windows/include/boost/math/tools/detail/rational_horner1_9.hpp
-- Installing: D:/TelegramBot/vcpkg_installed/vcpkg/pkgs/boost-math_x64-windows/include/boost/math/tools/detail/rational_horner2_10.hpp
-- Installing: D:/TelegramBot/vcpkg_installed/vcpkg/pkgs/boost-math_x64-windows/include/boost/math/tools/detail/rational_horner2_11.hpp
-- Installing: D:/TelegramBot/vcpkg_installed/vcpkg/pkgs/boost-math_x64-windows/include/boost/math/tools/detail/rational_horner2_12.hpp
-- Installing: D:/TelegramBot/vcpkg_installed/vcpkg/pkgs/boost-math_x64-windows/include/boost/math/tools/detail/rational_horner2_13.hpp
-- Installing: D:/TelegramBot/vcpkg_installed/vcpkg/pkgs/boost-math_x64-windows/include/boost/math/tools/detail/rational_horner2_14.hpp
-- Installing: D:/TelegramBot/vcpkg_installed/vcpkg/pkgs/boost-math_x64-windows/include/boost/math/tools/detail/rational_horner2_15.hpp
-- Installing: D:/TelegramBot/vcpkg_installed/vcpkg/pkgs/boost-math_x64-windows/include/boost/math/tools/detail/rational_horner2_16.hpp
-- Installing: D:/TelegramBot/vcpkg_installed/vcpkg/pkgs/boost-math_x64-windows/include/boost/math/tools/detail/rational_horner2_17.hpp
-- Installing: D:/TelegramBot/vcpkg_installed/vcpkg/pkgs/boost-math_x64-windows/include/boost/math/tools/detail/rational_horner2_18.hpp
-- Installing: D:/TelegramBot/vcpkg_installed/vcpkg/pkgs/boost-math_x64-windows/include/boost/math/tools/detail/rational_horner2_19.hpp
-- Installing: D:/TelegramBot/vcpkg_installed/vcpkg/pkgs/boost-math_x64-windows/include/boost/math/tools/detail/rational_horner2_2.hpp
-- Installing: D:/TelegramBot/vcpkg_installed/vcpkg/pkgs/boost-math_x64-windows/include/boost/math/tools/detail/rational_horner2_20.hpp
-- Installing: D:/TelegramBot/vcpkg_installed/vcpkg/pkgs/boost-math_x64-windows/include/boost/math/tools/detail/rational_horner2_3.hpp
-- Installing: D:/TelegramBot/vcpkg_installed/vcpkg/pkgs/boost-math_x64-windows/include/boost/math/tools/detail/rational_horner2_4.hpp
-- Installing: D:/TelegramBot/vcpkg_installed/vcpkg/pkgs/boost-math_x64-windows/include/boost/math/tools/detail/rational_horner2_5.hpp
-- Installing: D:/TelegramBot/vcpkg_installed/vcpkg/pkgs/boost-math_x64-windows/include/boost/math/tools/detail/rational_horner2_6.hpp
-- Installing: D:/TelegramBot/vcpkg_installed/vcpkg/pkgs/boost-math_x64-windows/include/boost/math/tools/detail/rational_horner2_7.hpp
-- Installing: D:/TelegramBot/vcpkg_installed/vcpkg/pkgs/boost-math_x64-windows/include/boost/math/tools/detail/rational_horner2_8.hpp
-- Installing: D:/TelegramBot/vcpkg_installed/vcpkg/pkgs/boost-math_x64-windows/include/boost/math/tools/detail/rational_horner2_9.hpp
-- Installing: D:/TelegramBot/vcpkg_installed/vcpkg/pkgs/boost-math_x64-windows/include/boost/math/tools/detail/rational_horner3_10.hpp
-- Installing: D:/TelegramBot/vcpkg_installed/vcpkg/pkgs/boost-math_x64-windows/include/boost/math/tools/detail/rational_horner3_11.hpp
-- Installing: D:/TelegramBot/vcpkg_installed/vcpkg/pkgs/boost-math_x64-windows/include/boost/math/tools/detail/rational_horner3_12.hpp
-- Installing: D:/TelegramBot/vcpkg_installed/vcpkg/pkgs/boost-math_x64-windows/include/boost/math/tools/detail/rational_horner3_13.hpp
-- Installing: D:/TelegramBot/vcpkg_installed/vcpkg/pkgs/boost-math_x64-windows/include/boost/math/tools/detail/rational_horner3_14.hpp
-- Installing: D:/TelegramBot/vcpkg_installed/vcpkg/pkgs/boost-math_x64-windows/include/boost/math/tools/detail/rational_horner3_15.hpp
-- Installing: D:/TelegramBot/vcpkg_installed/vcpkg/pkgs/boost-math_x64-windows/include/boost/math/tools/detail/rational_horner3_16.hpp
-- Installing: D:/TelegramBot/vcpkg_installed/vcpkg/pkgs/boost-math_x64-windows/include/boost/math/tools/detail/rational_horner3_17.hpp
-- Installing: D:/TelegramBot/vcpkg_installed/vcpkg/pkgs/boost-math_x64-windows/include/boost/math/tools/detail/rational_horner3_18.hpp
-- Installing: D:/TelegramBot/vcpkg_installed/vcpkg/pkgs/boost-math_x64-windows/include/boost/math/tools/detail/rational_horner3_19.hpp
-- Installing: D:/TelegramBot/vcpkg_installed/vcpkg/pkgs/boost-math_x64-windows/include/boost/math/tools/detail/rational_horner3_2.hpp
-- Installing: D:/TelegramBot/vcpkg_installed/vcpkg/pkgs/boost-math_x64-windows/include/boost/math/tools/detail/rational_horner3_20.hpp
-- Installing: D:/TelegramBot/vcpkg_installed/vcpkg/pkgs/boost-math_x64-windows/include/boost/math/tools/detail/rational_horner3_3.hpp
-- Installing: D:/TelegramBot/vcpkg_installed/vcpkg/pkgs/boost-math_x64-windows/include/boost/math/tools/detail/rational_horner3_4.hpp
-- Installing: D:/TelegramBot/vcpkg_installed/vcpkg/pkgs/boost-math_x64-windows/include/boost/math/tools/detail/rational_horner3_5.hpp
-- Installing: D:/TelegramBot/vcpkg_installed/vcpkg/pkgs/boost-math_x64-windows/include/boost/math/tools/detail/rational_horner3_6.hpp
-- Installing: D:/TelegramBot/vcpkg_installed/vcpkg/pkgs/boost-math_x64-windows/include/boost/math/tools/detail/rational_horner3_7.hpp
-- Installing: D:/TelegramBot/vcpkg_installed/vcpkg/pkgs/boost-math_x64-windows/include/boost/math/tools/detail/rational_horner3_8.hpp
-- Installing: D:/TelegramBot/vcpkg_installed/vcpkg/pkgs/boost-math_x64-windows/include/boost/math/tools/detail/rational_horner3_9.hpp
-- Installing: D:/TelegramBot/vcpkg_installed/vcpkg/pkgs/boost-math_x64-windows/include/boost/math/tools/engel_expansion.hpp
-- Installing: D:/TelegramBot/vcpkg_installed/vcpkg/pkgs/boost-math_x64-windows/include/boost/math/tools/estrin.hpp
-- Installing: D:/TelegramBot/vcpkg_installed/vcpkg/pkgs/boost-math_x64-windows/include/boost/math/tools/fraction.hpp
-- Installing: D:/TelegramBot/vcpkg_installed/vcpkg/pkgs/boost-math_x64-windows/include/boost/math/tools/header_deprecated.hpp
-- Installing: D:/TelegramBot/vcpkg_installed/vcpkg/pkgs/boost-math_x64-windows/include/boost/math/tools/is_constant_evaluated.hpp
-- Installing: D:/TelegramBot/vcpkg_installed/vcpkg/pkgs/boost-math_x64-windows/include/boost/math/tools/is_detected.hpp
-- Installing: D:/TelegramBot/vcpkg_installed/vcpkg/pkgs/boost-math_x64-windows/include/boost/math/tools/is_standalone.hpp
-- Installing: D:/TelegramBot/vcpkg_installed/vcpkg/pkgs/boost-math_x64-windows/include/boost/math/tools/luroth_expansion.hpp
-- Installing: D:/TelegramBot/vcpkg_installed/vcpkg/pkgs/boost-math_x64-windows/include/boost/math/tools/minima.hpp
-- Installing: D:/TelegramBot/vcpkg_installed/vcpkg/pkgs/boost-math_x64-windows/include/boost/math/tools/mp.hpp
-- Installing: D:/TelegramBot/vcpkg_installed/vcpkg/pkgs/boost-math_x64-windows/include/boost/math/tools/norms.hpp
-- Installing: D:/TelegramBot/vcpkg_installed/vcpkg/pkgs/boost-math_x64-windows/include/boost/math/tools/nothrow.hpp
-- Installing: D:/TelegramBot/vcpkg_installed/vcpkg/pkgs/boost-math_x64-windows/include/boost/math/tools/numerical_differentiation.hpp
-- Installing: D:/TelegramBot/vcpkg_installed/vcpkg/pkgs/boost-math_x64-windows/include/boost/math/tools/polynomial.hpp
-- Installing: D:/TelegramBot/vcpkg_installed/vcpkg/pkgs/boost-math_x64-windows/include/boost/math/tools/polynomial_gcd.hpp
-- Installing: D:/TelegramBot/vcpkg_installed/vcpkg/pkgs/boost-math_x64-windows/include/boost/math/tools/precision.hpp
-- Installing: D:/TelegramBot/vcpkg_installed/vcpkg/pkgs/boost-math_x64-windows/include/boost/math/tools/promotion.hpp
-- Installing: D:/TelegramBot/vcpkg_installed/vcpkg/pkgs/boost-math_x64-windows/include/boost/math/tools/quartic_roots.hpp
-- Installing: D:/TelegramBot/vcpkg_installed/vcpkg/pkgs/boost-math_x64-windows/include/boost/math/tools/random_vector.hpp
-- Installing: D:/TelegramBot/vcpkg_installed/vcpkg/pkgs/boost-math_x64-windows/include/boost/math/tools/rational.hpp
-- Installing: D:/TelegramBot/vcpkg_installed/vcpkg/pkgs/boost-math_x64-windows/include/boost/math/tools/real_cast.hpp
-- Installing: D:/TelegramBot/vcpkg_installed/vcpkg/pkgs/boost-math_x64-windows/include/boost/math/tools/recurrence.hpp
-- Installing: D:/TelegramBot/vcpkg_installed/vcpkg/pkgs/boost-math_x64-windows/include/boost/math/tools/roots.hpp
-- Installing: D:/TelegramBot/vcpkg_installed/vcpkg/pkgs/boost-math_x64-windows/include/boost/math/tools/series.hpp
-- Installing: D:/TelegramBot/vcpkg_installed/vcpkg/pkgs/boost-math_x64-windows/include/boost/math/tools/signal_statistics.hpp
-- Installing: D:/TelegramBot/vcpkg_installed/vcpkg/pkgs/boost-math_x64-windows/include/boost/math/tools/simple_continued_fraction.hpp
-- Installing: D:/TelegramBot/vcpkg_installed/vcpkg/pkgs/boost-math_x64-windows/include/boost/math/tools/stats.hpp
-- Installing: D:/TelegramBot/vcpkg_installed/vcpkg/pkgs/boost-math_x64-windows/include/boost/math/tools/test_value.hpp
-- Installing: D:/TelegramBot/vcpkg_installed/vcpkg/pkgs/boost-math_x64-windows/include/boost/math/tools/throw_exception.hpp
-- Installing: D:/TelegramBot/vcpkg_installed/vcpkg/pkgs/boost-math_x64-windows/include/boost/math/tools/toms748_solve.hpp
-- Installing: D:/TelegramBot/vcpkg_installed/vcpkg/pkgs/boost-math_x64-windows/include/boost/math/tools/traits.hpp
-- Installing: D:/TelegramBot/vcpkg_installed/vcpkg/pkgs/boost-math_x64-windows/include/boost/math/tools/tuple.hpp
-- Installing: D:/TelegramBot/vcpkg_installed/vcpkg/pkgs/boost-math_x64-windows/include/boost/math/tools/ulps_plot.hpp
-- Installing: D:/TelegramBot/vcpkg_installed/vcpkg/pkgs/boost-math_x64-windows/include/boost/math/tools/univariate_statistics.hpp
-- Installing: D:/TelegramBot/vcpkg_installed/vcpkg/pkgs/boost-math_x64-windows/include/boost/math/tools/user.hpp
-- Installing: D:/TelegramBot/vcpkg_installed/vcpkg/pkgs/boost-math_x64-windows/include/boost/math/tools/workaround.hpp
-- Installing: D:/TelegramBot/vcpkg_installed/vcpkg/pkgs/boost-math_x64-windows/include/boost/math/tr1.hpp
-- Installing: D:/TelegramBot/vcpkg_installed/vcpkg/pkgs/boost-math_x64-windows/include/boost/math/tr1_c_macros.ipp
-- Installing: D:/TelegramBot/vcpkg_installed/vcpkg/pkgs/boost-math_x64-windows/include/boost/math_fwd.hpp
-- Installing: D:/TelegramBot/vcpkg_installed/vcpkg/pkgs/boost-math_x64-windows/lib/cmake/boost_math-1.86.0/boost_math-targets.cmake
-- Installing: D:/TelegramBot/vcpkg_installed/vcpkg/pkgs/boost-math_x64-windows/lib/cmake/boost_math-1.86.0/boost_math-config.cmake
-- Installing: D:/TelegramBot/vcpkg_installed/vcpkg/pkgs/boost-math_x64-windows/lib/cmake/boost_math-1.86.0/boost_math-config-version.cmake

