Change Dir: 'D:/TelegramBot/vcpkg_installed/vcpkg/blds/boost-hof/x64-windows-rel'

Run Build Command(s): "C:/Program Files/Microsoft Visual Studio/2022/Community/Common7/IDE/CommonExtensions/Microsoft/CMake/Ninja/ninja.exe" -v -v -j9 install
[0/1] C:\WINDOWS\system32\cmd.exe /C "cd /D D:\TelegramBot\vcpkg_installed\vcpkg\blds\boost-hof\x64-windows-rel && D:\Software\cmake-4.2.1-windows-x86_64\bin\cmake.exe -P cmake_install.cmake"
-- Install configuration: "Release"
-- Installing: D:/TelegramBot/vcpkg_installed/vcpkg/pkgs/boost-hof_x64-windows/include
-- Installing: D:/TelegramBot/vcpkg_installed/vcpkg/pkgs/boost-hof_x64-windows/include/boost
-- Installing: D:/TelegramBot/vcpkg_installed/vcpkg/pkgs/boost-hof_x64-windows/include/boost/hof
-- Installing: D:/TelegramBot/vcpkg_installed/vcpkg/pkgs/boost-hof_x64-windows/include/boost/hof/alias.hpp
-- Installing: D:/TelegramBot/vcpkg_installed/vcpkg/pkgs/boost-hof_x64-windows/include/boost/hof/always.hpp
-- Installing: D:/TelegramBot/vcpkg_installed/vcpkg/pkgs/boost-hof_x64-windows/include/boost/hof/apply.hpp
-- Installing: D:/TelegramBot/vcpkg_installed/vcpkg/pkgs/boost-hof_x64-windows/include/boost/hof/apply_eval.hpp
-- Installing: D:/TelegramBot/vcpkg_installed/vcpkg/pkgs/boost-hof_x64-windows/include/boost/hof/arg.hpp
-- Installing: D:/TelegramBot/vcpkg_installed/vcpkg/pkgs/boost-hof_x64-windows/include/boost/hof/capture.hpp
-- Installing: D:/TelegramBot/vcpkg_installed/vcpkg/pkgs/boost-hof_x64-windows/include/boost/hof/combine.hpp
-- Installing: D:/TelegramBot/vcpkg_installed/vcpkg/pkgs/boost-hof_x64-windows/include/boost/hof/compose.hpp
-- Installing: D:/TelegramBot/vcpkg_installed/vcpkg/pkgs/boost-hof_x64-windows/include/boost/hof/config.hpp
-- Installing: D:/TelegramBot/vcpkg_installed/vcpkg/pkgs/boost-hof_x64-windows/include/boost/hof/construct.hpp
-- Installing: D:/TelegramBot/vcpkg_installed/vcpkg/pkgs/boost-hof_x64-windows/include/boost/hof/decay.hpp
-- Installing: D:/TelegramBot/vcpkg_installed/vcpkg/pkgs/boost-hof_x64-windows/include/boost/hof/decorate.hpp
-- Installing: D:/TelegramBot/vcpkg_installed/vcpkg/pkgs/boost-hof_x64-windows/include/boost/hof/detail
-- Installing: D:/TelegramBot/vcpkg_installed/vcpkg/pkgs/boost-hof_x64-windows/include/boost/hof/detail/and.hpp
-- Installing: D:/TelegramBot/vcpkg_installed/vcpkg/pkgs/boost-hof_x64-windows/include/boost/hof/detail/callable_base.hpp
-- Installing: D:/TelegramBot/vcpkg_installed/vcpkg/pkgs/boost-hof_x64-windows/include/boost/hof/detail/can_be_called.hpp
-- Installing: D:/TelegramBot/vcpkg_installed/vcpkg/pkgs/boost-hof_x64-windows/include/boost/hof/detail/compressed_pair.hpp
-- Installing: D:/TelegramBot/vcpkg_installed/vcpkg/pkgs/boost-hof_x64-windows/include/boost/hof/detail/constexpr_deduce.hpp
-- Installing: D:/TelegramBot/vcpkg_installed/vcpkg/pkgs/boost-hof_x64-windows/include/boost/hof/detail/delegate.hpp
-- Installing: D:/TelegramBot/vcpkg_installed/vcpkg/pkgs/boost-hof_x64-windows/include/boost/hof/detail/forward.hpp
-- Installing: D:/TelegramBot/vcpkg_installed/vcpkg/pkgs/boost-hof_x64-windows/include/boost/hof/detail/holder.hpp
-- Installing: D:/TelegramBot/vcpkg_installed/vcpkg/pkgs/boost-hof_x64-windows/include/boost/hof/detail/intrinsics.hpp
-- Installing: D:/TelegramBot/vcpkg_installed/vcpkg/pkgs/boost-hof_x64-windows/include/boost/hof/detail/join.hpp
-- Installing: D:/TelegramBot/vcpkg_installed/vcpkg/pkgs/boost-hof_x64-windows/include/boost/hof/detail/make.hpp
-- Installing: D:/TelegramBot/vcpkg_installed/vcpkg/pkgs/boost-hof_x64-windows/include/boost/hof/detail/move.hpp
-- Installing: D:/TelegramBot/vcpkg_installed/vcpkg/pkgs/boost-hof_x64-windows/include/boost/hof/detail/noexcept.hpp
-- Installing: D:/TelegramBot/vcpkg_installed/vcpkg/pkgs/boost-hof_x64-windows/include/boost/hof/detail/pp.hpp
-- Installing: D:/TelegramBot/vcpkg_installed/vcpkg/pkgs/boost-hof_x64-windows/include/boost/hof/detail/recursive_constexpr_depth.hpp
-- Installing: D:/TelegramBot/vcpkg_installed/vcpkg/pkgs/boost-hof_x64-windows/include/boost/hof/detail/remove_rvalue_reference.hpp
-- Installing: D:/TelegramBot/vcpkg_installed/vcpkg/pkgs/boost-hof_x64-windows/include/boost/hof/detail/result_of.hpp
-- Installing: D:/TelegramBot/vcpkg_installed/vcpkg/pkgs/boost-hof_x64-windows/include/boost/hof/detail/result_type.hpp
-- Installing: D:/TelegramBot/vcpkg_installed/vcpkg/pkgs/boost-hof_x64-windows/include/boost/hof/detail/seq.hpp
-- Installing: D:/TelegramBot/vcpkg_installed/vcpkg/pkgs/boost-hof_x64-windows/include/boost/hof/detail/static_const_var.hpp
-- Installing: D:/TelegramBot/vcpkg_installed/vcpkg/pkgs/boost-hof_x64-windows/include/boost/hof/detail/unpack_tuple.hpp
-- Installing: D:/TelegramBot/vcpkg_installed/vcpkg/pkgs/boost-hof_x64-windows/include/boost/hof/detail/unwrap.hpp
-- Installing: D:/TelegramBot/vcpkg_installed/vcpkg/pkgs/boost-hof_x64-windows/include/boost/hof/detail/using.hpp
-- Installing: D:/TelegramBot/vcpkg_installed/vcpkg/pkgs/boost-hof_x64-windows/include/boost/hof/eval.hpp
-- Installing: D:/TelegramBot/vcpkg_installed/vcpkg/pkgs/boost-hof_x64-windows/include/boost/hof/first_of.hpp
-- Installing: D:/TelegramBot/vcpkg_installed/vcpkg/pkgs/boost-hof_x64-windows/include/boost/hof/fix.hpp
-- Installing: D:/TelegramBot/vcpkg_installed/vcpkg/pkgs/boost-hof_x64-windows/include/boost/hof/flip.hpp
-- Installing: D:/TelegramBot/vcpkg_installed/vcpkg/pkgs/boost-hof_x64-windows/include/boost/hof/flow.hpp
-- Installing: D:/TelegramBot/vcpkg_installed/vcpkg/pkgs/boost-hof_x64-windows/include/boost/hof/fold.hpp
-- Installing: D:/TelegramBot/vcpkg_installed/vcpkg/pkgs/boost-hof_x64-windows/include/boost/hof/function.hpp
-- Installing: D:/TelegramBot/vcpkg_installed/vcpkg/pkgs/boost-hof_x64-windows/include/boost/hof/function_param_limit.hpp
-- Installing: D:/TelegramBot/vcpkg_installed/vcpkg/pkgs/boost-hof_x64-windows/include/boost/hof/identity.hpp
-- Installing: D:/TelegramBot/vcpkg_installed/vcpkg/pkgs/boost-hof_x64-windows/include/boost/hof/if.hpp
-- Installing: D:/TelegramBot/vcpkg_installed/vcpkg/pkgs/boost-hof_x64-windows/include/boost/hof/implicit.hpp
-- Installing: D:/TelegramBot/vcpkg_installed/vcpkg/pkgs/boost-hof_x64-windows/include/boost/hof/indirect.hpp
-- Installing: D:/TelegramBot/vcpkg_installed/vcpkg/pkgs/boost-hof_x64-windows/include/boost/hof/infix.hpp
-- Installing: D:/TelegramBot/vcpkg_installed/vcpkg/pkgs/boost-hof_x64-windows/include/boost/hof/is_invocable.hpp
-- Installing: D:/TelegramBot/vcpkg_installed/vcpkg/pkgs/boost-hof_x64-windows/include/boost/hof/is_unpackable.hpp
-- Installing: D:/TelegramBot/vcpkg_installed/vcpkg/pkgs/boost-hof_x64-windows/include/boost/hof/lambda.hpp
-- Installing: D:/TelegramBot/vcpkg_installed/vcpkg/pkgs/boost-hof_x64-windows/include/boost/hof/lazy.hpp
-- Installing: D:/TelegramBot/vcpkg_installed/vcpkg/pkgs/boost-hof_x64-windows/include/boost/hof/lift.hpp
-- Installing: D:/TelegramBot/vcpkg_installed/vcpkg/pkgs/boost-hof_x64-windows/include/boost/hof/limit.hpp
-- Installing: D:/TelegramBot/vcpkg_installed/vcpkg/pkgs/boost-hof_x64-windows/include/boost/hof/match.hpp
-- Installing: D:/TelegramBot/vcpkg_installed/vcpkg/pkgs/boost-hof_x64-windows/include/boost/hof/mutable.hpp
-- Installing: D:/TelegramBot/vcpkg_installed/vcpkg/pkgs/boost-hof_x64-windows/include/boost/hof/pack.hpp
-- Installing: D:/TelegramBot/vcpkg_installed/vcpkg/pkgs/boost-hof_x64-windows/include/boost/hof/partial.hpp
-- Installing: D:/TelegramBot/vcpkg_installed/vcpkg/pkgs/boost-hof_x64-windows/include/boost/hof/pipable.hpp
-- Installing: D:/TelegramBot/vcpkg_installed/vcpkg/pkgs/boost-hof_x64-windows/include/boost/hof/placeholders.hpp
-- Installing: D:/TelegramBot/vcpkg_installed/vcpkg/pkgs/boost-hof_x64-windows/include/boost/hof/proj.hpp
-- Installing: D:/TelegramBot/vcpkg_installed/vcpkg/pkgs/boost-hof_x64-windows/include/boost/hof/protect.hpp
-- Installing: D:/TelegramBot/vcpkg_installed/vcpkg/pkgs/boost-hof_x64-windows/include/boost/hof/repeat.hpp
-- Installing: D:/TelegramBot/vcpkg_installed/vcpkg/pkgs/boost-hof_x64-windows/include/boost/hof/repeat_while.hpp
-- Installing: D:/TelegramBot/vcpkg_installed/vcpkg/pkgs/boost-hof_x64-windows/include/boost/hof/result.hpp
-- Installing: D:/TelegramBot/vcpkg_installed/vcpkg/pkgs/boost-hof_x64-windows/include/boost/hof/returns.hpp
-- Installing: D:/TelegramBot/vcpkg_installed/vcpkg/pkgs/boost-hof_x64-windows/include/boost/hof/reveal.hpp
-- Installing: D:/TelegramBot/vcpkg_installed/vcpkg/pkgs/boost-hof_x64-windows/include/boost/hof/reverse_fold.hpp
-- Installing: D:/TelegramBot/vcpkg_installed/vcpkg/pkgs/boost-hof_x64-windows/include/boost/hof/rotate.hpp
-- Installing: D:/TelegramBot/vcpkg_installed/vcpkg/pkgs/boost-hof_x64-windows/include/boost/hof/static.hpp
-- Installing: D:/TelegramBot/vcpkg_installed/vcpkg/pkgs/boost-hof_x64-windows/include/boost/hof/tap.hpp
-- Installing: D:/TelegramBot/vcpkg_installed/vcpkg/pkgs/boost-hof_x64-windows/include/boost/hof/unpack.hpp
-- Installing: D:/TelegramBot/vcpkg_installed/vcpkg/pkgs/boost-hof_x64-windows/include/boost/hof/unpack_sequence.hpp
-- Installing: D:/TelegramBot/vcpkg_installed/vcpkg/pkgs/boost-hof_x64-windows/include/boost/hof/version.hpp
-- Installing: D:/TelegramBot/vcpkg_installed/vcpkg/pkgs/boost-hof_x64-windows/include/boost/hof.hpp
-- Installing: D:/TelegramBot/vcpkg_installed/vcpkg/pkgs/boost-hof_x64-windows/lib/cmake/boost_hof-1.86.0/boost_hof-targets.cmake
-- Installing: D:/TelegramBot/vcpkg_installed/vcpkg/pkgs/boost-hof_x64-windows/lib/cmake/boost_hof-1.86.0/boost_hof-config.cmake
-- Installing: D:/TelegramBot/vcpkg_installed/vcpkg/pkgs/boost-hof_x64-windows/lib/cmake/boost_hof-1.86.0/boost_hof-config-version.cmake

