Change Dir: 'D:/TelegramBot/vcpkg_installed/vcpkg/blds/boost-concept-check/x64-windows-rel'

Run Build Command(s): "C:/Program Files/Microsoft Visual Studio/2022/Community/Common7/IDE/CommonExtensions/Microsoft/CMake/Ninja/ninja.exe" -v -v -j9 install
[0/1] C:\WINDOWS\system32\cmd.exe /C "cd /D D:\TelegramBot\vcpkg_installed\vcpkg\blds\boost-concept-check\x64-windows-rel && D:\Software\cmake-4.2.1-windows-x86_64\bin\cmake.exe -P cmake_install.cmake"
-- Install configuration: "Release"
-- Installing: D:/TelegramBot/vcpkg_installed/vcpkg/pkgs/boost-concept-check_x64-windows/include
-- Installing: D:/TelegramBot/vcpkg_installed/vcpkg/pkgs/boost-concept-check_x64-windows/include/boost
-- Installing: D:/TelegramBot/vcpkg_installed/vcpkg/pkgs/boost-concept-check_x64-windows/include/boost/concept
-- Installing: D:/TelegramBot/vcpkg_installed/vcpkg/pkgs/boost-concept-check_x64-windows/include/boost/concept/assert.hpp
-- Installing: D:/TelegramBot/vcpkg_installed/vcpkg/pkgs/boost-concept-check_x64-windows/include/boost/concept/detail
-- Installing: D:/TelegramBot/vcpkg_installed/vcpkg/pkgs/boost-concept-check_x64-windows/include/boost/concept/detail/backward_compatibility.hpp
-- Installing: D:/TelegramBot/vcpkg_installed/vcpkg/pkgs/boost-concept-check_x64-windows/include/boost/concept/detail/borland.hpp
-- Installing: D:/TelegramBot/vcpkg_installed/vcpkg/pkgs/boost-concept-check_x64-windows/include/boost/concept/detail/concept_def.hpp
-- Installing: D:/TelegramBot/vcpkg_installed/vcpkg/pkgs/boost-concept-check_x64-windows/include/boost/concept/detail/concept_undef.hpp
-- Installing: D:/TelegramBot/vcpkg_installed/vcpkg/pkgs/boost-concept-check_x64-windows/include/boost/concept/detail/general.hpp
-- Installing: D:/TelegramBot/vcpkg_installed/vcpkg/pkgs/boost-concept-check_x64-windows/include/boost/concept/detail/has_constraints.hpp
-- Installing: D:/TelegramBot/vcpkg_installed/vcpkg/pkgs/boost-concept-check_x64-windows/include/boost/concept/detail/msvc.hpp
-- Installing: D:/TelegramBot/vcpkg_installed/vcpkg/pkgs/boost-concept-check_x64-windows/include/boost/concept/requires.hpp
-- Installing: D:/TelegramBot/vcpkg_installed/vcpkg/pkgs/boost-concept-check_x64-windows/include/boost/concept/usage.hpp
-- Installing: D:/TelegramBot/vcpkg_installed/vcpkg/pkgs/boost-concept-check_x64-windows/include/boost/concept_archetype.hpp
-- Installing: D:/TelegramBot/vcpkg_installed/vcpkg/pkgs/boost-concept-check_x64-windows/include/boost/concept_check
-- Installing: D:/TelegramBot/vcpkg_installed/vcpkg/pkgs/boost-concept-check_x64-windows/include/boost/concept_check/borland.hpp
-- Installing: D:/TelegramBot/vcpkg_installed/vcpkg/pkgs/boost-concept-check_x64-windows/include/boost/concept_check/general.hpp
-- Installing: D:/TelegramBot/vcpkg_installed/vcpkg/pkgs/boost-concept-check_x64-windows/include/boost/concept_check/has_constraints.hpp
-- Installing: D:/TelegramBot/vcpkg_installed/vcpkg/pkgs/boost-concept-check_x64-windows/include/boost/concept_check/msvc.hpp
-- Installing: D:/TelegramBot/vcpkg_installed/vcpkg/pkgs/boost-concept-check_x64-windows/include/boost/concept_check.hpp
-- Installing: D:/TelegramBot/vcpkg_installed/vcpkg/pkgs/boost-concept-check_x64-windows/lib/cmake/boost_concept_check-1.86.0/boost_concept_check-targets.cmake
-- Installing: D:/TelegramBot/vcpkg_installed/vcpkg/pkgs/boost-concept-check_x64-windows/lib/cmake/boost_concept_check-1.86.0/boost_concept_check-config.cmake
-- Installing: D:/TelegramBot/vcpkg_installed/vcpkg/pkgs/boost-concept-check_x64-windows/lib/cmake/boost_concept_check-1.86.0/boost_concept_check-config-version.cmake

