Change Dir: 'D:/TelegramBot/vcpkg_installed/vcpkg/blds/boost-qvm/x64-windows-rel'

Run Build Command(s): "C:/Program Files/Microsoft Visual Studio/2022/Community/Common7/IDE/CommonExtensions/Microsoft/CMake/Ninja/ninja.exe" -v -v -j9 install
[0/1] C:\WINDOWS\system32\cmd.exe /C "cd /D D:\TelegramBot\vcpkg_installed\vcpkg\blds\boost-qvm\x64-windows-rel && D:\Software\cmake-4.2.1-windows-x86_64\bin\cmake.exe -P cmake_install.cmake"
-- Install configuration: "Release"
-- Installing: D:/TelegramBot/vcpkg_installed/vcpkg/pkgs/boost-qvm_x64-windows/include
-- Installing: D:/TelegramBot/vcpkg_installed/vcpkg/pkgs/boost-qvm_x64-windows/include/boost
-- Installing: D:/TelegramBot/vcpkg_installed/vcpkg/pkgs/boost-qvm_x64-windows/include/boost/qvm
-- Installing: D:/TelegramBot/vcpkg_installed/vcpkg/pkgs/boost-qvm_x64-windows/include/boost/qvm/all.hpp
-- Installing: D:/TelegramBot/vcpkg_installed/vcpkg/pkgs/boost-qvm_x64-windows/include/boost/qvm/assert.hpp
-- Installing: D:/TelegramBot/vcpkg_installed/vcpkg/pkgs/boost-qvm_x64-windows/include/boost/qvm/config.hpp
-- Installing: D:/TelegramBot/vcpkg_installed/vcpkg/pkgs/boost-qvm_x64-windows/include/boost/qvm/deduce_mat.hpp
-- Installing: D:/TelegramBot/vcpkg_installed/vcpkg/pkgs/boost-qvm_x64-windows/include/boost/qvm/deduce_quat.hpp
-- Installing: D:/TelegramBot/vcpkg_installed/vcpkg/pkgs/boost-qvm_x64-windows/include/boost/qvm/deduce_scalar.hpp
-- Installing: D:/TelegramBot/vcpkg_installed/vcpkg/pkgs/boost-qvm_x64-windows/include/boost/qvm/deduce_vec.hpp
-- Installing: D:/TelegramBot/vcpkg_installed/vcpkg/pkgs/boost-qvm_x64-windows/include/boost/qvm/detail
-- Installing: D:/TelegramBot/vcpkg_installed/vcpkg/pkgs/boost-qvm_x64-windows/include/boost/qvm/detail/cofactor_impl.hpp
-- Installing: D:/TelegramBot/vcpkg_installed/vcpkg/pkgs/boost-qvm_x64-windows/include/boost/qvm/detail/determinant_impl.hpp
-- Installing: D:/TelegramBot/vcpkg_installed/vcpkg/pkgs/boost-qvm_x64-windows/include/boost/qvm/detail/mat_assign.hpp
-- Installing: D:/TelegramBot/vcpkg_installed/vcpkg/pkgs/boost-qvm_x64-windows/include/boost/qvm/detail/quat_assign.hpp
-- Installing: D:/TelegramBot/vcpkg_installed/vcpkg/pkgs/boost-qvm_x64-windows/include/boost/qvm/detail/remove_const.hpp
-- Installing: D:/TelegramBot/vcpkg_installed/vcpkg/pkgs/boost-qvm_x64-windows/include/boost/qvm/detail/swizzle_traits.hpp
-- Installing: D:/TelegramBot/vcpkg_installed/vcpkg/pkgs/boost-qvm_x64-windows/include/boost/qvm/detail/transp_impl.hpp
-- Installing: D:/TelegramBot/vcpkg_installed/vcpkg/pkgs/boost-qvm_x64-windows/include/boost/qvm/detail/vec_assign.hpp
-- Installing: D:/TelegramBot/vcpkg_installed/vcpkg/pkgs/boost-qvm_x64-windows/include/boost/qvm/detail/vec_register_impl.hpp
-- Installing: D:/TelegramBot/vcpkg_installed/vcpkg/pkgs/boost-qvm_x64-windows/include/boost/qvm/enable_if.hpp
-- Installing: D:/TelegramBot/vcpkg_installed/vcpkg/pkgs/boost-qvm_x64-windows/include/boost/qvm/error.hpp
-- Installing: D:/TelegramBot/vcpkg_installed/vcpkg/pkgs/boost-qvm_x64-windows/include/boost/qvm/gen
-- Installing: D:/TelegramBot/vcpkg_installed/vcpkg/pkgs/boost-qvm_x64-windows/include/boost/qvm/gen/mat_assign2.hpp
-- Installing: D:/TelegramBot/vcpkg_installed/vcpkg/pkgs/boost-qvm_x64-windows/include/boost/qvm/gen/mat_assign3.hpp
-- Installing: D:/TelegramBot/vcpkg_installed/vcpkg/pkgs/boost-qvm_x64-windows/include/boost/qvm/gen/mat_assign4.hpp
-- Installing: D:/TelegramBot/vcpkg_installed/vcpkg/pkgs/boost-qvm_x64-windows/include/boost/qvm/gen/mat_operations2.hpp
-- Installing: D:/TelegramBot/vcpkg_installed/vcpkg/pkgs/boost-qvm_x64-windows/include/boost/qvm/gen/mat_operations3.hpp
-- Installing: D:/TelegramBot/vcpkg_installed/vcpkg/pkgs/boost-qvm_x64-windows/include/boost/qvm/gen/mat_operations4.hpp
-- Installing: D:/TelegramBot/vcpkg_installed/vcpkg/pkgs/boost-qvm_x64-windows/include/boost/qvm/gen/swizzle2.hpp
-- Installing: D:/TelegramBot/vcpkg_installed/vcpkg/pkgs/boost-qvm_x64-windows/include/boost/qvm/gen/swizzle3.hpp
-- Installing: D:/TelegramBot/vcpkg_installed/vcpkg/pkgs/boost-qvm_x64-windows/include/boost/qvm/gen/swizzle4.hpp
-- Installing: D:/TelegramBot/vcpkg_installed/vcpkg/pkgs/boost-qvm_x64-windows/include/boost/qvm/gen/vec_assign2.hpp
-- Installing: D:/TelegramBot/vcpkg_installed/vcpkg/pkgs/boost-qvm_x64-windows/include/boost/qvm/gen/vec_assign3.hpp
-- Installing: D:/TelegramBot/vcpkg_installed/vcpkg/pkgs/boost-qvm_x64-windows/include/boost/qvm/gen/vec_assign4.hpp
-- Installing: D:/TelegramBot/vcpkg_installed/vcpkg/pkgs/boost-qvm_x64-windows/include/boost/qvm/gen/vec_mat_operations2.hpp
-- Installing: D:/TelegramBot/vcpkg_installed/vcpkg/pkgs/boost-qvm_x64-windows/include/boost/qvm/gen/vec_mat_operations3.hpp
-- Installing: D:/TelegramBot/vcpkg_installed/vcpkg/pkgs/boost-qvm_x64-windows/include/boost/qvm/gen/vec_mat_operations4.hpp
-- Installing: D:/TelegramBot/vcpkg_installed/vcpkg/pkgs/boost-qvm_x64-windows/include/boost/qvm/gen/vec_operations2.hpp
-- Installing: D:/TelegramBot/vcpkg_installed/vcpkg/pkgs/boost-qvm_x64-windows/include/boost/qvm/gen/vec_operations3.hpp
-- Installing: D:/TelegramBot/vcpkg_installed/vcpkg/pkgs/boost-qvm_x64-windows/include/boost/qvm/gen/vec_operations4.hpp
-- Installing: D:/TelegramBot/vcpkg_installed/vcpkg/pkgs/boost-qvm_x64-windows/include/boost/qvm/is_scalar.hpp
-- Installing: D:/TelegramBot/vcpkg_installed/vcpkg/pkgs/boost-qvm_x64-windows/include/boost/qvm/lite.hpp
-- Installing: D:/TelegramBot/vcpkg_installed/vcpkg/pkgs/boost-qvm_x64-windows/include/boost/qvm/map.hpp
-- Installing: D:/TelegramBot/vcpkg_installed/vcpkg/pkgs/boost-qvm_x64-windows/include/boost/qvm/map_mat_mat.hpp
-- Installing: D:/TelegramBot/vcpkg_installed/vcpkg/pkgs/boost-qvm_x64-windows/include/boost/qvm/map_mat_vec.hpp
-- Installing: D:/TelegramBot/vcpkg_installed/vcpkg/pkgs/boost-qvm_x64-windows/include/boost/qvm/map_vec_mat.hpp
-- Installing: D:/TelegramBot/vcpkg_installed/vcpkg/pkgs/boost-qvm_x64-windows/include/boost/qvm/mat.hpp
-- Installing: D:/TelegramBot/vcpkg_installed/vcpkg/pkgs/boost-qvm_x64-windows/include/boost/qvm/math.hpp
-- Installing: D:/TelegramBot/vcpkg_installed/vcpkg/pkgs/boost-qvm_x64-windows/include/boost/qvm/mat_access.hpp
-- Installing: D:/TelegramBot/vcpkg_installed/vcpkg/pkgs/boost-qvm_x64-windows/include/boost/qvm/mat_operations.hpp
-- Installing: D:/TelegramBot/vcpkg_installed/vcpkg/pkgs/boost-qvm_x64-windows/include/boost/qvm/mat_operations2.hpp
-- Installing: D:/TelegramBot/vcpkg_installed/vcpkg/pkgs/boost-qvm_x64-windows/include/boost/qvm/mat_operations3.hpp
-- Installing: D:/TelegramBot/vcpkg_installed/vcpkg/pkgs/boost-qvm_x64-windows/include/boost/qvm/mat_operations4.hpp
-- Installing: D:/TelegramBot/vcpkg_installed/vcpkg/pkgs/boost-qvm_x64-windows/include/boost/qvm/mat_traits.hpp
-- Installing: D:/TelegramBot/vcpkg_installed/vcpkg/pkgs/boost-qvm_x64-windows/include/boost/qvm/mat_traits_array.hpp
-- Installing: D:/TelegramBot/vcpkg_installed/vcpkg/pkgs/boost-qvm_x64-windows/include/boost/qvm/mat_traits_defaults.hpp
-- Installing: D:/TelegramBot/vcpkg_installed/vcpkg/pkgs/boost-qvm_x64-windows/include/boost/qvm/operations.hpp
-- Installing: D:/TelegramBot/vcpkg_installed/vcpkg/pkgs/boost-qvm_x64-windows/include/boost/qvm/quat.hpp
-- Installing: D:/TelegramBot/vcpkg_installed/vcpkg/pkgs/boost-qvm_x64-windows/include/boost/qvm/quat_access.hpp
-- Installing: D:/TelegramBot/vcpkg_installed/vcpkg/pkgs/boost-qvm_x64-windows/include/boost/qvm/quat_operations.hpp
-- Installing: D:/TelegramBot/vcpkg_installed/vcpkg/pkgs/boost-qvm_x64-windows/include/boost/qvm/quat_traits.hpp
-- Installing: D:/TelegramBot/vcpkg_installed/vcpkg/pkgs/boost-qvm_x64-windows/include/boost/qvm/quat_traits_array.hpp
-- Installing: D:/TelegramBot/vcpkg_installed/vcpkg/pkgs/boost-qvm_x64-windows/include/boost/qvm/quat_traits_defaults.hpp
-- Installing: D:/TelegramBot/vcpkg_installed/vcpkg/pkgs/boost-qvm_x64-windows/include/boost/qvm/quat_vec_operations.hpp
-- Installing: D:/TelegramBot/vcpkg_installed/vcpkg/pkgs/boost-qvm_x64-windows/include/boost/qvm/scalar_traits.hpp
-- Installing: D:/TelegramBot/vcpkg_installed/vcpkg/pkgs/boost-qvm_x64-windows/include/boost/qvm/static_assert.hpp
-- Installing: D:/TelegramBot/vcpkg_installed/vcpkg/pkgs/boost-qvm_x64-windows/include/boost/qvm/swizzle.hpp
-- Installing: D:/TelegramBot/vcpkg_installed/vcpkg/pkgs/boost-qvm_x64-windows/include/boost/qvm/swizzle2.hpp
-- Installing: D:/TelegramBot/vcpkg_installed/vcpkg/pkgs/boost-qvm_x64-windows/include/boost/qvm/swizzle3.hpp
-- Installing: D:/TelegramBot/vcpkg_installed/vcpkg/pkgs/boost-qvm_x64-windows/include/boost/qvm/swizzle4.hpp
-- Installing: D:/TelegramBot/vcpkg_installed/vcpkg/pkgs/boost-qvm_x64-windows/include/boost/qvm/throw_exception.hpp
-- Installing: D:/TelegramBot/vcpkg_installed/vcpkg/pkgs/boost-qvm_x64-windows/include/boost/qvm/to_string.hpp
-- Installing: D:/TelegramBot/vcpkg_installed/vcpkg/pkgs/boost-qvm_x64-windows/include/boost/qvm/vec.hpp
-- Installing: D:/TelegramBot/vcpkg_installed/vcpkg/pkgs/boost-qvm_x64-windows/include/boost/qvm/vec_access.hpp
-- Installing: D:/TelegramBot/vcpkg_installed/vcpkg/pkgs/boost-qvm_x64-windows/include/boost/qvm/vec_mat_operations.hpp
-- Installing: D:/TelegramBot/vcpkg_installed/vcpkg/pkgs/boost-qvm_x64-windows/include/boost/qvm/vec_mat_operations2.hpp
-- Installing: D:/TelegramBot/vcpkg_installed/vcpkg/pkgs/boost-qvm_x64-windows/include/boost/qvm/vec_mat_operations3.hpp
-- Installing: D:/TelegramBot/vcpkg_installed/vcpkg/pkgs/boost-qvm_x64-windows/include/boost/qvm/vec_mat_operations4.hpp
-- Installing: D:/TelegramBot/vcpkg_installed/vcpkg/pkgs/boost-qvm_x64-windows/include/boost/qvm/vec_operations.hpp
-- Installing: D:/TelegramBot/vcpkg_installed/vcpkg/pkgs/boost-qvm_x64-windows/include/boost/qvm/vec_operations2.hpp
-- Installing: D:/TelegramBot/vcpkg_installed/vcpkg/pkgs/boost-qvm_x64-windows/include/boost/qvm/vec_operations3.hpp
-- Installing: D:/TelegramBot/vcpkg_installed/vcpkg/pkgs/boost-qvm_x64-windows/include/boost/qvm/vec_operations4.hpp
-- Installing: D:/TelegramBot/vcpkg_installed/vcpkg/pkgs/boost-qvm_x64-windows/include/boost/qvm/vec_register.hpp
-- Installing: D:/TelegramBot/vcpkg_installed/vcpkg/pkgs/boost-qvm_x64-windows/include/boost/qvm/vec_register2.hpp
-- Installing: D:/TelegramBot/vcpkg_installed/vcpkg/pkgs/boost-qvm_x64-windows/include/boost/qvm/vec_register3.hpp
-- Installing: D:/TelegramBot/vcpkg_installed/vcpkg/pkgs/boost-qvm_x64-windows/include/boost/qvm/vec_register4.hpp
-- Installing: D:/TelegramBot/vcpkg_installed/vcpkg/pkgs/boost-qvm_x64-windows/include/boost/qvm/vec_traits.hpp
-- Installing: D:/TelegramBot/vcpkg_installed/vcpkg/pkgs/boost-qvm_x64-windows/include/boost/qvm/vec_traits_array.hpp
-- Installing: D:/TelegramBot/vcpkg_installed/vcpkg/pkgs/boost-qvm_x64-windows/include/boost/qvm/vec_traits_defaults.hpp
-- Installing: D:/TelegramBot/vcpkg_installed/vcpkg/pkgs/boost-qvm_x64-windows/include/boost/qvm/vec_traits_gnuc.hpp
-- Installing: D:/TelegramBot/vcpkg_installed/vcpkg/pkgs/boost-qvm_x64-windows/include/boost/qvm.hpp
-- Installing: D:/TelegramBot/vcpkg_installed/vcpkg/pkgs/boost-qvm_x64-windows/include/boost/qvm_lite.hpp
-- Installing: D:/TelegramBot/vcpkg_installed/vcpkg/pkgs/boost-qvm_x64-windows/lib/cmake/boost_qvm-1.86.0/boost_qvm-targets.cmake
-- Installing: D:/TelegramBot/vcpkg_installed/vcpkg/pkgs/boost-qvm_x64-windows/lib/cmake/boost_qvm-1.86.0/boost_qvm-config.cmake
-- Installing: D:/TelegramBot/vcpkg_installed/vcpkg/pkgs/boost-qvm_x64-windows/lib/cmake/boost_qvm-1.86.0/boost_qvm-config-version.cmake

