Change Dir: 'D:/TelegramBot/vcpkg_installed/vcpkg/blds/boost-coroutine/x64-windows-dbg'

Run Build Command(s): "C:/Program Files/Microsoft Visual Studio/2022/Community/Common7/IDE/CommonExtensions/Microsoft/CMake/Ninja/ninja.exe" -v -v -j9 install
[1/5] C:\PROGRA~1\MICROS~1\2022\COMMUN~1\VC\Tools\MSVC\1444~1.352\bin\Hostx64\x64\cl.exe   /TP -DBOOST_CONTEXT_DYN_LINK="" -DBOOST_CONTEXT_EXPORT=EXPORT -DBOOST_CONTEXT_NO_LIB="" -DBOOST_COROUTINES_DYN_LINK -DBOOST_COROUTINES_SOURCE -DBOOST_COROUTINE_DYN_LINK -DBOOST_COROUTINE_NO_LIB -DBOOST_COROUTINE_SOURCE -Dboost_coroutine_EXPORTS -ID:\TelegramBot\vcpkg_installed\vcpkg\blds\boost-coroutine\src\ost-1.86.0-6eefa8f68f.clean\libs\coroutine\include -external:ID:\TelegramBot\vcpkg_installed\x64-windows\include -external:W0 /nologo /DWIN32 /D_WINDOWS /utf-8 /GR /EHsc /MP  /MDd /Z7 /Ob0 /Od /RTC1  -MDd /showIncludes /Folibs\coroutine\CMakeFiles\boost_coroutine.dir\src\detail\coroutine_context.cpp.obj /Fdlibs\coroutine\CMakeFiles\boost_coroutine.dir\ /FS -c D:\TelegramBot\vcpkg_installed\vcpkg\blds\boost-coroutine\src\ost-1.86.0-6eefa8f68f.clean\libs\coroutine\src\detail\coroutine_context.cpp
[2/5] C:\PROGRA~1\MICROS~1\2022\COMMUN~1\VC\Tools\MSVC\1444~1.352\bin\Hostx64\x64\cl.exe   /TP -DBOOST_CONTEXT_DYN_LINK="" -DBOOST_CONTEXT_EXPORT=EXPORT -DBOOST_CONTEXT_NO_LIB="" -DBOOST_COROUTINES_DYN_LINK -DBOOST_COROUTINES_SOURCE -DBOOST_COROUTINE_DYN_LINK -DBOOST_COROUTINE_NO_LIB -DBOOST_COROUTINE_SOURCE -Dboost_coroutine_EXPORTS -ID:\TelegramBot\vcpkg_installed\vcpkg\blds\boost-coroutine\src\ost-1.86.0-6eefa8f68f.clean\libs\coroutine\include -external:ID:\TelegramBot\vcpkg_installed\x64-windows\include -external:W0 /nologo /DWIN32 /D_WINDOWS /utf-8 /GR /EHsc /MP  /MDd /Z7 /Ob0 /Od /RTC1  -MDd /showIncludes /Folibs\coroutine\CMakeFiles\boost_coroutine.dir\src\exceptions.cpp.obj /Fdlibs\coroutine\CMakeFiles\boost_coroutine.dir\ /FS -c D:\TelegramBot\vcpkg_installed\vcpkg\blds\boost-coroutine\src\ost-1.86.0-6eefa8f68f.clean\libs\coroutine\src\exceptions.cpp
[3/5] C:\PROGRA~1\MICROS~1\2022\COMMUN~1\VC\Tools\MSVC\1444~1.352\bin\Hostx64\x64\cl.exe   /TP -DBOOST_CONTEXT_DYN_LINK="" -DBOOST_CONTEXT_EXPORT=EXPORT -DBOOST_CONTEXT_NO_LIB="" -DBOOST_COROUTINES_DYN_LINK -DBOOST_COROUTINES_SOURCE -DBOOST_COROUTINE_DYN_LINK -DBOOST_COROUTINE_NO_LIB -DBOOST_COROUTINE_SOURCE -Dboost_coroutine_EXPORTS -ID:\TelegramBot\vcpkg_installed\vcpkg\blds\boost-coroutine\src\ost-1.86.0-6eefa8f68f.clean\libs\coroutine\include -external:ID:\TelegramBot\vcpkg_installed\x64-windows\include -external:W0 /nologo /DWIN32 /D_WINDOWS /utf-8 /GR /EHsc /MP  /MDd /Z7 /Ob0 /Od /RTC1  -MDd /showIncludes /Folibs\coroutine\CMakeFiles\boost_coroutine.dir\src\windows\stack_traits.cpp.obj /Fdlibs\coroutine\CMakeFiles\boost_coroutine.dir\ /FS -c D:\TelegramBot\vcpkg_installed\vcpkg\blds\boost-coroutine\src\ost-1.86.0-6eefa8f68f.clean\libs\coroutine\src\windows\stack_traits.cpp
[4/5] C:\WINDOWS\system32\cmd.exe /C "cd . && D:\Software\cmake-4.2.1-windows-x86_64\bin\cmake.exe -E vs_link_dll --msvc-ver=1944 --intdir=libs\coroutine\CMakeFiles\boost_coroutine.dir --rc=C:\PROGRA~2\WI3CF2~1\10\bin\100261~1.0\x64\rc.exe --mt=C:\PROGRA~2\WI3CF2~1\10\bin\100261~1.0\x64\mt.exe --manifests  -- C:\PROGRA~1\MICROS~1\2022\COMMUN~1\VC\Tools\MSVC\1444~1.352\bin\Hostx64\x64\link.exe  libs\coroutine\CMakeFiles\boost_coroutine.dir\src\detail\coroutine_context.cpp.obj libs\coroutine\CMakeFiles\boost_coroutine.dir\src\exceptions.cpp.obj libs\coroutine\CMakeFiles\boost_coroutine.dir\src\windows\stack_traits.cpp.obj  /out:stage\bin\boost_coroutine-vc143-mt-gd-x64-1_86.dll /implib:stage\lib\boost_coroutine-vc143-mt-gd-x64-1_86.lib /pdb:stage\bin\boost_coroutine-vc143-mt-gd-x64-1_86.pdb /dll /version:1.86 /machine:x64 /nologo    /debug /INCREMENTAL  D:\TelegramBot\vcpkg_installed\x64-windows\debug\lib\boost_context-vc143-mt-gd-x64-1_86.lib  D:\TelegramBot\vcpkg_installed\x64-windows\debug\lib\boost_system-vc143-mt-gd-x64-1_86.lib  kernel32.lib user32.lib gdi32.lib winspool.lib shell32.lib ole32.lib oleaut32.lib uuid.lib comdlg32.lib advapi32.lib && cd ."
[4/5] C:\WINDOWS\system32\cmd.exe /C "cd /D D:\TelegramBot\vcpkg_installed\vcpkg\blds\boost-coroutine\x64-windows-dbg && D:\Software\cmake-4.2.1-windows-x86_64\bin\cmake.exe -P cmake_install.cmake"
-- Install configuration: "Debug"
-- Installing: D:/TelegramBot/vcpkg_installed/vcpkg/pkgs/boost-coroutine_x64-windows/debug/include
-- Installing: D:/TelegramBot/vcpkg_installed/vcpkg/pkgs/boost-coroutine_x64-windows/debug/include/boost
-- Installing: D:/TelegramBot/vcpkg_installed/vcpkg/pkgs/boost-coroutine_x64-windows/debug/include/boost/coroutine
-- Installing: D:/TelegramBot/vcpkg_installed/vcpkg/pkgs/boost-coroutine_x64-windows/debug/include/boost/coroutine/all.hpp
-- Installing: D:/TelegramBot/vcpkg_installed/vcpkg/pkgs/boost-coroutine_x64-windows/debug/include/boost/coroutine/asymmetric_coroutine.hpp
-- Installing: D:/TelegramBot/vcpkg_installed/vcpkg/pkgs/boost-coroutine_x64-windows/debug/include/boost/coroutine/attributes.hpp
-- Installing: D:/TelegramBot/vcpkg_installed/vcpkg/pkgs/boost-coroutine_x64-windows/debug/include/boost/coroutine/coroutine.hpp
-- Installing: D:/TelegramBot/vcpkg_installed/vcpkg/pkgs/boost-coroutine_x64-windows/debug/include/boost/coroutine/detail
-- Installing: D:/TelegramBot/vcpkg_installed/vcpkg/pkgs/boost-coroutine_x64-windows/debug/include/boost/coroutine/detail/config.hpp
-- Installing: D:/TelegramBot/vcpkg_installed/vcpkg/pkgs/boost-coroutine_x64-windows/debug/include/boost/coroutine/detail/coroutine_context.hpp
-- Installing: D:/TelegramBot/vcpkg_installed/vcpkg/pkgs/boost-coroutine_x64-windows/debug/include/boost/coroutine/detail/data.hpp
-- Installing: D:/TelegramBot/vcpkg_installed/vcpkg/pkgs/boost-coroutine_x64-windows/debug/include/boost/coroutine/detail/flags.hpp
-- Installing: D:/TelegramBot/vcpkg_installed/vcpkg/pkgs/boost-coroutine_x64-windows/debug/include/boost/coroutine/detail/parameters.hpp
-- Installing: D:/TelegramBot/vcpkg_installed/vcpkg/pkgs/boost-coroutine_x64-windows/debug/include/boost/coroutine/detail/preallocated.hpp
-- Installing: D:/TelegramBot/vcpkg_installed/vcpkg/pkgs/boost-coroutine_x64-windows/debug/include/boost/coroutine/detail/pull_coroutine_impl.hpp
-- Installing: D:/TelegramBot/vcpkg_installed/vcpkg/pkgs/boost-coroutine_x64-windows/debug/include/boost/coroutine/detail/pull_coroutine_object.hpp
-- Installing: D:/TelegramBot/vcpkg_installed/vcpkg/pkgs/boost-coroutine_x64-windows/debug/include/boost/coroutine/detail/pull_coroutine_synthesized.hpp
-- Installing: D:/TelegramBot/vcpkg_installed/vcpkg/pkgs/boost-coroutine_x64-windows/debug/include/boost/coroutine/detail/push_coroutine_impl.hpp
-- Installing: D:/TelegramBot/vcpkg_installed/vcpkg/pkgs/boost-coroutine_x64-windows/debug/include/boost/coroutine/detail/push_coroutine_object.hpp
-- Installing: D:/TelegramBot/vcpkg_installed/vcpkg/pkgs/boost-coroutine_x64-windows/debug/include/boost/coroutine/detail/push_coroutine_synthesized.hpp
-- Installing: D:/TelegramBot/vcpkg_installed/vcpkg/pkgs/boost-coroutine_x64-windows/debug/include/boost/coroutine/detail/setup.hpp
-- Installing: D:/TelegramBot/vcpkg_installed/vcpkg/pkgs/boost-coroutine_x64-windows/debug/include/boost/coroutine/detail/symmetric_coroutine_call.hpp
-- Installing: D:/TelegramBot/vcpkg_installed/vcpkg/pkgs/boost-coroutine_x64-windows/debug/include/boost/coroutine/detail/symmetric_coroutine_impl.hpp
-- Installing: D:/TelegramBot/vcpkg_installed/vcpkg/pkgs/boost-coroutine_x64-windows/debug/include/boost/coroutine/detail/symmetric_coroutine_object.hpp
-- Installing: D:/TelegramBot/vcpkg_installed/vcpkg/pkgs/boost-coroutine_x64-windows/debug/include/boost/coroutine/detail/symmetric_coroutine_yield.hpp
-- Installing: D:/TelegramBot/vcpkg_installed/vcpkg/pkgs/boost-coroutine_x64-windows/debug/include/boost/coroutine/detail/trampoline.hpp
-- Installing: D:/TelegramBot/vcpkg_installed/vcpkg/pkgs/boost-coroutine_x64-windows/debug/include/boost/coroutine/detail/trampoline_pull.hpp
-- Installing: D:/TelegramBot/vcpkg_installed/vcpkg/pkgs/boost-coroutine_x64-windows/debug/include/boost/coroutine/detail/trampoline_push.hpp
-- Installing: D:/TelegramBot/vcpkg_installed/vcpkg/pkgs/boost-coroutine_x64-windows/debug/include/boost/coroutine/exceptions.hpp
-- Installing: D:/TelegramBot/vcpkg_installed/vcpkg/pkgs/boost-coroutine_x64-windows/debug/include/boost/coroutine/flags.hpp
-- Installing: D:/TelegramBot/vcpkg_installed/vcpkg/pkgs/boost-coroutine_x64-windows/debug/include/boost/coroutine/posix
-- Installing: D:/TelegramBot/vcpkg_installed/vcpkg/pkgs/boost-coroutine_x64-windows/debug/include/boost/coroutine/posix/protected_stack_allocator.hpp
-- Installing: D:/TelegramBot/vcpkg_installed/vcpkg/pkgs/boost-coroutine_x64-windows/debug/include/boost/coroutine/posix/segmented_stack_allocator.hpp
-- Installing: D:/TelegramBot/vcpkg_installed/vcpkg/pkgs/boost-coroutine_x64-windows/debug/include/boost/coroutine/protected_stack_allocator.hpp
-- Installing: D:/TelegramBot/vcpkg_installed/vcpkg/pkgs/boost-coroutine_x64-windows/debug/include/boost/coroutine/segmented_stack_allocator.hpp
-- Installing: D:/TelegramBot/vcpkg_installed/vcpkg/pkgs/boost-coroutine_x64-windows/debug/include/boost/coroutine/stack_allocator.hpp
-- Installing: D:/TelegramBot/vcpkg_installed/vcpkg/pkgs/boost-coroutine_x64-windows/debug/include/boost/coroutine/stack_context.hpp
-- Installing: D:/TelegramBot/vcpkg_installed/vcpkg/pkgs/boost-coroutine_x64-windows/debug/include/boost/coroutine/stack_traits.hpp
-- Installing: D:/TelegramBot/vcpkg_installed/vcpkg/pkgs/boost-coroutine_x64-windows/debug/include/boost/coroutine/standard_stack_allocator.hpp
-- Installing: D:/TelegramBot/vcpkg_installed/vcpkg/pkgs/boost-coroutine_x64-windows/debug/include/boost/coroutine/symmetric_coroutine.hpp
-- Installing: D:/TelegramBot/vcpkg_installed/vcpkg/pkgs/boost-coroutine_x64-windows/debug/include/boost/coroutine/windows
-- Installing: D:/TelegramBot/vcpkg_installed/vcpkg/pkgs/boost-coroutine_x64-windows/debug/include/boost/coroutine/windows/protected_stack_allocator.hpp
-- Installing: D:/TelegramBot/vcpkg_installed/vcpkg/pkgs/boost-coroutine_x64-windows/debug/lib/boost_coroutine-vc143-mt-gd-x64-1_86.lib
-- Installing: D:/TelegramBot/vcpkg_installed/vcpkg/pkgs/boost-coroutine_x64-windows/debug/bin/boost_coroutine-vc143-mt-gd-x64-1_86.dll
-- Installing: D:/TelegramBot/vcpkg_installed/vcpkg/pkgs/boost-coroutine_x64-windows/debug/bin/boost_coroutine-vc143-mt-gd-x64-1_86.pdb
-- Installing: D:/TelegramBot/vcpkg_installed/vcpkg/pkgs/boost-coroutine_x64-windows/debug/lib/cmake/boost_coroutine-1.86.0/boost_coroutine-targets.cmake
-- Installing: D:/TelegramBot/vcpkg_installed/vcpkg/pkgs/boost-coroutine_x64-windows/debug/lib/cmake/boost_coroutine-1.86.0/boost_coroutine-targets-debug.cmake
-- Installing: D:/TelegramBot/vcpkg_installed/vcpkg/pkgs/boost-coroutine_x64-windows/debug/lib/cmake/boost_coroutine-1.86.0/boost_coroutine-config.cmake
-- Installing: D:/TelegramBot/vcpkg_installed/vcpkg/pkgs/boost-coroutine_x64-windows/debug/lib/cmake/boost_coroutine-1.86.0/boost_coroutine-config-version.cmake

