Change Dir: 'D:/TelegramBot/vcpkg_installed/vcpkg/blds/boost-local-function/x64-windows-rel'

Run Build Command(s): "C:/Program Files/Microsoft Visual Studio/2022/Community/Common7/IDE/CommonExtensions/Microsoft/CMake/Ninja/ninja.exe" -v -v -j9 install
[0/1] C:\WINDOWS\system32\cmd.exe /C "cd /D D:\TelegramBot\vcpkg_installed\vcpkg\blds\boost-local-function\x64-windows-rel && D:\Software\cmake-4.2.1-windows-x86_64\bin\cmake.exe -P cmake_install.cmake"
-- Install configuration: "Release"
-- Installing: D:/TelegramBot/vcpkg_installed/vcpkg/pkgs/boost-local-function_x64-windows/include
-- Installing: D:/TelegramBot/vcpkg_installed/vcpkg/pkgs/boost-local-function_x64-windows/include/boost
-- Installing: D:/TelegramBot/vcpkg_installed/vcpkg/pkgs/boost-local-function_x64-windows/include/boost/local_function
-- Installing: D:/TelegramBot/vcpkg_installed/vcpkg/pkgs/boost-local-function_x64-windows/include/boost/local_function/aux_
-- Installing: D:/TelegramBot/vcpkg_installed/vcpkg/pkgs/boost-local-function_x64-windows/include/boost/local_function/aux_/add_pointed_const.hpp
-- Installing: D:/TelegramBot/vcpkg_installed/vcpkg/pkgs/boost-local-function_x64-windows/include/boost/local_function/aux_/function.hpp
-- Installing: D:/TelegramBot/vcpkg_installed/vcpkg/pkgs/boost-local-function_x64-windows/include/boost/local_function/aux_/macro
-- Installing: D:/TelegramBot/vcpkg_installed/vcpkg/pkgs/boost-local-function_x64-windows/include/boost/local_function/aux_/macro/code_
-- Installing: D:/TelegramBot/vcpkg_installed/vcpkg/pkgs/boost-local-function_x64-windows/include/boost/local_function/aux_/macro/code_/bind.hpp
-- Installing: D:/TelegramBot/vcpkg_installed/vcpkg/pkgs/boost-local-function_x64-windows/include/boost/local_function/aux_/macro/code_/functor.hpp
-- Installing: D:/TelegramBot/vcpkg_installed/vcpkg/pkgs/boost-local-function_x64-windows/include/boost/local_function/aux_/macro/code_/result.hpp
-- Installing: D:/TelegramBot/vcpkg_installed/vcpkg/pkgs/boost-local-function_x64-windows/include/boost/local_function/aux_/macro/decl.hpp
-- Installing: D:/TelegramBot/vcpkg_installed/vcpkg/pkgs/boost-local-function_x64-windows/include/boost/local_function/aux_/macro/name.hpp
-- Installing: D:/TelegramBot/vcpkg_installed/vcpkg/pkgs/boost-local-function_x64-windows/include/boost/local_function/aux_/macro/typeof.hpp
-- Installing: D:/TelegramBot/vcpkg_installed/vcpkg/pkgs/boost-local-function_x64-windows/include/boost/local_function/aux_/member.hpp
-- Installing: D:/TelegramBot/vcpkg_installed/vcpkg/pkgs/boost-local-function_x64-windows/include/boost/local_function/aux_/nobind.hpp
-- Installing: D:/TelegramBot/vcpkg_installed/vcpkg/pkgs/boost-local-function_x64-windows/include/boost/local_function/aux_/preprocessor
-- Installing: D:/TelegramBot/vcpkg_installed/vcpkg/pkgs/boost-local-function_x64-windows/include/boost/local_function/aux_/preprocessor/traits
-- Installing: D:/TelegramBot/vcpkg_installed/vcpkg/pkgs/boost-local-function_x64-windows/include/boost/local_function/aux_/preprocessor/traits/bind.hpp
-- Installing: D:/TelegramBot/vcpkg_installed/vcpkg/pkgs/boost-local-function_x64-windows/include/boost/local_function/aux_/preprocessor/traits/decl.hpp
-- Installing: D:/TelegramBot/vcpkg_installed/vcpkg/pkgs/boost-local-function_x64-windows/include/boost/local_function/aux_/preprocessor/traits/decl_
-- Installing: D:/TelegramBot/vcpkg_installed/vcpkg/pkgs/boost-local-function_x64-windows/include/boost/local_function/aux_/preprocessor/traits/decl_/append.hpp
-- Installing: D:/TelegramBot/vcpkg_installed/vcpkg/pkgs/boost-local-function_x64-windows/include/boost/local_function/aux_/preprocessor/traits/decl_/index.hpp
-- Installing: D:/TelegramBot/vcpkg_installed/vcpkg/pkgs/boost-local-function_x64-windows/include/boost/local_function/aux_/preprocessor/traits/decl_/nil.hpp
-- Installing: D:/TelegramBot/vcpkg_installed/vcpkg/pkgs/boost-local-function_x64-windows/include/boost/local_function/aux_/preprocessor/traits/decl_/set_error.hpp
-- Installing: D:/TelegramBot/vcpkg_installed/vcpkg/pkgs/boost-local-function_x64-windows/include/boost/local_function/aux_/preprocessor/traits/decl_/validate.hpp
-- Installing: D:/TelegramBot/vcpkg_installed/vcpkg/pkgs/boost-local-function_x64-windows/include/boost/local_function/aux_/preprocessor/traits/decl_/validate_
-- Installing: D:/TelegramBot/vcpkg_installed/vcpkg/pkgs/boost-local-function_x64-windows/include/boost/local_function/aux_/preprocessor/traits/decl_/validate_/return_count.hpp
-- Installing: D:/TelegramBot/vcpkg_installed/vcpkg/pkgs/boost-local-function_x64-windows/include/boost/local_function/aux_/preprocessor/traits/decl_/validate_/this_count.hpp
-- Installing: D:/TelegramBot/vcpkg_installed/vcpkg/pkgs/boost-local-function_x64-windows/include/boost/local_function/aux_/preprocessor/traits/decl_binds.hpp
-- Installing: D:/TelegramBot/vcpkg_installed/vcpkg/pkgs/boost-local-function_x64-windows/include/boost/local_function/aux_/preprocessor/traits/decl_const_binds.hpp
-- Installing: D:/TelegramBot/vcpkg_installed/vcpkg/pkgs/boost-local-function_x64-windows/include/boost/local_function/aux_/preprocessor/traits/decl_error.hpp
-- Installing: D:/TelegramBot/vcpkg_installed/vcpkg/pkgs/boost-local-function_x64-windows/include/boost/local_function/aux_/preprocessor/traits/decl_params.hpp
-- Installing: D:/TelegramBot/vcpkg_installed/vcpkg/pkgs/boost-local-function_x64-windows/include/boost/local_function/aux_/preprocessor/traits/decl_returns.hpp
-- Installing: D:/TelegramBot/vcpkg_installed/vcpkg/pkgs/boost-local-function_x64-windows/include/boost/local_function/aux_/preprocessor/traits/decl_sign_
-- Installing: D:/TelegramBot/vcpkg_installed/vcpkg/pkgs/boost-local-function_x64-windows/include/boost/local_function/aux_/preprocessor/traits/decl_sign_/any_bind_type.hpp
-- Installing: D:/TelegramBot/vcpkg_installed/vcpkg/pkgs/boost-local-function_x64-windows/include/boost/local_function/aux_/preprocessor/traits/decl_sign_/sign.hpp
-- Installing: D:/TelegramBot/vcpkg_installed/vcpkg/pkgs/boost-local-function_x64-windows/include/boost/local_function/aux_/preprocessor/traits/decl_sign_/validate.hpp
-- Installing: D:/TelegramBot/vcpkg_installed/vcpkg/pkgs/boost-local-function_x64-windows/include/boost/local_function/aux_/preprocessor/traits/decl_sign_/validate_
-- Installing: D:/TelegramBot/vcpkg_installed/vcpkg/pkgs/boost-local-function_x64-windows/include/boost/local_function/aux_/preprocessor/traits/decl_sign_/validate_/defaults.hpp
-- Installing: D:/TelegramBot/vcpkg_installed/vcpkg/pkgs/boost-local-function_x64-windows/include/boost/local_function/aux_/preprocessor/traits/decl_sign_/validate_/this.hpp
-- Installing: D:/TelegramBot/vcpkg_installed/vcpkg/pkgs/boost-local-function_x64-windows/include/boost/local_function/aux_/preprocessor/traits/param.hpp
-- Installing: D:/TelegramBot/vcpkg_installed/vcpkg/pkgs/boost-local-function_x64-windows/include/boost/local_function/aux_/symbol.hpp
-- Installing: D:/TelegramBot/vcpkg_installed/vcpkg/pkgs/boost-local-function_x64-windows/include/boost/local_function/config.hpp
-- Installing: D:/TelegramBot/vcpkg_installed/vcpkg/pkgs/boost-local-function_x64-windows/include/boost/local_function/detail
-- Installing: D:/TelegramBot/vcpkg_installed/vcpkg/pkgs/boost-local-function_x64-windows/include/boost/local_function/detail/preprocessor
-- Installing: D:/TelegramBot/vcpkg_installed/vcpkg/pkgs/boost-local-function_x64-windows/include/boost/local_function/detail/preprocessor/keyword
-- Installing: D:/TelegramBot/vcpkg_installed/vcpkg/pkgs/boost-local-function_x64-windows/include/boost/local_function/detail/preprocessor/keyword/auto.hpp
-- Installing: D:/TelegramBot/vcpkg_installed/vcpkg/pkgs/boost-local-function_x64-windows/include/boost/local_function/detail/preprocessor/keyword/bind.hpp
-- Installing: D:/TelegramBot/vcpkg_installed/vcpkg/pkgs/boost-local-function_x64-windows/include/boost/local_function/detail/preprocessor/keyword/const.hpp
-- Installing: D:/TelegramBot/vcpkg_installed/vcpkg/pkgs/boost-local-function_x64-windows/include/boost/local_function/detail/preprocessor/keyword/const_bind.hpp
-- Installing: D:/TelegramBot/vcpkg_installed/vcpkg/pkgs/boost-local-function_x64-windows/include/boost/local_function/detail/preprocessor/keyword/default.hpp
-- Installing: D:/TelegramBot/vcpkg_installed/vcpkg/pkgs/boost-local-function_x64-windows/include/boost/local_function/detail/preprocessor/keyword/facility
-- Installing: D:/TelegramBot/vcpkg_installed/vcpkg/pkgs/boost-local-function_x64-windows/include/boost/local_function/detail/preprocessor/keyword/facility/add.hpp
-- Installing: D:/TelegramBot/vcpkg_installed/vcpkg/pkgs/boost-local-function_x64-windows/include/boost/local_function/detail/preprocessor/keyword/facility/is.hpp
-- Installing: D:/TelegramBot/vcpkg_installed/vcpkg/pkgs/boost-local-function_x64-windows/include/boost/local_function/detail/preprocessor/keyword/facility/remove.hpp
-- Installing: D:/TelegramBot/vcpkg_installed/vcpkg/pkgs/boost-local-function_x64-windows/include/boost/local_function/detail/preprocessor/keyword/inline.hpp
-- Installing: D:/TelegramBot/vcpkg_installed/vcpkg/pkgs/boost-local-function_x64-windows/include/boost/local_function/detail/preprocessor/keyword/recursive.hpp
-- Installing: D:/TelegramBot/vcpkg_installed/vcpkg/pkgs/boost-local-function_x64-windows/include/boost/local_function/detail/preprocessor/keyword/register.hpp
-- Installing: D:/TelegramBot/vcpkg_installed/vcpkg/pkgs/boost-local-function_x64-windows/include/boost/local_function/detail/preprocessor/keyword/return.hpp
-- Installing: D:/TelegramBot/vcpkg_installed/vcpkg/pkgs/boost-local-function_x64-windows/include/boost/local_function/detail/preprocessor/keyword/this.hpp
-- Installing: D:/TelegramBot/vcpkg_installed/vcpkg/pkgs/boost-local-function_x64-windows/include/boost/local_function/detail/preprocessor/keyword/thisunderscore.hpp
-- Installing: D:/TelegramBot/vcpkg_installed/vcpkg/pkgs/boost-local-function_x64-windows/include/boost/local_function/detail/preprocessor/keyword/void.hpp
-- Installing: D:/TelegramBot/vcpkg_installed/vcpkg/pkgs/boost-local-function_x64-windows/include/boost/local_function/detail/preprocessor/line_counter.hpp
-- Installing: D:/TelegramBot/vcpkg_installed/vcpkg/pkgs/boost-local-function_x64-windows/include/boost/local_function/detail/preprocessor/void_list.hpp
-- Installing: D:/TelegramBot/vcpkg_installed/vcpkg/pkgs/boost-local-function_x64-windows/include/boost/local_function.hpp
-- Installing: D:/TelegramBot/vcpkg_installed/vcpkg/pkgs/boost-local-function_x64-windows/lib/cmake/boost_local_function-1.86.0/boost_local_function-targets.cmake
-- Installing: D:/TelegramBot/vcpkg_installed/vcpkg/pkgs/boost-local-function_x64-windows/lib/cmake/boost_local_function-1.86.0/boost_local_function-config.cmake
-- Installing: D:/TelegramBot/vcpkg_installed/vcpkg/pkgs/boost-local-function_x64-windows/lib/cmake/boost_local_function-1.86.0/boost_local_function-config-version.cmake

