Change Dir: 'D:/TelegramBot/vcpkg_installed/vcpkg/blds/boost-optional/x64-windows-rel'

Run Build Command(s): "C:/Program Files/Microsoft Visual Studio/2022/Community/Common7/IDE/CommonExtensions/Microsoft/CMake/Ninja/ninja.exe" -v -v -j9 install
[0/1] C:\WINDOWS\system32\cmd.exe /C "cd /D D:\TelegramBot\vcpkg_installed\vcpkg\blds\boost-optional\x64-windows-rel && D:\Software\cmake-4.2.1-windows-x86_64\bin\cmake.exe -P cmake_install.cmake"
-- Install configuration: "Release"
-- Installing: D:/TelegramBot/vcpkg_installed/vcpkg/pkgs/boost-optional_x64-windows/include
-- Installing: D:/TelegramBot/vcpkg_installed/vcpkg/pkgs/boost-optional_x64-windows/include/boost
-- Installing: D:/TelegramBot/vcpkg_installed/vcpkg/pkgs/boost-optional_x64-windows/include/boost/none.hpp
-- Installing: D:/TelegramBot/vcpkg_installed/vcpkg/pkgs/boost-optional_x64-windows/include/boost/none_t.hpp
-- Installing: D:/TelegramBot/vcpkg_installed/vcpkg/pkgs/boost-optional_x64-windows/include/boost/optional
-- Installing: D:/TelegramBot/vcpkg_installed/vcpkg/pkgs/boost-optional_x64-windows/include/boost/optional/bad_optional_access.hpp
-- Installing: D:/TelegramBot/vcpkg_installed/vcpkg/pkgs/boost-optional_x64-windows/include/boost/optional/detail
-- Installing: D:/TelegramBot/vcpkg_installed/vcpkg/pkgs/boost-optional_x64-windows/include/boost/optional/detail/experimental_traits.hpp
-- Installing: D:/TelegramBot/vcpkg_installed/vcpkg/pkgs/boost-optional_x64-windows/include/boost/optional/detail/old_optional_implementation.hpp
-- Installing: D:/TelegramBot/vcpkg_installed/vcpkg/pkgs/boost-optional_x64-windows/include/boost/optional/detail/optional_aligned_storage.hpp
-- Installing: D:/TelegramBot/vcpkg_installed/vcpkg/pkgs/boost-optional_x64-windows/include/boost/optional/detail/optional_config.hpp
-- Installing: D:/TelegramBot/vcpkg_installed/vcpkg/pkgs/boost-optional_x64-windows/include/boost/optional/detail/optional_factory_support.hpp
-- Installing: D:/TelegramBot/vcpkg_installed/vcpkg/pkgs/boost-optional_x64-windows/include/boost/optional/detail/optional_hash.hpp
-- Installing: D:/TelegramBot/vcpkg_installed/vcpkg/pkgs/boost-optional_x64-windows/include/boost/optional/detail/optional_reference_spec.hpp
-- Installing: D:/TelegramBot/vcpkg_installed/vcpkg/pkgs/boost-optional_x64-windows/include/boost/optional/detail/optional_relops.hpp
-- Installing: D:/TelegramBot/vcpkg_installed/vcpkg/pkgs/boost-optional_x64-windows/include/boost/optional/detail/optional_swap.hpp
-- Installing: D:/TelegramBot/vcpkg_installed/vcpkg/pkgs/boost-optional_x64-windows/include/boost/optional/detail/optional_trivially_copyable_base.hpp
-- Installing: D:/TelegramBot/vcpkg_installed/vcpkg/pkgs/boost-optional_x64-windows/include/boost/optional/optional.hpp
-- Installing: D:/TelegramBot/vcpkg_installed/vcpkg/pkgs/boost-optional_x64-windows/include/boost/optional/optional_fwd.hpp
-- Installing: D:/TelegramBot/vcpkg_installed/vcpkg/pkgs/boost-optional_x64-windows/include/boost/optional/optional_io.hpp
-- Installing: D:/TelegramBot/vcpkg_installed/vcpkg/pkgs/boost-optional_x64-windows/include/boost/optional.hpp
-- Installing: D:/TelegramBot/vcpkg_installed/vcpkg/pkgs/boost-optional_x64-windows/lib/cmake/boost_optional-1.86.0/boost_optional-targets.cmake
-- Installing: D:/TelegramBot/vcpkg_installed/vcpkg/pkgs/boost-optional_x64-windows/lib/cmake/boost_optional-1.86.0/boost_optional-config.cmake
-- Installing: D:/TelegramBot/vcpkg_installed/vcpkg/pkgs/boost-optional_x64-windows/lib/cmake/boost_optional-1.86.0/boost_optional-config-version.cmake

