Change Dir: 'D:/TelegramBot/vcpkg_installed/vcpkg/blds/boost-bind/x64-windows-rel'

Run Build Command(s): "C:/Program Files/Microsoft Visual Studio/2022/Community/Common7/IDE/CommonExtensions/Microsoft/CMake/Ninja/ninja.exe" -v -v -j9 install
[0/1] C:\WINDOWS\system32\cmd.exe /C "cd /D D:\TelegramBot\vcpkg_installed\vcpkg\blds\boost-bind\x64-windows-rel && D:\Software\cmake-4.2.1-windows-x86_64\bin\cmake.exe -P cmake_install.cmake"
-- Install configuration: "Release"
-- Installing: D:/TelegramBot/vcpkg_installed/vcpkg/pkgs/boost-bind_x64-windows/include
-- Installing: D:/TelegramBot/vcpkg_installed/vcpkg/pkgs/boost-bind_x64-windows/include/boost
-- Installing: D:/TelegramBot/vcpkg_installed/vcpkg/pkgs/boost-bind_x64-windows/include/boost/bind
-- Installing: D:/TelegramBot/vcpkg_installed/vcpkg/pkgs/boost-bind_x64-windows/include/boost/bind/apply.hpp
-- Installing: D:/TelegramBot/vcpkg_installed/vcpkg/pkgs/boost-bind_x64-windows/include/boost/bind/arg.hpp
-- Installing: D:/TelegramBot/vcpkg_installed/vcpkg/pkgs/boost-bind_x64-windows/include/boost/bind/bind.hpp
-- Installing: D:/TelegramBot/vcpkg_installed/vcpkg/pkgs/boost-bind_x64-windows/include/boost/bind/detail
-- Installing: D:/TelegramBot/vcpkg_installed/vcpkg/pkgs/boost-bind_x64-windows/include/boost/bind/detail/bind_cc.hpp
-- Installing: D:/TelegramBot/vcpkg_installed/vcpkg/pkgs/boost-bind_x64-windows/include/boost/bind/detail/bind_mf2_cc.hpp
-- Installing: D:/TelegramBot/vcpkg_installed/vcpkg/pkgs/boost-bind_x64-windows/include/boost/bind/detail/bind_mf_cc.hpp
-- Installing: D:/TelegramBot/vcpkg_installed/vcpkg/pkgs/boost-bind_x64-windows/include/boost/bind/detail/integer_sequence.hpp
-- Installing: D:/TelegramBot/vcpkg_installed/vcpkg/pkgs/boost-bind_x64-windows/include/boost/bind/detail/result_traits.hpp
-- Installing: D:/TelegramBot/vcpkg_installed/vcpkg/pkgs/boost-bind_x64-windows/include/boost/bind/detail/tuple_for_each.hpp
-- Installing: D:/TelegramBot/vcpkg_installed/vcpkg/pkgs/boost-bind_x64-windows/include/boost/bind/make_adaptable.hpp
-- Installing: D:/TelegramBot/vcpkg_installed/vcpkg/pkgs/boost-bind_x64-windows/include/boost/bind/mem_fn.hpp
-- Installing: D:/TelegramBot/vcpkg_installed/vcpkg/pkgs/boost-bind_x64-windows/include/boost/bind/placeholders.hpp
-- Installing: D:/TelegramBot/vcpkg_installed/vcpkg/pkgs/boost-bind_x64-windows/include/boost/bind/protect.hpp
-- Installing: D:/TelegramBot/vcpkg_installed/vcpkg/pkgs/boost-bind_x64-windows/include/boost/bind/std_placeholders.hpp
-- Installing: D:/TelegramBot/vcpkg_installed/vcpkg/pkgs/boost-bind_x64-windows/include/boost/bind.hpp
-- Installing: D:/TelegramBot/vcpkg_installed/vcpkg/pkgs/boost-bind_x64-windows/include/boost/is_placeholder.hpp
-- Installing: D:/TelegramBot/vcpkg_installed/vcpkg/pkgs/boost-bind_x64-windows/include/boost/mem_fn.hpp
-- Installing: D:/TelegramBot/vcpkg_installed/vcpkg/pkgs/boost-bind_x64-windows/lib/cmake/boost_bind-1.86.0/boost_bind-targets.cmake
-- Installing: D:/TelegramBot/vcpkg_installed/vcpkg/pkgs/boost-bind_x64-windows/lib/cmake/boost_bind-1.86.0/boost_bind-config.cmake
-- Installing: D:/TelegramBot/vcpkg_installed/vcpkg/pkgs/boost-bind_x64-windows/lib/cmake/boost_bind-1.86.0/boost_bind-config-version.cmake

