Change Dir: 'D:/TelegramBot/vcpkg_installed/vcpkg/blds/boost-hana/x64-windows-rel'

Run Build Command(s): "C:/Program Files/Microsoft Visual Studio/2022/Community/Common7/IDE/CommonExtensions/Microsoft/CMake/Ninja/ninja.exe" -v -v -j9 install
[0/1] C:\WINDOWS\system32\cmd.exe /C "cd /D D:\TelegramBot\vcpkg_installed\vcpkg\blds\boost-hana\x64-windows-rel && D:\Software\cmake-4.2.1-windows-x86_64\bin\cmake.exe -P cmake_install.cmake"
-- Install configuration: "Release"
-- Installing: D:/TelegramBot/vcpkg_installed/vcpkg/pkgs/boost-hana_x64-windows/include
-- Installing: D:/TelegramBot/vcpkg_installed/vcpkg/pkgs/boost-hana_x64-windows/include/boost
-- Installing: D:/TelegramBot/vcpkg_installed/vcpkg/pkgs/boost-hana_x64-windows/include/boost/hana
-- Installing: D:/TelegramBot/vcpkg_installed/vcpkg/pkgs/boost-hana_x64-windows/include/boost/hana/accessors.hpp
-- Installing: D:/TelegramBot/vcpkg_installed/vcpkg/pkgs/boost-hana_x64-windows/include/boost/hana/adapt_adt.hpp
-- Installing: D:/TelegramBot/vcpkg_installed/vcpkg/pkgs/boost-hana_x64-windows/include/boost/hana/adapt_struct.hpp
-- Installing: D:/TelegramBot/vcpkg_installed/vcpkg/pkgs/boost-hana_x64-windows/include/boost/hana/adjust.hpp
-- Installing: D:/TelegramBot/vcpkg_installed/vcpkg/pkgs/boost-hana_x64-windows/include/boost/hana/adjust_if.hpp
-- Installing: D:/TelegramBot/vcpkg_installed/vcpkg/pkgs/boost-hana_x64-windows/include/boost/hana/all.hpp
-- Installing: D:/TelegramBot/vcpkg_installed/vcpkg/pkgs/boost-hana_x64-windows/include/boost/hana/all_of.hpp
-- Installing: D:/TelegramBot/vcpkg_installed/vcpkg/pkgs/boost-hana_x64-windows/include/boost/hana/and.hpp
-- Installing: D:/TelegramBot/vcpkg_installed/vcpkg/pkgs/boost-hana_x64-windows/include/boost/hana/any.hpp
-- Installing: D:/TelegramBot/vcpkg_installed/vcpkg/pkgs/boost-hana_x64-windows/include/boost/hana/any_of.hpp
-- Installing: D:/TelegramBot/vcpkg_installed/vcpkg/pkgs/boost-hana_x64-windows/include/boost/hana/ap.hpp
-- Installing: D:/TelegramBot/vcpkg_installed/vcpkg/pkgs/boost-hana_x64-windows/include/boost/hana/append.hpp
-- Installing: D:/TelegramBot/vcpkg_installed/vcpkg/pkgs/boost-hana_x64-windows/include/boost/hana/assert.hpp
-- Installing: D:/TelegramBot/vcpkg_installed/vcpkg/pkgs/boost-hana_x64-windows/include/boost/hana/at.hpp
-- Installing: D:/TelegramBot/vcpkg_installed/vcpkg/pkgs/boost-hana_x64-windows/include/boost/hana/at_key.hpp
-- Installing: D:/TelegramBot/vcpkg_installed/vcpkg/pkgs/boost-hana_x64-windows/include/boost/hana/back.hpp
-- Installing: D:/TelegramBot/vcpkg_installed/vcpkg/pkgs/boost-hana_x64-windows/include/boost/hana/basic_tuple.hpp
-- Installing: D:/TelegramBot/vcpkg_installed/vcpkg/pkgs/boost-hana_x64-windows/include/boost/hana/bool.hpp
-- Installing: D:/TelegramBot/vcpkg_installed/vcpkg/pkgs/boost-hana_x64-windows/include/boost/hana/cartesian_product.hpp
-- Installing: D:/TelegramBot/vcpkg_installed/vcpkg/pkgs/boost-hana_x64-windows/include/boost/hana/chain.hpp
-- Installing: D:/TelegramBot/vcpkg_installed/vcpkg/pkgs/boost-hana_x64-windows/include/boost/hana/comparing.hpp
-- Installing: D:/TelegramBot/vcpkg_installed/vcpkg/pkgs/boost-hana_x64-windows/include/boost/hana/concat.hpp
-- Installing: D:/TelegramBot/vcpkg_installed/vcpkg/pkgs/boost-hana_x64-windows/include/boost/hana/concept
-- Installing: D:/TelegramBot/vcpkg_installed/vcpkg/pkgs/boost-hana_x64-windows/include/boost/hana/concept/applicative.hpp
-- Installing: D:/TelegramBot/vcpkg_installed/vcpkg/pkgs/boost-hana_x64-windows/include/boost/hana/concept/comonad.hpp
-- Installing: D:/TelegramBot/vcpkg_installed/vcpkg/pkgs/boost-hana_x64-windows/include/boost/hana/concept/comparable.hpp
-- Installing: D:/TelegramBot/vcpkg_installed/vcpkg/pkgs/boost-hana_x64-windows/include/boost/hana/concept/constant.hpp
-- Installing: D:/TelegramBot/vcpkg_installed/vcpkg/pkgs/boost-hana_x64-windows/include/boost/hana/concept/euclidean_ring.hpp
-- Installing: D:/TelegramBot/vcpkg_installed/vcpkg/pkgs/boost-hana_x64-windows/include/boost/hana/concept/foldable.hpp
-- Installing: D:/TelegramBot/vcpkg_installed/vcpkg/pkgs/boost-hana_x64-windows/include/boost/hana/concept/functor.hpp
-- Installing: D:/TelegramBot/vcpkg_installed/vcpkg/pkgs/boost-hana_x64-windows/include/boost/hana/concept/group.hpp
-- Installing: D:/TelegramBot/vcpkg_installed/vcpkg/pkgs/boost-hana_x64-windows/include/boost/hana/concept/hashable.hpp
-- Installing: D:/TelegramBot/vcpkg_installed/vcpkg/pkgs/boost-hana_x64-windows/include/boost/hana/concept/integral_constant.hpp
-- Installing: D:/TelegramBot/vcpkg_installed/vcpkg/pkgs/boost-hana_x64-windows/include/boost/hana/concept/iterable.hpp
-- Installing: D:/TelegramBot/vcpkg_installed/vcpkg/pkgs/boost-hana_x64-windows/include/boost/hana/concept/logical.hpp
-- Installing: D:/TelegramBot/vcpkg_installed/vcpkg/pkgs/boost-hana_x64-windows/include/boost/hana/concept/metafunction.hpp
-- Installing: D:/TelegramBot/vcpkg_installed/vcpkg/pkgs/boost-hana_x64-windows/include/boost/hana/concept/monad.hpp
-- Installing: D:/TelegramBot/vcpkg_installed/vcpkg/pkgs/boost-hana_x64-windows/include/boost/hana/concept/monad_plus.hpp
-- Installing: D:/TelegramBot/vcpkg_installed/vcpkg/pkgs/boost-hana_x64-windows/include/boost/hana/concept/monoid.hpp
-- Installing: D:/TelegramBot/vcpkg_installed/vcpkg/pkgs/boost-hana_x64-windows/include/boost/hana/concept/orderable.hpp
-- Installing: D:/TelegramBot/vcpkg_installed/vcpkg/pkgs/boost-hana_x64-windows/include/boost/hana/concept/product.hpp
-- Installing: D:/TelegramBot/vcpkg_installed/vcpkg/pkgs/boost-hana_x64-windows/include/boost/hana/concept/ring.hpp
-- Installing: D:/TelegramBot/vcpkg_installed/vcpkg/pkgs/boost-hana_x64-windows/include/boost/hana/concept/searchable.hpp
-- Installing: D:/TelegramBot/vcpkg_installed/vcpkg/pkgs/boost-hana_x64-windows/include/boost/hana/concept/sequence.hpp
-- Installing: D:/TelegramBot/vcpkg_installed/vcpkg/pkgs/boost-hana_x64-windows/include/boost/hana/concept/struct.hpp
-- Installing: D:/TelegramBot/vcpkg_installed/vcpkg/pkgs/boost-hana_x64-windows/include/boost/hana/concept.hpp
-- Installing: D:/TelegramBot/vcpkg_installed/vcpkg/pkgs/boost-hana_x64-windows/include/boost/hana/config.hpp
-- Installing: D:/TelegramBot/vcpkg_installed/vcpkg/pkgs/boost-hana_x64-windows/include/boost/hana/contains.hpp
-- Installing: D:/TelegramBot/vcpkg_installed/vcpkg/pkgs/boost-hana_x64-windows/include/boost/hana/core
-- Installing: D:/TelegramBot/vcpkg_installed/vcpkg/pkgs/boost-hana_x64-windows/include/boost/hana/core/common.hpp
-- Installing: D:/TelegramBot/vcpkg_installed/vcpkg/pkgs/boost-hana_x64-windows/include/boost/hana/core/default.hpp
-- Installing: D:/TelegramBot/vcpkg_installed/vcpkg/pkgs/boost-hana_x64-windows/include/boost/hana/core/dispatch.hpp
-- Installing: D:/TelegramBot/vcpkg_installed/vcpkg/pkgs/boost-hana_x64-windows/include/boost/hana/core/is_a.hpp
-- Installing: D:/TelegramBot/vcpkg_installed/vcpkg/pkgs/boost-hana_x64-windows/include/boost/hana/core/make.hpp
-- Installing: D:/TelegramBot/vcpkg_installed/vcpkg/pkgs/boost-hana_x64-windows/include/boost/hana/core/tag_of.hpp
-- Installing: D:/TelegramBot/vcpkg_installed/vcpkg/pkgs/boost-hana_x64-windows/include/boost/hana/core/to.hpp
-- Installing: D:/TelegramBot/vcpkg_installed/vcpkg/pkgs/boost-hana_x64-windows/include/boost/hana/core/when.hpp
-- Installing: D:/TelegramBot/vcpkg_installed/vcpkg/pkgs/boost-hana_x64-windows/include/boost/hana/core.hpp
-- Installing: D:/TelegramBot/vcpkg_installed/vcpkg/pkgs/boost-hana_x64-windows/include/boost/hana/count.hpp
-- Installing: D:/TelegramBot/vcpkg_installed/vcpkg/pkgs/boost-hana_x64-windows/include/boost/hana/count_if.hpp
-- Installing: D:/TelegramBot/vcpkg_installed/vcpkg/pkgs/boost-hana_x64-windows/include/boost/hana/cycle.hpp
-- Installing: D:/TelegramBot/vcpkg_installed/vcpkg/pkgs/boost-hana_x64-windows/include/boost/hana/define_struct.hpp
-- Installing: D:/TelegramBot/vcpkg_installed/vcpkg/pkgs/boost-hana_x64-windows/include/boost/hana/detail
-- Installing: D:/TelegramBot/vcpkg_installed/vcpkg/pkgs/boost-hana_x64-windows/include/boost/hana/detail/algorithm.hpp
-- Installing: D:/TelegramBot/vcpkg_installed/vcpkg/pkgs/boost-hana_x64-windows/include/boost/hana/detail/any_of.hpp
-- Installing: D:/TelegramBot/vcpkg_installed/vcpkg/pkgs/boost-hana_x64-windows/include/boost/hana/detail/array.hpp
-- Installing: D:/TelegramBot/vcpkg_installed/vcpkg/pkgs/boost-hana_x64-windows/include/boost/hana/detail/canonical_constant.hpp
-- Installing: D:/TelegramBot/vcpkg_installed/vcpkg/pkgs/boost-hana_x64-windows/include/boost/hana/detail/concepts.hpp
-- Installing: D:/TelegramBot/vcpkg_installed/vcpkg/pkgs/boost-hana_x64-windows/include/boost/hana/detail/create.hpp
-- Installing: D:/TelegramBot/vcpkg_installed/vcpkg/pkgs/boost-hana_x64-windows/include/boost/hana/detail/decay.hpp
-- Installing: D:/TelegramBot/vcpkg_installed/vcpkg/pkgs/boost-hana_x64-windows/include/boost/hana/detail/dispatch_if.hpp
-- Installing: D:/TelegramBot/vcpkg_installed/vcpkg/pkgs/boost-hana_x64-windows/include/boost/hana/detail/ebo.hpp
-- Installing: D:/TelegramBot/vcpkg_installed/vcpkg/pkgs/boost-hana_x64-windows/include/boost/hana/detail/fast_and.hpp
-- Installing: D:/TelegramBot/vcpkg_installed/vcpkg/pkgs/boost-hana_x64-windows/include/boost/hana/detail/first_unsatisfied_index.hpp
-- Installing: D:/TelegramBot/vcpkg_installed/vcpkg/pkgs/boost-hana_x64-windows/include/boost/hana/detail/hash_table.hpp
-- Installing: D:/TelegramBot/vcpkg_installed/vcpkg/pkgs/boost-hana_x64-windows/include/boost/hana/detail/has_common_embedding.hpp
-- Installing: D:/TelegramBot/vcpkg_installed/vcpkg/pkgs/boost-hana_x64-windows/include/boost/hana/detail/has_duplicates.hpp
-- Installing: D:/TelegramBot/vcpkg_installed/vcpkg/pkgs/boost-hana_x64-windows/include/boost/hana/detail/index_if.hpp
-- Installing: D:/TelegramBot/vcpkg_installed/vcpkg/pkgs/boost-hana_x64-windows/include/boost/hana/detail/integral_constant.hpp
-- Installing: D:/TelegramBot/vcpkg_installed/vcpkg/pkgs/boost-hana_x64-windows/include/boost/hana/detail/intrinsics.hpp
-- Installing: D:/TelegramBot/vcpkg_installed/vcpkg/pkgs/boost-hana_x64-windows/include/boost/hana/detail/nested_by.hpp
-- Installing: D:/TelegramBot/vcpkg_installed/vcpkg/pkgs/boost-hana_x64-windows/include/boost/hana/detail/nested_by_fwd.hpp
-- Installing: D:/TelegramBot/vcpkg_installed/vcpkg/pkgs/boost-hana_x64-windows/include/boost/hana/detail/nested_than.hpp
-- Installing: D:/TelegramBot/vcpkg_installed/vcpkg/pkgs/boost-hana_x64-windows/include/boost/hana/detail/nested_than_fwd.hpp
-- Installing: D:/TelegramBot/vcpkg_installed/vcpkg/pkgs/boost-hana_x64-windows/include/boost/hana/detail/nested_to.hpp
-- Installing: D:/TelegramBot/vcpkg_installed/vcpkg/pkgs/boost-hana_x64-windows/include/boost/hana/detail/nested_to_fwd.hpp
-- Installing: D:/TelegramBot/vcpkg_installed/vcpkg/pkgs/boost-hana_x64-windows/include/boost/hana/detail/operators
-- Installing: D:/TelegramBot/vcpkg_installed/vcpkg/pkgs/boost-hana_x64-windows/include/boost/hana/detail/operators/adl.hpp
-- Installing: D:/TelegramBot/vcpkg_installed/vcpkg/pkgs/boost-hana_x64-windows/include/boost/hana/detail/operators/arithmetic.hpp
-- Installing: D:/TelegramBot/vcpkg_installed/vcpkg/pkgs/boost-hana_x64-windows/include/boost/hana/detail/operators/comparable.hpp
-- Installing: D:/TelegramBot/vcpkg_installed/vcpkg/pkgs/boost-hana_x64-windows/include/boost/hana/detail/operators/iterable.hpp
-- Installing: D:/TelegramBot/vcpkg_installed/vcpkg/pkgs/boost-hana_x64-windows/include/boost/hana/detail/operators/logical.hpp
-- Installing: D:/TelegramBot/vcpkg_installed/vcpkg/pkgs/boost-hana_x64-windows/include/boost/hana/detail/operators/monad.hpp
-- Installing: D:/TelegramBot/vcpkg_installed/vcpkg/pkgs/boost-hana_x64-windows/include/boost/hana/detail/operators/orderable.hpp
-- Installing: D:/TelegramBot/vcpkg_installed/vcpkg/pkgs/boost-hana_x64-windows/include/boost/hana/detail/operators/searchable.hpp
-- Installing: D:/TelegramBot/vcpkg_installed/vcpkg/pkgs/boost-hana_x64-windows/include/boost/hana/detail/preprocessor.hpp
-- Installing: D:/TelegramBot/vcpkg_installed/vcpkg/pkgs/boost-hana_x64-windows/include/boost/hana/detail/std_common_type.hpp
-- Installing: D:/TelegramBot/vcpkg_installed/vcpkg/pkgs/boost-hana_x64-windows/include/boost/hana/detail/struct_macros.hpp
-- Installing: D:/TelegramBot/vcpkg_installed/vcpkg/pkgs/boost-hana_x64-windows/include/boost/hana/detail/struct_macros.hpp.erb
-- Installing: D:/TelegramBot/vcpkg_installed/vcpkg/pkgs/boost-hana_x64-windows/include/boost/hana/detail/type_at.hpp
-- Installing: D:/TelegramBot/vcpkg_installed/vcpkg/pkgs/boost-hana_x64-windows/include/boost/hana/detail/type_foldl1.hpp
-- Installing: D:/TelegramBot/vcpkg_installed/vcpkg/pkgs/boost-hana_x64-windows/include/boost/hana/detail/type_foldr1.hpp
-- Installing: D:/TelegramBot/vcpkg_installed/vcpkg/pkgs/boost-hana_x64-windows/include/boost/hana/detail/unpack_flatten.hpp
-- Installing: D:/TelegramBot/vcpkg_installed/vcpkg/pkgs/boost-hana_x64-windows/include/boost/hana/detail/variadic
-- Installing: D:/TelegramBot/vcpkg_installed/vcpkg/pkgs/boost-hana_x64-windows/include/boost/hana/detail/variadic/at.hpp
-- Installing: D:/TelegramBot/vcpkg_installed/vcpkg/pkgs/boost-hana_x64-windows/include/boost/hana/detail/variadic/drop_into.hpp
-- Installing: D:/TelegramBot/vcpkg_installed/vcpkg/pkgs/boost-hana_x64-windows/include/boost/hana/detail/variadic/foldl1.hpp
-- Installing: D:/TelegramBot/vcpkg_installed/vcpkg/pkgs/boost-hana_x64-windows/include/boost/hana/detail/variadic/foldr1.hpp
-- Installing: D:/TelegramBot/vcpkg_installed/vcpkg/pkgs/boost-hana_x64-windows/include/boost/hana/detail/variadic/reverse_apply
-- Installing: D:/TelegramBot/vcpkg_installed/vcpkg/pkgs/boost-hana_x64-windows/include/boost/hana/detail/variadic/reverse_apply/flat.hpp
-- Installing: D:/TelegramBot/vcpkg_installed/vcpkg/pkgs/boost-hana_x64-windows/include/boost/hana/detail/variadic/reverse_apply/unrolled.hpp
-- Installing: D:/TelegramBot/vcpkg_installed/vcpkg/pkgs/boost-hana_x64-windows/include/boost/hana/detail/variadic/reverse_apply.hpp
-- Installing: D:/TelegramBot/vcpkg_installed/vcpkg/pkgs/boost-hana_x64-windows/include/boost/hana/detail/variadic/split_at.hpp
-- Installing: D:/TelegramBot/vcpkg_installed/vcpkg/pkgs/boost-hana_x64-windows/include/boost/hana/detail/variadic/take.hpp
-- Installing: D:/TelegramBot/vcpkg_installed/vcpkg/pkgs/boost-hana_x64-windows/include/boost/hana/detail/void_t.hpp
-- Installing: D:/TelegramBot/vcpkg_installed/vcpkg/pkgs/boost-hana_x64-windows/include/boost/hana/detail/wrong.hpp
-- Installing: D:/TelegramBot/vcpkg_installed/vcpkg/pkgs/boost-hana_x64-windows/include/boost/hana/difference.hpp
-- Installing: D:/TelegramBot/vcpkg_installed/vcpkg/pkgs/boost-hana_x64-windows/include/boost/hana/div.hpp
-- Installing: D:/TelegramBot/vcpkg_installed/vcpkg/pkgs/boost-hana_x64-windows/include/boost/hana/drop_back.hpp
-- Installing: D:/TelegramBot/vcpkg_installed/vcpkg/pkgs/boost-hana_x64-windows/include/boost/hana/drop_front.hpp
-- Installing: D:/TelegramBot/vcpkg_installed/vcpkg/pkgs/boost-hana_x64-windows/include/boost/hana/drop_front_exactly.hpp
-- Installing: D:/TelegramBot/vcpkg_installed/vcpkg/pkgs/boost-hana_x64-windows/include/boost/hana/drop_while.hpp
-- Installing: D:/TelegramBot/vcpkg_installed/vcpkg/pkgs/boost-hana_x64-windows/include/boost/hana/duplicate.hpp
-- Installing: D:/TelegramBot/vcpkg_installed/vcpkg/pkgs/boost-hana_x64-windows/include/boost/hana/empty.hpp
-- Installing: D:/TelegramBot/vcpkg_installed/vcpkg/pkgs/boost-hana_x64-windows/include/boost/hana/equal.hpp
-- Installing: D:/TelegramBot/vcpkg_installed/vcpkg/pkgs/boost-hana_x64-windows/include/boost/hana/erase_key.hpp
-- Installing: D:/TelegramBot/vcpkg_installed/vcpkg/pkgs/boost-hana_x64-windows/include/boost/hana/eval.hpp
-- Installing: D:/TelegramBot/vcpkg_installed/vcpkg/pkgs/boost-hana_x64-windows/include/boost/hana/eval_if.hpp
-- Installing: D:/TelegramBot/vcpkg_installed/vcpkg/pkgs/boost-hana_x64-windows/include/boost/hana/experimental
-- Installing: D:/TelegramBot/vcpkg_installed/vcpkg/pkgs/boost-hana_x64-windows/include/boost/hana/experimental/printable.hpp
-- Installing: D:/TelegramBot/vcpkg_installed/vcpkg/pkgs/boost-hana_x64-windows/include/boost/hana/experimental/types.hpp
-- Installing: D:/TelegramBot/vcpkg_installed/vcpkg/pkgs/boost-hana_x64-windows/include/boost/hana/experimental/type_name.hpp
-- Installing: D:/TelegramBot/vcpkg_installed/vcpkg/pkgs/boost-hana_x64-windows/include/boost/hana/experimental/view.hpp
-- Installing: D:/TelegramBot/vcpkg_installed/vcpkg/pkgs/boost-hana_x64-windows/include/boost/hana/ext
-- Installing: D:/TelegramBot/vcpkg_installed/vcpkg/pkgs/boost-hana_x64-windows/include/boost/hana/ext/boost
-- Installing: D:/TelegramBot/vcpkg_installed/vcpkg/pkgs/boost-hana_x64-windows/include/boost/hana/ext/boost/fusion
-- Installing: D:/TelegramBot/vcpkg_installed/vcpkg/pkgs/boost-hana_x64-windows/include/boost/hana/ext/boost/fusion/deque.hpp
-- Installing: D:/TelegramBot/vcpkg_installed/vcpkg/pkgs/boost-hana_x64-windows/include/boost/hana/ext/boost/fusion/detail
-- Installing: D:/TelegramBot/vcpkg_installed/vcpkg/pkgs/boost-hana_x64-windows/include/boost/hana/ext/boost/fusion/detail/common.hpp
-- Installing: D:/TelegramBot/vcpkg_installed/vcpkg/pkgs/boost-hana_x64-windows/include/boost/hana/ext/boost/fusion/list.hpp
-- Installing: D:/TelegramBot/vcpkg_installed/vcpkg/pkgs/boost-hana_x64-windows/include/boost/hana/ext/boost/fusion/tuple.hpp
-- Installing: D:/TelegramBot/vcpkg_installed/vcpkg/pkgs/boost-hana_x64-windows/include/boost/hana/ext/boost/fusion/vector.hpp
-- Installing: D:/TelegramBot/vcpkg_installed/vcpkg/pkgs/boost-hana_x64-windows/include/boost/hana/ext/boost/fusion.hpp
-- Installing: D:/TelegramBot/vcpkg_installed/vcpkg/pkgs/boost-hana_x64-windows/include/boost/hana/ext/boost/mpl
-- Installing: D:/TelegramBot/vcpkg_installed/vcpkg/pkgs/boost-hana_x64-windows/include/boost/hana/ext/boost/mpl/integral_c.hpp
-- Installing: D:/TelegramBot/vcpkg_installed/vcpkg/pkgs/boost-hana_x64-windows/include/boost/hana/ext/boost/mpl/list.hpp
-- Installing: D:/TelegramBot/vcpkg_installed/vcpkg/pkgs/boost-hana_x64-windows/include/boost/hana/ext/boost/mpl/vector.hpp
-- Installing: D:/TelegramBot/vcpkg_installed/vcpkg/pkgs/boost-hana_x64-windows/include/boost/hana/ext/boost/mpl.hpp
-- Installing: D:/TelegramBot/vcpkg_installed/vcpkg/pkgs/boost-hana_x64-windows/include/boost/hana/ext/boost/tuple.hpp
-- Installing: D:/TelegramBot/vcpkg_installed/vcpkg/pkgs/boost-hana_x64-windows/include/boost/hana/ext/boost.hpp
-- Installing: D:/TelegramBot/vcpkg_installed/vcpkg/pkgs/boost-hana_x64-windows/include/boost/hana/ext/std
-- Installing: D:/TelegramBot/vcpkg_installed/vcpkg/pkgs/boost-hana_x64-windows/include/boost/hana/ext/std/array.hpp
-- Installing: D:/TelegramBot/vcpkg_installed/vcpkg/pkgs/boost-hana_x64-windows/include/boost/hana/ext/std/integer_sequence.hpp
-- Installing: D:/TelegramBot/vcpkg_installed/vcpkg/pkgs/boost-hana_x64-windows/include/boost/hana/ext/std/integral_constant.hpp
-- Installing: D:/TelegramBot/vcpkg_installed/vcpkg/pkgs/boost-hana_x64-windows/include/boost/hana/ext/std/pair.hpp
-- Installing: D:/TelegramBot/vcpkg_installed/vcpkg/pkgs/boost-hana_x64-windows/include/boost/hana/ext/std/ratio.hpp
-- Installing: D:/TelegramBot/vcpkg_installed/vcpkg/pkgs/boost-hana_x64-windows/include/boost/hana/ext/std/tuple.hpp
-- Installing: D:/TelegramBot/vcpkg_installed/vcpkg/pkgs/boost-hana_x64-windows/include/boost/hana/ext/std/vector.hpp
-- Installing: D:/TelegramBot/vcpkg_installed/vcpkg/pkgs/boost-hana_x64-windows/include/boost/hana/ext/std.hpp
-- Installing: D:/TelegramBot/vcpkg_installed/vcpkg/pkgs/boost-hana_x64-windows/include/boost/hana/extend.hpp
-- Installing: D:/TelegramBot/vcpkg_installed/vcpkg/pkgs/boost-hana_x64-windows/include/boost/hana/extract.hpp
-- Installing: D:/TelegramBot/vcpkg_installed/vcpkg/pkgs/boost-hana_x64-windows/include/boost/hana/fill.hpp
-- Installing: D:/TelegramBot/vcpkg_installed/vcpkg/pkgs/boost-hana_x64-windows/include/boost/hana/filter.hpp
-- Installing: D:/TelegramBot/vcpkg_installed/vcpkg/pkgs/boost-hana_x64-windows/include/boost/hana/find.hpp
-- Installing: D:/TelegramBot/vcpkg_installed/vcpkg/pkgs/boost-hana_x64-windows/include/boost/hana/find_if.hpp
-- Installing: D:/TelegramBot/vcpkg_installed/vcpkg/pkgs/boost-hana_x64-windows/include/boost/hana/first.hpp
-- Installing: D:/TelegramBot/vcpkg_installed/vcpkg/pkgs/boost-hana_x64-windows/include/boost/hana/flatten.hpp
-- Installing: D:/TelegramBot/vcpkg_installed/vcpkg/pkgs/boost-hana_x64-windows/include/boost/hana/fold.hpp
-- Installing: D:/TelegramBot/vcpkg_installed/vcpkg/pkgs/boost-hana_x64-windows/include/boost/hana/fold_left.hpp
-- Installing: D:/TelegramBot/vcpkg_installed/vcpkg/pkgs/boost-hana_x64-windows/include/boost/hana/fold_right.hpp
-- Installing: D:/TelegramBot/vcpkg_installed/vcpkg/pkgs/boost-hana_x64-windows/include/boost/hana/for_each.hpp
-- Installing: D:/TelegramBot/vcpkg_installed/vcpkg/pkgs/boost-hana_x64-windows/include/boost/hana/front.hpp
-- Installing: D:/TelegramBot/vcpkg_installed/vcpkg/pkgs/boost-hana_x64-windows/include/boost/hana/functional
-- Installing: D:/TelegramBot/vcpkg_installed/vcpkg/pkgs/boost-hana_x64-windows/include/boost/hana/functional/always.hpp
-- Installing: D:/TelegramBot/vcpkg_installed/vcpkg/pkgs/boost-hana_x64-windows/include/boost/hana/functional/apply.hpp
-- Installing: D:/TelegramBot/vcpkg_installed/vcpkg/pkgs/boost-hana_x64-windows/include/boost/hana/functional/arg.hpp
-- Installing: D:/TelegramBot/vcpkg_installed/vcpkg/pkgs/boost-hana_x64-windows/include/boost/hana/functional/capture.hpp
-- Installing: D:/TelegramBot/vcpkg_installed/vcpkg/pkgs/boost-hana_x64-windows/include/boost/hana/functional/compose.hpp
-- Installing: D:/TelegramBot/vcpkg_installed/vcpkg/pkgs/boost-hana_x64-windows/include/boost/hana/functional/curry.hpp
-- Installing: D:/TelegramBot/vcpkg_installed/vcpkg/pkgs/boost-hana_x64-windows/include/boost/hana/functional/demux.hpp
-- Installing: D:/TelegramBot/vcpkg_installed/vcpkg/pkgs/boost-hana_x64-windows/include/boost/hana/functional/fix.hpp
-- Installing: D:/TelegramBot/vcpkg_installed/vcpkg/pkgs/boost-hana_x64-windows/include/boost/hana/functional/flip.hpp
-- Installing: D:/TelegramBot/vcpkg_installed/vcpkg/pkgs/boost-hana_x64-windows/include/boost/hana/functional/id.hpp
-- Installing: D:/TelegramBot/vcpkg_installed/vcpkg/pkgs/boost-hana_x64-windows/include/boost/hana/functional/infix.hpp
-- Installing: D:/TelegramBot/vcpkg_installed/vcpkg/pkgs/boost-hana_x64-windows/include/boost/hana/functional/iterate.hpp
-- Installing: D:/TelegramBot/vcpkg_installed/vcpkg/pkgs/boost-hana_x64-windows/include/boost/hana/functional/lockstep.hpp
-- Installing: D:/TelegramBot/vcpkg_installed/vcpkg/pkgs/boost-hana_x64-windows/include/boost/hana/functional/on.hpp
-- Installing: D:/TelegramBot/vcpkg_installed/vcpkg/pkgs/boost-hana_x64-windows/include/boost/hana/functional/overload.hpp
-- Installing: D:/TelegramBot/vcpkg_installed/vcpkg/pkgs/boost-hana_x64-windows/include/boost/hana/functional/overload_linearly.hpp
-- Installing: D:/TelegramBot/vcpkg_installed/vcpkg/pkgs/boost-hana_x64-windows/include/boost/hana/functional/partial.hpp
-- Installing: D:/TelegramBot/vcpkg_installed/vcpkg/pkgs/boost-hana_x64-windows/include/boost/hana/functional/placeholder.hpp
-- Installing: D:/TelegramBot/vcpkg_installed/vcpkg/pkgs/boost-hana_x64-windows/include/boost/hana/functional/reverse_partial.hpp
-- Installing: D:/TelegramBot/vcpkg_installed/vcpkg/pkgs/boost-hana_x64-windows/include/boost/hana/functional.hpp
-- Installing: D:/TelegramBot/vcpkg_installed/vcpkg/pkgs/boost-hana_x64-windows/include/boost/hana/fuse.hpp
-- Installing: D:/TelegramBot/vcpkg_installed/vcpkg/pkgs/boost-hana_x64-windows/include/boost/hana/fwd
-- Installing: D:/TelegramBot/vcpkg_installed/vcpkg/pkgs/boost-hana_x64-windows/include/boost/hana/fwd/accessors.hpp
-- Installing: D:/TelegramBot/vcpkg_installed/vcpkg/pkgs/boost-hana_x64-windows/include/boost/hana/fwd/adapt_adt.hpp
-- Installing: D:/TelegramBot/vcpkg_installed/vcpkg/pkgs/boost-hana_x64-windows/include/boost/hana/fwd/adapt_struct.hpp
-- Installing: D:/TelegramBot/vcpkg_installed/vcpkg/pkgs/boost-hana_x64-windows/include/boost/hana/fwd/adjust.hpp
-- Installing: D:/TelegramBot/vcpkg_installed/vcpkg/pkgs/boost-hana_x64-windows/include/boost/hana/fwd/adjust_if.hpp
-- Installing: D:/TelegramBot/vcpkg_installed/vcpkg/pkgs/boost-hana_x64-windows/include/boost/hana/fwd/all.hpp
-- Installing: D:/TelegramBot/vcpkg_installed/vcpkg/pkgs/boost-hana_x64-windows/include/boost/hana/fwd/all_of.hpp
-- Installing: D:/TelegramBot/vcpkg_installed/vcpkg/pkgs/boost-hana_x64-windows/include/boost/hana/fwd/and.hpp
-- Installing: D:/TelegramBot/vcpkg_installed/vcpkg/pkgs/boost-hana_x64-windows/include/boost/hana/fwd/any.hpp
-- Installing: D:/TelegramBot/vcpkg_installed/vcpkg/pkgs/boost-hana_x64-windows/include/boost/hana/fwd/any_of.hpp
-- Installing: D:/TelegramBot/vcpkg_installed/vcpkg/pkgs/boost-hana_x64-windows/include/boost/hana/fwd/ap.hpp
-- Installing: D:/TelegramBot/vcpkg_installed/vcpkg/pkgs/boost-hana_x64-windows/include/boost/hana/fwd/append.hpp
-- Installing: D:/TelegramBot/vcpkg_installed/vcpkg/pkgs/boost-hana_x64-windows/include/boost/hana/fwd/at.hpp
-- Installing: D:/TelegramBot/vcpkg_installed/vcpkg/pkgs/boost-hana_x64-windows/include/boost/hana/fwd/at_key.hpp
-- Installing: D:/TelegramBot/vcpkg_installed/vcpkg/pkgs/boost-hana_x64-windows/include/boost/hana/fwd/back.hpp
-- Installing: D:/TelegramBot/vcpkg_installed/vcpkg/pkgs/boost-hana_x64-windows/include/boost/hana/fwd/basic_tuple.hpp
-- Installing: D:/TelegramBot/vcpkg_installed/vcpkg/pkgs/boost-hana_x64-windows/include/boost/hana/fwd/bool.hpp
-- Installing: D:/TelegramBot/vcpkg_installed/vcpkg/pkgs/boost-hana_x64-windows/include/boost/hana/fwd/cartesian_product.hpp
-- Installing: D:/TelegramBot/vcpkg_installed/vcpkg/pkgs/boost-hana_x64-windows/include/boost/hana/fwd/chain.hpp
-- Installing: D:/TelegramBot/vcpkg_installed/vcpkg/pkgs/boost-hana_x64-windows/include/boost/hana/fwd/comparing.hpp
-- Installing: D:/TelegramBot/vcpkg_installed/vcpkg/pkgs/boost-hana_x64-windows/include/boost/hana/fwd/concat.hpp
-- Installing: D:/TelegramBot/vcpkg_installed/vcpkg/pkgs/boost-hana_x64-windows/include/boost/hana/fwd/concept
-- Installing: D:/TelegramBot/vcpkg_installed/vcpkg/pkgs/boost-hana_x64-windows/include/boost/hana/fwd/concept/applicative.hpp
-- Installing: D:/TelegramBot/vcpkg_installed/vcpkg/pkgs/boost-hana_x64-windows/include/boost/hana/fwd/concept/comonad.hpp
-- Installing: D:/TelegramBot/vcpkg_installed/vcpkg/pkgs/boost-hana_x64-windows/include/boost/hana/fwd/concept/comparable.hpp
-- Installing: D:/TelegramBot/vcpkg_installed/vcpkg/pkgs/boost-hana_x64-windows/include/boost/hana/fwd/concept/constant.hpp
-- Installing: D:/TelegramBot/vcpkg_installed/vcpkg/pkgs/boost-hana_x64-windows/include/boost/hana/fwd/concept/euclidean_ring.hpp
-- Installing: D:/TelegramBot/vcpkg_installed/vcpkg/pkgs/boost-hana_x64-windows/include/boost/hana/fwd/concept/foldable.hpp
-- Installing: D:/TelegramBot/vcpkg_installed/vcpkg/pkgs/boost-hana_x64-windows/include/boost/hana/fwd/concept/functor.hpp
-- Installing: D:/TelegramBot/vcpkg_installed/vcpkg/pkgs/boost-hana_x64-windows/include/boost/hana/fwd/concept/group.hpp
-- Installing: D:/TelegramBot/vcpkg_installed/vcpkg/pkgs/boost-hana_x64-windows/include/boost/hana/fwd/concept/hashable.hpp
-- Installing: D:/TelegramBot/vcpkg_installed/vcpkg/pkgs/boost-hana_x64-windows/include/boost/hana/fwd/concept/integral_constant.hpp
-- Installing: D:/TelegramBot/vcpkg_installed/vcpkg/pkgs/boost-hana_x64-windows/include/boost/hana/fwd/concept/iterable.hpp
-- Installing: D:/TelegramBot/vcpkg_installed/vcpkg/pkgs/boost-hana_x64-windows/include/boost/hana/fwd/concept/logical.hpp
-- Installing: D:/TelegramBot/vcpkg_installed/vcpkg/pkgs/boost-hana_x64-windows/include/boost/hana/fwd/concept/metafunction.hpp
-- Installing: D:/TelegramBot/vcpkg_installed/vcpkg/pkgs/boost-hana_x64-windows/include/boost/hana/fwd/concept/monad.hpp
-- Installing: D:/TelegramBot/vcpkg_installed/vcpkg/pkgs/boost-hana_x64-windows/include/boost/hana/fwd/concept/monad_plus.hpp
-- Installing: D:/TelegramBot/vcpkg_installed/vcpkg/pkgs/boost-hana_x64-windows/include/boost/hana/fwd/concept/monoid.hpp
-- Installing: D:/TelegramBot/vcpkg_installed/vcpkg/pkgs/boost-hana_x64-windows/include/boost/hana/fwd/concept/orderable.hpp
-- Installing: D:/TelegramBot/vcpkg_installed/vcpkg/pkgs/boost-hana_x64-windows/include/boost/hana/fwd/concept/product.hpp
-- Installing: D:/TelegramBot/vcpkg_installed/vcpkg/pkgs/boost-hana_x64-windows/include/boost/hana/fwd/concept/ring.hpp
-- Installing: D:/TelegramBot/vcpkg_installed/vcpkg/pkgs/boost-hana_x64-windows/include/boost/hana/fwd/concept/searchable.hpp
-- Installing: D:/TelegramBot/vcpkg_installed/vcpkg/pkgs/boost-hana_x64-windows/include/boost/hana/fwd/concept/sequence.hpp
-- Installing: D:/TelegramBot/vcpkg_installed/vcpkg/pkgs/boost-hana_x64-windows/include/boost/hana/fwd/concept/struct.hpp
-- Installing: D:/TelegramBot/vcpkg_installed/vcpkg/pkgs/boost-hana_x64-windows/include/boost/hana/fwd/contains.hpp
-- Installing: D:/TelegramBot/vcpkg_installed/vcpkg/pkgs/boost-hana_x64-windows/include/boost/hana/fwd/core
-- Installing: D:/TelegramBot/vcpkg_installed/vcpkg/pkgs/boost-hana_x64-windows/include/boost/hana/fwd/core/common.hpp
-- Installing: D:/TelegramBot/vcpkg_installed/vcpkg/pkgs/boost-hana_x64-windows/include/boost/hana/fwd/core/default.hpp
-- Installing: D:/TelegramBot/vcpkg_installed/vcpkg/pkgs/boost-hana_x64-windows/include/boost/hana/fwd/core/is_a.hpp
-- Installing: D:/TelegramBot/vcpkg_installed/vcpkg/pkgs/boost-hana_x64-windows/include/boost/hana/fwd/core/make.hpp
-- Installing: D:/TelegramBot/vcpkg_installed/vcpkg/pkgs/boost-hana_x64-windows/include/boost/hana/fwd/core/tag_of.hpp
-- Installing: D:/TelegramBot/vcpkg_installed/vcpkg/pkgs/boost-hana_x64-windows/include/boost/hana/fwd/core/to.hpp
-- Installing: D:/TelegramBot/vcpkg_installed/vcpkg/pkgs/boost-hana_x64-windows/include/boost/hana/fwd/core/when.hpp
-- Installing: D:/TelegramBot/vcpkg_installed/vcpkg/pkgs/boost-hana_x64-windows/include/boost/hana/fwd/core.hpp
-- Installing: D:/TelegramBot/vcpkg_installed/vcpkg/pkgs/boost-hana_x64-windows/include/boost/hana/fwd/count.hpp
-- Installing: D:/TelegramBot/vcpkg_installed/vcpkg/pkgs/boost-hana_x64-windows/include/boost/hana/fwd/count_if.hpp
-- Installing: D:/TelegramBot/vcpkg_installed/vcpkg/pkgs/boost-hana_x64-windows/include/boost/hana/fwd/cycle.hpp
-- Installing: D:/TelegramBot/vcpkg_installed/vcpkg/pkgs/boost-hana_x64-windows/include/boost/hana/fwd/define_struct.hpp
-- Installing: D:/TelegramBot/vcpkg_installed/vcpkg/pkgs/boost-hana_x64-windows/include/boost/hana/fwd/difference.hpp
-- Installing: D:/TelegramBot/vcpkg_installed/vcpkg/pkgs/boost-hana_x64-windows/include/boost/hana/fwd/div.hpp
-- Installing: D:/TelegramBot/vcpkg_installed/vcpkg/pkgs/boost-hana_x64-windows/include/boost/hana/fwd/drop_back.hpp
-- Installing: D:/TelegramBot/vcpkg_installed/vcpkg/pkgs/boost-hana_x64-windows/include/boost/hana/fwd/drop_front.hpp
-- Installing: D:/TelegramBot/vcpkg_installed/vcpkg/pkgs/boost-hana_x64-windows/include/boost/hana/fwd/drop_front_exactly.hpp
-- Installing: D:/TelegramBot/vcpkg_installed/vcpkg/pkgs/boost-hana_x64-windows/include/boost/hana/fwd/drop_while.hpp
-- Installing: D:/TelegramBot/vcpkg_installed/vcpkg/pkgs/boost-hana_x64-windows/include/boost/hana/fwd/duplicate.hpp
-- Installing: D:/TelegramBot/vcpkg_installed/vcpkg/pkgs/boost-hana_x64-windows/include/boost/hana/fwd/empty.hpp
-- Installing: D:/TelegramBot/vcpkg_installed/vcpkg/pkgs/boost-hana_x64-windows/include/boost/hana/fwd/equal.hpp
-- Installing: D:/TelegramBot/vcpkg_installed/vcpkg/pkgs/boost-hana_x64-windows/include/boost/hana/fwd/erase_key.hpp
-- Installing: D:/TelegramBot/vcpkg_installed/vcpkg/pkgs/boost-hana_x64-windows/include/boost/hana/fwd/eval.hpp
-- Installing: D:/TelegramBot/vcpkg_installed/vcpkg/pkgs/boost-hana_x64-windows/include/boost/hana/fwd/eval_if.hpp
-- Installing: D:/TelegramBot/vcpkg_installed/vcpkg/pkgs/boost-hana_x64-windows/include/boost/hana/fwd/extend.hpp
-- Installing: D:/TelegramBot/vcpkg_installed/vcpkg/pkgs/boost-hana_x64-windows/include/boost/hana/fwd/extract.hpp
-- Installing: D:/TelegramBot/vcpkg_installed/vcpkg/pkgs/boost-hana_x64-windows/include/boost/hana/fwd/fill.hpp
-- Installing: D:/TelegramBot/vcpkg_installed/vcpkg/pkgs/boost-hana_x64-windows/include/boost/hana/fwd/filter.hpp
-- Installing: D:/TelegramBot/vcpkg_installed/vcpkg/pkgs/boost-hana_x64-windows/include/boost/hana/fwd/find.hpp
-- Installing: D:/TelegramBot/vcpkg_installed/vcpkg/pkgs/boost-hana_x64-windows/include/boost/hana/fwd/find_if.hpp
-- Installing: D:/TelegramBot/vcpkg_installed/vcpkg/pkgs/boost-hana_x64-windows/include/boost/hana/fwd/first.hpp
-- Installing: D:/TelegramBot/vcpkg_installed/vcpkg/pkgs/boost-hana_x64-windows/include/boost/hana/fwd/flatten.hpp
-- Installing: D:/TelegramBot/vcpkg_installed/vcpkg/pkgs/boost-hana_x64-windows/include/boost/hana/fwd/fold.hpp
-- Installing: D:/TelegramBot/vcpkg_installed/vcpkg/pkgs/boost-hana_x64-windows/include/boost/hana/fwd/fold_left.hpp
-- Installing: D:/TelegramBot/vcpkg_installed/vcpkg/pkgs/boost-hana_x64-windows/include/boost/hana/fwd/fold_right.hpp
-- Installing: D:/TelegramBot/vcpkg_installed/vcpkg/pkgs/boost-hana_x64-windows/include/boost/hana/fwd/for_each.hpp
-- Installing: D:/TelegramBot/vcpkg_installed/vcpkg/pkgs/boost-hana_x64-windows/include/boost/hana/fwd/front.hpp
-- Installing: D:/TelegramBot/vcpkg_installed/vcpkg/pkgs/boost-hana_x64-windows/include/boost/hana/fwd/fuse.hpp
-- Installing: D:/TelegramBot/vcpkg_installed/vcpkg/pkgs/boost-hana_x64-windows/include/boost/hana/fwd/greater.hpp
-- Installing: D:/TelegramBot/vcpkg_installed/vcpkg/pkgs/boost-hana_x64-windows/include/boost/hana/fwd/greater_equal.hpp
-- Installing: D:/TelegramBot/vcpkg_installed/vcpkg/pkgs/boost-hana_x64-windows/include/boost/hana/fwd/group.hpp
-- Installing: D:/TelegramBot/vcpkg_installed/vcpkg/pkgs/boost-hana_x64-windows/include/boost/hana/fwd/hash.hpp
-- Installing: D:/TelegramBot/vcpkg_installed/vcpkg/pkgs/boost-hana_x64-windows/include/boost/hana/fwd/if.hpp
-- Installing: D:/TelegramBot/vcpkg_installed/vcpkg/pkgs/boost-hana_x64-windows/include/boost/hana/fwd/index_if.hpp
-- Installing: D:/TelegramBot/vcpkg_installed/vcpkg/pkgs/boost-hana_x64-windows/include/boost/hana/fwd/insert.hpp
-- Installing: D:/TelegramBot/vcpkg_installed/vcpkg/pkgs/boost-hana_x64-windows/include/boost/hana/fwd/insert_range.hpp
-- Installing: D:/TelegramBot/vcpkg_installed/vcpkg/pkgs/boost-hana_x64-windows/include/boost/hana/fwd/integral_constant.hpp
-- Installing: D:/TelegramBot/vcpkg_installed/vcpkg/pkgs/boost-hana_x64-windows/include/boost/hana/fwd/intersection.hpp
-- Installing: D:/TelegramBot/vcpkg_installed/vcpkg/pkgs/boost-hana_x64-windows/include/boost/hana/fwd/intersperse.hpp
-- Installing: D:/TelegramBot/vcpkg_installed/vcpkg/pkgs/boost-hana_x64-windows/include/boost/hana/fwd/is_disjoint.hpp
-- Installing: D:/TelegramBot/vcpkg_installed/vcpkg/pkgs/boost-hana_x64-windows/include/boost/hana/fwd/is_empty.hpp
-- Installing: D:/TelegramBot/vcpkg_installed/vcpkg/pkgs/boost-hana_x64-windows/include/boost/hana/fwd/is_subset.hpp
-- Installing: D:/TelegramBot/vcpkg_installed/vcpkg/pkgs/boost-hana_x64-windows/include/boost/hana/fwd/keys.hpp
-- Installing: D:/TelegramBot/vcpkg_installed/vcpkg/pkgs/boost-hana_x64-windows/include/boost/hana/fwd/lazy.hpp
-- Installing: D:/TelegramBot/vcpkg_installed/vcpkg/pkgs/boost-hana_x64-windows/include/boost/hana/fwd/length.hpp
-- Installing: D:/TelegramBot/vcpkg_installed/vcpkg/pkgs/boost-hana_x64-windows/include/boost/hana/fwd/less.hpp
-- Installing: D:/TelegramBot/vcpkg_installed/vcpkg/pkgs/boost-hana_x64-windows/include/boost/hana/fwd/less_equal.hpp
-- Installing: D:/TelegramBot/vcpkg_installed/vcpkg/pkgs/boost-hana_x64-windows/include/boost/hana/fwd/lexicographical_compare.hpp
-- Installing: D:/TelegramBot/vcpkg_installed/vcpkg/pkgs/boost-hana_x64-windows/include/boost/hana/fwd/lift.hpp
-- Installing: D:/TelegramBot/vcpkg_installed/vcpkg/pkgs/boost-hana_x64-windows/include/boost/hana/fwd/map.hpp
-- Installing: D:/TelegramBot/vcpkg_installed/vcpkg/pkgs/boost-hana_x64-windows/include/boost/hana/fwd/max.hpp
-- Installing: D:/TelegramBot/vcpkg_installed/vcpkg/pkgs/boost-hana_x64-windows/include/boost/hana/fwd/maximum.hpp
-- Installing: D:/TelegramBot/vcpkg_installed/vcpkg/pkgs/boost-hana_x64-windows/include/boost/hana/fwd/members.hpp
-- Installing: D:/TelegramBot/vcpkg_installed/vcpkg/pkgs/boost-hana_x64-windows/include/boost/hana/fwd/min.hpp
-- Installing: D:/TelegramBot/vcpkg_installed/vcpkg/pkgs/boost-hana_x64-windows/include/boost/hana/fwd/minimum.hpp
-- Installing: D:/TelegramBot/vcpkg_installed/vcpkg/pkgs/boost-hana_x64-windows/include/boost/hana/fwd/minus.hpp
-- Installing: D:/TelegramBot/vcpkg_installed/vcpkg/pkgs/boost-hana_x64-windows/include/boost/hana/fwd/mod.hpp
-- Installing: D:/TelegramBot/vcpkg_installed/vcpkg/pkgs/boost-hana_x64-windows/include/boost/hana/fwd/monadic_compose.hpp
-- Installing: D:/TelegramBot/vcpkg_installed/vcpkg/pkgs/boost-hana_x64-windows/include/boost/hana/fwd/monadic_fold_left.hpp
-- Installing: D:/TelegramBot/vcpkg_installed/vcpkg/pkgs/boost-hana_x64-windows/include/boost/hana/fwd/monadic_fold_right.hpp
-- Installing: D:/TelegramBot/vcpkg_installed/vcpkg/pkgs/boost-hana_x64-windows/include/boost/hana/fwd/mult.hpp
-- Installing: D:/TelegramBot/vcpkg_installed/vcpkg/pkgs/boost-hana_x64-windows/include/boost/hana/fwd/negate.hpp
-- Installing: D:/TelegramBot/vcpkg_installed/vcpkg/pkgs/boost-hana_x64-windows/include/boost/hana/fwd/none.hpp
-- Installing: D:/TelegramBot/vcpkg_installed/vcpkg/pkgs/boost-hana_x64-windows/include/boost/hana/fwd/none_of.hpp
-- Installing: D:/TelegramBot/vcpkg_installed/vcpkg/pkgs/boost-hana_x64-windows/include/boost/hana/fwd/not.hpp
-- Installing: D:/TelegramBot/vcpkg_installed/vcpkg/pkgs/boost-hana_x64-windows/include/boost/hana/fwd/not_equal.hpp
-- Installing: D:/TelegramBot/vcpkg_installed/vcpkg/pkgs/boost-hana_x64-windows/include/boost/hana/fwd/one.hpp
-- Installing: D:/TelegramBot/vcpkg_installed/vcpkg/pkgs/boost-hana_x64-windows/include/boost/hana/fwd/optional.hpp
-- Installing: D:/TelegramBot/vcpkg_installed/vcpkg/pkgs/boost-hana_x64-windows/include/boost/hana/fwd/or.hpp
-- Installing: D:/TelegramBot/vcpkg_installed/vcpkg/pkgs/boost-hana_x64-windows/include/boost/hana/fwd/ordering.hpp
-- Installing: D:/TelegramBot/vcpkg_installed/vcpkg/pkgs/boost-hana_x64-windows/include/boost/hana/fwd/pair.hpp
-- Installing: D:/TelegramBot/vcpkg_installed/vcpkg/pkgs/boost-hana_x64-windows/include/boost/hana/fwd/partition.hpp
-- Installing: D:/TelegramBot/vcpkg_installed/vcpkg/pkgs/boost-hana_x64-windows/include/boost/hana/fwd/permutations.hpp
-- Installing: D:/TelegramBot/vcpkg_installed/vcpkg/pkgs/boost-hana_x64-windows/include/boost/hana/fwd/plus.hpp
-- Installing: D:/TelegramBot/vcpkg_installed/vcpkg/pkgs/boost-hana_x64-windows/include/boost/hana/fwd/power.hpp
-- Installing: D:/TelegramBot/vcpkg_installed/vcpkg/pkgs/boost-hana_x64-windows/include/boost/hana/fwd/prefix.hpp
-- Installing: D:/TelegramBot/vcpkg_installed/vcpkg/pkgs/boost-hana_x64-windows/include/boost/hana/fwd/prepend.hpp
-- Installing: D:/TelegramBot/vcpkg_installed/vcpkg/pkgs/boost-hana_x64-windows/include/boost/hana/fwd/product.hpp
-- Installing: D:/TelegramBot/vcpkg_installed/vcpkg/pkgs/boost-hana_x64-windows/include/boost/hana/fwd/range.hpp
-- Installing: D:/TelegramBot/vcpkg_installed/vcpkg/pkgs/boost-hana_x64-windows/include/boost/hana/fwd/remove.hpp
-- Installing: D:/TelegramBot/vcpkg_installed/vcpkg/pkgs/boost-hana_x64-windows/include/boost/hana/fwd/remove_at.hpp
-- Installing: D:/TelegramBot/vcpkg_installed/vcpkg/pkgs/boost-hana_x64-windows/include/boost/hana/fwd/remove_if.hpp
-- Installing: D:/TelegramBot/vcpkg_installed/vcpkg/pkgs/boost-hana_x64-windows/include/boost/hana/fwd/remove_range.hpp
-- Installing: D:/TelegramBot/vcpkg_installed/vcpkg/pkgs/boost-hana_x64-windows/include/boost/hana/fwd/repeat.hpp
-- Installing: D:/TelegramBot/vcpkg_installed/vcpkg/pkgs/boost-hana_x64-windows/include/boost/hana/fwd/replace.hpp
-- Installing: D:/TelegramBot/vcpkg_installed/vcpkg/pkgs/boost-hana_x64-windows/include/boost/hana/fwd/replace_if.hpp
-- Installing: D:/TelegramBot/vcpkg_installed/vcpkg/pkgs/boost-hana_x64-windows/include/boost/hana/fwd/replicate.hpp
-- Installing: D:/TelegramBot/vcpkg_installed/vcpkg/pkgs/boost-hana_x64-windows/include/boost/hana/fwd/reverse.hpp
-- Installing: D:/TelegramBot/vcpkg_installed/vcpkg/pkgs/boost-hana_x64-windows/include/boost/hana/fwd/reverse_fold.hpp
-- Installing: D:/TelegramBot/vcpkg_installed/vcpkg/pkgs/boost-hana_x64-windows/include/boost/hana/fwd/scan_left.hpp
-- Installing: D:/TelegramBot/vcpkg_installed/vcpkg/pkgs/boost-hana_x64-windows/include/boost/hana/fwd/scan_right.hpp
-- Installing: D:/TelegramBot/vcpkg_installed/vcpkg/pkgs/boost-hana_x64-windows/include/boost/hana/fwd/second.hpp
-- Installing: D:/TelegramBot/vcpkg_installed/vcpkg/pkgs/boost-hana_x64-windows/include/boost/hana/fwd/set.hpp
-- Installing: D:/TelegramBot/vcpkg_installed/vcpkg/pkgs/boost-hana_x64-windows/include/boost/hana/fwd/size.hpp
-- Installing: D:/TelegramBot/vcpkg_installed/vcpkg/pkgs/boost-hana_x64-windows/include/boost/hana/fwd/slice.hpp
-- Installing: D:/TelegramBot/vcpkg_installed/vcpkg/pkgs/boost-hana_x64-windows/include/boost/hana/fwd/sort.hpp
-- Installing: D:/TelegramBot/vcpkg_installed/vcpkg/pkgs/boost-hana_x64-windows/include/boost/hana/fwd/span.hpp
-- Installing: D:/TelegramBot/vcpkg_installed/vcpkg/pkgs/boost-hana_x64-windows/include/boost/hana/fwd/string.hpp
-- Installing: D:/TelegramBot/vcpkg_installed/vcpkg/pkgs/boost-hana_x64-windows/include/boost/hana/fwd/suffix.hpp
-- Installing: D:/TelegramBot/vcpkg_installed/vcpkg/pkgs/boost-hana_x64-windows/include/boost/hana/fwd/sum.hpp
-- Installing: D:/TelegramBot/vcpkg_installed/vcpkg/pkgs/boost-hana_x64-windows/include/boost/hana/fwd/symmetric_difference.hpp
-- Installing: D:/TelegramBot/vcpkg_installed/vcpkg/pkgs/boost-hana_x64-windows/include/boost/hana/fwd/take_back.hpp
-- Installing: D:/TelegramBot/vcpkg_installed/vcpkg/pkgs/boost-hana_x64-windows/include/boost/hana/fwd/take_front.hpp
-- Installing: D:/TelegramBot/vcpkg_installed/vcpkg/pkgs/boost-hana_x64-windows/include/boost/hana/fwd/take_while.hpp
-- Installing: D:/TelegramBot/vcpkg_installed/vcpkg/pkgs/boost-hana_x64-windows/include/boost/hana/fwd/tap.hpp
-- Installing: D:/TelegramBot/vcpkg_installed/vcpkg/pkgs/boost-hana_x64-windows/include/boost/hana/fwd/then.hpp
-- Installing: D:/TelegramBot/vcpkg_installed/vcpkg/pkgs/boost-hana_x64-windows/include/boost/hana/fwd/transform.hpp
-- Installing: D:/TelegramBot/vcpkg_installed/vcpkg/pkgs/boost-hana_x64-windows/include/boost/hana/fwd/tuple.hpp
-- Installing: D:/TelegramBot/vcpkg_installed/vcpkg/pkgs/boost-hana_x64-windows/include/boost/hana/fwd/type.hpp
-- Installing: D:/TelegramBot/vcpkg_installed/vcpkg/pkgs/boost-hana_x64-windows/include/boost/hana/fwd/unfold_left.hpp
-- Installing: D:/TelegramBot/vcpkg_installed/vcpkg/pkgs/boost-hana_x64-windows/include/boost/hana/fwd/unfold_right.hpp
-- Installing: D:/TelegramBot/vcpkg_installed/vcpkg/pkgs/boost-hana_x64-windows/include/boost/hana/fwd/union.hpp
-- Installing: D:/TelegramBot/vcpkg_installed/vcpkg/pkgs/boost-hana_x64-windows/include/boost/hana/fwd/unique.hpp
-- Installing: D:/TelegramBot/vcpkg_installed/vcpkg/pkgs/boost-hana_x64-windows/include/boost/hana/fwd/unpack.hpp
-- Installing: D:/TelegramBot/vcpkg_installed/vcpkg/pkgs/boost-hana_x64-windows/include/boost/hana/fwd/value.hpp
-- Installing: D:/TelegramBot/vcpkg_installed/vcpkg/pkgs/boost-hana_x64-windows/include/boost/hana/fwd/while.hpp
-- Installing: D:/TelegramBot/vcpkg_installed/vcpkg/pkgs/boost-hana_x64-windows/include/boost/hana/fwd/zero.hpp
-- Installing: D:/TelegramBot/vcpkg_installed/vcpkg/pkgs/boost-hana_x64-windows/include/boost/hana/fwd/zip.hpp
-- Installing: D:/TelegramBot/vcpkg_installed/vcpkg/pkgs/boost-hana_x64-windows/include/boost/hana/fwd/zip_shortest.hpp
-- Installing: D:/TelegramBot/vcpkg_installed/vcpkg/pkgs/boost-hana_x64-windows/include/boost/hana/fwd/zip_shortest_with.hpp
-- Installing: D:/TelegramBot/vcpkg_installed/vcpkg/pkgs/boost-hana_x64-windows/include/boost/hana/fwd/zip_with.hpp
-- Installing: D:/TelegramBot/vcpkg_installed/vcpkg/pkgs/boost-hana_x64-windows/include/boost/hana/greater.hpp
-- Installing: D:/TelegramBot/vcpkg_installed/vcpkg/pkgs/boost-hana_x64-windows/include/boost/hana/greater_equal.hpp
-- Installing: D:/TelegramBot/vcpkg_installed/vcpkg/pkgs/boost-hana_x64-windows/include/boost/hana/group.hpp
-- Installing: D:/TelegramBot/vcpkg_installed/vcpkg/pkgs/boost-hana_x64-windows/include/boost/hana/hash.hpp
-- Installing: D:/TelegramBot/vcpkg_installed/vcpkg/pkgs/boost-hana_x64-windows/include/boost/hana/if.hpp
-- Installing: D:/TelegramBot/vcpkg_installed/vcpkg/pkgs/boost-hana_x64-windows/include/boost/hana/index_if.hpp
-- Installing: D:/TelegramBot/vcpkg_installed/vcpkg/pkgs/boost-hana_x64-windows/include/boost/hana/insert.hpp
-- Installing: D:/TelegramBot/vcpkg_installed/vcpkg/pkgs/boost-hana_x64-windows/include/boost/hana/insert_range.hpp
-- Installing: D:/TelegramBot/vcpkg_installed/vcpkg/pkgs/boost-hana_x64-windows/include/boost/hana/integral_constant.hpp
-- Installing: D:/TelegramBot/vcpkg_installed/vcpkg/pkgs/boost-hana_x64-windows/include/boost/hana/intersection.hpp
-- Installing: D:/TelegramBot/vcpkg_installed/vcpkg/pkgs/boost-hana_x64-windows/include/boost/hana/intersperse.hpp
-- Installing: D:/TelegramBot/vcpkg_installed/vcpkg/pkgs/boost-hana_x64-windows/include/boost/hana/is_disjoint.hpp
-- Installing: D:/TelegramBot/vcpkg_installed/vcpkg/pkgs/boost-hana_x64-windows/include/boost/hana/is_empty.hpp
-- Installing: D:/TelegramBot/vcpkg_installed/vcpkg/pkgs/boost-hana_x64-windows/include/boost/hana/is_subset.hpp
-- Installing: D:/TelegramBot/vcpkg_installed/vcpkg/pkgs/boost-hana_x64-windows/include/boost/hana/keys.hpp
-- Installing: D:/TelegramBot/vcpkg_installed/vcpkg/pkgs/boost-hana_x64-windows/include/boost/hana/lazy.hpp
-- Installing: D:/TelegramBot/vcpkg_installed/vcpkg/pkgs/boost-hana_x64-windows/include/boost/hana/length.hpp
-- Installing: D:/TelegramBot/vcpkg_installed/vcpkg/pkgs/boost-hana_x64-windows/include/boost/hana/less.hpp
-- Installing: D:/TelegramBot/vcpkg_installed/vcpkg/pkgs/boost-hana_x64-windows/include/boost/hana/less_equal.hpp
-- Installing: D:/TelegramBot/vcpkg_installed/vcpkg/pkgs/boost-hana_x64-windows/include/boost/hana/lexicographical_compare.hpp
-- Installing: D:/TelegramBot/vcpkg_installed/vcpkg/pkgs/boost-hana_x64-windows/include/boost/hana/lift.hpp
-- Installing: D:/TelegramBot/vcpkg_installed/vcpkg/pkgs/boost-hana_x64-windows/include/boost/hana/map.hpp
-- Installing: D:/TelegramBot/vcpkg_installed/vcpkg/pkgs/boost-hana_x64-windows/include/boost/hana/max.hpp
-- Installing: D:/TelegramBot/vcpkg_installed/vcpkg/pkgs/boost-hana_x64-windows/include/boost/hana/maximum.hpp
-- Installing: D:/TelegramBot/vcpkg_installed/vcpkg/pkgs/boost-hana_x64-windows/include/boost/hana/members.hpp
-- Installing: D:/TelegramBot/vcpkg_installed/vcpkg/pkgs/boost-hana_x64-windows/include/boost/hana/min.hpp
-- Installing: D:/TelegramBot/vcpkg_installed/vcpkg/pkgs/boost-hana_x64-windows/include/boost/hana/minimum.hpp
-- Installing: D:/TelegramBot/vcpkg_installed/vcpkg/pkgs/boost-hana_x64-windows/include/boost/hana/minus.hpp
-- Installing: D:/TelegramBot/vcpkg_installed/vcpkg/pkgs/boost-hana_x64-windows/include/boost/hana/mod.hpp
-- Installing: D:/TelegramBot/vcpkg_installed/vcpkg/pkgs/boost-hana_x64-windows/include/boost/hana/monadic_compose.hpp
-- Installing: D:/TelegramBot/vcpkg_installed/vcpkg/pkgs/boost-hana_x64-windows/include/boost/hana/monadic_fold_left.hpp
-- Installing: D:/TelegramBot/vcpkg_installed/vcpkg/pkgs/boost-hana_x64-windows/include/boost/hana/monadic_fold_right.hpp
-- Installing: D:/TelegramBot/vcpkg_installed/vcpkg/pkgs/boost-hana_x64-windows/include/boost/hana/mult.hpp
-- Installing: D:/TelegramBot/vcpkg_installed/vcpkg/pkgs/boost-hana_x64-windows/include/boost/hana/negate.hpp
-- Installing: D:/TelegramBot/vcpkg_installed/vcpkg/pkgs/boost-hana_x64-windows/include/boost/hana/none.hpp
-- Installing: D:/TelegramBot/vcpkg_installed/vcpkg/pkgs/boost-hana_x64-windows/include/boost/hana/none_of.hpp
-- Installing: D:/TelegramBot/vcpkg_installed/vcpkg/pkgs/boost-hana_x64-windows/include/boost/hana/not.hpp
-- Installing: D:/TelegramBot/vcpkg_installed/vcpkg/pkgs/boost-hana_x64-windows/include/boost/hana/not_equal.hpp
-- Installing: D:/TelegramBot/vcpkg_installed/vcpkg/pkgs/boost-hana_x64-windows/include/boost/hana/one.hpp
-- Installing: D:/TelegramBot/vcpkg_installed/vcpkg/pkgs/boost-hana_x64-windows/include/boost/hana/optional.hpp
-- Installing: D:/TelegramBot/vcpkg_installed/vcpkg/pkgs/boost-hana_x64-windows/include/boost/hana/or.hpp
-- Installing: D:/TelegramBot/vcpkg_installed/vcpkg/pkgs/boost-hana_x64-windows/include/boost/hana/ordering.hpp
-- Installing: D:/TelegramBot/vcpkg_installed/vcpkg/pkgs/boost-hana_x64-windows/include/boost/hana/pair.hpp
-- Installing: D:/TelegramBot/vcpkg_installed/vcpkg/pkgs/boost-hana_x64-windows/include/boost/hana/partition.hpp
-- Installing: D:/TelegramBot/vcpkg_installed/vcpkg/pkgs/boost-hana_x64-windows/include/boost/hana/permutations.hpp
-- Installing: D:/TelegramBot/vcpkg_installed/vcpkg/pkgs/boost-hana_x64-windows/include/boost/hana/plus.hpp
-- Installing: D:/TelegramBot/vcpkg_installed/vcpkg/pkgs/boost-hana_x64-windows/include/boost/hana/power.hpp
-- Installing: D:/TelegramBot/vcpkg_installed/vcpkg/pkgs/boost-hana_x64-windows/include/boost/hana/prefix.hpp
-- Installing: D:/TelegramBot/vcpkg_installed/vcpkg/pkgs/boost-hana_x64-windows/include/boost/hana/prepend.hpp
-- Installing: D:/TelegramBot/vcpkg_installed/vcpkg/pkgs/boost-hana_x64-windows/include/boost/hana/product.hpp
-- Installing: D:/TelegramBot/vcpkg_installed/vcpkg/pkgs/boost-hana_x64-windows/include/boost/hana/range.hpp
-- Installing: D:/TelegramBot/vcpkg_installed/vcpkg/pkgs/boost-hana_x64-windows/include/boost/hana/remove.hpp
-- Installing: D:/TelegramBot/vcpkg_installed/vcpkg/pkgs/boost-hana_x64-windows/include/boost/hana/remove_at.hpp
-- Installing: D:/TelegramBot/vcpkg_installed/vcpkg/pkgs/boost-hana_x64-windows/include/boost/hana/remove_if.hpp
-- Installing: D:/TelegramBot/vcpkg_installed/vcpkg/pkgs/boost-hana_x64-windows/include/boost/hana/remove_range.hpp
-- Installing: D:/TelegramBot/vcpkg_installed/vcpkg/pkgs/boost-hana_x64-windows/include/boost/hana/repeat.hpp
-- Installing: D:/TelegramBot/vcpkg_installed/vcpkg/pkgs/boost-hana_x64-windows/include/boost/hana/replace.hpp
-- Installing: D:/TelegramBot/vcpkg_installed/vcpkg/pkgs/boost-hana_x64-windows/include/boost/hana/replace_if.hpp
-- Installing: D:/TelegramBot/vcpkg_installed/vcpkg/pkgs/boost-hana_x64-windows/include/boost/hana/replicate.hpp
-- Installing: D:/TelegramBot/vcpkg_installed/vcpkg/pkgs/boost-hana_x64-windows/include/boost/hana/reverse.hpp
-- Installing: D:/TelegramBot/vcpkg_installed/vcpkg/pkgs/boost-hana_x64-windows/include/boost/hana/reverse_fold.hpp
-- Installing: D:/TelegramBot/vcpkg_installed/vcpkg/pkgs/boost-hana_x64-windows/include/boost/hana/scan_left.hpp
-- Installing: D:/TelegramBot/vcpkg_installed/vcpkg/pkgs/boost-hana_x64-windows/include/boost/hana/scan_right.hpp
-- Installing: D:/TelegramBot/vcpkg_installed/vcpkg/pkgs/boost-hana_x64-windows/include/boost/hana/second.hpp
-- Installing: D:/TelegramBot/vcpkg_installed/vcpkg/pkgs/boost-hana_x64-windows/include/boost/hana/set.hpp
-- Installing: D:/TelegramBot/vcpkg_installed/vcpkg/pkgs/boost-hana_x64-windows/include/boost/hana/size.hpp
-- Installing: D:/TelegramBot/vcpkg_installed/vcpkg/pkgs/boost-hana_x64-windows/include/boost/hana/slice.hpp
-- Installing: D:/TelegramBot/vcpkg_installed/vcpkg/pkgs/boost-hana_x64-windows/include/boost/hana/sort.hpp
-- Installing: D:/TelegramBot/vcpkg_installed/vcpkg/pkgs/boost-hana_x64-windows/include/boost/hana/span.hpp
-- Installing: D:/TelegramBot/vcpkg_installed/vcpkg/pkgs/boost-hana_x64-windows/include/boost/hana/string.hpp
-- Installing: D:/TelegramBot/vcpkg_installed/vcpkg/pkgs/boost-hana_x64-windows/include/boost/hana/suffix.hpp
-- Installing: D:/TelegramBot/vcpkg_installed/vcpkg/pkgs/boost-hana_x64-windows/include/boost/hana/sum.hpp
-- Installing: D:/TelegramBot/vcpkg_installed/vcpkg/pkgs/boost-hana_x64-windows/include/boost/hana/symmetric_difference.hpp
-- Installing: D:/TelegramBot/vcpkg_installed/vcpkg/pkgs/boost-hana_x64-windows/include/boost/hana/take_back.hpp
-- Installing: D:/TelegramBot/vcpkg_installed/vcpkg/pkgs/boost-hana_x64-windows/include/boost/hana/take_front.hpp
-- Installing: D:/TelegramBot/vcpkg_installed/vcpkg/pkgs/boost-hana_x64-windows/include/boost/hana/take_while.hpp
-- Installing: D:/TelegramBot/vcpkg_installed/vcpkg/pkgs/boost-hana_x64-windows/include/boost/hana/tap.hpp
-- Installing: D:/TelegramBot/vcpkg_installed/vcpkg/pkgs/boost-hana_x64-windows/include/boost/hana/then.hpp
-- Installing: D:/TelegramBot/vcpkg_installed/vcpkg/pkgs/boost-hana_x64-windows/include/boost/hana/traits.hpp
-- Installing: D:/TelegramBot/vcpkg_installed/vcpkg/pkgs/boost-hana_x64-windows/include/boost/hana/transform.hpp
-- Installing: D:/TelegramBot/vcpkg_installed/vcpkg/pkgs/boost-hana_x64-windows/include/boost/hana/tuple.hpp
-- Installing: D:/TelegramBot/vcpkg_installed/vcpkg/pkgs/boost-hana_x64-windows/include/boost/hana/type.hpp
-- Installing: D:/TelegramBot/vcpkg_installed/vcpkg/pkgs/boost-hana_x64-windows/include/boost/hana/unfold_left.hpp
-- Installing: D:/TelegramBot/vcpkg_installed/vcpkg/pkgs/boost-hana_x64-windows/include/boost/hana/unfold_right.hpp
-- Installing: D:/TelegramBot/vcpkg_installed/vcpkg/pkgs/boost-hana_x64-windows/include/boost/hana/union.hpp
-- Installing: D:/TelegramBot/vcpkg_installed/vcpkg/pkgs/boost-hana_x64-windows/include/boost/hana/unique.hpp
-- Installing: D:/TelegramBot/vcpkg_installed/vcpkg/pkgs/boost-hana_x64-windows/include/boost/hana/unpack.hpp
-- Installing: D:/TelegramBot/vcpkg_installed/vcpkg/pkgs/boost-hana_x64-windows/include/boost/hana/value.hpp
-- Installing: D:/TelegramBot/vcpkg_installed/vcpkg/pkgs/boost-hana_x64-windows/include/boost/hana/version.hpp
-- Installing: D:/TelegramBot/vcpkg_installed/vcpkg/pkgs/boost-hana_x64-windows/include/boost/hana/while.hpp
-- Installing: D:/TelegramBot/vcpkg_installed/vcpkg/pkgs/boost-hana_x64-windows/include/boost/hana/zero.hpp
-- Installing: D:/TelegramBot/vcpkg_installed/vcpkg/pkgs/boost-hana_x64-windows/include/boost/hana/zip.hpp
-- Installing: D:/TelegramBot/vcpkg_installed/vcpkg/pkgs/boost-hana_x64-windows/include/boost/hana/zip_shortest.hpp
-- Installing: D:/TelegramBot/vcpkg_installed/vcpkg/pkgs/boost-hana_x64-windows/include/boost/hana/zip_shortest_with.hpp
-- Installing: D:/TelegramBot/vcpkg_installed/vcpkg/pkgs/boost-hana_x64-windows/include/boost/hana/zip_with.hpp
-- Installing: D:/TelegramBot/vcpkg_installed/vcpkg/pkgs/boost-hana_x64-windows/include/boost/hana.hpp
-- Installing: D:/TelegramBot/vcpkg_installed/vcpkg/pkgs/boost-hana_x64-windows/lib/cmake/boost_hana-1.86.0/boost_hana-targets.cmake
-- Installing: D:/TelegramBot/vcpkg_installed/vcpkg/pkgs/boost-hana_x64-windows/lib/cmake/boost_hana-1.86.0/boost_hana-config.cmake
-- Installing: D:/TelegramBot/vcpkg_installed/vcpkg/pkgs/boost-hana_x64-windows/lib/cmake/boost_hana-1.86.0/boost_hana-config-version.cmake

