[1/2] "D:/Software/cmake-4.2.1-windows-x86_64/bin/cmake.exe" -E chdir ".." "D:/Software/cmake-4.2.1-windows-x86_64/bin/cmake.exe" "D:/TelegramBot/vcpkg_installed/vcpkg/blds/zstd/src/v1.5.6-6d2acef635.clean/build/cmake" "-G" "Ninja" "-DCMAKE_BUILD_TYPE=Release" "-DCMAKE_INSTALL_PREFIX=D:/TelegramBot/vcpkg_installed/vcpkg/pkgs/zstd_x64-windows" "-DFETCHCONTENT_FULLY_DISCONNECTED=ON" "-DZSTD_BUILD_SHARED=1" "-DZSTD_BUILD_STATIC=0" "-DZSTD_LEGACY_SUPPORT=1" "-DZSTD_BUILD_TESTS=0" "-DZSTD_BUILD_CONTRIB=0" "-DZSTD_MULTITHREAD_SUPPORT=1" "-DCMAKE_MAKE_PROGRAM=C:/Program Files/Microsoft Visual Studio/2022/Community/Common7/IDE/CommonExtensions/Microsoft/CMake/Ninja/ninja.exe" "-DBUILD_SHARED_LIBS=ON" "-DVCPKG_CHAINLOAD_TOOLCHAIN_FILE=C:/Program Files/Microsoft Visual Studio/2022/Community/VC/vcpkg/scripts/toolchains/windows.cmake" "-DVCPKG_TARGET_TRIPLET=x64-windows" "-DVCPKG_SET_CHARSET_FLAG=ON" "-DVCPKG_PLATFORM_TOOLSET=v143" "-DCMAKE_EXPORT_NO_PACKAGE_REGISTRY=ON" "-DCMAKE_FIND_PACKAGE_NO_PACKAGE_REGISTRY=ON" "-DCMAKE_FIND_PACKAGE_NO_SYSTEM_PACKAGE_REGISTRY=ON" "-DCMAKE_INSTALL_SYSTEM_RUNTIME_LIBS_SKIP=TRUE" "-DCMAKE_VERBOSE_MAKEFILE=ON" "-DVCPKG_APPLOCAL_DEPS=OFF" "-DCMAKE_TOOLCHAIN_FILE=C:/Program Files/Microsoft Visual Studio/2022/Community/VC/vcpkg/scripts/buildsystems/vcpkg.cmake" "-DCMAKE_ERROR_ON_ABSOLUTE_INSTALL_DESTINATION=ON" "-DVCPKG_CXX_FLAGS=" "-DVCPKG_CXX_FLAGS_RELEASE=" "-DVCPKG_CXX_FLAGS_DEBUG=" "-DVCPKG_C_FLAGS=" "-DVCPKG_C_FLAGS_RELEASE=" "-DVCPKG_C_FLAGS_DEBUG=" "-DVCPKG_CRT_LINKAGE=dynamic" "-DVCPKG_LINKER_FLAGS=" "-DVCPKG_LINKER_FLAGS_RELEASE=" "-DVCPKG_LINKER_FLAGS_DEBUG=" "-DVCPKG_TARGET_ARCHITECTURE=x64" "-DCMAKE_INSTALL_LIBDIR:STRING=lib" "-DCMAKE_INSTALL_BINDIR:STRING=bin" "-D_VCPKG_ROOT_DIR=C:/Program Files/Microsoft Visual Studio/2022/Community/VC/vcpkg" "-D_VCPKG_INSTALLED_DIR=D:/TelegramBot/vcpkg_installed" "-DVCPKG_MANIFEST_INSTALL=OFF" "-DZSTD_BUILD_PROGRAMS=0"
CMake Deprecation Warning at CMakeLists.txt:10 (cmake_minimum_required):
  Compatibility with CMake < 3.10 will be removed from a future version of
  CMake.

  Update the VERSION argument <min> value.  Or, use the <min>...<max> syntax
  to tell CMake that the project requires at least <min> but has been updated
  to work with policies introduced by <max> or earlier.


-- The C compiler identification is MSVC 19.44.35215.0
-- The ASM compiler identification is MSVC
CMake Warning (dev) at D:/Software/cmake-4.2.1-windows-x86_64/share/cmake-4.2/Modules/CMakeDetermineASMCompiler.cmake:234 (message):
  Policy CMP194 is not set: MSVC is not an assembler for language ASM.  Run
  "cmake --help-policy CMP194" for policy details.  Use the cmake_policy
  command to set the policy and suppress this warning.
Call Stack (most recent call first):
  CMakeLists.txt:33 (project)
This warning is for project developers.  Use -Wno-dev to suppress it.

-- Found assembler: C:/Program Files/Microsoft Visual Studio/2022/Community/VC/Tools/MSVC/14.44.35207/bin/Hostx64/x64/cl.exe
-- The CXX compiler identification is MSVC 19.44.35215.0
-- Detecting C compiler ABI info
-- Detecting C compiler ABI info - done
-- Check for working C compiler: C:/Program Files/Microsoft Visual Studio/2022/Community/VC/Tools/MSVC/14.44.35207/bin/Hostx64/x64/cl.exe - skipped
-- Detecting C compile features
-- Detecting C compile features - done
-- Detecting CXX compiler ABI info
-- Detecting CXX compiler ABI info - done
-- Check for working CXX compiler: C:/Program Files/Microsoft Visual Studio/2022/Community/VC/Tools/MSVC/14.44.35207/bin/Hostx64/x64/cl.exe - skipped
-- Detecting CXX compile features
-- Detecting CXX compile features - done
-- ZSTD VERSION: 1.5.6
-- Performing Test C_FLAG_D_UNICODE
-- Performing Test C_FLAG_D_UNICODE - Success
-- Performing Test CXX_FLAG_D_UNICODE
-- Performing Test CXX_FLAG_D_UNICODE - Success
-- Performing Test C_FLAG_DUNICODE
-- Performing Test C_FLAG_DUNICODE - Success
-- Performing Test CXX_FLAG_DUNICODE
-- Performing Test CXX_FLAG_DUNICODE - Success
-- CMAKE_INSTALL_PREFIX: D:/TelegramBot/vcpkg_installed/vcpkg/pkgs/zstd_x64-windows
-- CMAKE_INSTALL_LIBDIR: lib
-- ZSTD_LEGACY_SUPPORT defined!
-- ZSTD_MULTITHREAD_SUPPORT is enabled
-- Configuring done (5.6s)
-- Generating done (0.1s)
CMake Warning:
  Manually-specified variables were not used by the project:

    FETCHCONTENT_FULLY_DISCONNECTED
    _VCPKG_ROOT_DIR


-- Build files have been written to: D:/TelegramBot/vcpkg_installed/vcpkg/blds/zstd/x64-windows-rel
[2/2] "D:/Software/cmake-4.2.1-windows-x86_64/bin/cmake.exe" -E chdir "../../x64-windows-dbg" "D:/Software/cmake-4.2.1-windows-x86_64/bin/cmake.exe" "D:/TelegramBot/vcpkg_installed/vcpkg/blds/zstd/src/v1.5.6-6d2acef635.clean/build/cmake" "-G" "Ninja" "-DCMAKE_BUILD_TYPE=Debug" "-DCMAKE_INSTALL_PREFIX=D:/TelegramBot/vcpkg_installed/vcpkg/pkgs/zstd_x64-windows/debug" "-DFETCHCONTENT_FULLY_DISCONNECTED=ON" "-DZSTD_BUILD_SHARED=1" "-DZSTD_BUILD_STATIC=0" "-DZSTD_LEGACY_SUPPORT=1" "-DZSTD_BUILD_TESTS=0" "-DZSTD_BUILD_CONTRIB=0" "-DZSTD_MULTITHREAD_SUPPORT=1" "-DCMAKE_MAKE_PROGRAM=C:/Program Files/Microsoft Visual Studio/2022/Community/Common7/IDE/CommonExtensions/Microsoft/CMake/Ninja/ninja.exe" "-DBUILD_SHARED_LIBS=ON" "-DVCPKG_CHAINLOAD_TOOLCHAIN_FILE=C:/Program Files/Microsoft Visual Studio/2022/Community/VC/vcpkg/scripts/toolchains/windows.cmake" "-DVCPKG_TARGET_TRIPLET=x64-windows" "-DVCPKG_SET_CHARSET_FLAG=ON" "-DVCPKG_PLATFORM_TOOLSET=v143" "-DCMAKE_EXPORT_NO_PACKAGE_REGISTRY=ON" "-DCMAKE_FIND_PACKAGE_NO_PACKAGE_REGISTRY=ON" "-DCMAKE_FIND_PACKAGE_NO_SYSTEM_PACKAGE_REGISTRY=ON" "-DCMAKE_INSTALL_SYSTEM_RUNTIME_LIBS_SKIP=TRUE" "-DCMAKE_VERBOSE_MAKEFILE=ON" "-DVCPKG_APPLOCAL_DEPS=OFF" "-DCMAKE_TOOLCHAIN_FILE=C:/Program Files/Microsoft Visual Studio/2022/Community/VC/vcpkg/scripts/buildsystems/vcpkg.cmake" "-DCMAKE_ERROR_ON_ABSOLUTE_INSTALL_DESTINATION=ON" "-DVCPKG_CXX_FLAGS=" "-DVCPKG_CXX_FLAGS_RELEASE=" "-DVCPKG_CXX_FLAGS_DEBUG=" "-DVCPKG_C_FLAGS=" "-DVCPKG_C_FLAGS_RELEASE=" "-DVCPKG_C_FLAGS_DEBUG=" "-DVCPKG_CRT_LINKAGE=dynamic" "-DVCPKG_LINKER_FLAGS=" "-DVCPKG_LINKER_FLAGS_RELEASE=" "-DVCPKG_LINKER_FLAGS_DEBUG=" "-DVCPKG_TARGET_ARCHITECTURE=x64" "-DCMAKE_INSTALL_LIBDIR:STRING=lib" "-DCMAKE_INSTALL_BINDIR:STRING=bin" "-D_VCPKG_ROOT_DIR=C:/Program Files/Microsoft Visual Studio/2022/Community/VC/vcpkg" "-D_VCPKG_INSTALLED_DIR=D:/TelegramBot/vcpkg_installed" "-DVCPKG_MANIFEST_INSTALL=OFF" "-DZSTD_BUILD_PROGRAMS=OFF"
CMake Deprecation Warning at CMakeLists.txt:10 (cmake_minimum_required):
  Compatibility with CMake < 3.10 will be removed from a future version of
  CMake.

  Update the VERSION argument <min> value.  Or, use the <min>...<max> syntax
  to tell CMake that the project requires at least <min> but has been updated
  to work with policies introduced by <max> or earlier.


-- The C compiler identification is MSVC 19.44.35215.0
-- The ASM compiler identification is MSVC
CMake Warning (dev) at D:/Software/cmake-4.2.1-windows-x86_64/share/cmake-4.2/Modules/CMakeDetermineASMCompiler.cmake:234 (message):
  Policy CMP194 is not set: MSVC is not an assembler for language ASM.  Run
  "cmake --help-policy CMP194" for policy details.  Use the cmake_policy
  command to set the policy and suppress this warning.
Call Stack (most recent call first):
  CMakeLists.txt:33 (project)
This warning is for project developers.  Use -Wno-dev to suppress it.

-- Found assembler: C:/Program Files/Microsoft Visual Studio/2022/Community/VC/Tools/MSVC/14.44.35207/bin/Hostx64/x64/cl.exe
-- The CXX compiler identification is MSVC 19.44.35215.0
-- Detecting C compiler ABI info
-- Detecting C compiler ABI info - done
-- Check for working C compiler: C:/Program Files/Microsoft Visual Studio/2022/Community/VC/Tools/MSVC/14.44.35207/bin/Hostx64/x64/cl.exe - skipped
-- Detecting C compile features
-- Detecting C compile features - done
-- Detecting CXX compiler ABI info
-- Detecting CXX compiler ABI info - done
-- Check for working CXX compiler: C:/Program Files/Microsoft Visual Studio/2022/Community/VC/Tools/MSVC/14.44.35207/bin/Hostx64/x64/cl.exe - skipped
-- Detecting CXX compile features
-- Detecting CXX compile features - done
-- ZSTD VERSION: 1.5.6
-- Performing Test C_FLAG_D_UNICODE
-- Performing Test C_FLAG_D_UNICODE - Success
-- Performing Test CXX_FLAG_D_UNICODE
-- Performing Test CXX_FLAG_D_UNICODE - Success
-- Performing Test C_FLAG_DUNICODE
-- Performing Test C_FLAG_DUNICODE - Success
-- Performing Test CXX_FLAG_DUNICODE
-- Performing Test CXX_FLAG_DUNICODE - Success
-- Performing Test C_FLAG_DDEBUGLEVEL_1
-- Performing Test C_FLAG_DDEBUGLEVEL_1 - Success
-- Performing Test CXX_FLAG_DDEBUGLEVEL_1
-- Performing Test CXX_FLAG_DDEBUGLEVEL_1 - Success
-- CMAKE_INSTALL_PREFIX: D:/TelegramBot/vcpkg_installed/vcpkg/pkgs/zstd_x64-windows/debug
-- CMAKE_INSTALL_LIBDIR: lib
-- ZSTD_LEGACY_SUPPORT defined!
-- ZSTD_MULTITHREAD_SUPPORT is enabled
-- Configuring done (6.5s)
-- Generating done (0.1s)
CMake Warning:
  Manually-specified variables were not used by the project:

    FETCHCONTENT_FULLY_DISCONNECTED
    _VCPKG_ROOT_DIR


-- Build files have been written to: D:/TelegramBot/vcpkg_installed/vcpkg/blds/zstd/x64-windows-dbg
