Change Dir: 'D:/TelegramBot/vcpkg_installed/vcpkg/blds/boost-polygon/x64-windows-rel'

Run Build Command(s): "C:/Program Files/Microsoft Visual Studio/2022/Community/Common7/IDE/CommonExtensions/Microsoft/CMake/Ninja/ninja.exe" -v -v -j9 install
[0/1] C:\WINDOWS\system32\cmd.exe /C "cd /D D:\TelegramBot\vcpkg_installed\vcpkg\blds\boost-polygon\x64-windows-rel && D:\Software\cmake-4.2.1-windows-x86_64\bin\cmake.exe -P cmake_install.cmake"
-- Install configuration: "Release"
-- Installing: D:/TelegramBot/vcpkg_installed/vcpkg/pkgs/boost-polygon_x64-windows/include
-- Installing: D:/TelegramBot/vcpkg_installed/vcpkg/pkgs/boost-polygon_x64-windows/include/boost
-- Installing: D:/TelegramBot/vcpkg_installed/vcpkg/pkgs/boost-polygon_x64-windows/include/boost/polygon
-- Installing: D:/TelegramBot/vcpkg_installed/vcpkg/pkgs/boost-polygon_x64-windows/include/boost/polygon/detail
-- Installing: D:/TelegramBot/vcpkg_installed/vcpkg/pkgs/boost-polygon_x64-windows/include/boost/polygon/detail/boolean_op.hpp
-- Installing: D:/TelegramBot/vcpkg_installed/vcpkg/pkgs/boost-polygon_x64-windows/include/boost/polygon/detail/boolean_op_45.hpp
-- Installing: D:/TelegramBot/vcpkg_installed/vcpkg/pkgs/boost-polygon_x64-windows/include/boost/polygon/detail/iterator_compact_to_points.hpp
-- Installing: D:/TelegramBot/vcpkg_installed/vcpkg/pkgs/boost-polygon_x64-windows/include/boost/polygon/detail/iterator_geometry_to_set.hpp
-- Installing: D:/TelegramBot/vcpkg_installed/vcpkg/pkgs/boost-polygon_x64-windows/include/boost/polygon/detail/iterator_points_to_compact.hpp
-- Installing: D:/TelegramBot/vcpkg_installed/vcpkg/pkgs/boost-polygon_x64-windows/include/boost/polygon/detail/max_cover.hpp
-- Installing: D:/TelegramBot/vcpkg_installed/vcpkg/pkgs/boost-polygon_x64-windows/include/boost/polygon/detail/minkowski.hpp
-- Installing: D:/TelegramBot/vcpkg_installed/vcpkg/pkgs/boost-polygon_x64-windows/include/boost/polygon/detail/polygon_45_formation.hpp
-- Installing: D:/TelegramBot/vcpkg_installed/vcpkg/pkgs/boost-polygon_x64-windows/include/boost/polygon/detail/polygon_45_set_view.hpp
-- Installing: D:/TelegramBot/vcpkg_installed/vcpkg/pkgs/boost-polygon_x64-windows/include/boost/polygon/detail/polygon_45_touch.hpp
-- Installing: D:/TelegramBot/vcpkg_installed/vcpkg/pkgs/boost-polygon_x64-windows/include/boost/polygon/detail/polygon_90_set_view.hpp
-- Installing: D:/TelegramBot/vcpkg_installed/vcpkg/pkgs/boost-polygon_x64-windows/include/boost/polygon/detail/polygon_90_touch.hpp
-- Installing: D:/TelegramBot/vcpkg_installed/vcpkg/pkgs/boost-polygon_x64-windows/include/boost/polygon/detail/polygon_arbitrary_formation.hpp
-- Installing: D:/TelegramBot/vcpkg_installed/vcpkg/pkgs/boost-polygon_x64-windows/include/boost/polygon/detail/polygon_formation.hpp
-- Installing: D:/TelegramBot/vcpkg_installed/vcpkg/pkgs/boost-polygon_x64-windows/include/boost/polygon/detail/polygon_set_view.hpp
-- Installing: D:/TelegramBot/vcpkg_installed/vcpkg/pkgs/boost-polygon_x64-windows/include/boost/polygon/detail/polygon_simplify.hpp
-- Installing: D:/TelegramBot/vcpkg_installed/vcpkg/pkgs/boost-polygon_x64-windows/include/boost/polygon/detail/polygon_sort_adaptor.hpp
-- Installing: D:/TelegramBot/vcpkg_installed/vcpkg/pkgs/boost-polygon_x64-windows/include/boost/polygon/detail/property_merge.hpp
-- Installing: D:/TelegramBot/vcpkg_installed/vcpkg/pkgs/boost-polygon_x64-windows/include/boost/polygon/detail/property_merge_45.hpp
-- Installing: D:/TelegramBot/vcpkg_installed/vcpkg/pkgs/boost-polygon_x64-windows/include/boost/polygon/detail/rectangle_formation.hpp
-- Installing: D:/TelegramBot/vcpkg_installed/vcpkg/pkgs/boost-polygon_x64-windows/include/boost/polygon/detail/scan_arbitrary.hpp
-- Installing: D:/TelegramBot/vcpkg_installed/vcpkg/pkgs/boost-polygon_x64-windows/include/boost/polygon/detail/voronoi_ctypes.hpp
-- Installing: D:/TelegramBot/vcpkg_installed/vcpkg/pkgs/boost-polygon_x64-windows/include/boost/polygon/detail/voronoi_predicates.hpp
-- Installing: D:/TelegramBot/vcpkg_installed/vcpkg/pkgs/boost-polygon_x64-windows/include/boost/polygon/detail/voronoi_robust_fpt.hpp
-- Installing: D:/TelegramBot/vcpkg_installed/vcpkg/pkgs/boost-polygon_x64-windows/include/boost/polygon/detail/voronoi_structures.hpp
-- Installing: D:/TelegramBot/vcpkg_installed/vcpkg/pkgs/boost-polygon_x64-windows/include/boost/polygon/gmp_override.hpp
-- Installing: D:/TelegramBot/vcpkg_installed/vcpkg/pkgs/boost-polygon_x64-windows/include/boost/polygon/gtl.hpp
-- Installing: D:/TelegramBot/vcpkg_installed/vcpkg/pkgs/boost-polygon_x64-windows/include/boost/polygon/interval_concept.hpp
-- Installing: D:/TelegramBot/vcpkg_installed/vcpkg/pkgs/boost-polygon_x64-windows/include/boost/polygon/interval_data.hpp
-- Installing: D:/TelegramBot/vcpkg_installed/vcpkg/pkgs/boost-polygon_x64-windows/include/boost/polygon/interval_traits.hpp
-- Installing: D:/TelegramBot/vcpkg_installed/vcpkg/pkgs/boost-polygon_x64-windows/include/boost/polygon/isotropy.hpp
-- Installing: D:/TelegramBot/vcpkg_installed/vcpkg/pkgs/boost-polygon_x64-windows/include/boost/polygon/point_concept.hpp
-- Installing: D:/TelegramBot/vcpkg_installed/vcpkg/pkgs/boost-polygon_x64-windows/include/boost/polygon/point_data.hpp
-- Installing: D:/TelegramBot/vcpkg_installed/vcpkg/pkgs/boost-polygon_x64-windows/include/boost/polygon/point_traits.hpp
-- Installing: D:/TelegramBot/vcpkg_installed/vcpkg/pkgs/boost-polygon_x64-windows/include/boost/polygon/polygon.hpp
-- Installing: D:/TelegramBot/vcpkg_installed/vcpkg/pkgs/boost-polygon_x64-windows/include/boost/polygon/polygon_45_data.hpp
-- Installing: D:/TelegramBot/vcpkg_installed/vcpkg/pkgs/boost-polygon_x64-windows/include/boost/polygon/polygon_45_set_concept.hpp
-- Installing: D:/TelegramBot/vcpkg_installed/vcpkg/pkgs/boost-polygon_x64-windows/include/boost/polygon/polygon_45_set_data.hpp
-- Installing: D:/TelegramBot/vcpkg_installed/vcpkg/pkgs/boost-polygon_x64-windows/include/boost/polygon/polygon_45_set_traits.hpp
-- Installing: D:/TelegramBot/vcpkg_installed/vcpkg/pkgs/boost-polygon_x64-windows/include/boost/polygon/polygon_45_with_holes_data.hpp
-- Installing: D:/TelegramBot/vcpkg_installed/vcpkg/pkgs/boost-polygon_x64-windows/include/boost/polygon/polygon_90_data.hpp
-- Installing: D:/TelegramBot/vcpkg_installed/vcpkg/pkgs/boost-polygon_x64-windows/include/boost/polygon/polygon_90_set_concept.hpp
-- Installing: D:/TelegramBot/vcpkg_installed/vcpkg/pkgs/boost-polygon_x64-windows/include/boost/polygon/polygon_90_set_data.hpp
-- Installing: D:/TelegramBot/vcpkg_installed/vcpkg/pkgs/boost-polygon_x64-windows/include/boost/polygon/polygon_90_set_traits.hpp
-- Installing: D:/TelegramBot/vcpkg_installed/vcpkg/pkgs/boost-polygon_x64-windows/include/boost/polygon/polygon_90_with_holes_data.hpp
-- Installing: D:/TelegramBot/vcpkg_installed/vcpkg/pkgs/boost-polygon_x64-windows/include/boost/polygon/polygon_data.hpp
-- Installing: D:/TelegramBot/vcpkg_installed/vcpkg/pkgs/boost-polygon_x64-windows/include/boost/polygon/polygon_set_concept.hpp
-- Installing: D:/TelegramBot/vcpkg_installed/vcpkg/pkgs/boost-polygon_x64-windows/include/boost/polygon/polygon_set_data.hpp
-- Installing: D:/TelegramBot/vcpkg_installed/vcpkg/pkgs/boost-polygon_x64-windows/include/boost/polygon/polygon_set_traits.hpp
-- Installing: D:/TelegramBot/vcpkg_installed/vcpkg/pkgs/boost-polygon_x64-windows/include/boost/polygon/polygon_traits.hpp
-- Installing: D:/TelegramBot/vcpkg_installed/vcpkg/pkgs/boost-polygon_x64-windows/include/boost/polygon/polygon_with_holes_data.hpp
-- Installing: D:/TelegramBot/vcpkg_installed/vcpkg/pkgs/boost-polygon_x64-windows/include/boost/polygon/rectangle_concept.hpp
-- Installing: D:/TelegramBot/vcpkg_installed/vcpkg/pkgs/boost-polygon_x64-windows/include/boost/polygon/rectangle_data.hpp
-- Installing: D:/TelegramBot/vcpkg_installed/vcpkg/pkgs/boost-polygon_x64-windows/include/boost/polygon/rectangle_traits.hpp
-- Installing: D:/TelegramBot/vcpkg_installed/vcpkg/pkgs/boost-polygon_x64-windows/include/boost/polygon/segment_concept.hpp
-- Installing: D:/TelegramBot/vcpkg_installed/vcpkg/pkgs/boost-polygon_x64-windows/include/boost/polygon/segment_data.hpp
-- Installing: D:/TelegramBot/vcpkg_installed/vcpkg/pkgs/boost-polygon_x64-windows/include/boost/polygon/segment_traits.hpp
-- Installing: D:/TelegramBot/vcpkg_installed/vcpkg/pkgs/boost-polygon_x64-windows/include/boost/polygon/segment_utils.hpp
-- Installing: D:/TelegramBot/vcpkg_installed/vcpkg/pkgs/boost-polygon_x64-windows/include/boost/polygon/transform.hpp
-- Installing: D:/TelegramBot/vcpkg_installed/vcpkg/pkgs/boost-polygon_x64-windows/include/boost/polygon/voronoi.hpp
-- Installing: D:/TelegramBot/vcpkg_installed/vcpkg/pkgs/boost-polygon_x64-windows/include/boost/polygon/voronoi_builder.hpp
-- Installing: D:/TelegramBot/vcpkg_installed/vcpkg/pkgs/boost-polygon_x64-windows/include/boost/polygon/voronoi_diagram.hpp
-- Installing: D:/TelegramBot/vcpkg_installed/vcpkg/pkgs/boost-polygon_x64-windows/include/boost/polygon/voronoi_geometry_type.hpp
-- Installing: D:/TelegramBot/vcpkg_installed/vcpkg/pkgs/boost-polygon_x64-windows/lib/cmake/boost_polygon-1.86.0/boost_polygon-targets.cmake
-- Installing: D:/TelegramBot/vcpkg_installed/vcpkg/pkgs/boost-polygon_x64-windows/lib/cmake/boost_polygon-1.86.0/boost_polygon-config.cmake
-- Installing: D:/TelegramBot/vcpkg_installed/vcpkg/pkgs/boost-polygon_x64-windows/lib/cmake/boost_polygon-1.86.0/boost_polygon-config-version.cmake

