Change Dir: 'D:/TelegramBot/vcpkg_installed/vcpkg/blds/boost-msm/x64-windows-rel'

Run Build Command(s): "C:/Program Files/Microsoft Visual Studio/2022/Community/Common7/IDE/CommonExtensions/Microsoft/CMake/Ninja/ninja.exe" -v -v -j9 install
[0/1] C:\WINDOWS\system32\cmd.exe /C "cd /D D:\TelegramBot\vcpkg_installed\vcpkg\blds\boost-msm\x64-windows-rel && D:\Software\cmake-4.2.1-windows-x86_64\bin\cmake.exe -P cmake_install.cmake"
-- Install configuration: "Release"
-- Installing: D:/TelegramBot/vcpkg_installed/vcpkg/pkgs/boost-msm_x64-windows/include
-- Installing: D:/TelegramBot/vcpkg_installed/vcpkg/pkgs/boost-msm_x64-windows/include/boost
-- Installing: D:/TelegramBot/vcpkg_installed/vcpkg/pkgs/boost-msm_x64-windows/include/boost/msm
-- Installing: D:/TelegramBot/vcpkg_installed/vcpkg/pkgs/boost-msm_x64-windows/include/boost/msm/active_state_switching_policies.hpp
-- Installing: D:/TelegramBot/vcpkg_installed/vcpkg/pkgs/boost-msm_x64-windows/include/boost/msm/back
-- Installing: D:/TelegramBot/vcpkg_installed/vcpkg/pkgs/boost-msm_x64-windows/include/boost/msm/back/args.hpp
-- Installing: D:/TelegramBot/vcpkg_installed/vcpkg/pkgs/boost-msm_x64-windows/include/boost/msm/back/bind_helpers.hpp
-- Installing: D:/TelegramBot/vcpkg_installed/vcpkg/pkgs/boost-msm_x64-windows/include/boost/msm/back/common_types.hpp
-- Installing: D:/TelegramBot/vcpkg_installed/vcpkg/pkgs/boost-msm_x64-windows/include/boost/msm/back/copy_policies.hpp
-- Installing: D:/TelegramBot/vcpkg_installed/vcpkg/pkgs/boost-msm_x64-windows/include/boost/msm/back/default_compile_policy.hpp
-- Installing: D:/TelegramBot/vcpkg_installed/vcpkg/pkgs/boost-msm_x64-windows/include/boost/msm/back/dispatch_table.hpp
-- Installing: D:/TelegramBot/vcpkg_installed/vcpkg/pkgs/boost-msm_x64-windows/include/boost/msm/back/favor_compile_time.hpp
-- Installing: D:/TelegramBot/vcpkg_installed/vcpkg/pkgs/boost-msm_x64-windows/include/boost/msm/back/fold_to_list.hpp
-- Installing: D:/TelegramBot/vcpkg_installed/vcpkg/pkgs/boost-msm_x64-windows/include/boost/msm/back/history_policies.hpp
-- Installing: D:/TelegramBot/vcpkg_installed/vcpkg/pkgs/boost-msm_x64-windows/include/boost/msm/back/metafunctions.hpp
-- Installing: D:/TelegramBot/vcpkg_installed/vcpkg/pkgs/boost-msm_x64-windows/include/boost/msm/back/mpl_graph_fsm_check.hpp
-- Installing: D:/TelegramBot/vcpkg_installed/vcpkg/pkgs/boost-msm_x64-windows/include/boost/msm/back/no_fsm_check.hpp
-- Installing: D:/TelegramBot/vcpkg_installed/vcpkg/pkgs/boost-msm_x64-windows/include/boost/msm/back/queue_container_circular.hpp
-- Installing: D:/TelegramBot/vcpkg_installed/vcpkg/pkgs/boost-msm_x64-windows/include/boost/msm/back/queue_container_deque.hpp
-- Installing: D:/TelegramBot/vcpkg_installed/vcpkg/pkgs/boost-msm_x64-windows/include/boost/msm/back/state_machine.hpp
-- Installing: D:/TelegramBot/vcpkg_installed/vcpkg/pkgs/boost-msm_x64-windows/include/boost/msm/back/tools.hpp
-- Installing: D:/TelegramBot/vcpkg_installed/vcpkg/pkgs/boost-msm_x64-windows/include/boost/msm/back11
-- Installing: D:/TelegramBot/vcpkg_installed/vcpkg/pkgs/boost-msm_x64-windows/include/boost/msm/back11/dispatch_table.hpp
-- Installing: D:/TelegramBot/vcpkg_installed/vcpkg/pkgs/boost-msm_x64-windows/include/boost/msm/back11/metafunctions.hpp
-- Installing: D:/TelegramBot/vcpkg_installed/vcpkg/pkgs/boost-msm_x64-windows/include/boost/msm/back11/state_machine.hpp
-- Installing: D:/TelegramBot/vcpkg_installed/vcpkg/pkgs/boost-msm_x64-windows/include/boost/msm/common.hpp
-- Installing: D:/TelegramBot/vcpkg_installed/vcpkg/pkgs/boost-msm_x64-windows/include/boost/msm/event_traits.hpp
-- Installing: D:/TelegramBot/vcpkg_installed/vcpkg/pkgs/boost-msm_x64-windows/include/boost/msm/front
-- Installing: D:/TelegramBot/vcpkg_installed/vcpkg/pkgs/boost-msm_x64-windows/include/boost/msm/front/common_states.hpp
-- Installing: D:/TelegramBot/vcpkg_installed/vcpkg/pkgs/boost-msm_x64-windows/include/boost/msm/front/completion_event.hpp
-- Installing: D:/TelegramBot/vcpkg_installed/vcpkg/pkgs/boost-msm_x64-windows/include/boost/msm/front/detail
-- Installing: D:/TelegramBot/vcpkg_installed/vcpkg/pkgs/boost-msm_x64-windows/include/boost/msm/front/detail/common_states.hpp
-- Installing: D:/TelegramBot/vcpkg_installed/vcpkg/pkgs/boost-msm_x64-windows/include/boost/msm/front/detail/row2_helper.hpp
-- Installing: D:/TelegramBot/vcpkg_installed/vcpkg/pkgs/boost-msm_x64-windows/include/boost/msm/front/euml
-- Installing: D:/TelegramBot/vcpkg_installed/vcpkg/pkgs/boost-msm_x64-windows/include/boost/msm/front/euml/algorithm.hpp
-- Installing: D:/TelegramBot/vcpkg_installed/vcpkg/pkgs/boost-msm_x64-windows/include/boost/msm/front/euml/common.hpp
-- Installing: D:/TelegramBot/vcpkg_installed/vcpkg/pkgs/boost-msm_x64-windows/include/boost/msm/front/euml/container.hpp
-- Installing: D:/TelegramBot/vcpkg_installed/vcpkg/pkgs/boost-msm_x64-windows/include/boost/msm/front/euml/euml.hpp
-- Installing: D:/TelegramBot/vcpkg_installed/vcpkg/pkgs/boost-msm_x64-windows/include/boost/msm/front/euml/euml_typeof.hpp
-- Installing: D:/TelegramBot/vcpkg_installed/vcpkg/pkgs/boost-msm_x64-windows/include/boost/msm/front/euml/guard_grammar.hpp
-- Installing: D:/TelegramBot/vcpkg_installed/vcpkg/pkgs/boost-msm_x64-windows/include/boost/msm/front/euml/iteration.hpp
-- Installing: D:/TelegramBot/vcpkg_installed/vcpkg/pkgs/boost-msm_x64-windows/include/boost/msm/front/euml/operator.hpp
-- Installing: D:/TelegramBot/vcpkg_installed/vcpkg/pkgs/boost-msm_x64-windows/include/boost/msm/front/euml/phoenix_placeholders.hpp
-- Installing: D:/TelegramBot/vcpkg_installed/vcpkg/pkgs/boost-msm_x64-windows/include/boost/msm/front/euml/querying.hpp
-- Installing: D:/TelegramBot/vcpkg_installed/vcpkg/pkgs/boost-msm_x64-windows/include/boost/msm/front/euml/state_grammar.hpp
-- Installing: D:/TelegramBot/vcpkg_installed/vcpkg/pkgs/boost-msm_x64-windows/include/boost/msm/front/euml/stl.hpp
-- Installing: D:/TelegramBot/vcpkg_installed/vcpkg/pkgs/boost-msm_x64-windows/include/boost/msm/front/euml/stt_grammar.hpp
-- Installing: D:/TelegramBot/vcpkg_installed/vcpkg/pkgs/boost-msm_x64-windows/include/boost/msm/front/euml/transformation.hpp
-- Installing: D:/TelegramBot/vcpkg_installed/vcpkg/pkgs/boost-msm_x64-windows/include/boost/msm/front/functor_row.hpp
-- Installing: D:/TelegramBot/vcpkg_installed/vcpkg/pkgs/boost-msm_x64-windows/include/boost/msm/front/internal_row.hpp
-- Installing: D:/TelegramBot/vcpkg_installed/vcpkg/pkgs/boost-msm_x64-windows/include/boost/msm/front/operator.hpp
-- Installing: D:/TelegramBot/vcpkg_installed/vcpkg/pkgs/boost-msm_x64-windows/include/boost/msm/front/puml
-- Installing: D:/TelegramBot/vcpkg_installed/vcpkg/pkgs/boost-msm_x64-windows/include/boost/msm/front/puml/puml.hpp
-- Installing: D:/TelegramBot/vcpkg_installed/vcpkg/pkgs/boost-msm_x64-windows/include/boost/msm/front/row2.hpp
-- Installing: D:/TelegramBot/vcpkg_installed/vcpkg/pkgs/boost-msm_x64-windows/include/boost/msm/front/states.hpp
-- Installing: D:/TelegramBot/vcpkg_installed/vcpkg/pkgs/boost-msm_x64-windows/include/boost/msm/front/state_machine_def.hpp
-- Installing: D:/TelegramBot/vcpkg_installed/vcpkg/pkgs/boost-msm_x64-windows/include/boost/msm/mpl_graph
-- Installing: D:/TelegramBot/vcpkg_installed/vcpkg/pkgs/boost-msm_x64-windows/include/boost/msm/mpl_graph/adjacency_list_graph.hpp
-- Installing: D:/TelegramBot/vcpkg_installed/vcpkg/pkgs/boost-msm_x64-windows/include/boost/msm/mpl_graph/breadth_first_search.hpp
-- Installing: D:/TelegramBot/vcpkg_installed/vcpkg/pkgs/boost-msm_x64-windows/include/boost/msm/mpl_graph/depth_first_search.hpp
-- Installing: D:/TelegramBot/vcpkg_installed/vcpkg/pkgs/boost-msm_x64-windows/include/boost/msm/mpl_graph/detail
-- Installing: D:/TelegramBot/vcpkg_installed/vcpkg/pkgs/boost-msm_x64-windows/include/boost/msm/mpl_graph/detail/adjacency_list_graph.ipp
-- Installing: D:/TelegramBot/vcpkg_installed/vcpkg/pkgs/boost-msm_x64-windows/include/boost/msm/mpl_graph/detail/graph_implementation_interface.ipp
-- Installing: D:/TelegramBot/vcpkg_installed/vcpkg/pkgs/boost-msm_x64-windows/include/boost/msm/mpl_graph/detail/incidence_list_graph.ipp
-- Installing: D:/TelegramBot/vcpkg_installed/vcpkg/pkgs/boost-msm_x64-windows/include/boost/msm/mpl_graph/incidence_list_graph.hpp
-- Installing: D:/TelegramBot/vcpkg_installed/vcpkg/pkgs/boost-msm_x64-windows/include/boost/msm/mpl_graph/mpl_graph.hpp
-- Installing: D:/TelegramBot/vcpkg_installed/vcpkg/pkgs/boost-msm_x64-windows/include/boost/msm/mpl_graph/mpl_utils.hpp
-- Installing: D:/TelegramBot/vcpkg_installed/vcpkg/pkgs/boost-msm_x64-windows/include/boost/msm/mpl_graph/search_colors.hpp
-- Installing: D:/TelegramBot/vcpkg_installed/vcpkg/pkgs/boost-msm_x64-windows/include/boost/msm/msm_grammar.hpp
-- Installing: D:/TelegramBot/vcpkg_installed/vcpkg/pkgs/boost-msm_x64-windows/include/boost/msm/proto_config.hpp
-- Installing: D:/TelegramBot/vcpkg_installed/vcpkg/pkgs/boost-msm_x64-windows/include/boost/msm/row_tags.hpp
-- Installing: D:/TelegramBot/vcpkg_installed/vcpkg/pkgs/boost-msm_x64-windows/lib/cmake/boost_msm-1.86.0/boost_msm-targets.cmake
-- Installing: D:/TelegramBot/vcpkg_installed/vcpkg/pkgs/boost-msm_x64-windows/lib/cmake/boost_msm-1.86.0/boost_msm-config.cmake
-- Installing: D:/TelegramBot/vcpkg_installed/vcpkg/pkgs/boost-msm_x64-windows/lib/cmake/boost_msm-1.86.0/boost_msm-config-version.cmake

