Change Dir: 'D:/TelegramBot/vcpkg_installed/vcpkg/blds/boost-charconv/x64-windows-dbg'

Run Build Command(s): "C:/Program Files/Microsoft Visual Studio/2022/Community/Common7/IDE/CommonExtensions/Microsoft/CMake/Ninja/ninja.exe" -v -v -j9 install
[1/4] C:\PROGRA~1\MICROS~1\2022\COMMUN~1\VC\Tools\MSVC\1444~1.352\bin\Hostx64\x64\cl.exe   /TP -DBOOST_CHARCONV_DYN_LINK -DBOOST_CHARCONV_NO_LIB -DBOOST_CHARCONV_NO_QUADMATH -DBOOST_CHARCONV_SOURCE -Dboost_charconv_EXPORTS -ID:\TelegramBot\vcpkg_installed\vcpkg\blds\boost-charconv\src\ost-1.86.0-180f586f02.clean\libs\charconv\include -external:ID:\TelegramBot\vcpkg_installed\x64-windows\include -external:W0 /nologo /DWIN32 /D_WINDOWS /utf-8 /GR /EHsc /MP  /MDd /Z7 /Ob0 /Od /RTC1  -MDd /showIncludes /Folibs\charconv\CMakeFiles\boost_charconv.dir\src\from_chars.cpp.obj /Fdlibs\charconv\CMakeFiles\boost_charconv.dir\ /FS -c D:\TelegramBot\vcpkg_installed\vcpkg\blds\boost-charconv\src\ost-1.86.0-180f586f02.clean\libs\charconv\src\from_chars.cpp
[2/4] C:\PROGRA~1\MICROS~1\2022\COMMUN~1\VC\Tools\MSVC\1444~1.352\bin\Hostx64\x64\cl.exe   /TP -DBOOST_CHARCONV_DYN_LINK -DBOOST_CHARCONV_NO_LIB -DBOOST_CHARCONV_NO_QUADMATH -DBOOST_CHARCONV_SOURCE -Dboost_charconv_EXPORTS -ID:\TelegramBot\vcpkg_installed\vcpkg\blds\boost-charconv\src\ost-1.86.0-180f586f02.clean\libs\charconv\include -external:ID:\TelegramBot\vcpkg_installed\x64-windows\include -external:W0 /nologo /DWIN32 /D_WINDOWS /utf-8 /GR /EHsc /MP  /MDd /Z7 /Ob0 /Od /RTC1  -MDd /showIncludes /Folibs\charconv\CMakeFiles\boost_charconv.dir\src\to_chars.cpp.obj /Fdlibs\charconv\CMakeFiles\boost_charconv.dir\ /FS -c D:\TelegramBot\vcpkg_installed\vcpkg\blds\boost-charconv\src\ost-1.86.0-180f586f02.clean\libs\charconv\src\to_chars.cpp
[3/4] C:\WINDOWS\system32\cmd.exe /C "cd . && D:\Software\cmake-4.2.1-windows-x86_64\bin\cmake.exe -E vs_link_dll --msvc-ver=1944 --intdir=libs\charconv\CMakeFiles\boost_charconv.dir --rc=C:\PROGRA~2\WI3CF2~1\10\bin\100261~1.0\x64\rc.exe --mt=C:\PROGRA~2\WI3CF2~1\10\bin\100261~1.0\x64\mt.exe --manifests  -- C:\PROGRA~1\MICROS~1\2022\COMMUN~1\VC\Tools\MSVC\1444~1.352\bin\Hostx64\x64\link.exe  libs\charconv\CMakeFiles\boost_charconv.dir\src\from_chars.cpp.obj libs\charconv\CMakeFiles\boost_charconv.dir\src\to_chars.cpp.obj  /out:stage\bin\boost_charconv-vc143-mt-gd-x64-1_86.dll /implib:stage\lib\boost_charconv-vc143-mt-gd-x64-1_86.lib /pdb:stage\bin\boost_charconv-vc143-mt-gd-x64-1_86.pdb /dll /version:1.86 /machine:x64 /nologo    /debug /INCREMENTAL  kernel32.lib user32.lib gdi32.lib winspool.lib shell32.lib ole32.lib oleaut32.lib uuid.lib comdlg32.lib advapi32.lib && cd ."
[3/4] C:\WINDOWS\system32\cmd.exe /C "cd /D D:\TelegramBot\vcpkg_installed\vcpkg\blds\boost-charconv\x64-windows-dbg && D:\Software\cmake-4.2.1-windows-x86_64\bin\cmake.exe -P cmake_install.cmake"
-- Install configuration: "Debug"
-- Installing: D:/TelegramBot/vcpkg_installed/vcpkg/pkgs/boost-charconv_x64-windows/debug/include
-- Installing: D:/TelegramBot/vcpkg_installed/vcpkg/pkgs/boost-charconv_x64-windows/debug/include/boost
-- Installing: D:/TelegramBot/vcpkg_installed/vcpkg/pkgs/boost-charconv_x64-windows/debug/include/boost/charconv
-- Installing: D:/TelegramBot/vcpkg_installed/vcpkg/pkgs/boost-charconv_x64-windows/debug/include/boost/charconv/chars_format.hpp
-- Installing: D:/TelegramBot/vcpkg_installed/vcpkg/pkgs/boost-charconv_x64-windows/debug/include/boost/charconv/config.hpp
-- Installing: D:/TelegramBot/vcpkg_installed/vcpkg/pkgs/boost-charconv_x64-windows/debug/include/boost/charconv/detail
-- Installing: D:/TelegramBot/vcpkg_installed/vcpkg/pkgs/boost-charconv_x64-windows/debug/include/boost/charconv/detail/apply_sign.hpp
-- Installing: D:/TelegramBot/vcpkg_installed/vcpkg/pkgs/boost-charconv_x64-windows/debug/include/boost/charconv/detail/bit_layouts.hpp
-- Installing: D:/TelegramBot/vcpkg_installed/vcpkg/pkgs/boost-charconv_x64-windows/debug/include/boost/charconv/detail/buffer_sizing.hpp
-- Installing: D:/TelegramBot/vcpkg_installed/vcpkg/pkgs/boost-charconv_x64-windows/debug/include/boost/charconv/detail/compute_float32.hpp
-- Installing: D:/TelegramBot/vcpkg_installed/vcpkg/pkgs/boost-charconv_x64-windows/debug/include/boost/charconv/detail/compute_float64.hpp
-- Installing: D:/TelegramBot/vcpkg_installed/vcpkg/pkgs/boost-charconv_x64-windows/debug/include/boost/charconv/detail/compute_float80.hpp
-- Installing: D:/TelegramBot/vcpkg_installed/vcpkg/pkgs/boost-charconv_x64-windows/debug/include/boost/charconv/detail/config.hpp
-- Installing: D:/TelegramBot/vcpkg_installed/vcpkg/pkgs/boost-charconv_x64-windows/debug/include/boost/charconv/detail/dragonbox
-- Installing: D:/TelegramBot/vcpkg_installed/vcpkg/pkgs/boost-charconv_x64-windows/debug/include/boost/charconv/detail/dragonbox/dragonbox.hpp
-- Installing: D:/TelegramBot/vcpkg_installed/vcpkg/pkgs/boost-charconv_x64-windows/debug/include/boost/charconv/detail/dragonbox/dragonbox_common.hpp
-- Installing: D:/TelegramBot/vcpkg_installed/vcpkg/pkgs/boost-charconv_x64-windows/debug/include/boost/charconv/detail/dragonbox/floff.hpp
-- Installing: D:/TelegramBot/vcpkg_installed/vcpkg/pkgs/boost-charconv_x64-windows/debug/include/boost/charconv/detail/emulated128.hpp
-- Installing: D:/TelegramBot/vcpkg_installed/vcpkg/pkgs/boost-charconv_x64-windows/debug/include/boost/charconv/detail/fallback_routines.hpp
-- Installing: D:/TelegramBot/vcpkg_installed/vcpkg/pkgs/boost-charconv_x64-windows/debug/include/boost/charconv/detail/fast_float
-- Installing: D:/TelegramBot/vcpkg_installed/vcpkg/pkgs/boost-charconv_x64-windows/debug/include/boost/charconv/detail/fast_float/ascii_number.hpp
-- Installing: D:/TelegramBot/vcpkg_installed/vcpkg/pkgs/boost-charconv_x64-windows/debug/include/boost/charconv/detail/fast_float/bigint.hpp
-- Installing: D:/TelegramBot/vcpkg_installed/vcpkg/pkgs/boost-charconv_x64-windows/debug/include/boost/charconv/detail/fast_float/constexpr_feature_detect.hpp
-- Installing: D:/TelegramBot/vcpkg_installed/vcpkg/pkgs/boost-charconv_x64-windows/debug/include/boost/charconv/detail/fast_float/decimal_to_binary.hpp
-- Installing: D:/TelegramBot/vcpkg_installed/vcpkg/pkgs/boost-charconv_x64-windows/debug/include/boost/charconv/detail/fast_float/digit_comparison.hpp
-- Installing: D:/TelegramBot/vcpkg_installed/vcpkg/pkgs/boost-charconv_x64-windows/debug/include/boost/charconv/detail/fast_float/fast_float.hpp
-- Installing: D:/TelegramBot/vcpkg_installed/vcpkg/pkgs/boost-charconv_x64-windows/debug/include/boost/charconv/detail/fast_float/fast_table.hpp
-- Installing: D:/TelegramBot/vcpkg_installed/vcpkg/pkgs/boost-charconv_x64-windows/debug/include/boost/charconv/detail/fast_float/float_common.hpp
-- Installing: D:/TelegramBot/vcpkg_installed/vcpkg/pkgs/boost-charconv_x64-windows/debug/include/boost/charconv/detail/fast_float/parse_number.hpp
-- Installing: D:/TelegramBot/vcpkg_installed/vcpkg/pkgs/boost-charconv_x64-windows/debug/include/boost/charconv/detail/from_chars_integer_impl.hpp
-- Installing: D:/TelegramBot/vcpkg_installed/vcpkg/pkgs/boost-charconv_x64-windows/debug/include/boost/charconv/detail/from_chars_result.hpp
-- Installing: D:/TelegramBot/vcpkg_installed/vcpkg/pkgs/boost-charconv_x64-windows/debug/include/boost/charconv/detail/integer_search_trees.hpp
-- Installing: D:/TelegramBot/vcpkg_installed/vcpkg/pkgs/boost-charconv_x64-windows/debug/include/boost/charconv/detail/issignaling.hpp
-- Installing: D:/TelegramBot/vcpkg_installed/vcpkg/pkgs/boost-charconv_x64-windows/debug/include/boost/charconv/detail/memcpy.hpp
-- Installing: D:/TelegramBot/vcpkg_installed/vcpkg/pkgs/boost-charconv_x64-windows/debug/include/boost/charconv/detail/parser.hpp
-- Installing: D:/TelegramBot/vcpkg_installed/vcpkg/pkgs/boost-charconv_x64-windows/debug/include/boost/charconv/detail/ryu
-- Installing: D:/TelegramBot/vcpkg_installed/vcpkg/pkgs/boost-charconv_x64-windows/debug/include/boost/charconv/detail/ryu/generic_128.hpp
-- Installing: D:/TelegramBot/vcpkg_installed/vcpkg/pkgs/boost-charconv_x64-windows/debug/include/boost/charconv/detail/ryu/ryu_generic_128.hpp
-- Installing: D:/TelegramBot/vcpkg_installed/vcpkg/pkgs/boost-charconv_x64-windows/debug/include/boost/charconv/detail/significand_tables.hpp
-- Installing: D:/TelegramBot/vcpkg_installed/vcpkg/pkgs/boost-charconv_x64-windows/debug/include/boost/charconv/detail/to_chars_integer_impl.hpp
-- Installing: D:/TelegramBot/vcpkg_installed/vcpkg/pkgs/boost-charconv_x64-windows/debug/include/boost/charconv/detail/to_chars_result.hpp
-- Installing: D:/TelegramBot/vcpkg_installed/vcpkg/pkgs/boost-charconv_x64-windows/debug/include/boost/charconv/detail/type_traits.hpp
-- Installing: D:/TelegramBot/vcpkg_installed/vcpkg/pkgs/boost-charconv_x64-windows/debug/include/boost/charconv/from_chars.hpp
-- Installing: D:/TelegramBot/vcpkg_installed/vcpkg/pkgs/boost-charconv_x64-windows/debug/include/boost/charconv/limits.hpp
-- Installing: D:/TelegramBot/vcpkg_installed/vcpkg/pkgs/boost-charconv_x64-windows/debug/include/boost/charconv/to_chars.hpp
-- Installing: D:/TelegramBot/vcpkg_installed/vcpkg/pkgs/boost-charconv_x64-windows/debug/include/boost/charconv.hpp
-- Installing: D:/TelegramBot/vcpkg_installed/vcpkg/pkgs/boost-charconv_x64-windows/debug/lib/boost_charconv-vc143-mt-gd-x64-1_86.lib
-- Installing: D:/TelegramBot/vcpkg_installed/vcpkg/pkgs/boost-charconv_x64-windows/debug/bin/boost_charconv-vc143-mt-gd-x64-1_86.dll
-- Installing: D:/TelegramBot/vcpkg_installed/vcpkg/pkgs/boost-charconv_x64-windows/debug/bin/boost_charconv-vc143-mt-gd-x64-1_86.pdb
-- Installing: D:/TelegramBot/vcpkg_installed/vcpkg/pkgs/boost-charconv_x64-windows/debug/lib/cmake/boost_charconv-1.86.0/boost_charconv-targets.cmake
-- Installing: D:/TelegramBot/vcpkg_installed/vcpkg/pkgs/boost-charconv_x64-windows/debug/lib/cmake/boost_charconv-1.86.0/boost_charconv-targets-debug.cmake
-- Installing: D:/TelegramBot/vcpkg_installed/vcpkg/pkgs/boost-charconv_x64-windows/debug/lib/cmake/boost_charconv-1.86.0/boost_charconv-config.cmake
-- Installing: D:/TelegramBot/vcpkg_installed/vcpkg/pkgs/boost-charconv_x64-windows/debug/lib/cmake/boost_charconv-1.86.0/boost_charconv-config-version.cmake

