Change Dir: 'D:/TelegramBot/vcpkg_installed/vcpkg/blds/boost-compute/x64-windows-rel'

Run Build Command(s): "C:/Program Files/Microsoft Visual Studio/2022/Community/Common7/IDE/CommonExtensions/Microsoft/CMake/Ninja/ninja.exe" -v -v -j9 install
[0/1] C:\WINDOWS\system32\cmd.exe /C "cd /D D:\TelegramBot\vcpkg_installed\vcpkg\blds\boost-compute\x64-windows-rel && D:\Software\cmake-4.2.1-windows-x86_64\bin\cmake.exe -P cmake_install.cmake"
-- Install configuration: "Release"
-- Installing: D:/TelegramBot/vcpkg_installed/vcpkg/pkgs/boost-compute_x64-windows/include
-- Installing: D:/TelegramBot/vcpkg_installed/vcpkg/pkgs/boost-compute_x64-windows/include/boost
-- Installing: D:/TelegramBot/vcpkg_installed/vcpkg/pkgs/boost-compute_x64-windows/include/boost/compute
-- Installing: D:/TelegramBot/vcpkg_installed/vcpkg/pkgs/boost-compute_x64-windows/include/boost/compute/algorithm
-- Installing: D:/TelegramBot/vcpkg_installed/vcpkg/pkgs/boost-compute_x64-windows/include/boost/compute/algorithm/accumulate.hpp
-- Installing: D:/TelegramBot/vcpkg_installed/vcpkg/pkgs/boost-compute_x64-windows/include/boost/compute/algorithm/adjacent_difference.hpp
-- Installing: D:/TelegramBot/vcpkg_installed/vcpkg/pkgs/boost-compute_x64-windows/include/boost/compute/algorithm/adjacent_find.hpp
-- Installing: D:/TelegramBot/vcpkg_installed/vcpkg/pkgs/boost-compute_x64-windows/include/boost/compute/algorithm/all_of.hpp
-- Installing: D:/TelegramBot/vcpkg_installed/vcpkg/pkgs/boost-compute_x64-windows/include/boost/compute/algorithm/any_of.hpp
-- Installing: D:/TelegramBot/vcpkg_installed/vcpkg/pkgs/boost-compute_x64-windows/include/boost/compute/algorithm/binary_search.hpp
-- Installing: D:/TelegramBot/vcpkg_installed/vcpkg/pkgs/boost-compute_x64-windows/include/boost/compute/algorithm/copy.hpp
-- Installing: D:/TelegramBot/vcpkg_installed/vcpkg/pkgs/boost-compute_x64-windows/include/boost/compute/algorithm/copy_if.hpp
-- Installing: D:/TelegramBot/vcpkg_installed/vcpkg/pkgs/boost-compute_x64-windows/include/boost/compute/algorithm/copy_n.hpp
-- Installing: D:/TelegramBot/vcpkg_installed/vcpkg/pkgs/boost-compute_x64-windows/include/boost/compute/algorithm/count.hpp
-- Installing: D:/TelegramBot/vcpkg_installed/vcpkg/pkgs/boost-compute_x64-windows/include/boost/compute/algorithm/count_if.hpp
-- Installing: D:/TelegramBot/vcpkg_installed/vcpkg/pkgs/boost-compute_x64-windows/include/boost/compute/algorithm/detail
-- Installing: D:/TelegramBot/vcpkg_installed/vcpkg/pkgs/boost-compute_x64-windows/include/boost/compute/algorithm/detail/balanced_path.hpp
-- Installing: D:/TelegramBot/vcpkg_installed/vcpkg/pkgs/boost-compute_x64-windows/include/boost/compute/algorithm/detail/binary_find.hpp
-- Installing: D:/TelegramBot/vcpkg_installed/vcpkg/pkgs/boost-compute_x64-windows/include/boost/compute/algorithm/detail/compact.hpp
-- Installing: D:/TelegramBot/vcpkg_installed/vcpkg/pkgs/boost-compute_x64-windows/include/boost/compute/algorithm/detail/copy_on_device.hpp
-- Installing: D:/TelegramBot/vcpkg_installed/vcpkg/pkgs/boost-compute_x64-windows/include/boost/compute/algorithm/detail/copy_to_device.hpp
-- Installing: D:/TelegramBot/vcpkg_installed/vcpkg/pkgs/boost-compute_x64-windows/include/boost/compute/algorithm/detail/copy_to_host.hpp
-- Installing: D:/TelegramBot/vcpkg_installed/vcpkg/pkgs/boost-compute_x64-windows/include/boost/compute/algorithm/detail/count_if_with_ballot.hpp
-- Installing: D:/TelegramBot/vcpkg_installed/vcpkg/pkgs/boost-compute_x64-windows/include/boost/compute/algorithm/detail/count_if_with_reduce.hpp
-- Installing: D:/TelegramBot/vcpkg_installed/vcpkg/pkgs/boost-compute_x64-windows/include/boost/compute/algorithm/detail/count_if_with_threads.hpp
-- Installing: D:/TelegramBot/vcpkg_installed/vcpkg/pkgs/boost-compute_x64-windows/include/boost/compute/algorithm/detail/find_extrema.hpp
-- Installing: D:/TelegramBot/vcpkg_installed/vcpkg/pkgs/boost-compute_x64-windows/include/boost/compute/algorithm/detail/find_extrema_on_cpu.hpp
-- Installing: D:/TelegramBot/vcpkg_installed/vcpkg/pkgs/boost-compute_x64-windows/include/boost/compute/algorithm/detail/find_extrema_with_atomics.hpp
-- Installing: D:/TelegramBot/vcpkg_installed/vcpkg/pkgs/boost-compute_x64-windows/include/boost/compute/algorithm/detail/find_extrema_with_reduce.hpp
-- Installing: D:/TelegramBot/vcpkg_installed/vcpkg/pkgs/boost-compute_x64-windows/include/boost/compute/algorithm/detail/find_if_with_atomics.hpp
-- Installing: D:/TelegramBot/vcpkg_installed/vcpkg/pkgs/boost-compute_x64-windows/include/boost/compute/algorithm/detail/inplace_reduce.hpp
-- Installing: D:/TelegramBot/vcpkg_installed/vcpkg/pkgs/boost-compute_x64-windows/include/boost/compute/algorithm/detail/insertion_sort.hpp
-- Installing: D:/TelegramBot/vcpkg_installed/vcpkg/pkgs/boost-compute_x64-windows/include/boost/compute/algorithm/detail/merge_path.hpp
-- Installing: D:/TelegramBot/vcpkg_installed/vcpkg/pkgs/boost-compute_x64-windows/include/boost/compute/algorithm/detail/merge_sort_on_cpu.hpp
-- Installing: D:/TelegramBot/vcpkg_installed/vcpkg/pkgs/boost-compute_x64-windows/include/boost/compute/algorithm/detail/merge_sort_on_gpu.hpp
-- Installing: D:/TelegramBot/vcpkg_installed/vcpkg/pkgs/boost-compute_x64-windows/include/boost/compute/algorithm/detail/merge_with_merge_path.hpp
-- Installing: D:/TelegramBot/vcpkg_installed/vcpkg/pkgs/boost-compute_x64-windows/include/boost/compute/algorithm/detail/radix_sort.hpp
-- Installing: D:/TelegramBot/vcpkg_installed/vcpkg/pkgs/boost-compute_x64-windows/include/boost/compute/algorithm/detail/random_fill.hpp
-- Installing: D:/TelegramBot/vcpkg_installed/vcpkg/pkgs/boost-compute_x64-windows/include/boost/compute/algorithm/detail/reduce_by_key.hpp
-- Installing: D:/TelegramBot/vcpkg_installed/vcpkg/pkgs/boost-compute_x64-windows/include/boost/compute/algorithm/detail/reduce_by_key_with_scan.hpp
-- Installing: D:/TelegramBot/vcpkg_installed/vcpkg/pkgs/boost-compute_x64-windows/include/boost/compute/algorithm/detail/reduce_on_cpu.hpp
-- Installing: D:/TelegramBot/vcpkg_installed/vcpkg/pkgs/boost-compute_x64-windows/include/boost/compute/algorithm/detail/reduce_on_gpu.hpp
-- Installing: D:/TelegramBot/vcpkg_installed/vcpkg/pkgs/boost-compute_x64-windows/include/boost/compute/algorithm/detail/scan.hpp
-- Installing: D:/TelegramBot/vcpkg_installed/vcpkg/pkgs/boost-compute_x64-windows/include/boost/compute/algorithm/detail/scan_on_cpu.hpp
-- Installing: D:/TelegramBot/vcpkg_installed/vcpkg/pkgs/boost-compute_x64-windows/include/boost/compute/algorithm/detail/scan_on_gpu.hpp
-- Installing: D:/TelegramBot/vcpkg_installed/vcpkg/pkgs/boost-compute_x64-windows/include/boost/compute/algorithm/detail/search_all.hpp
-- Installing: D:/TelegramBot/vcpkg_installed/vcpkg/pkgs/boost-compute_x64-windows/include/boost/compute/algorithm/detail/serial_accumulate.hpp
-- Installing: D:/TelegramBot/vcpkg_installed/vcpkg/pkgs/boost-compute_x64-windows/include/boost/compute/algorithm/detail/serial_count_if.hpp
-- Installing: D:/TelegramBot/vcpkg_installed/vcpkg/pkgs/boost-compute_x64-windows/include/boost/compute/algorithm/detail/serial_find_extrema.hpp
-- Installing: D:/TelegramBot/vcpkg_installed/vcpkg/pkgs/boost-compute_x64-windows/include/boost/compute/algorithm/detail/serial_merge.hpp
-- Installing: D:/TelegramBot/vcpkg_installed/vcpkg/pkgs/boost-compute_x64-windows/include/boost/compute/algorithm/detail/serial_reduce.hpp
-- Installing: D:/TelegramBot/vcpkg_installed/vcpkg/pkgs/boost-compute_x64-windows/include/boost/compute/algorithm/detail/serial_reduce_by_key.hpp
-- Installing: D:/TelegramBot/vcpkg_installed/vcpkg/pkgs/boost-compute_x64-windows/include/boost/compute/algorithm/detail/serial_scan.hpp
-- Installing: D:/TelegramBot/vcpkg_installed/vcpkg/pkgs/boost-compute_x64-windows/include/boost/compute/algorithm/equal.hpp
-- Installing: D:/TelegramBot/vcpkg_installed/vcpkg/pkgs/boost-compute_x64-windows/include/boost/compute/algorithm/equal_range.hpp
-- Installing: D:/TelegramBot/vcpkg_installed/vcpkg/pkgs/boost-compute_x64-windows/include/boost/compute/algorithm/exclusive_scan.hpp
-- Installing: D:/TelegramBot/vcpkg_installed/vcpkg/pkgs/boost-compute_x64-windows/include/boost/compute/algorithm/fill.hpp
-- Installing: D:/TelegramBot/vcpkg_installed/vcpkg/pkgs/boost-compute_x64-windows/include/boost/compute/algorithm/fill_n.hpp
-- Installing: D:/TelegramBot/vcpkg_installed/vcpkg/pkgs/boost-compute_x64-windows/include/boost/compute/algorithm/find.hpp
-- Installing: D:/TelegramBot/vcpkg_installed/vcpkg/pkgs/boost-compute_x64-windows/include/boost/compute/algorithm/find_end.hpp
-- Installing: D:/TelegramBot/vcpkg_installed/vcpkg/pkgs/boost-compute_x64-windows/include/boost/compute/algorithm/find_if.hpp
-- Installing: D:/TelegramBot/vcpkg_installed/vcpkg/pkgs/boost-compute_x64-windows/include/boost/compute/algorithm/find_if_not.hpp
-- Installing: D:/TelegramBot/vcpkg_installed/vcpkg/pkgs/boost-compute_x64-windows/include/boost/compute/algorithm/for_each.hpp
-- Installing: D:/TelegramBot/vcpkg_installed/vcpkg/pkgs/boost-compute_x64-windows/include/boost/compute/algorithm/for_each_n.hpp
-- Installing: D:/TelegramBot/vcpkg_installed/vcpkg/pkgs/boost-compute_x64-windows/include/boost/compute/algorithm/gather.hpp
-- Installing: D:/TelegramBot/vcpkg_installed/vcpkg/pkgs/boost-compute_x64-windows/include/boost/compute/algorithm/generate.hpp
-- Installing: D:/TelegramBot/vcpkg_installed/vcpkg/pkgs/boost-compute_x64-windows/include/boost/compute/algorithm/generate_n.hpp
-- Installing: D:/TelegramBot/vcpkg_installed/vcpkg/pkgs/boost-compute_x64-windows/include/boost/compute/algorithm/includes.hpp
-- Installing: D:/TelegramBot/vcpkg_installed/vcpkg/pkgs/boost-compute_x64-windows/include/boost/compute/algorithm/inclusive_scan.hpp
-- Installing: D:/TelegramBot/vcpkg_installed/vcpkg/pkgs/boost-compute_x64-windows/include/boost/compute/algorithm/inner_product.hpp
-- Installing: D:/TelegramBot/vcpkg_installed/vcpkg/pkgs/boost-compute_x64-windows/include/boost/compute/algorithm/inplace_merge.hpp
-- Installing: D:/TelegramBot/vcpkg_installed/vcpkg/pkgs/boost-compute_x64-windows/include/boost/compute/algorithm/iota.hpp
-- Installing: D:/TelegramBot/vcpkg_installed/vcpkg/pkgs/boost-compute_x64-windows/include/boost/compute/algorithm/is_partitioned.hpp
-- Installing: D:/TelegramBot/vcpkg_installed/vcpkg/pkgs/boost-compute_x64-windows/include/boost/compute/algorithm/is_permutation.hpp
-- Installing: D:/TelegramBot/vcpkg_installed/vcpkg/pkgs/boost-compute_x64-windows/include/boost/compute/algorithm/is_sorted.hpp
-- Installing: D:/TelegramBot/vcpkg_installed/vcpkg/pkgs/boost-compute_x64-windows/include/boost/compute/algorithm/lexicographical_compare.hpp
-- Installing: D:/TelegramBot/vcpkg_installed/vcpkg/pkgs/boost-compute_x64-windows/include/boost/compute/algorithm/lower_bound.hpp
-- Installing: D:/TelegramBot/vcpkg_installed/vcpkg/pkgs/boost-compute_x64-windows/include/boost/compute/algorithm/max_element.hpp
-- Installing: D:/TelegramBot/vcpkg_installed/vcpkg/pkgs/boost-compute_x64-windows/include/boost/compute/algorithm/merge.hpp
-- Installing: D:/TelegramBot/vcpkg_installed/vcpkg/pkgs/boost-compute_x64-windows/include/boost/compute/algorithm/minmax_element.hpp
-- Installing: D:/TelegramBot/vcpkg_installed/vcpkg/pkgs/boost-compute_x64-windows/include/boost/compute/algorithm/min_element.hpp
-- Installing: D:/TelegramBot/vcpkg_installed/vcpkg/pkgs/boost-compute_x64-windows/include/boost/compute/algorithm/mismatch.hpp
-- Installing: D:/TelegramBot/vcpkg_installed/vcpkg/pkgs/boost-compute_x64-windows/include/boost/compute/algorithm/next_permutation.hpp
-- Installing: D:/TelegramBot/vcpkg_installed/vcpkg/pkgs/boost-compute_x64-windows/include/boost/compute/algorithm/none_of.hpp
-- Installing: D:/TelegramBot/vcpkg_installed/vcpkg/pkgs/boost-compute_x64-windows/include/boost/compute/algorithm/nth_element.hpp
-- Installing: D:/TelegramBot/vcpkg_installed/vcpkg/pkgs/boost-compute_x64-windows/include/boost/compute/algorithm/partial_sum.hpp
-- Installing: D:/TelegramBot/vcpkg_installed/vcpkg/pkgs/boost-compute_x64-windows/include/boost/compute/algorithm/partition.hpp
-- Installing: D:/TelegramBot/vcpkg_installed/vcpkg/pkgs/boost-compute_x64-windows/include/boost/compute/algorithm/partition_copy.hpp
-- Installing: D:/TelegramBot/vcpkg_installed/vcpkg/pkgs/boost-compute_x64-windows/include/boost/compute/algorithm/partition_point.hpp
-- Installing: D:/TelegramBot/vcpkg_installed/vcpkg/pkgs/boost-compute_x64-windows/include/boost/compute/algorithm/prev_permutation.hpp
-- Installing: D:/TelegramBot/vcpkg_installed/vcpkg/pkgs/boost-compute_x64-windows/include/boost/compute/algorithm/random_shuffle.hpp
-- Installing: D:/TelegramBot/vcpkg_installed/vcpkg/pkgs/boost-compute_x64-windows/include/boost/compute/algorithm/reduce.hpp
-- Installing: D:/TelegramBot/vcpkg_installed/vcpkg/pkgs/boost-compute_x64-windows/include/boost/compute/algorithm/reduce_by_key.hpp
-- Installing: D:/TelegramBot/vcpkg_installed/vcpkg/pkgs/boost-compute_x64-windows/include/boost/compute/algorithm/remove.hpp
-- Installing: D:/TelegramBot/vcpkg_installed/vcpkg/pkgs/boost-compute_x64-windows/include/boost/compute/algorithm/remove_if.hpp
-- Installing: D:/TelegramBot/vcpkg_installed/vcpkg/pkgs/boost-compute_x64-windows/include/boost/compute/algorithm/replace.hpp
-- Installing: D:/TelegramBot/vcpkg_installed/vcpkg/pkgs/boost-compute_x64-windows/include/boost/compute/algorithm/replace_copy.hpp
-- Installing: D:/TelegramBot/vcpkg_installed/vcpkg/pkgs/boost-compute_x64-windows/include/boost/compute/algorithm/reverse.hpp
-- Installing: D:/TelegramBot/vcpkg_installed/vcpkg/pkgs/boost-compute_x64-windows/include/boost/compute/algorithm/reverse_copy.hpp
-- Installing: D:/TelegramBot/vcpkg_installed/vcpkg/pkgs/boost-compute_x64-windows/include/boost/compute/algorithm/rotate.hpp
-- Installing: D:/TelegramBot/vcpkg_installed/vcpkg/pkgs/boost-compute_x64-windows/include/boost/compute/algorithm/rotate_copy.hpp
-- Installing: D:/TelegramBot/vcpkg_installed/vcpkg/pkgs/boost-compute_x64-windows/include/boost/compute/algorithm/scatter.hpp
-- Installing: D:/TelegramBot/vcpkg_installed/vcpkg/pkgs/boost-compute_x64-windows/include/boost/compute/algorithm/scatter_if.hpp
-- Installing: D:/TelegramBot/vcpkg_installed/vcpkg/pkgs/boost-compute_x64-windows/include/boost/compute/algorithm/search.hpp
-- Installing: D:/TelegramBot/vcpkg_installed/vcpkg/pkgs/boost-compute_x64-windows/include/boost/compute/algorithm/search_n.hpp
-- Installing: D:/TelegramBot/vcpkg_installed/vcpkg/pkgs/boost-compute_x64-windows/include/boost/compute/algorithm/set_difference.hpp
-- Installing: D:/TelegramBot/vcpkg_installed/vcpkg/pkgs/boost-compute_x64-windows/include/boost/compute/algorithm/set_intersection.hpp
-- Installing: D:/TelegramBot/vcpkg_installed/vcpkg/pkgs/boost-compute_x64-windows/include/boost/compute/algorithm/set_symmetric_difference.hpp
-- Installing: D:/TelegramBot/vcpkg_installed/vcpkg/pkgs/boost-compute_x64-windows/include/boost/compute/algorithm/set_union.hpp
-- Installing: D:/TelegramBot/vcpkg_installed/vcpkg/pkgs/boost-compute_x64-windows/include/boost/compute/algorithm/sort.hpp
-- Installing: D:/TelegramBot/vcpkg_installed/vcpkg/pkgs/boost-compute_x64-windows/include/boost/compute/algorithm/sort_by_key.hpp
-- Installing: D:/TelegramBot/vcpkg_installed/vcpkg/pkgs/boost-compute_x64-windows/include/boost/compute/algorithm/stable_partition.hpp
-- Installing: D:/TelegramBot/vcpkg_installed/vcpkg/pkgs/boost-compute_x64-windows/include/boost/compute/algorithm/stable_sort.hpp
-- Installing: D:/TelegramBot/vcpkg_installed/vcpkg/pkgs/boost-compute_x64-windows/include/boost/compute/algorithm/stable_sort_by_key.hpp
-- Installing: D:/TelegramBot/vcpkg_installed/vcpkg/pkgs/boost-compute_x64-windows/include/boost/compute/algorithm/swap_ranges.hpp
-- Installing: D:/TelegramBot/vcpkg_installed/vcpkg/pkgs/boost-compute_x64-windows/include/boost/compute/algorithm/transform.hpp
-- Installing: D:/TelegramBot/vcpkg_installed/vcpkg/pkgs/boost-compute_x64-windows/include/boost/compute/algorithm/transform_if.hpp
-- Installing: D:/TelegramBot/vcpkg_installed/vcpkg/pkgs/boost-compute_x64-windows/include/boost/compute/algorithm/transform_reduce.hpp
-- Installing: D:/TelegramBot/vcpkg_installed/vcpkg/pkgs/boost-compute_x64-windows/include/boost/compute/algorithm/unique.hpp
-- Installing: D:/TelegramBot/vcpkg_installed/vcpkg/pkgs/boost-compute_x64-windows/include/boost/compute/algorithm/unique_copy.hpp
-- Installing: D:/TelegramBot/vcpkg_installed/vcpkg/pkgs/boost-compute_x64-windows/include/boost/compute/algorithm/upper_bound.hpp
-- Installing: D:/TelegramBot/vcpkg_installed/vcpkg/pkgs/boost-compute_x64-windows/include/boost/compute/algorithm.hpp
-- Installing: D:/TelegramBot/vcpkg_installed/vcpkg/pkgs/boost-compute_x64-windows/include/boost/compute/allocator
-- Installing: D:/TelegramBot/vcpkg_installed/vcpkg/pkgs/boost-compute_x64-windows/include/boost/compute/allocator/buffer_allocator.hpp
-- Installing: D:/TelegramBot/vcpkg_installed/vcpkg/pkgs/boost-compute_x64-windows/include/boost/compute/allocator/pinned_allocator.hpp
-- Installing: D:/TelegramBot/vcpkg_installed/vcpkg/pkgs/boost-compute_x64-windows/include/boost/compute/allocator.hpp
-- Installing: D:/TelegramBot/vcpkg_installed/vcpkg/pkgs/boost-compute_x64-windows/include/boost/compute/async
-- Installing: D:/TelegramBot/vcpkg_installed/vcpkg/pkgs/boost-compute_x64-windows/include/boost/compute/async/future.hpp
-- Installing: D:/TelegramBot/vcpkg_installed/vcpkg/pkgs/boost-compute_x64-windows/include/boost/compute/async/wait.hpp
-- Installing: D:/TelegramBot/vcpkg_installed/vcpkg/pkgs/boost-compute_x64-windows/include/boost/compute/async/wait_guard.hpp
-- Installing: D:/TelegramBot/vcpkg_installed/vcpkg/pkgs/boost-compute_x64-windows/include/boost/compute/async.hpp
-- Installing: D:/TelegramBot/vcpkg_installed/vcpkg/pkgs/boost-compute_x64-windows/include/boost/compute/buffer.hpp
-- Installing: D:/TelegramBot/vcpkg_installed/vcpkg/pkgs/boost-compute_x64-windows/include/boost/compute/cl.hpp
-- Installing: D:/TelegramBot/vcpkg_installed/vcpkg/pkgs/boost-compute_x64-windows/include/boost/compute/closure.hpp
-- Installing: D:/TelegramBot/vcpkg_installed/vcpkg/pkgs/boost-compute_x64-windows/include/boost/compute/cl_ext.hpp
-- Installing: D:/TelegramBot/vcpkg_installed/vcpkg/pkgs/boost-compute_x64-windows/include/boost/compute/command_queue.hpp
-- Installing: D:/TelegramBot/vcpkg_installed/vcpkg/pkgs/boost-compute_x64-windows/include/boost/compute/config.hpp
-- Installing: D:/TelegramBot/vcpkg_installed/vcpkg/pkgs/boost-compute_x64-windows/include/boost/compute/container
-- Installing: D:/TelegramBot/vcpkg_installed/vcpkg/pkgs/boost-compute_x64-windows/include/boost/compute/container/array.hpp
-- Installing: D:/TelegramBot/vcpkg_installed/vcpkg/pkgs/boost-compute_x64-windows/include/boost/compute/container/basic_string.hpp
-- Installing: D:/TelegramBot/vcpkg_installed/vcpkg/pkgs/boost-compute_x64-windows/include/boost/compute/container/detail
-- Installing: D:/TelegramBot/vcpkg_installed/vcpkg/pkgs/boost-compute_x64-windows/include/boost/compute/container/detail/scalar.hpp
-- Installing: D:/TelegramBot/vcpkg_installed/vcpkg/pkgs/boost-compute_x64-windows/include/boost/compute/container/dynamic_bitset.hpp
-- Installing: D:/TelegramBot/vcpkg_installed/vcpkg/pkgs/boost-compute_x64-windows/include/boost/compute/container/flat_map.hpp
-- Installing: D:/TelegramBot/vcpkg_installed/vcpkg/pkgs/boost-compute_x64-windows/include/boost/compute/container/flat_set.hpp
-- Installing: D:/TelegramBot/vcpkg_installed/vcpkg/pkgs/boost-compute_x64-windows/include/boost/compute/container/mapped_view.hpp
-- Installing: D:/TelegramBot/vcpkg_installed/vcpkg/pkgs/boost-compute_x64-windows/include/boost/compute/container/stack.hpp
-- Installing: D:/TelegramBot/vcpkg_installed/vcpkg/pkgs/boost-compute_x64-windows/include/boost/compute/container/string.hpp
-- Installing: D:/TelegramBot/vcpkg_installed/vcpkg/pkgs/boost-compute_x64-windows/include/boost/compute/container/valarray.hpp
-- Installing: D:/TelegramBot/vcpkg_installed/vcpkg/pkgs/boost-compute_x64-windows/include/boost/compute/container/vector.hpp
-- Installing: D:/TelegramBot/vcpkg_installed/vcpkg/pkgs/boost-compute_x64-windows/include/boost/compute/container.hpp
-- Installing: D:/TelegramBot/vcpkg_installed/vcpkg/pkgs/boost-compute_x64-windows/include/boost/compute/context.hpp
-- Installing: D:/TelegramBot/vcpkg_installed/vcpkg/pkgs/boost-compute_x64-windows/include/boost/compute/core.hpp
-- Installing: D:/TelegramBot/vcpkg_installed/vcpkg/pkgs/boost-compute_x64-windows/include/boost/compute/detail
-- Installing: D:/TelegramBot/vcpkg_installed/vcpkg/pkgs/boost-compute_x64-windows/include/boost/compute/detail/assert_cl_success.hpp
-- Installing: D:/TelegramBot/vcpkg_installed/vcpkg/pkgs/boost-compute_x64-windows/include/boost/compute/detail/buffer_value.hpp
-- Installing: D:/TelegramBot/vcpkg_installed/vcpkg/pkgs/boost-compute_x64-windows/include/boost/compute/detail/cl_versions.hpp
-- Installing: D:/TelegramBot/vcpkg_installed/vcpkg/pkgs/boost-compute_x64-windows/include/boost/compute/detail/device_ptr.hpp
-- Installing: D:/TelegramBot/vcpkg_installed/vcpkg/pkgs/boost-compute_x64-windows/include/boost/compute/detail/diagnostic.hpp
-- Installing: D:/TelegramBot/vcpkg_installed/vcpkg/pkgs/boost-compute_x64-windows/include/boost/compute/detail/duration.hpp
-- Installing: D:/TelegramBot/vcpkg_installed/vcpkg/pkgs/boost-compute_x64-windows/include/boost/compute/detail/getenv.hpp
-- Installing: D:/TelegramBot/vcpkg_installed/vcpkg/pkgs/boost-compute_x64-windows/include/boost/compute/detail/get_object_info.hpp
-- Installing: D:/TelegramBot/vcpkg_installed/vcpkg/pkgs/boost-compute_x64-windows/include/boost/compute/detail/global_static.hpp
-- Installing: D:/TelegramBot/vcpkg_installed/vcpkg/pkgs/boost-compute_x64-windows/include/boost/compute/detail/is_buffer_iterator.hpp
-- Installing: D:/TelegramBot/vcpkg_installed/vcpkg/pkgs/boost-compute_x64-windows/include/boost/compute/detail/is_contiguous_iterator.hpp
-- Installing: D:/TelegramBot/vcpkg_installed/vcpkg/pkgs/boost-compute_x64-windows/include/boost/compute/detail/iterator_plus_distance.hpp
-- Installing: D:/TelegramBot/vcpkg_installed/vcpkg/pkgs/boost-compute_x64-windows/include/boost/compute/detail/iterator_range_size.hpp
-- Installing: D:/TelegramBot/vcpkg_installed/vcpkg/pkgs/boost-compute_x64-windows/include/boost/compute/detail/iterator_traits.hpp
-- Installing: D:/TelegramBot/vcpkg_installed/vcpkg/pkgs/boost-compute_x64-windows/include/boost/compute/detail/literal.hpp
-- Installing: D:/TelegramBot/vcpkg_installed/vcpkg/pkgs/boost-compute_x64-windows/include/boost/compute/detail/lru_cache.hpp
-- Installing: D:/TelegramBot/vcpkg_installed/vcpkg/pkgs/boost-compute_x64-windows/include/boost/compute/detail/meta_kernel.hpp
-- Installing: D:/TelegramBot/vcpkg_installed/vcpkg/pkgs/boost-compute_x64-windows/include/boost/compute/detail/mpl_vector_to_tuple.hpp
-- Installing: D:/TelegramBot/vcpkg_installed/vcpkg/pkgs/boost-compute_x64-windows/include/boost/compute/detail/nvidia_compute_capability.hpp
-- Installing: D:/TelegramBot/vcpkg_installed/vcpkg/pkgs/boost-compute_x64-windows/include/boost/compute/detail/parameter_cache.hpp
-- Installing: D:/TelegramBot/vcpkg_installed/vcpkg/pkgs/boost-compute_x64-windows/include/boost/compute/detail/path.hpp
-- Installing: D:/TelegramBot/vcpkg_installed/vcpkg/pkgs/boost-compute_x64-windows/include/boost/compute/detail/print_range.hpp
-- Installing: D:/TelegramBot/vcpkg_installed/vcpkg/pkgs/boost-compute_x64-windows/include/boost/compute/detail/read_write_single_value.hpp
-- Installing: D:/TelegramBot/vcpkg_installed/vcpkg/pkgs/boost-compute_x64-windows/include/boost/compute/detail/sha1.hpp
-- Installing: D:/TelegramBot/vcpkg_installed/vcpkg/pkgs/boost-compute_x64-windows/include/boost/compute/detail/variadic_macros.hpp
-- Installing: D:/TelegramBot/vcpkg_installed/vcpkg/pkgs/boost-compute_x64-windows/include/boost/compute/detail/vendor.hpp
-- Installing: D:/TelegramBot/vcpkg_installed/vcpkg/pkgs/boost-compute_x64-windows/include/boost/compute/detail/work_size.hpp
-- Installing: D:/TelegramBot/vcpkg_installed/vcpkg/pkgs/boost-compute_x64-windows/include/boost/compute/device.hpp
-- Installing: D:/TelegramBot/vcpkg_installed/vcpkg/pkgs/boost-compute_x64-windows/include/boost/compute/event.hpp
-- Installing: D:/TelegramBot/vcpkg_installed/vcpkg/pkgs/boost-compute_x64-windows/include/boost/compute/exception
-- Installing: D:/TelegramBot/vcpkg_installed/vcpkg/pkgs/boost-compute_x64-windows/include/boost/compute/exception/context_error.hpp
-- Installing: D:/TelegramBot/vcpkg_installed/vcpkg/pkgs/boost-compute_x64-windows/include/boost/compute/exception/no_device_found.hpp
-- Installing: D:/TelegramBot/vcpkg_installed/vcpkg/pkgs/boost-compute_x64-windows/include/boost/compute/exception/opencl_error.hpp
-- Installing: D:/TelegramBot/vcpkg_installed/vcpkg/pkgs/boost-compute_x64-windows/include/boost/compute/exception/program_build_failure.hpp
-- Installing: D:/TelegramBot/vcpkg_installed/vcpkg/pkgs/boost-compute_x64-windows/include/boost/compute/exception/unsupported_extension_error.hpp
-- Installing: D:/TelegramBot/vcpkg_installed/vcpkg/pkgs/boost-compute_x64-windows/include/boost/compute/exception.hpp
-- Installing: D:/TelegramBot/vcpkg_installed/vcpkg/pkgs/boost-compute_x64-windows/include/boost/compute/experimental
-- Installing: D:/TelegramBot/vcpkg_installed/vcpkg/pkgs/boost-compute_x64-windows/include/boost/compute/experimental/clamp_range.hpp
-- Installing: D:/TelegramBot/vcpkg_installed/vcpkg/pkgs/boost-compute_x64-windows/include/boost/compute/experimental/malloc.hpp
-- Installing: D:/TelegramBot/vcpkg_installed/vcpkg/pkgs/boost-compute_x64-windows/include/boost/compute/experimental/sort_by_transform.hpp
-- Installing: D:/TelegramBot/vcpkg_installed/vcpkg/pkgs/boost-compute_x64-windows/include/boost/compute/experimental/tabulate.hpp
-- Installing: D:/TelegramBot/vcpkg_installed/vcpkg/pkgs/boost-compute_x64-windows/include/boost/compute/function.hpp
-- Installing: D:/TelegramBot/vcpkg_installed/vcpkg/pkgs/boost-compute_x64-windows/include/boost/compute/functional
-- Installing: D:/TelegramBot/vcpkg_installed/vcpkg/pkgs/boost-compute_x64-windows/include/boost/compute/functional/as.hpp
-- Installing: D:/TelegramBot/vcpkg_installed/vcpkg/pkgs/boost-compute_x64-windows/include/boost/compute/functional/atomic.hpp
-- Installing: D:/TelegramBot/vcpkg_installed/vcpkg/pkgs/boost-compute_x64-windows/include/boost/compute/functional/bind.hpp
-- Installing: D:/TelegramBot/vcpkg_installed/vcpkg/pkgs/boost-compute_x64-windows/include/boost/compute/functional/common.hpp
-- Installing: D:/TelegramBot/vcpkg_installed/vcpkg/pkgs/boost-compute_x64-windows/include/boost/compute/functional/convert.hpp
-- Installing: D:/TelegramBot/vcpkg_installed/vcpkg/pkgs/boost-compute_x64-windows/include/boost/compute/functional/detail
-- Installing: D:/TelegramBot/vcpkg_installed/vcpkg/pkgs/boost-compute_x64-windows/include/boost/compute/functional/detail/macros.hpp
-- Installing: D:/TelegramBot/vcpkg_installed/vcpkg/pkgs/boost-compute_x64-windows/include/boost/compute/functional/detail/nvidia_ballot.hpp
-- Installing: D:/TelegramBot/vcpkg_installed/vcpkg/pkgs/boost-compute_x64-windows/include/boost/compute/functional/detail/nvidia_popcount.hpp
-- Installing: D:/TelegramBot/vcpkg_installed/vcpkg/pkgs/boost-compute_x64-windows/include/boost/compute/functional/detail/unpack.hpp
-- Installing: D:/TelegramBot/vcpkg_installed/vcpkg/pkgs/boost-compute_x64-windows/include/boost/compute/functional/field.hpp
-- Installing: D:/TelegramBot/vcpkg_installed/vcpkg/pkgs/boost-compute_x64-windows/include/boost/compute/functional/geometry.hpp
-- Installing: D:/TelegramBot/vcpkg_installed/vcpkg/pkgs/boost-compute_x64-windows/include/boost/compute/functional/get.hpp
-- Installing: D:/TelegramBot/vcpkg_installed/vcpkg/pkgs/boost-compute_x64-windows/include/boost/compute/functional/hash.hpp
-- Installing: D:/TelegramBot/vcpkg_installed/vcpkg/pkgs/boost-compute_x64-windows/include/boost/compute/functional/identity.hpp
-- Installing: D:/TelegramBot/vcpkg_installed/vcpkg/pkgs/boost-compute_x64-windows/include/boost/compute/functional/integer.hpp
-- Installing: D:/TelegramBot/vcpkg_installed/vcpkg/pkgs/boost-compute_x64-windows/include/boost/compute/functional/logical.hpp
-- Installing: D:/TelegramBot/vcpkg_installed/vcpkg/pkgs/boost-compute_x64-windows/include/boost/compute/functional/math.hpp
-- Installing: D:/TelegramBot/vcpkg_installed/vcpkg/pkgs/boost-compute_x64-windows/include/boost/compute/functional/operator.hpp
-- Installing: D:/TelegramBot/vcpkg_installed/vcpkg/pkgs/boost-compute_x64-windows/include/boost/compute/functional/popcount.hpp
-- Installing: D:/TelegramBot/vcpkg_installed/vcpkg/pkgs/boost-compute_x64-windows/include/boost/compute/functional/relational.hpp
-- Installing: D:/TelegramBot/vcpkg_installed/vcpkg/pkgs/boost-compute_x64-windows/include/boost/compute/functional.hpp
-- Installing: D:/TelegramBot/vcpkg_installed/vcpkg/pkgs/boost-compute_x64-windows/include/boost/compute/image
-- Installing: D:/TelegramBot/vcpkg_installed/vcpkg/pkgs/boost-compute_x64-windows/include/boost/compute/image/image1d.hpp
-- Installing: D:/TelegramBot/vcpkg_installed/vcpkg/pkgs/boost-compute_x64-windows/include/boost/compute/image/image2d.hpp
-- Installing: D:/TelegramBot/vcpkg_installed/vcpkg/pkgs/boost-compute_x64-windows/include/boost/compute/image/image3d.hpp
-- Installing: D:/TelegramBot/vcpkg_installed/vcpkg/pkgs/boost-compute_x64-windows/include/boost/compute/image/image_format.hpp
-- Installing: D:/TelegramBot/vcpkg_installed/vcpkg/pkgs/boost-compute_x64-windows/include/boost/compute/image/image_object.hpp
-- Installing: D:/TelegramBot/vcpkg_installed/vcpkg/pkgs/boost-compute_x64-windows/include/boost/compute/image/image_sampler.hpp
-- Installing: D:/TelegramBot/vcpkg_installed/vcpkg/pkgs/boost-compute_x64-windows/include/boost/compute/image.hpp
-- Installing: D:/TelegramBot/vcpkg_installed/vcpkg/pkgs/boost-compute_x64-windows/include/boost/compute/image2d.hpp
-- Installing: D:/TelegramBot/vcpkg_installed/vcpkg/pkgs/boost-compute_x64-windows/include/boost/compute/image3d.hpp
-- Installing: D:/TelegramBot/vcpkg_installed/vcpkg/pkgs/boost-compute_x64-windows/include/boost/compute/image_format.hpp
-- Installing: D:/TelegramBot/vcpkg_installed/vcpkg/pkgs/boost-compute_x64-windows/include/boost/compute/image_sampler.hpp
-- Installing: D:/TelegramBot/vcpkg_installed/vcpkg/pkgs/boost-compute_x64-windows/include/boost/compute/interop
-- Installing: D:/TelegramBot/vcpkg_installed/vcpkg/pkgs/boost-compute_x64-windows/include/boost/compute/interop/eigen
-- Installing: D:/TelegramBot/vcpkg_installed/vcpkg/pkgs/boost-compute_x64-windows/include/boost/compute/interop/eigen/core.hpp
-- Installing: D:/TelegramBot/vcpkg_installed/vcpkg/pkgs/boost-compute_x64-windows/include/boost/compute/interop/eigen.hpp
-- Installing: D:/TelegramBot/vcpkg_installed/vcpkg/pkgs/boost-compute_x64-windows/include/boost/compute/interop/opencv
-- Installing: D:/TelegramBot/vcpkg_installed/vcpkg/pkgs/boost-compute_x64-windows/include/boost/compute/interop/opencv/core.hpp
-- Installing: D:/TelegramBot/vcpkg_installed/vcpkg/pkgs/boost-compute_x64-windows/include/boost/compute/interop/opencv/highgui.hpp
-- Installing: D:/TelegramBot/vcpkg_installed/vcpkg/pkgs/boost-compute_x64-windows/include/boost/compute/interop/opencv/ocl.hpp
-- Installing: D:/TelegramBot/vcpkg_installed/vcpkg/pkgs/boost-compute_x64-windows/include/boost/compute/interop/opencv.hpp
-- Installing: D:/TelegramBot/vcpkg_installed/vcpkg/pkgs/boost-compute_x64-windows/include/boost/compute/interop/opengl
-- Installing: D:/TelegramBot/vcpkg_installed/vcpkg/pkgs/boost-compute_x64-windows/include/boost/compute/interop/opengl/acquire.hpp
-- Installing: D:/TelegramBot/vcpkg_installed/vcpkg/pkgs/boost-compute_x64-windows/include/boost/compute/interop/opengl/cl_gl.hpp
-- Installing: D:/TelegramBot/vcpkg_installed/vcpkg/pkgs/boost-compute_x64-windows/include/boost/compute/interop/opengl/cl_gl_ext.hpp
-- Installing: D:/TelegramBot/vcpkg_installed/vcpkg/pkgs/boost-compute_x64-windows/include/boost/compute/interop/opengl/context.hpp
-- Installing: D:/TelegramBot/vcpkg_installed/vcpkg/pkgs/boost-compute_x64-windows/include/boost/compute/interop/opengl/gl.hpp
-- Installing: D:/TelegramBot/vcpkg_installed/vcpkg/pkgs/boost-compute_x64-windows/include/boost/compute/interop/opengl/opengl_buffer.hpp
-- Installing: D:/TelegramBot/vcpkg_installed/vcpkg/pkgs/boost-compute_x64-windows/include/boost/compute/interop/opengl/opengl_renderbuffer.hpp
-- Installing: D:/TelegramBot/vcpkg_installed/vcpkg/pkgs/boost-compute_x64-windows/include/boost/compute/interop/opengl/opengl_texture.hpp
-- Installing: D:/TelegramBot/vcpkg_installed/vcpkg/pkgs/boost-compute_x64-windows/include/boost/compute/interop/opengl.hpp
-- Installing: D:/TelegramBot/vcpkg_installed/vcpkg/pkgs/boost-compute_x64-windows/include/boost/compute/interop/qt
-- Installing: D:/TelegramBot/vcpkg_installed/vcpkg/pkgs/boost-compute_x64-windows/include/boost/compute/interop/qt/qimage.hpp
-- Installing: D:/TelegramBot/vcpkg_installed/vcpkg/pkgs/boost-compute_x64-windows/include/boost/compute/interop/qt/qpoint.hpp
-- Installing: D:/TelegramBot/vcpkg_installed/vcpkg/pkgs/boost-compute_x64-windows/include/boost/compute/interop/qt/qpointf.hpp
-- Installing: D:/TelegramBot/vcpkg_installed/vcpkg/pkgs/boost-compute_x64-windows/include/boost/compute/interop/qt/qtcore.hpp
-- Installing: D:/TelegramBot/vcpkg_installed/vcpkg/pkgs/boost-compute_x64-windows/include/boost/compute/interop/qt/qtgui.hpp
-- Installing: D:/TelegramBot/vcpkg_installed/vcpkg/pkgs/boost-compute_x64-windows/include/boost/compute/interop/qt/qvector.hpp
-- Installing: D:/TelegramBot/vcpkg_installed/vcpkg/pkgs/boost-compute_x64-windows/include/boost/compute/interop/qt.hpp
-- Installing: D:/TelegramBot/vcpkg_installed/vcpkg/pkgs/boost-compute_x64-windows/include/boost/compute/interop/vtk
-- Installing: D:/TelegramBot/vcpkg_installed/vcpkg/pkgs/boost-compute_x64-windows/include/boost/compute/interop/vtk/bounds.hpp
-- Installing: D:/TelegramBot/vcpkg_installed/vcpkg/pkgs/boost-compute_x64-windows/include/boost/compute/interop/vtk/data_array.hpp
-- Installing: D:/TelegramBot/vcpkg_installed/vcpkg/pkgs/boost-compute_x64-windows/include/boost/compute/interop/vtk/matrix4x4.hpp
-- Installing: D:/TelegramBot/vcpkg_installed/vcpkg/pkgs/boost-compute_x64-windows/include/boost/compute/interop/vtk/points.hpp
-- Installing: D:/TelegramBot/vcpkg_installed/vcpkg/pkgs/boost-compute_x64-windows/include/boost/compute/interop/vtk.hpp
-- Installing: D:/TelegramBot/vcpkg_installed/vcpkg/pkgs/boost-compute_x64-windows/include/boost/compute/iterator
-- Installing: D:/TelegramBot/vcpkg_installed/vcpkg/pkgs/boost-compute_x64-windows/include/boost/compute/iterator/buffer_iterator.hpp
-- Installing: D:/TelegramBot/vcpkg_installed/vcpkg/pkgs/boost-compute_x64-windows/include/boost/compute/iterator/constant_buffer_iterator.hpp
-- Installing: D:/TelegramBot/vcpkg_installed/vcpkg/pkgs/boost-compute_x64-windows/include/boost/compute/iterator/constant_iterator.hpp
-- Installing: D:/TelegramBot/vcpkg_installed/vcpkg/pkgs/boost-compute_x64-windows/include/boost/compute/iterator/counting_iterator.hpp
-- Installing: D:/TelegramBot/vcpkg_installed/vcpkg/pkgs/boost-compute_x64-windows/include/boost/compute/iterator/detail
-- Installing: D:/TelegramBot/vcpkg_installed/vcpkg/pkgs/boost-compute_x64-windows/include/boost/compute/iterator/detail/get_base_iterator_buffer.hpp
-- Installing: D:/TelegramBot/vcpkg_installed/vcpkg/pkgs/boost-compute_x64-windows/include/boost/compute/iterator/detail/swizzle_iterator.hpp
-- Installing: D:/TelegramBot/vcpkg_installed/vcpkg/pkgs/boost-compute_x64-windows/include/boost/compute/iterator/discard_iterator.hpp
-- Installing: D:/TelegramBot/vcpkg_installed/vcpkg/pkgs/boost-compute_x64-windows/include/boost/compute/iterator/function_input_iterator.hpp
-- Installing: D:/TelegramBot/vcpkg_installed/vcpkg/pkgs/boost-compute_x64-windows/include/boost/compute/iterator/permutation_iterator.hpp
-- Installing: D:/TelegramBot/vcpkg_installed/vcpkg/pkgs/boost-compute_x64-windows/include/boost/compute/iterator/strided_iterator.hpp
-- Installing: D:/TelegramBot/vcpkg_installed/vcpkg/pkgs/boost-compute_x64-windows/include/boost/compute/iterator/transform_iterator.hpp
-- Installing: D:/TelegramBot/vcpkg_installed/vcpkg/pkgs/boost-compute_x64-windows/include/boost/compute/iterator/zip_iterator.hpp
-- Installing: D:/TelegramBot/vcpkg_installed/vcpkg/pkgs/boost-compute_x64-windows/include/boost/compute/iterator.hpp
-- Installing: D:/TelegramBot/vcpkg_installed/vcpkg/pkgs/boost-compute_x64-windows/include/boost/compute/kernel.hpp
-- Installing: D:/TelegramBot/vcpkg_installed/vcpkg/pkgs/boost-compute_x64-windows/include/boost/compute/lambda
-- Installing: D:/TelegramBot/vcpkg_installed/vcpkg/pkgs/boost-compute_x64-windows/include/boost/compute/lambda/context.hpp
-- Installing: D:/TelegramBot/vcpkg_installed/vcpkg/pkgs/boost-compute_x64-windows/include/boost/compute/lambda/functional.hpp
-- Installing: D:/TelegramBot/vcpkg_installed/vcpkg/pkgs/boost-compute_x64-windows/include/boost/compute/lambda/get.hpp
-- Installing: D:/TelegramBot/vcpkg_installed/vcpkg/pkgs/boost-compute_x64-windows/include/boost/compute/lambda/make_pair.hpp
-- Installing: D:/TelegramBot/vcpkg_installed/vcpkg/pkgs/boost-compute_x64-windows/include/boost/compute/lambda/make_tuple.hpp
-- Installing: D:/TelegramBot/vcpkg_installed/vcpkg/pkgs/boost-compute_x64-windows/include/boost/compute/lambda/placeholder.hpp
-- Installing: D:/TelegramBot/vcpkg_installed/vcpkg/pkgs/boost-compute_x64-windows/include/boost/compute/lambda/placeholders.hpp
-- Installing: D:/TelegramBot/vcpkg_installed/vcpkg/pkgs/boost-compute_x64-windows/include/boost/compute/lambda/result_of.hpp
-- Installing: D:/TelegramBot/vcpkg_installed/vcpkg/pkgs/boost-compute_x64-windows/include/boost/compute/lambda.hpp
-- Installing: D:/TelegramBot/vcpkg_installed/vcpkg/pkgs/boost-compute_x64-windows/include/boost/compute/memory
-- Installing: D:/TelegramBot/vcpkg_installed/vcpkg/pkgs/boost-compute_x64-windows/include/boost/compute/memory/local_buffer.hpp
-- Installing: D:/TelegramBot/vcpkg_installed/vcpkg/pkgs/boost-compute_x64-windows/include/boost/compute/memory/svm_ptr.hpp
-- Installing: D:/TelegramBot/vcpkg_installed/vcpkg/pkgs/boost-compute_x64-windows/include/boost/compute/memory.hpp
-- Installing: D:/TelegramBot/vcpkg_installed/vcpkg/pkgs/boost-compute_x64-windows/include/boost/compute/memory_object.hpp
-- Installing: D:/TelegramBot/vcpkg_installed/vcpkg/pkgs/boost-compute_x64-windows/include/boost/compute/pipe.hpp
-- Installing: D:/TelegramBot/vcpkg_installed/vcpkg/pkgs/boost-compute_x64-windows/include/boost/compute/platform.hpp
-- Installing: D:/TelegramBot/vcpkg_installed/vcpkg/pkgs/boost-compute_x64-windows/include/boost/compute/program.hpp
-- Installing: D:/TelegramBot/vcpkg_installed/vcpkg/pkgs/boost-compute_x64-windows/include/boost/compute/random
-- Installing: D:/TelegramBot/vcpkg_installed/vcpkg/pkgs/boost-compute_x64-windows/include/boost/compute/random/bernoulli_distribution.hpp
-- Installing: D:/TelegramBot/vcpkg_installed/vcpkg/pkgs/boost-compute_x64-windows/include/boost/compute/random/default_random_engine.hpp
-- Installing: D:/TelegramBot/vcpkg_installed/vcpkg/pkgs/boost-compute_x64-windows/include/boost/compute/random/discrete_distribution.hpp
-- Installing: D:/TelegramBot/vcpkg_installed/vcpkg/pkgs/boost-compute_x64-windows/include/boost/compute/random/linear_congruential_engine.hpp
-- Installing: D:/TelegramBot/vcpkg_installed/vcpkg/pkgs/boost-compute_x64-windows/include/boost/compute/random/mersenne_twister_engine.hpp
-- Installing: D:/TelegramBot/vcpkg_installed/vcpkg/pkgs/boost-compute_x64-windows/include/boost/compute/random/normal_distribution.hpp
-- Installing: D:/TelegramBot/vcpkg_installed/vcpkg/pkgs/boost-compute_x64-windows/include/boost/compute/random/threefry_engine.hpp
-- Installing: D:/TelegramBot/vcpkg_installed/vcpkg/pkgs/boost-compute_x64-windows/include/boost/compute/random/uniform_int_distribution.hpp
-- Installing: D:/TelegramBot/vcpkg_installed/vcpkg/pkgs/boost-compute_x64-windows/include/boost/compute/random/uniform_real_distribution.hpp
-- Installing: D:/TelegramBot/vcpkg_installed/vcpkg/pkgs/boost-compute_x64-windows/include/boost/compute/random.hpp
-- Installing: D:/TelegramBot/vcpkg_installed/vcpkg/pkgs/boost-compute_x64-windows/include/boost/compute/source.hpp
-- Installing: D:/TelegramBot/vcpkg_installed/vcpkg/pkgs/boost-compute_x64-windows/include/boost/compute/svm.hpp
-- Installing: D:/TelegramBot/vcpkg_installed/vcpkg/pkgs/boost-compute_x64-windows/include/boost/compute/system.hpp
-- Installing: D:/TelegramBot/vcpkg_installed/vcpkg/pkgs/boost-compute_x64-windows/include/boost/compute/types
-- Installing: D:/TelegramBot/vcpkg_installed/vcpkg/pkgs/boost-compute_x64-windows/include/boost/compute/types/builtin.hpp
-- Installing: D:/TelegramBot/vcpkg_installed/vcpkg/pkgs/boost-compute_x64-windows/include/boost/compute/types/complex.hpp
-- Installing: D:/TelegramBot/vcpkg_installed/vcpkg/pkgs/boost-compute_x64-windows/include/boost/compute/types/fundamental.hpp
-- Installing: D:/TelegramBot/vcpkg_installed/vcpkg/pkgs/boost-compute_x64-windows/include/boost/compute/types/pair.hpp
-- Installing: D:/TelegramBot/vcpkg_installed/vcpkg/pkgs/boost-compute_x64-windows/include/boost/compute/types/size_t.hpp
-- Installing: D:/TelegramBot/vcpkg_installed/vcpkg/pkgs/boost-compute_x64-windows/include/boost/compute/types/struct.hpp
-- Installing: D:/TelegramBot/vcpkg_installed/vcpkg/pkgs/boost-compute_x64-windows/include/boost/compute/types/tuple.hpp
-- Installing: D:/TelegramBot/vcpkg_installed/vcpkg/pkgs/boost-compute_x64-windows/include/boost/compute/types.hpp
-- Installing: D:/TelegramBot/vcpkg_installed/vcpkg/pkgs/boost-compute_x64-windows/include/boost/compute/type_traits
-- Installing: D:/TelegramBot/vcpkg_installed/vcpkg/pkgs/boost-compute_x64-windows/include/boost/compute/type_traits/common_type.hpp
-- Installing: D:/TelegramBot/vcpkg_installed/vcpkg/pkgs/boost-compute_x64-windows/include/boost/compute/type_traits/detail
-- Installing: D:/TelegramBot/vcpkg_installed/vcpkg/pkgs/boost-compute_x64-windows/include/boost/compute/type_traits/detail/capture_traits.hpp
-- Installing: D:/TelegramBot/vcpkg_installed/vcpkg/pkgs/boost-compute_x64-windows/include/boost/compute/type_traits/is_device_iterator.hpp
-- Installing: D:/TelegramBot/vcpkg_installed/vcpkg/pkgs/boost-compute_x64-windows/include/boost/compute/type_traits/is_fundamental.hpp
-- Installing: D:/TelegramBot/vcpkg_installed/vcpkg/pkgs/boost-compute_x64-windows/include/boost/compute/type_traits/is_vector_type.hpp
-- Installing: D:/TelegramBot/vcpkg_installed/vcpkg/pkgs/boost-compute_x64-windows/include/boost/compute/type_traits/make_vector_type.hpp
-- Installing: D:/TelegramBot/vcpkg_installed/vcpkg/pkgs/boost-compute_x64-windows/include/boost/compute/type_traits/result_of.hpp
-- Installing: D:/TelegramBot/vcpkg_installed/vcpkg/pkgs/boost-compute_x64-windows/include/boost/compute/type_traits/scalar_type.hpp
-- Installing: D:/TelegramBot/vcpkg_installed/vcpkg/pkgs/boost-compute_x64-windows/include/boost/compute/type_traits/type_definition.hpp
-- Installing: D:/TelegramBot/vcpkg_installed/vcpkg/pkgs/boost-compute_x64-windows/include/boost/compute/type_traits/type_name.hpp
-- Installing: D:/TelegramBot/vcpkg_installed/vcpkg/pkgs/boost-compute_x64-windows/include/boost/compute/type_traits/vector_size.hpp
-- Installing: D:/TelegramBot/vcpkg_installed/vcpkg/pkgs/boost-compute_x64-windows/include/boost/compute/type_traits.hpp
-- Installing: D:/TelegramBot/vcpkg_installed/vcpkg/pkgs/boost-compute_x64-windows/include/boost/compute/user_event.hpp
-- Installing: D:/TelegramBot/vcpkg_installed/vcpkg/pkgs/boost-compute_x64-windows/include/boost/compute/utility
-- Installing: D:/TelegramBot/vcpkg_installed/vcpkg/pkgs/boost-compute_x64-windows/include/boost/compute/utility/dim.hpp
-- Installing: D:/TelegramBot/vcpkg_installed/vcpkg/pkgs/boost-compute_x64-windows/include/boost/compute/utility/extents.hpp
-- Installing: D:/TelegramBot/vcpkg_installed/vcpkg/pkgs/boost-compute_x64-windows/include/boost/compute/utility/invoke.hpp
-- Installing: D:/TelegramBot/vcpkg_installed/vcpkg/pkgs/boost-compute_x64-windows/include/boost/compute/utility/program_cache.hpp
-- Installing: D:/TelegramBot/vcpkg_installed/vcpkg/pkgs/boost-compute_x64-windows/include/boost/compute/utility/source.hpp
-- Installing: D:/TelegramBot/vcpkg_installed/vcpkg/pkgs/boost-compute_x64-windows/include/boost/compute/utility/wait_list.hpp
-- Installing: D:/TelegramBot/vcpkg_installed/vcpkg/pkgs/boost-compute_x64-windows/include/boost/compute/utility.hpp
-- Installing: D:/TelegramBot/vcpkg_installed/vcpkg/pkgs/boost-compute_x64-windows/include/boost/compute/version.hpp
-- Installing: D:/TelegramBot/vcpkg_installed/vcpkg/pkgs/boost-compute_x64-windows/include/boost/compute/wait_list.hpp
-- Installing: D:/TelegramBot/vcpkg_installed/vcpkg/pkgs/boost-compute_x64-windows/include/boost/compute.hpp
-- Installing: D:/TelegramBot/vcpkg_installed/vcpkg/pkgs/boost-compute_x64-windows/lib/cmake/boost_compute-1.86.0/boost_compute-targets.cmake
-- Installing: D:/TelegramBot/vcpkg_installed/vcpkg/pkgs/boost-compute_x64-windows/lib/cmake/boost_compute-1.86.0/boost_compute-config.cmake
-- Installing: D:/TelegramBot/vcpkg_installed/vcpkg/pkgs/boost-compute_x64-windows/lib/cmake/boost_compute-1.86.0/boost_compute-config-version.cmake

