[33;1mVERBOSE: Resolving base path D:/TelegramBot/vcpkg_installed/vcpkg/pkgs/python3_x64-windows/tools/python3/venvwlauncher.exe...[0m
[33;1mVERBOSE: Resolving D:/TelegramBot/vcpkg_installed/vcpkg/pkgs/python3_x64-windows/tools/python3/venvwlauncher.exe...[0m
[33;1mVERBOSE:   VERSION.dll: D:\TelegramBot\vcpkg_installed\x64-windows\bin\VERSION.dll not found[0m
[33;1mVERBOSE:   KERNEL32.dll: D:\TelegramBot\vcpkg_installed\x64-windows\bin\KERNEL32.dll not found[0m
[33;1mVERBOSE:   USER32.dll: D:\TelegramBot\vcpkg_installed\x64-windows\bin\USER32.dll not found[0m
[33;1mVERBOSE:   VCRUNTIME140.dll: D:\TelegramBot\vcpkg_installed\x64-windows\bin\VCRUNTIME140.dll not found[0m
[33;1mVERBOSE:   api-ms-win-crt-runtime-l1-1-0.dll: D:\TelegramBot\vcpkg_installed\x64-windows\bin\api-ms-win-crt-runtime-l1-1-0.dll not found[0m
[33;1mVERBOSE:   api-ms-win-crt-stdio-l1-1-0.dll: D:\TelegramBot\vcpkg_installed\x64-windows\bin\api-ms-win-crt-stdio-l1-1-0.dll not found[0m
[33;1mVERBOSE:   api-ms-win-crt-heap-l1-1-0.dll: D:\TelegramBot\vcpkg_installed\x64-windows\bin\api-ms-win-crt-heap-l1-1-0.dll not found[0m
[33;1mVERBOSE:   api-ms-win-crt-string-l1-1-0.dll: D:\TelegramBot\vcpkg_installed\x64-windows\bin\api-ms-win-crt-string-l1-1-0.dll not found[0m
[33;1mVERBOSE:   api-ms-win-crt-math-l1-1-0.dll: D:\TelegramBot\vcpkg_installed\x64-windows\bin\api-ms-win-crt-math-l1-1-0.dll not found[0m
[33;1mVERBOSE:   api-ms-win-crt-locale-l1-1-0.dll: D:\TelegramBot\vcpkg_installed\x64-windows\bin\api-ms-win-crt-locale-l1-1-0.dll not found[0m
[33;1mVERBOSE: Done Resolving D:/TelegramBot/vcpkg_installed/vcpkg/pkgs/python3_x64-windows/tools/python3/venvwlauncher.exe.[0m
[33;1mVERBOSE: 
Name                           Value
----                           -----
api-ms-win-crt-locale-l1-1-0.… True
api-ms-win-crt-stdio-l1-1-0.d… True
KERNEL32.dll                   True
api-ms-win-crt-string-l1-1-0.… True
VCRUNTIME140.dll               True
api-ms-win-crt-heap-l1-1-0.dll True
USER32.dll                     True
VERSION.dll                    True
api-ms-win-crt-math-l1-1-0.dll True
api-ms-win-crt-runtime-l1-1-0… True

[0m
