[1/2] "D:/Software/cmake-4.2.1-windows-x86_64/bin/cmake.exe" -E chdir ".." "D:/Software/cmake-4.2.1-windows-x86_64/bin/cmake.exe" "D:/TelegramBot/vcpkg_installed/vcpkg/blds/boost-filesystem/src/ost-1.86.0-3caa6a5187.clean" "-G" "Ninja" "-DCMAKE_BUILD_TYPE=Release" "-DCMAKE_INSTALL_PREFIX=D:/TelegramBot/vcpkg_installed/vcpkg/pkgs/boost-filesystem_x64-windows" "-DFETCHCONTENT_FULLY_DISCONNECTED=ON" "-DBOOST_INCLUDE_LIBRARIES=filesystem" "-DBOOST_RUNTIME_LINK=dynamic" "-DBOOST_INSTALL_INCLUDE_SUBDIR=" "-DCMAKE_MSVC_DEBUG_INFORMATION_FORMAT=" "-DCMAKE_MAKE_PROGRAM=C:/Program Files/Microsoft Visual Studio/2022/Community/Common7/IDE/CommonExtensions/Microsoft/CMake/Ninja/ninja.exe" "-DBUILD_SHARED_LIBS=ON" "-DVCPKG_CHAINLOAD_TOOLCHAIN_FILE=C:/Program Files/Microsoft Visual Studio/2022/Community/VC/vcpkg/scripts/toolchains/windows.cmake" "-DVCPKG_TARGET_TRIPLET=x64-windows" "-DVCPKG_SET_CHARSET_FLAG=ON" "-DVCPKG_PLATFORM_TOOLSET=v143" "-DCMAKE_EXPORT_NO_PACKAGE_REGISTRY=ON" "-DCMAKE_FIND_PACKAGE_NO_PACKAGE_REGISTRY=ON" "-DCMAKE_FIND_PACKAGE_NO_SYSTEM_PACKAGE_REGISTRY=ON" "-DCMAKE_INSTALL_SYSTEM_RUNTIME_LIBS_SKIP=TRUE" "-DCMAKE_VERBOSE_MAKEFILE=ON" "-DVCPKG_APPLOCAL_DEPS=OFF" "-DCMAKE_TOOLCHAIN_FILE=C:/Program Files/Microsoft Visual Studio/2022/Community/VC/vcpkg/scripts/buildsystems/vcpkg.cmake" "-DCMAKE_ERROR_ON_ABSOLUTE_INSTALL_DESTINATION=ON" "-DVCPKG_CXX_FLAGS=" "-DVCPKG_CXX_FLAGS_RELEASE=" "-DVCPKG_CXX_FLAGS_DEBUG=" "-DVCPKG_C_FLAGS=" "-DVCPKG_C_FLAGS_RELEASE=" "-DVCPKG_C_FLAGS_DEBUG=" "-DVCPKG_CRT_LINKAGE=dynamic" "-DVCPKG_LINKER_FLAGS=" "-DVCPKG_LINKER_FLAGS_RELEASE=" "-DVCPKG_LINKER_FLAGS_DEBUG=" "-DVCPKG_TARGET_ARCHITECTURE=x64" "-DCMAKE_INSTALL_LIBDIR:STRING=lib" "-DCMAKE_INSTALL_BINDIR:STRING=bin" "-D_VCPKG_ROOT_DIR=C:/Program Files/Microsoft Visual Studio/2022/Community/VC/vcpkg" "-D_VCPKG_INSTALLED_DIR=D:/TelegramBot/vcpkg_installed" "-DVCPKG_MANIFEST_INSTALL=OFF"
-- The CXX compiler identification is MSVC 19.44.35215.0
-- Detecting CXX compiler ABI info
-- Detecting CXX compiler ABI info - done
-- Check for working CXX compiler: C:/Program Files/Microsoft Visual Studio/2022/Community/VC/Tools/MSVC/14.44.35207/bin/Hostx64/x64/cl.exe - skipped
-- Detecting CXX compile features
-- Detecting CXX compile features - done
-- Boost: using versioned layout: include, bin, lib, lib/cmake
-- Boost: Release build, shared libraries, MPI OFF, Python OFF, testing OFF
-- Boost: libraries included: filesystem
-- Performing Test CMAKE_HAVE_LIBC_PTHREAD
-- Performing Test CMAKE_HAVE_LIBC_PTHREAD - Failed
-- Looking for pthread_create in pthreads
-- Looking for pthread_create in pthreads - not found
-- Looking for pthread_create in pthread
-- Looking for pthread_create in pthread - not found
-- Found Threads: TRUE
CMake Deprecation Warning at libs/filesystem/CMakeLists.txt:10 (cmake_minimum_required):
  Compatibility with CMake < 3.10 will be removed from a future version of
  CMake.

  Update the VERSION argument <min> value.  Or, use the <min>...<max> syntax
  to tell CMake that the project requires at least <min> but has been updated
  to work with policies introduced by <max> or earlier.


-- Performing Test BOOST_FILESYSTEM_HAS_INIT_PRIORITY
-- Performing Test BOOST_FILESYSTEM_HAS_INIT_PRIORITY - Failed
-- Performing Test BOOST_FILESYSTEM_HAS_CXX20_ATOMIC_REF
-- Performing Test BOOST_FILESYSTEM_HAS_CXX20_ATOMIC_REF - Failed
-- Performing Test BOOST_FILESYSTEM_HAS_STAT_ST_BLKSIZE
-- Performing Test BOOST_FILESYSTEM_HAS_STAT_ST_BLKSIZE - Failed
-- Performing Test BOOST_FILESYSTEM_HAS_STAT_ST_MTIM
-- Performing Test BOOST_FILESYSTEM_HAS_STAT_ST_MTIM - Failed
-- Performing Test BOOST_FILESYSTEM_HAS_STAT_ST_MTIMENSEC
-- Performing Test BOOST_FILESYSTEM_HAS_STAT_ST_MTIMENSEC - Failed
-- Performing Test BOOST_FILESYSTEM_HAS_STAT_ST_MTIMESPEC
-- Performing Test BOOST_FILESYSTEM_HAS_STAT_ST_MTIMESPEC - Failed
-- Performing Test BOOST_FILESYSTEM_HAS_STAT_ST_BIRTHTIMENSEC
-- Performing Test BOOST_FILESYSTEM_HAS_STAT_ST_BIRTHTIMENSEC - Failed
-- Performing Test BOOST_FILESYSTEM_HAS_STAT_ST_BIRTHTIMESPEC
-- Performing Test BOOST_FILESYSTEM_HAS_STAT_ST_BIRTHTIMESPEC - Failed
-- Performing Test BOOST_FILESYSTEM_HAS_STATX
-- Performing Test BOOST_FILESYSTEM_HAS_STATX - Failed
-- Performing Test BOOST_FILESYSTEM_HAS_STATX_SYSCALL
-- Performing Test BOOST_FILESYSTEM_HAS_STATX_SYSCALL - Failed
-- Performing Test BOOST_FILESYSTEM_HAS_FDOPENDIR_NOFOLLOW
-- Performing Test BOOST_FILESYSTEM_HAS_FDOPENDIR_NOFOLLOW - Failed
-- Performing Test BOOST_FILESYSTEM_HAS_DIRENT_D_TYPE
-- Performing Test BOOST_FILESYSTEM_HAS_DIRENT_D_TYPE - Failed
-- Performing Test BOOST_FILESYSTEM_HAS_POSIX_AT_APIS
-- Performing Test BOOST_FILESYSTEM_HAS_POSIX_AT_APIS - Failed
-- Performing Test BOOST_FILESYSTEM_HAS_FALLOCATE
-- Performing Test BOOST_FILESYSTEM_HAS_FALLOCATE - Failed
-- Performing Test BOOST_FILESYSTEM_HAS_BCRYPT
-- Performing Test BOOST_FILESYSTEM_HAS_BCRYPT - Failed
-- Performing Test BOOST_FILESYSTEM_HAS_LINKFLAG_NO_UNDEFINED
-- Performing Test BOOST_FILESYSTEM_HAS_LINKFLAG_NO_UNDEFINED - Failed
-- Performing Test BOOST_FILESYSTEM_HAS_LINKFLAG_UNDEFINED_ERROR
-- Performing Test BOOST_FILESYSTEM_HAS_LINKFLAG_UNDEFINED_ERROR - Failed
-- Configuring done (5.7s)
-- Generating done (0.1s)
CMake Warning:
  Manually-specified variables were not used by the project:

    FETCHCONTENT_FULLY_DISCONNECTED
    _VCPKG_ROOT_DIR


-- Build files have been written to: D:/TelegramBot/vcpkg_installed/vcpkg/blds/boost-filesystem/x64-windows-rel
[2/2] "D:/Software/cmake-4.2.1-windows-x86_64/bin/cmake.exe" -E chdir "../../x64-windows-dbg" "D:/Software/cmake-4.2.1-windows-x86_64/bin/cmake.exe" "D:/TelegramBot/vcpkg_installed/vcpkg/blds/boost-filesystem/src/ost-1.86.0-3caa6a5187.clean" "-G" "Ninja" "-DCMAKE_BUILD_TYPE=Debug" "-DCMAKE_INSTALL_PREFIX=D:/TelegramBot/vcpkg_installed/vcpkg/pkgs/boost-filesystem_x64-windows/debug" "-DFETCHCONTENT_FULLY_DISCONNECTED=ON" "-DBOOST_INCLUDE_LIBRARIES=filesystem" "-DBOOST_RUNTIME_LINK=dynamic" "-DBOOST_INSTALL_INCLUDE_SUBDIR=" "-DCMAKE_MSVC_DEBUG_INFORMATION_FORMAT=" "-DCMAKE_MAKE_PROGRAM=C:/Program Files/Microsoft Visual Studio/2022/Community/Common7/IDE/CommonExtensions/Microsoft/CMake/Ninja/ninja.exe" "-DBUILD_SHARED_LIBS=ON" "-DVCPKG_CHAINLOAD_TOOLCHAIN_FILE=C:/Program Files/Microsoft Visual Studio/2022/Community/VC/vcpkg/scripts/toolchains/windows.cmake" "-DVCPKG_TARGET_TRIPLET=x64-windows" "-DVCPKG_SET_CHARSET_FLAG=ON" "-DVCPKG_PLATFORM_TOOLSET=v143" "-DCMAKE_EXPORT_NO_PACKAGE_REGISTRY=ON" "-DCMAKE_FIND_PACKAGE_NO_PACKAGE_REGISTRY=ON" "-DCMAKE_FIND_PACKAGE_NO_SYSTEM_PACKAGE_REGISTRY=ON" "-DCMAKE_INSTALL_SYSTEM_RUNTIME_LIBS_SKIP=TRUE" "-DCMAKE_VERBOSE_MAKEFILE=ON" "-DVCPKG_APPLOCAL_DEPS=OFF" "-DCMAKE_TOOLCHAIN_FILE=C:/Program Files/Microsoft Visual Studio/2022/Community/VC/vcpkg/scripts/buildsystems/vcpkg.cmake" "-DCMAKE_ERROR_ON_ABSOLUTE_INSTALL_DESTINATION=ON" "-DVCPKG_CXX_FLAGS=" "-DVCPKG_CXX_FLAGS_RELEASE=" "-DVCPKG_CXX_FLAGS_DEBUG=" "-DVCPKG_C_FLAGS=" "-DVCPKG_C_FLAGS_RELEASE=" "-DVCPKG_C_FLAGS_DEBUG=" "-DVCPKG_CRT_LINKAGE=dynamic" "-DVCPKG_LINKER_FLAGS=" "-DVCPKG_LINKER_FLAGS_RELEASE=" "-DVCPKG_LINKER_FLAGS_DEBUG=" "-DVCPKG_TARGET_ARCHITECTURE=x64" "-DCMAKE_INSTALL_LIBDIR:STRING=lib" "-DCMAKE_INSTALL_BINDIR:STRING=bin" "-D_VCPKG_ROOT_DIR=C:/Program Files/Microsoft Visual Studio/2022/Community/VC/vcpkg" "-D_VCPKG_INSTALLED_DIR=D:/TelegramBot/vcpkg_installed" "-DVCPKG_MANIFEST_INSTALL=OFF"
-- The CXX compiler identification is MSVC 19.44.35215.0
-- Detecting CXX compiler ABI info
-- Detecting CXX compiler ABI info - done
-- Check for working CXX compiler: C:/Program Files/Microsoft Visual Studio/2022/Community/VC/Tools/MSVC/14.44.35207/bin/Hostx64/x64/cl.exe - skipped
-- Detecting CXX compile features
-- Detecting CXX compile features - done
-- Boost: using versioned layout: include, bin, lib, lib/cmake
-- Boost: Debug build, shared libraries, MPI OFF, Python OFF, testing OFF
-- Boost: libraries included: filesystem
-- Performing Test CMAKE_HAVE_LIBC_PTHREAD
-- Performing Test CMAKE_HAVE_LIBC_PTHREAD - Failed
-- Looking for pthread_create in pthreads
-- Looking for pthread_create in pthreads - not found
-- Looking for pthread_create in pthread
-- Looking for pthread_create in pthread - not found
-- Found Threads: TRUE
CMake Deprecation Warning at libs/filesystem/CMakeLists.txt:10 (cmake_minimum_required):
  Compatibility with CMake < 3.10 will be removed from a future version of
  CMake.

  Update the VERSION argument <min> value.  Or, use the <min>...<max> syntax
  to tell CMake that the project requires at least <min> but has been updated
  to work with policies introduced by <max> or earlier.


-- Performing Test BOOST_FILESYSTEM_HAS_INIT_PRIORITY
-- Performing Test BOOST_FILESYSTEM_HAS_INIT_PRIORITY - Failed
-- Performing Test BOOST_FILESYSTEM_HAS_CXX20_ATOMIC_REF
-- Performing Test BOOST_FILESYSTEM_HAS_CXX20_ATOMIC_REF - Failed
-- Performing Test BOOST_FILESYSTEM_HAS_STAT_ST_BLKSIZE
-- Performing Test BOOST_FILESYSTEM_HAS_STAT_ST_BLKSIZE - Failed
-- Performing Test BOOST_FILESYSTEM_HAS_STAT_ST_MTIM
-- Performing Test BOOST_FILESYSTEM_HAS_STAT_ST_MTIM - Failed
-- Performing Test BOOST_FILESYSTEM_HAS_STAT_ST_MTIMENSEC
-- Performing Test BOOST_FILESYSTEM_HAS_STAT_ST_MTIMENSEC - Failed
-- Performing Test BOOST_FILESYSTEM_HAS_STAT_ST_MTIMESPEC
-- Performing Test BOOST_FILESYSTEM_HAS_STAT_ST_MTIMESPEC - Failed
-- Performing Test BOOST_FILESYSTEM_HAS_STAT_ST_BIRTHTIMENSEC
-- Performing Test BOOST_FILESYSTEM_HAS_STAT_ST_BIRTHTIMENSEC - Failed
-- Performing Test BOOST_FILESYSTEM_HAS_STAT_ST_BIRTHTIMESPEC
-- Performing Test BOOST_FILESYSTEM_HAS_STAT_ST_BIRTHTIMESPEC - Failed
-- Performing Test BOOST_FILESYSTEM_HAS_STATX
-- Performing Test BOOST_FILESYSTEM_HAS_STATX - Failed
-- Performing Test BOOST_FILESYSTEM_HAS_STATX_SYSCALL
-- Performing Test BOOST_FILESYSTEM_HAS_STATX_SYSCALL - Failed
-- Performing Test BOOST_FILESYSTEM_HAS_FDOPENDIR_NOFOLLOW
-- Performing Test BOOST_FILESYSTEM_HAS_FDOPENDIR_NOFOLLOW - Failed
-- Performing Test BOOST_FILESYSTEM_HAS_DIRENT_D_TYPE
-- Performing Test BOOST_FILESYSTEM_HAS_DIRENT_D_TYPE - Failed
-- Performing Test BOOST_FILESYSTEM_HAS_POSIX_AT_APIS
-- Performing Test BOOST_FILESYSTEM_HAS_POSIX_AT_APIS - Failed
-- Performing Test BOOST_FILESYSTEM_HAS_FALLOCATE
-- Performing Test BOOST_FILESYSTEM_HAS_FALLOCATE - Failed
-- Performing Test BOOST_FILESYSTEM_HAS_BCRYPT
-- Performing Test BOOST_FILESYSTEM_HAS_BCRYPT - Failed
-- Performing Test BOOST_FILESYSTEM_HAS_LINKFLAG_NO_UNDEFINED
-- Performing Test BOOST_FILESYSTEM_HAS_LINKFLAG_NO_UNDEFINED - Failed
-- Performing Test BOOST_FILESYSTEM_HAS_LINKFLAG_UNDEFINED_ERROR
-- Performing Test BOOST_FILESYSTEM_HAS_LINKFLAG_UNDEFINED_ERROR - Failed
-- Configuring done (5.7s)
-- Generating done (0.1s)
CMake Warning:
  Manually-specified variables were not used by the project:

    FETCHCONTENT_FULLY_DISCONNECTED
    _VCPKG_ROOT_DIR


-- Build files have been written to: D:/TelegramBot/vcpkg_installed/vcpkg/blds/boost-filesystem/x64-windows-dbg
