Change Dir: 'D:/TelegramBot/vcpkg_installed/vcpkg/blds/boost-lexical-cast/x64-windows-rel'

Run Build Command(s): "C:/Program Files/Microsoft Visual Studio/2022/Community/Common7/IDE/CommonExtensions/Microsoft/CMake/Ninja/ninja.exe" -v -v -j9 install
[0/1] C:\WINDOWS\system32\cmd.exe /C "cd /D D:\TelegramBot\vcpkg_installed\vcpkg\blds\boost-lexical-cast\x64-windows-rel && D:\Software\cmake-4.2.1-windows-x86_64\bin\cmake.exe -P cmake_install.cmake"
-- Install configuration: "Release"
-- Installing: D:/TelegramBot/vcpkg_installed/vcpkg/pkgs/boost-lexical-cast_x64-windows/include
-- Installing: D:/TelegramBot/vcpkg_installed/vcpkg/pkgs/boost-lexical-cast_x64-windows/include/boost
-- Installing: D:/TelegramBot/vcpkg_installed/vcpkg/pkgs/boost-lexical-cast_x64-windows/include/boost/detail
-- Installing: D:/TelegramBot/vcpkg_installed/vcpkg/pkgs/boost-lexical-cast_x64-windows/include/boost/detail/basic_pointerbuf.hpp
-- Installing: D:/TelegramBot/vcpkg_installed/vcpkg/pkgs/boost-lexical-cast_x64-windows/include/boost/detail/lcast_precision.hpp
-- Installing: D:/TelegramBot/vcpkg_installed/vcpkg/pkgs/boost-lexical-cast_x64-windows/include/boost/lexical_cast
-- Installing: D:/TelegramBot/vcpkg_installed/vcpkg/pkgs/boost-lexical-cast_x64-windows/include/boost/lexical_cast/bad_lexical_cast.hpp
-- Installing: D:/TelegramBot/vcpkg_installed/vcpkg/pkgs/boost-lexical-cast_x64-windows/include/boost/lexical_cast/detail
-- Installing: D:/TelegramBot/vcpkg_installed/vcpkg/pkgs/boost-lexical-cast_x64-windows/include/boost/lexical_cast/detail/buffer_view.hpp
-- Installing: D:/TelegramBot/vcpkg_installed/vcpkg/pkgs/boost-lexical-cast_x64-windows/include/boost/lexical_cast/detail/converter_lexical.hpp
-- Installing: D:/TelegramBot/vcpkg_installed/vcpkg/pkgs/boost-lexical-cast_x64-windows/include/boost/lexical_cast/detail/converter_lexical_streams.hpp
-- Installing: D:/TelegramBot/vcpkg_installed/vcpkg/pkgs/boost-lexical-cast_x64-windows/include/boost/lexical_cast/detail/converter_numeric.hpp
-- Installing: D:/TelegramBot/vcpkg_installed/vcpkg/pkgs/boost-lexical-cast_x64-windows/include/boost/lexical_cast/detail/inf_nan.hpp
-- Installing: D:/TelegramBot/vcpkg_installed/vcpkg/pkgs/boost-lexical-cast_x64-windows/include/boost/lexical_cast/detail/is_character.hpp
-- Installing: D:/TelegramBot/vcpkg_installed/vcpkg/pkgs/boost-lexical-cast_x64-windows/include/boost/lexical_cast/detail/lcast_basic_unlockedbuf.hpp
-- Installing: D:/TelegramBot/vcpkg_installed/vcpkg/pkgs/boost-lexical-cast_x64-windows/include/boost/lexical_cast/detail/lcast_char_constants.hpp
-- Installing: D:/TelegramBot/vcpkg_installed/vcpkg/pkgs/boost-lexical-cast_x64-windows/include/boost/lexical_cast/detail/lcast_unsigned_converters.hpp
-- Installing: D:/TelegramBot/vcpkg_installed/vcpkg/pkgs/boost-lexical-cast_x64-windows/include/boost/lexical_cast/detail/widest_char.hpp
-- Installing: D:/TelegramBot/vcpkg_installed/vcpkg/pkgs/boost-lexical-cast_x64-windows/include/boost/lexical_cast/try_lexical_convert.hpp
-- Installing: D:/TelegramBot/vcpkg_installed/vcpkg/pkgs/boost-lexical-cast_x64-windows/include/boost/lexical_cast.hpp
-- Installing: D:/TelegramBot/vcpkg_installed/vcpkg/pkgs/boost-lexical-cast_x64-windows/lib/cmake/boost_lexical_cast-1.86.0/boost_lexical_cast-targets.cmake
-- Installing: D:/TelegramBot/vcpkg_installed/vcpkg/pkgs/boost-lexical-cast_x64-windows/lib/cmake/boost_lexical_cast-1.86.0/boost_lexical_cast-config.cmake
-- Installing: D:/TelegramBot/vcpkg_installed/vcpkg/pkgs/boost-lexical-cast_x64-windows/lib/cmake/boost_lexical_cast-1.86.0/boost_lexical_cast-config-version.cmake

