[33;1mVERBOSE: Resolving base path D:/TelegramBot/vcpkg_installed/vcpkg/pkgs/pkgconf_x64-windows/tools/pkgconf/pkgconf.exe...[0m
[33;1mVERBOSE: Resolving D:/TelegramBot/vcpkg_installed/vcpkg/pkgs/pkgconf_x64-windows/tools/pkgconf/pkgconf.exe...[0m
[33;1mVERBOSE:   pkgconf-5.dll: Copying D:\TelegramBot\vcpkg_installed\vcpkg\pkgs\pkgconf_x64-windows\bin\pkgconf-5.dll[0m
[33;1mVERBOSE: Resolving D:\TelegramBot\vcpkg_installed\vcpkg\pkgs\pkgconf_x64-windows\tools\pkgconf\pkgconf-5.dll...[0m
[33;1mVERBOSE:   KERNEL32.dll: D:\TelegramBot\vcpkg_installed\vcpkg\pkgs\pkgconf_x64-windows\bin\KERNEL32.dll not found[0m
[33;1mVERBOSE:   ADVAPI32.dll: D:\TelegramBot\vcpkg_installed\vcpkg\pkgs\pkgconf_x64-windows\bin\ADVAPI32.dll not found[0m
[33;1mVERBOSE:   VCRUNTIME140.dll: D:\TelegramBot\vcpkg_installed\vcpkg\pkgs\pkgconf_x64-windows\bin\VCRUNTIME140.dll not found[0m
[33;1mVERBOSE:   api-ms-win-crt-string-l1-1-0.dll: D:\TelegramBot\vcpkg_installed\vcpkg\pkgs\pkgconf_x64-windows\bin\api-ms-win-crt-string-l1-1-0.dll not found[0m
[33;1mVERBOSE:   api-ms-win-crt-heap-l1-1-0.dll: D:\TelegramBot\vcpkg_installed\vcpkg\pkgs\pkgconf_x64-windows\bin\api-ms-win-crt-heap-l1-1-0.dll not found[0m
[33;1mVERBOSE:   api-ms-win-crt-stdio-l1-1-0.dll: D:\TelegramBot\vcpkg_installed\vcpkg\pkgs\pkgconf_x64-windows\bin\api-ms-win-crt-stdio-l1-1-0.dll not found[0m
[33;1mVERBOSE:   api-ms-win-crt-runtime-l1-1-0.dll: D:\TelegramBot\vcpkg_installed\vcpkg\pkgs\pkgconf_x64-windows\bin\api-ms-win-crt-runtime-l1-1-0.dll not found[0m
[33;1mVERBOSE:   api-ms-win-crt-utility-l1-1-0.dll: D:\TelegramBot\vcpkg_installed\vcpkg\pkgs\pkgconf_x64-windows\bin\api-ms-win-crt-utility-l1-1-0.dll not found[0m
[33;1mVERBOSE:   api-ms-win-crt-environment-l1-1-0.dll: D:\TelegramBot\vcpkg_installed\vcpkg\pkgs\pkgconf_x64-windows\bin\api-ms-win-crt-environment-l1-1-0.dll not found[0m
[33;1mVERBOSE:   api-ms-win-crt-convert-l1-1-0.dll: D:\TelegramBot\vcpkg_installed\vcpkg\pkgs\pkgconf_x64-windows\bin\api-ms-win-crt-convert-l1-1-0.dll not found[0m
[33;1mVERBOSE: Done Resolving D:\TelegramBot\vcpkg_installed\vcpkg\pkgs\pkgconf_x64-windows\tools\pkgconf\pkgconf-5.dll.[0m
[33;1mVERBOSE:   VCRUNTIME140.dll: previously searched - Skip[0m
[33;1mVERBOSE:   api-ms-win-crt-string-l1-1-0.dll: previously searched - Skip[0m
[33;1mVERBOSE:   api-ms-win-crt-stdio-l1-1-0.dll: previously searched - Skip[0m
[33;1mVERBOSE:   api-ms-win-crt-heap-l1-1-0.dll: previously searched - Skip[0m
[33;1mVERBOSE:   api-ms-win-crt-convert-l1-1-0.dll: previously searched - Skip[0m
[33;1mVERBOSE:   api-ms-win-crt-environment-l1-1-0.dll: previously searched - Skip[0m
[33;1mVERBOSE:   api-ms-win-crt-runtime-l1-1-0.dll: previously searched - Skip[0m
[33;1mVERBOSE:   api-ms-win-crt-math-l1-1-0.dll: D:\TelegramBot\vcpkg_installed\vcpkg\pkgs\pkgconf_x64-windows\bin\api-ms-win-crt-math-l1-1-0.dll not found[0m
[33;1mVERBOSE:   api-ms-win-crt-locale-l1-1-0.dll: D:\TelegramBot\vcpkg_installed\vcpkg\pkgs\pkgconf_x64-windows\bin\api-ms-win-crt-locale-l1-1-0.dll not found[0m
[33;1mVERBOSE:   KERNEL32.dll: previously searched - Skip[0m
[33;1mVERBOSE: Done Resolving D:/TelegramBot/vcpkg_installed/vcpkg/pkgs/pkgconf_x64-windows/tools/pkgconf/pkgconf.exe.[0m
[33;1mVERBOSE: 
Name                           Value
----                           -----
api-ms-win-crt-environment-l1… True
api-ms-win-crt-stdio-l1-1-0.d… True
api-ms-win-crt-convert-l1-1-0… True
ADVAPI32.dll                   True
api-ms-win-crt-string-l1-1-0.… True
api-ms-win-crt-utility-l1-1-0… True
api-ms-win-crt-heap-l1-1-0.dll True
api-ms-win-crt-math-l1-1-0.dll True
VCRUNTIME140.dll               True
KERNEL32.dll                   True
api-ms-win-crt-locale-l1-1-0.… True
api-ms-win-crt-runtime-l1-1-0… True
pkgconf-5.dll                  True

[0m
