[binaries]
cmake = ['D:/Software/cmake-4.2.1-windows-x86_64/bin/cmake.exe']
ninja = ['C:/Program Files/Microsoft Visual Studio/2022/Community/Common7/IDE/CommonExtensions/Microsoft/CMake/Ninja/ninja.exe']
pkg-config = ['']
mt = ['C:/Program Files (x86)/Windows Kits/10/bin/10.0.26100.0/x64/mt.exe']
ar = ['C:/Program Files/Microsoft Visual Studio/2022/Community/VC/Tools/MSVC/14.44.35207/bin/Hostx64/x64/lib.exe', '-machine:x64', '-nologo']
windres = ['C:/Program Files (x86)/Windows Kits/10/bin/10.0.26100.0/x64/rc.exe', '-c65001', '-DWIN32']
c = ['C:/Program Files/Microsoft Visual Studio/2022/Community/VC/Tools/MSVC/14.44.35207/bin/Hostx64/x64/cl.exe', '-DWIN32', '-D_WINDOWS', '-utf-8', '-MP', '-MD', '-O2', '-Oi', '-Gy', '-DNDEBUG', '-Z7']
c_ld = ['C:/Program Files/Microsoft Visual Studio/2022/Community/VC/Tools/MSVC/14.44.35207/bin/Hostx64/x64/link.exe']
cpp = ['C:/Program Files/Microsoft Visual Studio/2022/Community/VC/Tools/MSVC/14.44.35207/bin/Hostx64/x64/cl.exe', '-DWIN32', '-D_WINDOWS', '-utf-8', '-GR', '-EHsc', '-MP', '-MD', '-O2', '-Oi', '-Gy', '-DNDEBUG', '-Z7']
cpp_ld = ['C:/Program Files/Microsoft Visual Studio/2022/Community/VC/Tools/MSVC/14.44.35207/bin/Hostx64/x64/link.exe']








[properties]
cmake_toolchain_file  = 'C:/Program Files/Microsoft Visual Studio/2022/Community/VC/vcpkg/scripts/buildsystems/vcpkg.cmake'

[cmake]
CMAKE_BUILD_TYPE = 'Release'
VCPKG_TARGET_TRIPLET = 'x64-windows'
VCPKG_HOST_TRIPLET = 'x64-windows'
VCPKG_CHAINLOAD_TOOLCHAIN_FILE = 'C:/Program Files/Microsoft Visual Studio/2022/Community/VC/vcpkg/scripts/toolchains/windows.cmake'
VCPKG_CRT_LINKAGE = 'dynamic'
_VCPKG_INSTALLED_DIR = 'D:/TelegramBot/vcpkg_installed'
[build_machine]
endian = 'little'
system = 'windows'
cpu_family = 'x86_64'
cpu = 'x86_64'
[host_machine]
endian = 'little'
system = 'windows'
cpu_family = 'x86_64'
cpu = 'x86_64'
[built-in options]
default_library = 'shared'
werror = false
c_args = ['-nologo', '-DWIN32', '-D_WINDOWS', '-utf-8', '-MP', '-MD', '-O2', '-Oi', '-Gy', '-DNDEBUG', '-Z7', '-ID:/TelegramBot/vcpkg_installed/x64-windows/include']
c_link_args = ['-machine:x64', '-nologo', '-DEBUG', '-INCREMENTAL:NO', '-OPT:REF', '-OPT:ICF', '/LIBPATH:D:/TelegramBot/vcpkg_installed/x64-windows/lib']

cpp_args = ['-nologo', '-DWIN32', '-D_WINDOWS', '-utf-8', '-GR', '-EHsc', '-MP', '-MD', '-O2', '-Oi', '-Gy', '-DNDEBUG', '-Z7', '-ID:/TelegramBot/vcpkg_installed/x64-windows/include']
cpp_link_args = ['-machine:x64', '-nologo', '-DEBUG', '-INCREMENTAL:NO', '-OPT:REF', '-OPT:ICF', '/LIBPATH:D:/TelegramBot/vcpkg_installed/x64-windows/lib']




# b_vscrt
b_vscrt = 'md'
# c_winlibs/cpp_winlibs
c_winlibs = ['kernel32.lib', 'user32.lib', 'gdi32.lib', 'winspool.lib', 'shell32.lib', 'ole32.lib', 'oleaut32.lib', 'uuid.lib', 'comdlg32.lib', 'advapi32.lib']
cpp_winlibs = ['kernel32.lib', 'user32.lib', 'gdi32.lib', 'winspool.lib', 'shell32.lib', 'ole32.lib', 'oleaut32.lib', 'uuid.lib', 'comdlg32.lib', 'advapi32.lib']
