Change Dir: 'D:/TelegramBot/vcpkg_installed/vcpkg/blds/boost-fiber/x64-windows-dbg'

Run Build Command(s): "C:/Program Files/Microsoft Visual Studio/2022/Community/Common7/IDE/CommonExtensions/Microsoft/CMake/Ninja/ninja.exe" -v -v -j9 install
[1/22] C:\PROGRA~1\MICROS~1\2022\COMMUN~1\VC\Tools\MSVC\1444~1.352\bin\Hostx64\x64\cl.exe   /TP -DBOOST_CONTEXT_DYN_LINK="" -DBOOST_CONTEXT_EXPORT=EXPORT -DBOOST_CONTEXT_NO_LIB="" -DBOOST_FIBERS_DYN_LINK -DBOOST_FIBERS_SOURCE -DBOOST_FIBER_DYN_LINK -DBOOST_FIBER_NO_LIB -DBOOST_FIBER_SOURCE -Dboost_fiber_EXPORTS -ID:\TelegramBot\vcpkg_installed\vcpkg\blds\boost-fiber\src\ost-1.86.0-c8b6d12951.clean\libs\fiber\include -external:ID:\TelegramBot\vcpkg_installed\x64-windows\include -external:W0 /nologo /DWIN32 /D_WINDOWS /utf-8 /GR /EHsc /MP  /MDd /Z7 /Ob0 /Od /RTC1  -MDd /showIncludes /Folibs\fiber\CMakeFiles\boost_fiber.dir\src\future.cpp.obj /Fdlibs\fiber\CMakeFiles\boost_fiber.dir\ /FS -c D:\TelegramBot\vcpkg_installed\vcpkg\blds\boost-fiber\src\ost-1.86.0-c8b6d12951.clean\libs\fiber\src\future.cpp
[2/22] C:\PROGRA~1\MICROS~1\2022\COMMUN~1\VC\Tools\MSVC\1444~1.352\bin\Hostx64\x64\cl.exe   /TP -DBOOST_CONTEXT_DYN_LINK="" -DBOOST_CONTEXT_EXPORT=EXPORT -DBOOST_CONTEXT_NO_LIB="" -DBOOST_FIBERS_DYN_LINK -DBOOST_FIBERS_SOURCE -DBOOST_FIBER_DYN_LINK -DBOOST_FIBER_NO_LIB -DBOOST_FIBER_SOURCE -Dboost_fiber_EXPORTS -ID:\TelegramBot\vcpkg_installed\vcpkg\blds\boost-fiber\src\ost-1.86.0-c8b6d12951.clean\libs\fiber\include -external:ID:\TelegramBot\vcpkg_installed\x64-windows\include -external:W0 /nologo /DWIN32 /D_WINDOWS /utf-8 /GR /EHsc /MP  /MDd /Z7 /Ob0 /Od /RTC1  -MDd /showIncludes /Folibs\fiber\CMakeFiles\boost_fiber.dir\src\algo\algorithm.cpp.obj /Fdlibs\fiber\CMakeFiles\boost_fiber.dir\ /FS -c D:\TelegramBot\vcpkg_installed\vcpkg\blds\boost-fiber\src\ost-1.86.0-c8b6d12951.clean\libs\fiber\src\algo\algorithm.cpp
[3/22] C:\PROGRA~1\MICROS~1\2022\COMMUN~1\VC\Tools\MSVC\1444~1.352\bin\Hostx64\x64\cl.exe   /TP -DBOOST_CONTEXT_DYN_LINK="" -DBOOST_CONTEXT_EXPORT=EXPORT -DBOOST_CONTEXT_NO_LIB="" -DBOOST_FIBERS_DYN_LINK -DBOOST_FIBERS_SOURCE -DBOOST_FIBER_DYN_LINK -DBOOST_FIBER_NO_LIB -DBOOST_FIBER_SOURCE -Dboost_fiber_EXPORTS -ID:\TelegramBot\vcpkg_installed\vcpkg\blds\boost-fiber\src\ost-1.86.0-c8b6d12951.clean\libs\fiber\include -external:ID:\TelegramBot\vcpkg_installed\x64-windows\include -external:W0 /nologo /DWIN32 /D_WINDOWS /utf-8 /GR /EHsc /MP  /MDd /Z7 /Ob0 /Od /RTC1  -MDd /showIncludes /Folibs\fiber\CMakeFiles\boost_fiber.dir\src\algo\shared_work.cpp.obj /Fdlibs\fiber\CMakeFiles\boost_fiber.dir\ /FS -c D:\TelegramBot\vcpkg_installed\vcpkg\blds\boost-fiber\src\ost-1.86.0-c8b6d12951.clean\libs\fiber\src\algo\shared_work.cpp
[4/22] C:\PROGRA~1\MICROS~1\2022\COMMUN~1\VC\Tools\MSVC\1444~1.352\bin\Hostx64\x64\cl.exe   /TP -DBOOST_CONTEXT_DYN_LINK="" -DBOOST_CONTEXT_EXPORT=EXPORT -DBOOST_CONTEXT_NO_LIB="" -DBOOST_FIBERS_DYN_LINK -DBOOST_FIBERS_SOURCE -DBOOST_FIBER_DYN_LINK -DBOOST_FIBER_NO_LIB -DBOOST_FIBER_SOURCE -Dboost_fiber_EXPORTS -ID:\TelegramBot\vcpkg_installed\vcpkg\blds\boost-fiber\src\ost-1.86.0-c8b6d12951.clean\libs\fiber\include -external:ID:\TelegramBot\vcpkg_installed\x64-windows\include -external:W0 /nologo /DWIN32 /D_WINDOWS /utf-8 /GR /EHsc /MP  /MDd /Z7 /Ob0 /Od /RTC1  -MDd /showIncludes /Folibs\fiber\CMakeFiles\boost_fiber.dir\src\fiber.cpp.obj /Fdlibs\fiber\CMakeFiles\boost_fiber.dir\ /FS -c D:\TelegramBot\vcpkg_installed\vcpkg\blds\boost-fiber\src\ost-1.86.0-c8b6d12951.clean\libs\fiber\src\fiber.cpp
[5/22] C:\PROGRA~1\MICROS~1\2022\COMMUN~1\VC\Tools\MSVC\1444~1.352\bin\Hostx64\x64\cl.exe   /TP -DBOOST_CONTEXT_DYN_LINK="" -DBOOST_CONTEXT_EXPORT=EXPORT -DBOOST_CONTEXT_NO_LIB="" -DBOOST_FIBERS_DYN_LINK -DBOOST_FIBERS_SOURCE -DBOOST_FIBER_DYN_LINK -DBOOST_FIBER_NO_LIB -DBOOST_FIBER_SOURCE -Dboost_fiber_EXPORTS -ID:\TelegramBot\vcpkg_installed\vcpkg\blds\boost-fiber\src\ost-1.86.0-c8b6d12951.clean\libs\fiber\include -external:ID:\TelegramBot\vcpkg_installed\x64-windows\include -external:W0 /nologo /DWIN32 /D_WINDOWS /utf-8 /GR /EHsc /MP  /MDd /Z7 /Ob0 /Od /RTC1  -MDd /showIncludes /Folibs\fiber\CMakeFiles\boost_fiber.dir\src\algo\work_stealing.cpp.obj /Fdlibs\fiber\CMakeFiles\boost_fiber.dir\ /FS -c D:\TelegramBot\vcpkg_installed\vcpkg\blds\boost-fiber\src\ost-1.86.0-c8b6d12951.clean\libs\fiber\src\algo\work_stealing.cpp
[6/22] C:\PROGRA~1\MICROS~1\2022\COMMUN~1\VC\Tools\MSVC\1444~1.352\bin\Hostx64\x64\cl.exe   /TP -DBOOST_CONTEXT_DYN_LINK="" -DBOOST_CONTEXT_EXPORT=EXPORT -DBOOST_CONTEXT_NO_LIB="" -DBOOST_FIBERS_DYN_LINK -DBOOST_FIBERS_SOURCE -DBOOST_FIBER_DYN_LINK -DBOOST_FIBER_NO_LIB -DBOOST_FIBER_SOURCE -Dboost_fiber_EXPORTS -ID:\TelegramBot\vcpkg_installed\vcpkg\blds\boost-fiber\src\ost-1.86.0-c8b6d12951.clean\libs\fiber\include -external:ID:\TelegramBot\vcpkg_installed\x64-windows\include -external:W0 /nologo /DWIN32 /D_WINDOWS /utf-8 /GR /EHsc /MP  /MDd /Z7 /Ob0 /Od /RTC1  -MDd /showIncludes /Folibs\fiber\CMakeFiles\boost_fiber.dir\src\barrier.cpp.obj /Fdlibs\fiber\CMakeFiles\boost_fiber.dir\ /FS -c D:\TelegramBot\vcpkg_installed\vcpkg\blds\boost-fiber\src\ost-1.86.0-c8b6d12951.clean\libs\fiber\src\barrier.cpp
[7/22] C:\PROGRA~1\MICROS~1\2022\COMMUN~1\VC\Tools\MSVC\1444~1.352\bin\Hostx64\x64\cl.exe   /TP -DBOOST_CONTEXT_DYN_LINK="" -DBOOST_CONTEXT_EXPORT=EXPORT -DBOOST_CONTEXT_NO_LIB="" -DBOOST_FIBERS_DYN_LINK -DBOOST_FIBERS_SOURCE -DBOOST_FIBER_DYN_LINK -DBOOST_FIBER_NO_LIB -DBOOST_FIBER_SOURCE -Dboost_fiber_EXPORTS -ID:\TelegramBot\vcpkg_installed\vcpkg\blds\boost-fiber\src\ost-1.86.0-c8b6d12951.clean\libs\fiber\include -external:ID:\TelegramBot\vcpkg_installed\x64-windows\include -external:W0 /nologo /DWIN32 /D_WINDOWS /utf-8 /GR /EHsc /MP  /MDd /Z7 /Ob0 /Od /RTC1  -MDd /showIncludes /Folibs\fiber\CMakeFiles\boost_fiber.dir\src\condition_variable.cpp.obj /Fdlibs\fiber\CMakeFiles\boost_fiber.dir\ /FS -c D:\TelegramBot\vcpkg_installed\vcpkg\blds\boost-fiber\src\ost-1.86.0-c8b6d12951.clean\libs\fiber\src\condition_variable.cpp
[8/22] C:\PROGRA~1\MICROS~1\2022\COMMUN~1\VC\Tools\MSVC\1444~1.352\bin\Hostx64\x64\cl.exe   /TP -DBOOST_CONTEXT_DYN_LINK="" -DBOOST_CONTEXT_EXPORT=EXPORT -DBOOST_CONTEXT_NO_LIB="" -DBOOST_FIBERS_DYN_LINK -DBOOST_FIBERS_SOURCE -DBOOST_FIBER_DYN_LINK -DBOOST_FIBER_NO_LIB -DBOOST_FIBER_SOURCE -Dboost_fiber_EXPORTS -ID:\TelegramBot\vcpkg_installed\vcpkg\blds\boost-fiber\src\ost-1.86.0-c8b6d12951.clean\libs\fiber\include -external:ID:\TelegramBot\vcpkg_installed\x64-windows\include -external:W0 /nologo /DWIN32 /D_WINDOWS /utf-8 /GR /EHsc /MP  /MDd /Z7 /Ob0 /Od /RTC1  -MDd /showIncludes /Folibs\fiber\CMakeFiles\boost_fiber.dir\src\algo\round_robin.cpp.obj /Fdlibs\fiber\CMakeFiles\boost_fiber.dir\ /FS -c D:\TelegramBot\vcpkg_installed\vcpkg\blds\boost-fiber\src\ost-1.86.0-c8b6d12951.clean\libs\fiber\src\algo\round_robin.cpp
[9/22] C:\PROGRA~1\MICROS~1\2022\COMMUN~1\VC\Tools\MSVC\1444~1.352\bin\Hostx64\x64\cl.exe   /TP -DBOOST_CONTEXT_DYN_LINK="" -DBOOST_CONTEXT_EXPORT=EXPORT -DBOOST_CONTEXT_NO_LIB="" -DBOOST_FIBERS_DYN_LINK -DBOOST_FIBERS_SOURCE -DBOOST_FIBER_DYN_LINK -DBOOST_FIBER_NO_LIB -DBOOST_FIBER_SOURCE -Dboost_fiber_EXPORTS -ID:\TelegramBot\vcpkg_installed\vcpkg\blds\boost-fiber\src\ost-1.86.0-c8b6d12951.clean\libs\fiber\include -external:ID:\TelegramBot\vcpkg_installed\x64-windows\include -external:W0 /nologo /DWIN32 /D_WINDOWS /utf-8 /GR /EHsc /MP  /MDd /Z7 /Ob0 /Od /RTC1  -MDd /showIncludes /Folibs\fiber\CMakeFiles\boost_fiber.dir\src\context.cpp.obj /Fdlibs\fiber\CMakeFiles\boost_fiber.dir\ /FS -c D:\TelegramBot\vcpkg_installed\vcpkg\blds\boost-fiber\src\ost-1.86.0-c8b6d12951.clean\libs\fiber\src\context.cpp
[10/22] C:\PROGRA~1\MICROS~1\2022\COMMUN~1\VC\Tools\MSVC\1444~1.352\bin\Hostx64\x64\cl.exe   /TP -DBOOST_CONTEXT_DYN_LINK="" -DBOOST_CONTEXT_EXPORT=EXPORT -DBOOST_CONTEXT_NO_LIB="" -DBOOST_FIBERS_DYN_LINK -DBOOST_FIBERS_SOURCE -DBOOST_FIBER_DYN_LINK -DBOOST_FIBER_NO_LIB -DBOOST_FIBER_SOURCE -Dboost_fiber_EXPORTS -ID:\TelegramBot\vcpkg_installed\vcpkg\blds\boost-fiber\src\ost-1.86.0-c8b6d12951.clean\libs\fiber\include -external:ID:\TelegramBot\vcpkg_installed\x64-windows\include -external:W0 /nologo /DWIN32 /D_WINDOWS /utf-8 /GR /EHsc /MP  /MDd /Z7 /Ob0 /Od /RTC1  -MDd /showIncludes /Folibs\fiber\CMakeFiles\boost_fiber.dir\src\mutex.cpp.obj /Fdlibs\fiber\CMakeFiles\boost_fiber.dir\ /FS -c D:\TelegramBot\vcpkg_installed\vcpkg\blds\boost-fiber\src\ost-1.86.0-c8b6d12951.clean\libs\fiber\src\mutex.cpp
[11/22] C:\PROGRA~1\MICROS~1\2022\COMMUN~1\VC\Tools\MSVC\1444~1.352\bin\Hostx64\x64\cl.exe   /TP -DBOOST_CONTEXT_DYN_LINK="" -DBOOST_CONTEXT_EXPORT=EXPORT -DBOOST_CONTEXT_NO_LIB="" -DBOOST_FIBERS_DYN_LINK -DBOOST_FIBERS_SOURCE -DBOOST_FIBER_DYN_LINK -DBOOST_FIBER_NO_LIB -DBOOST_FIBER_SOURCE -DBOOST_FILESYSTEM_DYN_LINK=1 -DBOOST_FILESYSTEM_NO_LIB -Dboost_fiber_numa_EXPORTS -ID:\TelegramBot\vcpkg_installed\vcpkg\blds\boost-fiber\src\ost-1.86.0-c8b6d12951.clean\libs\fiber\include -external:ID:\TelegramBot\vcpkg_installed\x64-windows\include -external:W0 /nologo /DWIN32 /D_WINDOWS /utf-8 /GR /EHsc /MP  /MDd /Z7 /Ob0 /Od /RTC1  -MDd /showIncludes /Folibs\fiber\CMakeFiles\boost_fiber_numa.dir\src\numa\windows\pin_thread.cpp.obj /Fdlibs\fiber\CMakeFiles\boost_fiber_numa.dir\ /FS -c D:\TelegramBot\vcpkg_installed\vcpkg\blds\boost-fiber\src\ost-1.86.0-c8b6d12951.clean\libs\fiber\src\numa\windows\pin_thread.cpp
[12/22] C:\PROGRA~1\MICROS~1\2022\COMMUN~1\VC\Tools\MSVC\1444~1.352\bin\Hostx64\x64\cl.exe   /TP -DBOOST_CONTEXT_DYN_LINK="" -DBOOST_CONTEXT_EXPORT=EXPORT -DBOOST_CONTEXT_NO_LIB="" -DBOOST_FIBERS_DYN_LINK -DBOOST_FIBERS_SOURCE -DBOOST_FIBER_DYN_LINK -DBOOST_FIBER_NO_LIB -DBOOST_FIBER_SOURCE -DBOOST_FILESYSTEM_DYN_LINK=1 -DBOOST_FILESYSTEM_NO_LIB -Dboost_fiber_numa_EXPORTS -ID:\TelegramBot\vcpkg_installed\vcpkg\blds\boost-fiber\src\ost-1.86.0-c8b6d12951.clean\libs\fiber\include -external:ID:\TelegramBot\vcpkg_installed\x64-windows\include -external:W0 /nologo /DWIN32 /D_WINDOWS /utf-8 /GR /EHsc /MP  /MDd /Z7 /Ob0 /Od /RTC1  -MDd /showIncludes /Folibs\fiber\CMakeFiles\boost_fiber_numa.dir\src\numa\windows\topology.cpp.obj /Fdlibs\fiber\CMakeFiles\boost_fiber_numa.dir\ /FS -c D:\TelegramBot\vcpkg_installed\vcpkg\blds\boost-fiber\src\ost-1.86.0-c8b6d12951.clean\libs\fiber\src\numa\windows\topology.cpp
[13/22] C:\PROGRA~1\MICROS~1\2022\COMMUN~1\VC\Tools\MSVC\1444~1.352\bin\Hostx64\x64\cl.exe   /TP -DBOOST_CONTEXT_DYN_LINK="" -DBOOST_CONTEXT_EXPORT=EXPORT -DBOOST_CONTEXT_NO_LIB="" -DBOOST_FIBERS_DYN_LINK -DBOOST_FIBERS_SOURCE -DBOOST_FIBER_DYN_LINK -DBOOST_FIBER_NO_LIB -DBOOST_FIBER_SOURCE -Dboost_fiber_EXPORTS -ID:\TelegramBot\vcpkg_installed\vcpkg\blds\boost-fiber\src\ost-1.86.0-c8b6d12951.clean\libs\fiber\include -external:ID:\TelegramBot\vcpkg_installed\x64-windows\include -external:W0 /nologo /DWIN32 /D_WINDOWS /utf-8 /GR /EHsc /MP  /MDd /Z7 /Ob0 /Od /RTC1  -MDd /showIncludes /Folibs\fiber\CMakeFiles\boost_fiber.dir\src\properties.cpp.obj /Fdlibs\fiber\CMakeFiles\boost_fiber.dir\ /FS -c D:\TelegramBot\vcpkg_installed\vcpkg\blds\boost-fiber\src\ost-1.86.0-c8b6d12951.clean\libs\fiber\src\properties.cpp
[14/22] C:\PROGRA~1\MICROS~1\2022\COMMUN~1\VC\Tools\MSVC\1444~1.352\bin\Hostx64\x64\cl.exe   /TP -DBOOST_CONTEXT_DYN_LINK="" -DBOOST_CONTEXT_EXPORT=EXPORT -DBOOST_CONTEXT_NO_LIB="" -DBOOST_FIBERS_DYN_LINK -DBOOST_FIBERS_SOURCE -DBOOST_FIBER_DYN_LINK -DBOOST_FIBER_NO_LIB -DBOOST_FIBER_SOURCE -Dboost_fiber_EXPORTS -ID:\TelegramBot\vcpkg_installed\vcpkg\blds\boost-fiber\src\ost-1.86.0-c8b6d12951.clean\libs\fiber\include -external:ID:\TelegramBot\vcpkg_installed\x64-windows\include -external:W0 /nologo /DWIN32 /D_WINDOWS /utf-8 /GR /EHsc /MP  /MDd /Z7 /Ob0 /Od /RTC1  -MDd /showIncludes /Folibs\fiber\CMakeFiles\boost_fiber.dir\src\recursive_timed_mutex.cpp.obj /Fdlibs\fiber\CMakeFiles\boost_fiber.dir\ /FS -c D:\TelegramBot\vcpkg_installed\vcpkg\blds\boost-fiber\src\ost-1.86.0-c8b6d12951.clean\libs\fiber\src\recursive_timed_mutex.cpp
[15/22] C:\PROGRA~1\MICROS~1\2022\COMMUN~1\VC\Tools\MSVC\1444~1.352\bin\Hostx64\x64\cl.exe   /TP -DBOOST_CONTEXT_DYN_LINK="" -DBOOST_CONTEXT_EXPORT=EXPORT -DBOOST_CONTEXT_NO_LIB="" -DBOOST_FIBERS_DYN_LINK -DBOOST_FIBERS_SOURCE -DBOOST_FIBER_DYN_LINK -DBOOST_FIBER_NO_LIB -DBOOST_FIBER_SOURCE -Dboost_fiber_EXPORTS -ID:\TelegramBot\vcpkg_installed\vcpkg\blds\boost-fiber\src\ost-1.86.0-c8b6d12951.clean\libs\fiber\include -external:ID:\TelegramBot\vcpkg_installed\x64-windows\include -external:W0 /nologo /DWIN32 /D_WINDOWS /utf-8 /GR /EHsc /MP  /MDd /Z7 /Ob0 /Od /RTC1  -MDd /showIncludes /Folibs\fiber\CMakeFiles\boost_fiber.dir\src\recursive_mutex.cpp.obj /Fdlibs\fiber\CMakeFiles\boost_fiber.dir\ /FS -c D:\TelegramBot\vcpkg_installed\vcpkg\blds\boost-fiber\src\ost-1.86.0-c8b6d12951.clean\libs\fiber\src\recursive_mutex.cpp
[16/22] C:\PROGRA~1\MICROS~1\2022\COMMUN~1\VC\Tools\MSVC\1444~1.352\bin\Hostx64\x64\cl.exe   /TP -DBOOST_CONTEXT_DYN_LINK="" -DBOOST_CONTEXT_EXPORT=EXPORT -DBOOST_CONTEXT_NO_LIB="" -DBOOST_FIBERS_DYN_LINK -DBOOST_FIBERS_SOURCE -DBOOST_FIBER_DYN_LINK -DBOOST_FIBER_NO_LIB -DBOOST_FIBER_SOURCE -Dboost_fiber_EXPORTS -ID:\TelegramBot\vcpkg_installed\vcpkg\blds\boost-fiber\src\ost-1.86.0-c8b6d12951.clean\libs\fiber\include -external:ID:\TelegramBot\vcpkg_installed\x64-windows\include -external:W0 /nologo /DWIN32 /D_WINDOWS /utf-8 /GR /EHsc /MP  /MDd /Z7 /Ob0 /Od /RTC1  -MDd /showIncludes /Folibs\fiber\CMakeFiles\boost_fiber.dir\src\waker.cpp.obj /Fdlibs\fiber\CMakeFiles\boost_fiber.dir\ /FS -c D:\TelegramBot\vcpkg_installed\vcpkg\blds\boost-fiber\src\ost-1.86.0-c8b6d12951.clean\libs\fiber\src\waker.cpp
[17/22] C:\PROGRA~1\MICROS~1\2022\COMMUN~1\VC\Tools\MSVC\1444~1.352\bin\Hostx64\x64\cl.exe   /TP -DBOOST_CONTEXT_DYN_LINK="" -DBOOST_CONTEXT_EXPORT=EXPORT -DBOOST_CONTEXT_NO_LIB="" -DBOOST_FIBERS_DYN_LINK -DBOOST_FIBERS_SOURCE -DBOOST_FIBER_DYN_LINK -DBOOST_FIBER_NO_LIB -DBOOST_FIBER_SOURCE -Dboost_fiber_EXPORTS -ID:\TelegramBot\vcpkg_installed\vcpkg\blds\boost-fiber\src\ost-1.86.0-c8b6d12951.clean\libs\fiber\include -external:ID:\TelegramBot\vcpkg_installed\x64-windows\include -external:W0 /nologo /DWIN32 /D_WINDOWS /utf-8 /GR /EHsc /MP  /MDd /Z7 /Ob0 /Od /RTC1  -MDd /showIncludes /Folibs\fiber\CMakeFiles\boost_fiber.dir\src\scheduler.cpp.obj /Fdlibs\fiber\CMakeFiles\boost_fiber.dir\ /FS -c D:\TelegramBot\vcpkg_installed\vcpkg\blds\boost-fiber\src\ost-1.86.0-c8b6d12951.clean\libs\fiber\src\scheduler.cpp
[18/22] C:\PROGRA~1\MICROS~1\2022\COMMUN~1\VC\Tools\MSVC\1444~1.352\bin\Hostx64\x64\cl.exe   /TP -DBOOST_CONTEXT_DYN_LINK="" -DBOOST_CONTEXT_EXPORT=EXPORT -DBOOST_CONTEXT_NO_LIB="" -DBOOST_FIBERS_DYN_LINK -DBOOST_FIBERS_SOURCE -DBOOST_FIBER_DYN_LINK -DBOOST_FIBER_NO_LIB -DBOOST_FIBER_SOURCE -Dboost_fiber_EXPORTS -ID:\TelegramBot\vcpkg_installed\vcpkg\blds\boost-fiber\src\ost-1.86.0-c8b6d12951.clean\libs\fiber\include -external:ID:\TelegramBot\vcpkg_installed\x64-windows\include -external:W0 /nologo /DWIN32 /D_WINDOWS /utf-8 /GR /EHsc /MP  /MDd /Z7 /Ob0 /Od /RTC1  -MDd /showIncludes /Folibs\fiber\CMakeFiles\boost_fiber.dir\src\timed_mutex.cpp.obj /Fdlibs\fiber\CMakeFiles\boost_fiber.dir\ /FS -c D:\TelegramBot\vcpkg_installed\vcpkg\blds\boost-fiber\src\ost-1.86.0-c8b6d12951.clean\libs\fiber\src\timed_mutex.cpp
[19/22] C:\WINDOWS\system32\cmd.exe /C "cd . && D:\Software\cmake-4.2.1-windows-x86_64\bin\cmake.exe -E vs_link_dll --msvc-ver=1944 --intdir=libs\fiber\CMakeFiles\boost_fiber.dir --rc=C:\PROGRA~2\WI3CF2~1\10\bin\100261~1.0\x64\rc.exe --mt=C:\PROGRA~2\WI3CF2~1\10\bin\100261~1.0\x64\mt.exe --manifests  -- C:\PROGRA~1\MICROS~1\2022\COMMUN~1\VC\Tools\MSVC\1444~1.352\bin\Hostx64\x64\link.exe  libs\fiber\CMakeFiles\boost_fiber.dir\src\algo\algorithm.cpp.obj libs\fiber\CMakeFiles\boost_fiber.dir\src\algo\round_robin.cpp.obj libs\fiber\CMakeFiles\boost_fiber.dir\src\algo\shared_work.cpp.obj libs\fiber\CMakeFiles\boost_fiber.dir\src\algo\work_stealing.cpp.obj libs\fiber\CMakeFiles\boost_fiber.dir\src\barrier.cpp.obj libs\fiber\CMakeFiles\boost_fiber.dir\src\condition_variable.cpp.obj libs\fiber\CMakeFiles\boost_fiber.dir\src\context.cpp.obj libs\fiber\CMakeFiles\boost_fiber.dir\src\fiber.cpp.obj libs\fiber\CMakeFiles\boost_fiber.dir\src\future.cpp.obj libs\fiber\CMakeFiles\boost_fiber.dir\src\mutex.cpp.obj libs\fiber\CMakeFiles\boost_fiber.dir\src\properties.cpp.obj libs\fiber\CMakeFiles\boost_fiber.dir\src\recursive_mutex.cpp.obj libs\fiber\CMakeFiles\boost_fiber.dir\src\recursive_timed_mutex.cpp.obj libs\fiber\CMakeFiles\boost_fiber.dir\src\scheduler.cpp.obj libs\fiber\CMakeFiles\boost_fiber.dir\src\timed_mutex.cpp.obj libs\fiber\CMakeFiles\boost_fiber.dir\src\waker.cpp.obj  /out:stage\bin\boost_fiber-vc143-mt-gd-x64-1_86.dll /implib:stage\lib\boost_fiber-vc143-mt-gd-x64-1_86.lib /pdb:stage\bin\boost_fiber-vc143-mt-gd-x64-1_86.pdb /dll /version:1.86 /machine:x64 /nologo    /debug /INCREMENTAL  D:\TelegramBot\vcpkg_installed\x64-windows\debug\lib\boost_context-vc143-mt-gd-x64-1_86.lib  kernel32.lib user32.lib gdi32.lib winspool.lib shell32.lib ole32.lib oleaut32.lib uuid.lib comdlg32.lib advapi32.lib && cd ."
[20/22] C:\PROGRA~1\MICROS~1\2022\COMMUN~1\VC\Tools\MSVC\1444~1.352\bin\Hostx64\x64\cl.exe   /TP -DBOOST_CONTEXT_DYN_LINK="" -DBOOST_CONTEXT_EXPORT=EXPORT -DBOOST_CONTEXT_NO_LIB="" -DBOOST_FIBERS_DYN_LINK -DBOOST_FIBERS_SOURCE -DBOOST_FIBER_DYN_LINK -DBOOST_FIBER_NO_LIB -DBOOST_FIBER_SOURCE -DBOOST_FILESYSTEM_DYN_LINK=1 -DBOOST_FILESYSTEM_NO_LIB -Dboost_fiber_numa_EXPORTS -ID:\TelegramBot\vcpkg_installed\vcpkg\blds\boost-fiber\src\ost-1.86.0-c8b6d12951.clean\libs\fiber\include -external:ID:\TelegramBot\vcpkg_installed\x64-windows\include -external:W0 /nologo /DWIN32 /D_WINDOWS /utf-8 /GR /EHsc /MP  /MDd /Z7 /Ob0 /Od /RTC1  -MDd /showIncludes /Folibs\fiber\CMakeFiles\boost_fiber_numa.dir\src\numa\algo\work_stealing.cpp.obj /Fdlibs\fiber\CMakeFiles\boost_fiber_numa.dir\ /FS -c D:\TelegramBot\vcpkg_installed\vcpkg\blds\boost-fiber\src\ost-1.86.0-c8b6d12951.clean\libs\fiber\src\numa\algo\work_stealing.cpp
[21/22] C:\WINDOWS\system32\cmd.exe /C "cd . && D:\Software\cmake-4.2.1-windows-x86_64\bin\cmake.exe -E vs_link_dll --msvc-ver=1944 --intdir=libs\fiber\CMakeFiles\boost_fiber_numa.dir --rc=C:\PROGRA~2\WI3CF2~1\10\bin\100261~1.0\x64\rc.exe --mt=C:\PROGRA~2\WI3CF2~1\10\bin\100261~1.0\x64\mt.exe --manifests  -- C:\PROGRA~1\MICROS~1\2022\COMMUN~1\VC\Tools\MSVC\1444~1.352\bin\Hostx64\x64\link.exe  libs\fiber\CMakeFiles\boost_fiber_numa.dir\src\numa\windows\pin_thread.cpp.obj libs\fiber\CMakeFiles\boost_fiber_numa.dir\src\numa\windows\topology.cpp.obj libs\fiber\CMakeFiles\boost_fiber_numa.dir\src\numa\algo\work_stealing.cpp.obj  /out:stage\bin\boost_fiber_numa-vc143-mt-gd-x64-1_86.dll /implib:stage\lib\boost_fiber_numa-vc143-mt-gd-x64-1_86.lib /pdb:stage\bin\boost_fiber_numa-vc143-mt-gd-x64-1_86.pdb /dll /version:1.86 /machine:x64 /nologo    /debug /INCREMENTAL  stage\lib\boost_fiber-vc143-mt-gd-x64-1_86.lib  D:\TelegramBot\vcpkg_installed\x64-windows\debug\lib\boost_filesystem-vc143-mt-gd-x64-1_86.lib  D:\TelegramBot\vcpkg_installed\x64-windows\debug\lib\boost_context-vc143-mt-gd-x64-1_86.lib  D:\TelegramBot\vcpkg_installed\x64-windows\debug\lib\boost_regex-vc143-mt-gd-x64-1_86.lib  D:\TelegramBot\vcpkg_installed\x64-windows\debug\lib\boost_system-vc143-mt-gd-x64-1_86.lib  kernel32.lib user32.lib gdi32.lib winspool.lib shell32.lib ole32.lib oleaut32.lib uuid.lib comdlg32.lib advapi32.lib && cd ."
[21/22] C:\WINDOWS\system32\cmd.exe /C "cd /D D:\TelegramBot\vcpkg_installed\vcpkg\blds\boost-fiber\x64-windows-dbg && D:\Software\cmake-4.2.1-windows-x86_64\bin\cmake.exe -P cmake_install.cmake"
-- Install configuration: "Debug"
-- Installing: D:/TelegramBot/vcpkg_installed/vcpkg/pkgs/boost-fiber_x64-windows/debug/include
-- Installing: D:/TelegramBot/vcpkg_installed/vcpkg/pkgs/boost-fiber_x64-windows/debug/include/boost
-- Installing: D:/TelegramBot/vcpkg_installed/vcpkg/pkgs/boost-fiber_x64-windows/debug/include/boost/fiber
-- Installing: D:/TelegramBot/vcpkg_installed/vcpkg/pkgs/boost-fiber_x64-windows/debug/include/boost/fiber/algo
-- Installing: D:/TelegramBot/vcpkg_installed/vcpkg/pkgs/boost-fiber_x64-windows/debug/include/boost/fiber/algo/algorithm.hpp
-- Installing: D:/TelegramBot/vcpkg_installed/vcpkg/pkgs/boost-fiber_x64-windows/debug/include/boost/fiber/algo/round_robin.hpp
-- Installing: D:/TelegramBot/vcpkg_installed/vcpkg/pkgs/boost-fiber_x64-windows/debug/include/boost/fiber/algo/shared_work.hpp
-- Installing: D:/TelegramBot/vcpkg_installed/vcpkg/pkgs/boost-fiber_x64-windows/debug/include/boost/fiber/algo/work_stealing.hpp
-- Installing: D:/TelegramBot/vcpkg_installed/vcpkg/pkgs/boost-fiber_x64-windows/debug/include/boost/fiber/all.hpp
-- Installing: D:/TelegramBot/vcpkg_installed/vcpkg/pkgs/boost-fiber_x64-windows/debug/include/boost/fiber/barrier.hpp
-- Installing: D:/TelegramBot/vcpkg_installed/vcpkg/pkgs/boost-fiber_x64-windows/debug/include/boost/fiber/buffered_channel.hpp
-- Installing: D:/TelegramBot/vcpkg_installed/vcpkg/pkgs/boost-fiber_x64-windows/debug/include/boost/fiber/channel_op_status.hpp
-- Installing: D:/TelegramBot/vcpkg_installed/vcpkg/pkgs/boost-fiber_x64-windows/debug/include/boost/fiber/condition_variable.hpp
-- Installing: D:/TelegramBot/vcpkg_installed/vcpkg/pkgs/boost-fiber_x64-windows/debug/include/boost/fiber/context.hpp
-- Installing: D:/TelegramBot/vcpkg_installed/vcpkg/pkgs/boost-fiber_x64-windows/debug/include/boost/fiber/cuda
-- Installing: D:/TelegramBot/vcpkg_installed/vcpkg/pkgs/boost-fiber_x64-windows/debug/include/boost/fiber/cuda/waitfor.hpp
-- Installing: D:/TelegramBot/vcpkg_installed/vcpkg/pkgs/boost-fiber_x64-windows/debug/include/boost/fiber/detail
-- Installing: D:/TelegramBot/vcpkg_installed/vcpkg/pkgs/boost-fiber_x64-windows/debug/include/boost/fiber/detail/config.hpp
-- Installing: D:/TelegramBot/vcpkg_installed/vcpkg/pkgs/boost-fiber_x64-windows/debug/include/boost/fiber/detail/context_spinlock_queue.hpp
-- Installing: D:/TelegramBot/vcpkg_installed/vcpkg/pkgs/boost-fiber_x64-windows/debug/include/boost/fiber/detail/context_spmc_queue.hpp
-- Installing: D:/TelegramBot/vcpkg_installed/vcpkg/pkgs/boost-fiber_x64-windows/debug/include/boost/fiber/detail/convert.hpp
-- Installing: D:/TelegramBot/vcpkg_installed/vcpkg/pkgs/boost-fiber_x64-windows/debug/include/boost/fiber/detail/cpu_relax.hpp
-- Installing: D:/TelegramBot/vcpkg_installed/vcpkg/pkgs/boost-fiber_x64-windows/debug/include/boost/fiber/detail/data.hpp
-- Installing: D:/TelegramBot/vcpkg_installed/vcpkg/pkgs/boost-fiber_x64-windows/debug/include/boost/fiber/detail/decay_copy.hpp
-- Installing: D:/TelegramBot/vcpkg_installed/vcpkg/pkgs/boost-fiber_x64-windows/debug/include/boost/fiber/detail/disable_overload.hpp
-- Installing: D:/TelegramBot/vcpkg_installed/vcpkg/pkgs/boost-fiber_x64-windows/debug/include/boost/fiber/detail/exchange.hpp
-- Installing: D:/TelegramBot/vcpkg_installed/vcpkg/pkgs/boost-fiber_x64-windows/debug/include/boost/fiber/detail/fss.hpp
-- Installing: D:/TelegramBot/vcpkg_installed/vcpkg/pkgs/boost-fiber_x64-windows/debug/include/boost/fiber/detail/futex.hpp
-- Installing: D:/TelegramBot/vcpkg_installed/vcpkg/pkgs/boost-fiber_x64-windows/debug/include/boost/fiber/detail/is_all_same.hpp
-- Installing: D:/TelegramBot/vcpkg_installed/vcpkg/pkgs/boost-fiber_x64-windows/debug/include/boost/fiber/detail/rtm.hpp
-- Installing: D:/TelegramBot/vcpkg_installed/vcpkg/pkgs/boost-fiber_x64-windows/debug/include/boost/fiber/detail/spinlock.hpp
-- Installing: D:/TelegramBot/vcpkg_installed/vcpkg/pkgs/boost-fiber_x64-windows/debug/include/boost/fiber/detail/spinlock_rtm.hpp
-- Installing: D:/TelegramBot/vcpkg_installed/vcpkg/pkgs/boost-fiber_x64-windows/debug/include/boost/fiber/detail/spinlock_status.hpp
-- Installing: D:/TelegramBot/vcpkg_installed/vcpkg/pkgs/boost-fiber_x64-windows/debug/include/boost/fiber/detail/spinlock_ttas.hpp
-- Installing: D:/TelegramBot/vcpkg_installed/vcpkg/pkgs/boost-fiber_x64-windows/debug/include/boost/fiber/detail/spinlock_ttas_adaptive.hpp
-- Installing: D:/TelegramBot/vcpkg_installed/vcpkg/pkgs/boost-fiber_x64-windows/debug/include/boost/fiber/detail/spinlock_ttas_adaptive_futex.hpp
-- Installing: D:/TelegramBot/vcpkg_installed/vcpkg/pkgs/boost-fiber_x64-windows/debug/include/boost/fiber/detail/spinlock_ttas_futex.hpp
-- Installing: D:/TelegramBot/vcpkg_installed/vcpkg/pkgs/boost-fiber_x64-windows/debug/include/boost/fiber/detail/thread_barrier.hpp
-- Installing: D:/TelegramBot/vcpkg_installed/vcpkg/pkgs/boost-fiber_x64-windows/debug/include/boost/fiber/exceptions.hpp
-- Installing: D:/TelegramBot/vcpkg_installed/vcpkg/pkgs/boost-fiber_x64-windows/debug/include/boost/fiber/fiber.hpp
-- Installing: D:/TelegramBot/vcpkg_installed/vcpkg/pkgs/boost-fiber_x64-windows/debug/include/boost/fiber/fixedsize_stack.hpp
-- Installing: D:/TelegramBot/vcpkg_installed/vcpkg/pkgs/boost-fiber_x64-windows/debug/include/boost/fiber/fss.hpp
-- Installing: D:/TelegramBot/vcpkg_installed/vcpkg/pkgs/boost-fiber_x64-windows/debug/include/boost/fiber/future
-- Installing: D:/TelegramBot/vcpkg_installed/vcpkg/pkgs/boost-fiber_x64-windows/debug/include/boost/fiber/future/async.hpp
-- Installing: D:/TelegramBot/vcpkg_installed/vcpkg/pkgs/boost-fiber_x64-windows/debug/include/boost/fiber/future/detail
-- Installing: D:/TelegramBot/vcpkg_installed/vcpkg/pkgs/boost-fiber_x64-windows/debug/include/boost/fiber/future/detail/shared_state.hpp
-- Installing: D:/TelegramBot/vcpkg_installed/vcpkg/pkgs/boost-fiber_x64-windows/debug/include/boost/fiber/future/detail/shared_state_object.hpp
-- Installing: D:/TelegramBot/vcpkg_installed/vcpkg/pkgs/boost-fiber_x64-windows/debug/include/boost/fiber/future/detail/task_base.hpp
-- Installing: D:/TelegramBot/vcpkg_installed/vcpkg/pkgs/boost-fiber_x64-windows/debug/include/boost/fiber/future/detail/task_object.hpp
-- Installing: D:/TelegramBot/vcpkg_installed/vcpkg/pkgs/boost-fiber_x64-windows/debug/include/boost/fiber/future/future.hpp
-- Installing: D:/TelegramBot/vcpkg_installed/vcpkg/pkgs/boost-fiber_x64-windows/debug/include/boost/fiber/future/future_status.hpp
-- Installing: D:/TelegramBot/vcpkg_installed/vcpkg/pkgs/boost-fiber_x64-windows/debug/include/boost/fiber/future/packaged_task.hpp
-- Installing: D:/TelegramBot/vcpkg_installed/vcpkg/pkgs/boost-fiber_x64-windows/debug/include/boost/fiber/future/promise.hpp
-- Installing: D:/TelegramBot/vcpkg_installed/vcpkg/pkgs/boost-fiber_x64-windows/debug/include/boost/fiber/future.hpp
-- Installing: D:/TelegramBot/vcpkg_installed/vcpkg/pkgs/boost-fiber_x64-windows/debug/include/boost/fiber/hip
-- Installing: D:/TelegramBot/vcpkg_installed/vcpkg/pkgs/boost-fiber_x64-windows/debug/include/boost/fiber/hip/waitfor.hpp
-- Installing: D:/TelegramBot/vcpkg_installed/vcpkg/pkgs/boost-fiber_x64-windows/debug/include/boost/fiber/mutex.hpp
-- Installing: D:/TelegramBot/vcpkg_installed/vcpkg/pkgs/boost-fiber_x64-windows/debug/include/boost/fiber/numa
-- Installing: D:/TelegramBot/vcpkg_installed/vcpkg/pkgs/boost-fiber_x64-windows/debug/include/boost/fiber/numa/algo
-- Installing: D:/TelegramBot/vcpkg_installed/vcpkg/pkgs/boost-fiber_x64-windows/debug/include/boost/fiber/numa/algo/work_stealing.hpp
-- Installing: D:/TelegramBot/vcpkg_installed/vcpkg/pkgs/boost-fiber_x64-windows/debug/include/boost/fiber/numa/all.hpp
-- Installing: D:/TelegramBot/vcpkg_installed/vcpkg/pkgs/boost-fiber_x64-windows/debug/include/boost/fiber/numa/pin_thread.hpp
-- Installing: D:/TelegramBot/vcpkg_installed/vcpkg/pkgs/boost-fiber_x64-windows/debug/include/boost/fiber/numa/topology.hpp
-- Installing: D:/TelegramBot/vcpkg_installed/vcpkg/pkgs/boost-fiber_x64-windows/debug/include/boost/fiber/operations.hpp
-- Installing: D:/TelegramBot/vcpkg_installed/vcpkg/pkgs/boost-fiber_x64-windows/debug/include/boost/fiber/policy.hpp
-- Installing: D:/TelegramBot/vcpkg_installed/vcpkg/pkgs/boost-fiber_x64-windows/debug/include/boost/fiber/pooled_fixedsize_stack.hpp
-- Installing: D:/TelegramBot/vcpkg_installed/vcpkg/pkgs/boost-fiber_x64-windows/debug/include/boost/fiber/properties.hpp
-- Installing: D:/TelegramBot/vcpkg_installed/vcpkg/pkgs/boost-fiber_x64-windows/debug/include/boost/fiber/protected_fixedsize_stack.hpp
-- Installing: D:/TelegramBot/vcpkg_installed/vcpkg/pkgs/boost-fiber_x64-windows/debug/include/boost/fiber/recursive_mutex.hpp
-- Installing: D:/TelegramBot/vcpkg_installed/vcpkg/pkgs/boost-fiber_x64-windows/debug/include/boost/fiber/recursive_timed_mutex.hpp
-- Installing: D:/TelegramBot/vcpkg_installed/vcpkg/pkgs/boost-fiber_x64-windows/debug/include/boost/fiber/scheduler.hpp
-- Installing: D:/TelegramBot/vcpkg_installed/vcpkg/pkgs/boost-fiber_x64-windows/debug/include/boost/fiber/segmented_stack.hpp
-- Installing: D:/TelegramBot/vcpkg_installed/vcpkg/pkgs/boost-fiber_x64-windows/debug/include/boost/fiber/stack_allocator_wrapper.hpp
-- Installing: D:/TelegramBot/vcpkg_installed/vcpkg/pkgs/boost-fiber_x64-windows/debug/include/boost/fiber/timed_mutex.hpp
-- Installing: D:/TelegramBot/vcpkg_installed/vcpkg/pkgs/boost-fiber_x64-windows/debug/include/boost/fiber/type.hpp
-- Installing: D:/TelegramBot/vcpkg_installed/vcpkg/pkgs/boost-fiber_x64-windows/debug/include/boost/fiber/unbuffered_channel.hpp
-- Installing: D:/TelegramBot/vcpkg_installed/vcpkg/pkgs/boost-fiber_x64-windows/debug/include/boost/fiber/waker.hpp
-- Installing: D:/TelegramBot/vcpkg_installed/vcpkg/pkgs/boost-fiber_x64-windows/debug/lib/boost_fiber-vc143-mt-gd-x64-1_86.lib
-- Installing: D:/TelegramBot/vcpkg_installed/vcpkg/pkgs/boost-fiber_x64-windows/debug/bin/boost_fiber-vc143-mt-gd-x64-1_86.dll
-- Installing: D:/TelegramBot/vcpkg_installed/vcpkg/pkgs/boost-fiber_x64-windows/debug/bin/boost_fiber-vc143-mt-gd-x64-1_86.pdb
-- Installing: D:/TelegramBot/vcpkg_installed/vcpkg/pkgs/boost-fiber_x64-windows/debug/lib/cmake/boost_fiber-1.86.0/boost_fiber-targets.cmake
-- Installing: D:/TelegramBot/vcpkg_installed/vcpkg/pkgs/boost-fiber_x64-windows/debug/lib/cmake/boost_fiber-1.86.0/boost_fiber-targets-debug.cmake
-- Installing: D:/TelegramBot/vcpkg_installed/vcpkg/pkgs/boost-fiber_x64-windows/debug/lib/cmake/boost_fiber-1.86.0/boost_fiber-config.cmake
-- Installing: D:/TelegramBot/vcpkg_installed/vcpkg/pkgs/boost-fiber_x64-windows/debug/lib/cmake/boost_fiber-1.86.0/boost_fiber-config-version.cmake
-- Installing: D:/TelegramBot/vcpkg_installed/vcpkg/pkgs/boost-fiber_x64-windows/debug/lib/boost_fiber_numa-vc143-mt-gd-x64-1_86.lib
-- Installing: D:/TelegramBot/vcpkg_installed/vcpkg/pkgs/boost-fiber_x64-windows/debug/bin/boost_fiber_numa-vc143-mt-gd-x64-1_86.dll
-- Installing: D:/TelegramBot/vcpkg_installed/vcpkg/pkgs/boost-fiber_x64-windows/debug/bin/boost_fiber_numa-vc143-mt-gd-x64-1_86.pdb
-- Installing: D:/TelegramBot/vcpkg_installed/vcpkg/pkgs/boost-fiber_x64-windows/debug/lib/cmake/boost_fiber_numa-1.86.0/boost_fiber_numa-targets.cmake
-- Installing: D:/TelegramBot/vcpkg_installed/vcpkg/pkgs/boost-fiber_x64-windows/debug/lib/cmake/boost_fiber_numa-1.86.0/boost_fiber_numa-targets-debug.cmake
-- Installing: D:/TelegramBot/vcpkg_installed/vcpkg/pkgs/boost-fiber_x64-windows/debug/lib/cmake/boost_fiber_numa-1.86.0/boost_fiber_numa-config.cmake
-- Installing: D:/TelegramBot/vcpkg_installed/vcpkg/pkgs/boost-fiber_x64-windows/debug/lib/cmake/boost_fiber_numa-1.86.0/boost_fiber_numa-config-version.cmake

