Change Dir: 'D:/TelegramBot/vcpkg_installed/vcpkg/blds/boost-lockfree/x64-windows-rel'

Run Build Command(s): "C:/Program Files/Microsoft Visual Studio/2022/Community/Common7/IDE/CommonExtensions/Microsoft/CMake/Ninja/ninja.exe" -v -v -j9 install
[0/1] C:\WINDOWS\system32\cmd.exe /C "cd /D D:\TelegramBot\vcpkg_installed\vcpkg\blds\boost-lockfree\x64-windows-rel && D:\Software\cmake-4.2.1-windows-x86_64\bin\cmake.exe -P cmake_install.cmake"
-- Install configuration: "Release"
-- Installing: D:/TelegramBot/vcpkg_installed/vcpkg/pkgs/boost-lockfree_x64-windows/include
-- Installing: D:/TelegramBot/vcpkg_installed/vcpkg/pkgs/boost-lockfree_x64-windows/include/boost
-- Installing: D:/TelegramBot/vcpkg_installed/vcpkg/pkgs/boost-lockfree_x64-windows/include/boost/lockfree
-- Installing: D:/TelegramBot/vcpkg_installed/vcpkg/pkgs/boost-lockfree_x64-windows/include/boost/lockfree/detail
-- Installing: D:/TelegramBot/vcpkg_installed/vcpkg/pkgs/boost-lockfree_x64-windows/include/boost/lockfree/detail/atomic.hpp
-- Installing: D:/TelegramBot/vcpkg_installed/vcpkg/pkgs/boost-lockfree_x64-windows/include/boost/lockfree/detail/copy_payload.hpp
-- Installing: D:/TelegramBot/vcpkg_installed/vcpkg/pkgs/boost-lockfree_x64-windows/include/boost/lockfree/detail/freelist.hpp
-- Installing: D:/TelegramBot/vcpkg_installed/vcpkg/pkgs/boost-lockfree_x64-windows/include/boost/lockfree/detail/parameter.hpp
-- Installing: D:/TelegramBot/vcpkg_installed/vcpkg/pkgs/boost-lockfree_x64-windows/include/boost/lockfree/detail/prefix.hpp
-- Installing: D:/TelegramBot/vcpkg_installed/vcpkg/pkgs/boost-lockfree_x64-windows/include/boost/lockfree/detail/tagged_ptr.hpp
-- Installing: D:/TelegramBot/vcpkg_installed/vcpkg/pkgs/boost-lockfree_x64-windows/include/boost/lockfree/detail/tagged_ptr_dcas.hpp
-- Installing: D:/TelegramBot/vcpkg_installed/vcpkg/pkgs/boost-lockfree_x64-windows/include/boost/lockfree/detail/tagged_ptr_ptrcompression.hpp
-- Installing: D:/TelegramBot/vcpkg_installed/vcpkg/pkgs/boost-lockfree_x64-windows/include/boost/lockfree/lockfree_forward.hpp
-- Installing: D:/TelegramBot/vcpkg_installed/vcpkg/pkgs/boost-lockfree_x64-windows/include/boost/lockfree/policies.hpp
-- Installing: D:/TelegramBot/vcpkg_installed/vcpkg/pkgs/boost-lockfree_x64-windows/include/boost/lockfree/queue.hpp
-- Installing: D:/TelegramBot/vcpkg_installed/vcpkg/pkgs/boost-lockfree_x64-windows/include/boost/lockfree/spsc_queue.hpp
-- Installing: D:/TelegramBot/vcpkg_installed/vcpkg/pkgs/boost-lockfree_x64-windows/include/boost/lockfree/stack.hpp
-- Installing: D:/TelegramBot/vcpkg_installed/vcpkg/pkgs/boost-lockfree_x64-windows/lib/cmake/boost_lockfree-1.86.0/boost_lockfree-targets.cmake
-- Installing: D:/TelegramBot/vcpkg_installed/vcpkg/pkgs/boost-lockfree_x64-windows/lib/cmake/boost_lockfree-1.86.0/boost_lockfree-config.cmake
-- Installing: D:/TelegramBot/vcpkg_installed/vcpkg/pkgs/boost-lockfree_x64-windows/lib/cmake/boost_lockfree-1.86.0/boost_lockfree-config-version.cmake

