Downloading https://github.com/curl/curl/archive/curl-8_12_1.tar.gz -> curl-curl-curl-8_12_1.tar.gz
Successfully downloaded curl-curl-curl-8_12_1.tar.gz
-- Extracting source C:/Users/Artem/AppData/Local/vcpkg/downloads/curl-curl-curl-8_12_1.tar.gz
-- Applying patch 0005_remove_imp_suffix.patch
-- Applying patch export-components.patch
-- Applying patch dependencies.patch
-- Applying patch pkgconfig-curl-config.patch
-- Applying patch cmake-config.patch
-- Using source at D:/TelegramBot/vcpkg_installed/vcpkg/blds/curl/src/url-8_12_1-91bc69c614.clean
-- Using cached msys2-mingw-w64-x86_64-pkgconf-1~2.3.0-1-any.pkg.tar.zst
-- Using cached msys2-msys2-runtime-3.5.4-2-x86_64.pkg.tar.zst
-- Using msys root at C:/Users/Artem/AppData/Local/vcpkg/downloads/tools/msys2/21caed2f81ec917b
-- Found external ninja('1.12.1').
-- Configuring x64-windows
-- Building x64-windows-dbg
-- Building x64-windows-rel
-- Fixing pkgconfig file: D:/TelegramBot/vcpkg_installed/vcpkg/pkgs/curl_x64-windows/lib/pkgconfig/libcurl.pc
-- Fixing pkgconfig file: D:/TelegramBot/vcpkg_installed/vcpkg/pkgs/curl_x64-windows/debug/lib/pkgconfig/libcurl.pc
-- Installing: D:/TelegramBot/vcpkg_installed/vcpkg/pkgs/curl_x64-windows/share/curl/vcpkg-cmake-wrapper.cmake
-- Installing: D:/TelegramBot/vcpkg_installed/vcpkg/pkgs/curl_x64-windows/share/curl/usage
-- Performing post-build validation
