Downloading https://github.com/boostorg/boost/archive/boost-1.86.0.tar.gz -> boostorg-boost-boost-1.86.0.tar.gz
Successfully downloaded boostorg-boost-boost-1.86.0.tar.gz
-- Extracting source C:/Users/Artem/AppData/Local/vcpkg/downloads/boostorg-boost-boost-1.86.0.tar.gz
-- Using source at D:/TelegramBot/vcpkg_installed/vcpkg/blds/boost-cmake/src/ost-1.86.0-da01bebc44.clean
Downloading https://github.com/boostorg/cmake/archive/boost-1.86.0.tar.gz -> boostorg-cmake-boost-1.86.0.tar.gz
Successfully downloaded boostorg-cmake-boost-1.86.0.tar.gz
-- Extracting source C:/Users/Artem/AppData/Local/vcpkg/downloads/boostorg-cmake-boost-1.86.0.tar.gz
-- Applying patch vcpkg-build.diff
-- Applying patch fix-mpi.diff
-- Applying patch no-prefix.diff
-- Applying patch no-config-suffix.diff
-- Applying patch no-honor-static.diff
-- Applying patch add-optional-deps.diff
-- Using source at D:/TelegramBot/vcpkg_installed/vcpkg/blds/boost-cmake/src/ost-1.86.0-196b676d9e.clean
-- Installing: D:/TelegramBot/vcpkg_installed/vcpkg/pkgs/boost-cmake_x64-windows/share/boost-cmake/usage
-- Found external ninja('1.12.1').
-- Configuring x64-windows
-- Building x64-windows-dbg
-- Building x64-windows-rel
-- Up-to-date: D:/TelegramBot/vcpkg_installed/vcpkg/pkgs/boost-cmake_x64-windows/share/boost/cmake-build
-- Installing: D:/TelegramBot/vcpkg_installed/vcpkg/pkgs/boost-cmake_x64-windows/share/boost/cmake-build/BoostFetch.cmake
-- Installing: D:/TelegramBot/vcpkg_installed/vcpkg/pkgs/boost-cmake_x64-windows/share/boost/cmake-build/BoostInstall.cmake
-- Installing: D:/TelegramBot/vcpkg_installed/vcpkg/pkgs/boost-cmake_x64-windows/share/boost/cmake-build/BoostMessage.cmake
-- Installing: D:/TelegramBot/vcpkg_installed/vcpkg/pkgs/boost-cmake_x64-windows/share/boost/cmake-build/BoostRoot.cmake
-- Installing: D:/TelegramBot/vcpkg_installed/vcpkg/pkgs/boost-cmake_x64-windows/share/boost/cmake-build/BoostTest.cmake
-- Installing: D:/TelegramBot/vcpkg_installed/vcpkg/pkgs/boost-cmake_x64-windows/share/boost/cmake-build/BoostTestJamfile.cmake
-- Installing: D:/TelegramBot/vcpkg_installed/vcpkg/pkgs/boost-cmake_x64-windows/share/boost-cmake/vcpkg-port-config.cmake
-- Installing: D:/TelegramBot/vcpkg_installed/vcpkg/pkgs/boost-cmake_x64-windows/share/boost-cmake/copyright
-- Performing post-build validation
