# CMAKE generated file: DO NOT EDIT!
# Generated by "Ninja" Generator, CMake Version 4.2

# This file contains all the build statements describing the
# compilation DAG.

# =============================================================================
# Write statements declared in CMakeLists.txt:
# 
# Which is the root file.
# =============================================================================

# =============================================================================
# Project: Boost
# Configurations: Release
# =============================================================================

#############################################
# Minimal version of Ninja required by this file

ninja_required_version = 1.5


#############################################
# Set configuration variable for custom commands.

CONFIGURATION = Release
# =============================================================================
# Include auxiliary files.


#############################################
# Include rules file.

include CMakeFiles\rules.ninja

# =============================================================================

#############################################
# Logical path to working directory; prefix for absolute paths.

cmake_ninja_workdir = D$:\TelegramBot\vcpkg_installed\vcpkg\blds\boost-units\x64-windows-rel\

#############################################
# Utility command for tests

build tests: phony


#############################################
# Utility command for check

build check: phony CMakeFiles\check tests


#############################################
# Utility command for tests-quick

build tests-quick: phony


#############################################
# Utility command for check-quick

build check-quick: phony CMakeFiles\check-quick tests-quick


#############################################
# Utility command for edit_cache

build CMakeFiles\edit_cache.util: CUSTOM_COMMAND
  COMMAND = C:\WINDOWS\system32\cmd.exe /C "cd /D D:\TelegramBot\vcpkg_installed\vcpkg\blds\boost-units\x64-windows-rel && D:\Software\cmake-4.2.1-windows-x86_64\bin\cmake-gui.exe -SD:\TelegramBot\vcpkg_installed\vcpkg\blds\boost-units\src\ost-1.86.0-5cceb6126b.clean -BD:\TelegramBot\vcpkg_installed\vcpkg\blds\boost-units\x64-windows-rel"
  DESC = Running CMake cache editor...
  pool = console
  restat = 1

build edit_cache: phony CMakeFiles\edit_cache.util


#############################################
# Utility command for rebuild_cache

build CMakeFiles\rebuild_cache.util: CUSTOM_COMMAND
  COMMAND = C:\WINDOWS\system32\cmd.exe /C "cd /D D:\TelegramBot\vcpkg_installed\vcpkg\blds\boost-units\x64-windows-rel && D:\Software\cmake-4.2.1-windows-x86_64\bin\cmake.exe --regenerate-during-build -SD:\TelegramBot\vcpkg_installed\vcpkg\blds\boost-units\src\ost-1.86.0-5cceb6126b.clean -BD:\TelegramBot\vcpkg_installed\vcpkg\blds\boost-units\x64-windows-rel"
  DESC = Running CMake to regenerate build system...
  pool = console
  restat = 1

build rebuild_cache: phony CMakeFiles\rebuild_cache.util


#############################################
# Utility command for list_install_components

build list_install_components: phony


#############################################
# Utility command for install

build CMakeFiles\install.util: CUSTOM_COMMAND all
  COMMAND = C:\WINDOWS\system32\cmd.exe /C "cd /D D:\TelegramBot\vcpkg_installed\vcpkg\blds\boost-units\x64-windows-rel && D:\Software\cmake-4.2.1-windows-x86_64\bin\cmake.exe -P cmake_install.cmake"
  DESC = Install the project...
  pool = console
  restat = 1

build install: phony CMakeFiles\install.util


#############################################
# Utility command for install/local

build CMakeFiles\install\local.util: CUSTOM_COMMAND all
  COMMAND = C:\WINDOWS\system32\cmd.exe /C "cd /D D:\TelegramBot\vcpkg_installed\vcpkg\blds\boost-units\x64-windows-rel && D:\Software\cmake-4.2.1-windows-x86_64\bin\cmake.exe -DCMAKE_INSTALL_LOCAL_ONLY=1 -P cmake_install.cmake"
  DESC = Installing only the local directory...
  pool = console
  restat = 1

build install\local: phony CMakeFiles\install\local.util


#############################################
# Custom command for CMakeFiles\check

build CMakeFiles\check | ${cmake_ninja_workdir}CMakeFiles\check: CUSTOM_COMMAND || tests
  COMMAND = C:\WINDOWS\system32\cmd.exe /C "cd /D D:\TelegramBot\vcpkg_installed\vcpkg\blds\boost-units\x64-windows-rel && D:\Software\cmake-4.2.1-windows-x86_64\bin\ctest.exe --output-on-failure --no-tests=error -C Release"


#############################################
# Custom command for CMakeFiles\check-quick

build CMakeFiles\check-quick | ${cmake_ninja_workdir}CMakeFiles\check-quick: CUSTOM_COMMAND || tests-quick
  COMMAND = C:\WINDOWS\system32\cmd.exe /C "cd /D D:\TelegramBot\vcpkg_installed\vcpkg\blds\boost-units\x64-windows-rel && D:\Software\cmake-4.2.1-windows-x86_64\bin\ctest.exe --output-on-failure --no-tests=error -C Release -R quick"

# =============================================================================
# Write statements declared in CMakeLists.txt:
# D:/TelegramBot/vcpkg_installed/x64-windows/share/boost/cmake-build/BoostRoot.cmake
# =============================================================================


#############################################
# Utility command for edit_cache

build libs\units\CMakeFiles\edit_cache.util: CUSTOM_COMMAND
  COMMAND = C:\WINDOWS\system32\cmd.exe /C "cd /D D:\TelegramBot\vcpkg_installed\vcpkg\blds\boost-units\x64-windows-rel\libs\units && D:\Software\cmake-4.2.1-windows-x86_64\bin\cmake-gui.exe -SD:\TelegramBot\vcpkg_installed\vcpkg\blds\boost-units\src\ost-1.86.0-5cceb6126b.clean -BD:\TelegramBot\vcpkg_installed\vcpkg\blds\boost-units\x64-windows-rel"
  DESC = Running CMake cache editor...
  pool = console
  restat = 1

build libs\units\edit_cache: phony libs\units\CMakeFiles\edit_cache.util


#############################################
# Utility command for rebuild_cache

build libs\units\CMakeFiles\rebuild_cache.util: CUSTOM_COMMAND
  COMMAND = C:\WINDOWS\system32\cmd.exe /C "cd /D D:\TelegramBot\vcpkg_installed\vcpkg\blds\boost-units\x64-windows-rel\libs\units && D:\Software\cmake-4.2.1-windows-x86_64\bin\cmake.exe --regenerate-during-build -SD:\TelegramBot\vcpkg_installed\vcpkg\blds\boost-units\src\ost-1.86.0-5cceb6126b.clean -BD:\TelegramBot\vcpkg_installed\vcpkg\blds\boost-units\x64-windows-rel"
  DESC = Running CMake to regenerate build system...
  pool = console
  restat = 1

build libs\units\rebuild_cache: phony libs\units\CMakeFiles\rebuild_cache.util


#############################################
# Utility command for list_install_components

build libs\units\list_install_components: phony


#############################################
# Utility command for install

build libs\units\CMakeFiles\install.util: CUSTOM_COMMAND libs\units\all
  COMMAND = C:\WINDOWS\system32\cmd.exe /C "cd /D D:\TelegramBot\vcpkg_installed\vcpkg\blds\boost-units\x64-windows-rel\libs\units && D:\Software\cmake-4.2.1-windows-x86_64\bin\cmake.exe -P cmake_install.cmake"
  DESC = Install the project...
  pool = console
  restat = 1

build libs\units\install: phony libs\units\CMakeFiles\install.util


#############################################
# Utility command for install/local

build libs\units\CMakeFiles\install\local.util: CUSTOM_COMMAND libs\units\all
  COMMAND = C:\WINDOWS\system32\cmd.exe /C "cd /D D:\TelegramBot\vcpkg_installed\vcpkg\blds\boost-units\x64-windows-rel\libs\units && D:\Software\cmake-4.2.1-windows-x86_64\bin\cmake.exe -DCMAKE_INSTALL_LOCAL_ONLY=1 -P cmake_install.cmake"
  DESC = Installing only the local directory...
  pool = console
  restat = 1

build libs\units\install\local: phony libs\units\CMakeFiles\install\local.util

# =============================================================================
# Target aliases.

# =============================================================================
# Folder targets.

# =============================================================================

#############################################
# Folder: D:/TelegramBot/vcpkg_installed/vcpkg/blds/boost-units/x64-windows-rel

build all: phony libs\units\all

# =============================================================================

#############################################
# Folder: D:/TelegramBot/vcpkg_installed/vcpkg/blds/boost-units/x64-windows-rel/libs/units

build libs\units\all: phony

# =============================================================================
# Built-in targets


#############################################
# Re-run CMake if any of its inputs changed.

build build.ninja D$:\TelegramBot\vcpkg_installed\vcpkg\blds\boost-units\x64-windows-rel\cmake_install.cmake D$:\TelegramBot\vcpkg_installed\vcpkg\blds\boost-units\x64-windows-rel\libs\units\cmake_install.cmake: RERUN_CMAKE | C$:\Program$ Files\Microsoft$ Visual$ Studio\2022\Community\VC\vcpkg\scripts\buildsystems\vcpkg.cmake C$:\Program$ Files\Microsoft$ Visual$ Studio\2022\Community\VC\vcpkg\scripts\toolchains\windows.cmake CMakeCache.txt CMakeFiles\4.2.1\CMakeCXXCompiler.cmake CMakeFiles\4.2.1\CMakeRCCompiler.cmake CMakeFiles\4.2.1\CMakeSystem.cmake D$:\Software\cmake-4.2.1-windows-x86_64\share\cmake-4.2\Modules\BasicConfigVersion-SameMajorVersion.cmake.in D$:\Software\cmake-4.2.1-windows-x86_64\share\cmake-4.2\Modules\CMakeCXXCompiler.cmake.in D$:\Software\cmake-4.2.1-windows-x86_64\share\cmake-4.2\Modules\CMakeCXXCompilerABI.cpp D$:\Software\cmake-4.2.1-windows-x86_64\share\cmake-4.2\Modules\CMakeCXXInformation.cmake D$:\Software\cmake-4.2.1-windows-x86_64\share\cmake-4.2\Modules\CMakeCommonLanguageInclude.cmake D$:\Software\cmake-4.2.1-windows-x86_64\share\cmake-4.2\Modules\CMakeCompilerIdDetection.cmake D$:\Software\cmake-4.2.1-windows-x86_64\share\cmake-4.2\Modules\CMakeDependentOption.cmake D$:\Software\cmake-4.2.1-windows-x86_64\share\cmake-4.2\Modules\CMakeDetermineCXXCompiler.cmake D$:\Software\cmake-4.2.1-windows-x86_64\share\cmake-4.2\Modules\CMakeDetermineCompiler.cmake D$:\Software\cmake-4.2.1-windows-x86_64\share\cmake-4.2\Modules\CMakeDetermineCompilerABI.cmake D$:\Software\cmake-4.2.1-windows-x86_64\share\cmake-4.2\Modules\CMakeDetermineCompilerId.cmake D$:\Software\cmake-4.2.1-windows-x86_64\share\cmake-4.2\Modules\CMakeDetermineCompilerSupport.cmake D$:\Software\cmake-4.2.1-windows-x86_64\share\cmake-4.2\Modules\CMakeDetermineRCCompiler.cmake D$:\Software\cmake-4.2.1-windows-x86_64\share\cmake-4.2\Modules\CMakeDetermineSystem.cmake D$:\Software\cmake-4.2.1-windows-x86_64\share\cmake-4.2\Modules\CMakeFindBinUtils.cmake D$:\Software\cmake-4.2.1-windows-x86_64\share\cmake-4.2\Modules\CMakeFindDependencyMacro.cmake D$:\Software\cmake-4.2.1-windows-x86_64\share\cmake-4.2\Modules\CMakeGenericSystem.cmake D$:\Software\cmake-4.2.1-windows-x86_64\share\cmake-4.2\Modules\CMakeInitializeConfigs.cmake D$:\Software\cmake-4.2.1-windows-x86_64\share\cmake-4.2\Modules\CMakeLanguageInformation.cmake D$:\Software\cmake-4.2.1-windows-x86_64\share\cmake-4.2\Modules\CMakePackageConfigHelpers.cmake D$:\Software\cmake-4.2.1-windows-x86_64\share\cmake-4.2\Modules\CMakeParseImplicitIncludeInfo.cmake D$:\Software\cmake-4.2.1-windows-x86_64\share\cmake-4.2\Modules\CMakeParseImplicitLinkInfo.cmake D$:\Software\cmake-4.2.1-windows-x86_64\share\cmake-4.2\Modules\CMakeParseLibraryArchitecture.cmake D$:\Software\cmake-4.2.1-windows-x86_64\share\cmake-4.2\Modules\CMakeRCCompiler.cmake.in D$:\Software\cmake-4.2.1-windows-x86_64\share\cmake-4.2\Modules\CMakeRCInformation.cmake D$:\Software\cmake-4.2.1-windows-x86_64\share\cmake-4.2\Modules\CMakeSystem.cmake.in D$:\Software\cmake-4.2.1-windows-x86_64\share\cmake-4.2\Modules\CMakeSystemSpecificInformation.cmake D$:\Software\cmake-4.2.1-windows-x86_64\share\cmake-4.2\Modules\CMakeSystemSpecificInitialize.cmake D$:\Software\cmake-4.2.1-windows-x86_64\share\cmake-4.2\Modules\CMakeTestCXXCompiler.cmake D$:\Software\cmake-4.2.1-windows-x86_64\share\cmake-4.2\Modules\CMakeTestCompilerCommon.cmake D$:\Software\cmake-4.2.1-windows-x86_64\share\cmake-4.2\Modules\CMakeTestRCCompiler.cmake D$:\Software\cmake-4.2.1-windows-x86_64\share\cmake-4.2\Modules\CTest.cmake D$:\Software\cmake-4.2.1-windows-x86_64\share\cmake-4.2\Modules\CTestUseLaunchers.cmake D$:\Software\cmake-4.2.1-windows-x86_64\share\cmake-4.2\Modules\Compiler\ADSP-DetermineCompiler.cmake D$:\Software\cmake-4.2.1-windows-x86_64\share\cmake-4.2\Modules\Compiler\ARMCC-DetermineCompiler.cmake D$:\Software\cmake-4.2.1-windows-x86_64\share\cmake-4.2\Modules\Compiler\ARMClang-DetermineCompiler.cmake D$:\Software\cmake-4.2.1-windows-x86_64\share\cmake-4.2\Modules\Compiler\AppleClang-DetermineCompiler.cmake D$:\Software\cmake-4.2.1-windows-x86_64\share\cmake-4.2\Modules\Compiler\Borland-DetermineCompiler.cmake D$:\Software\cmake-4.2.1-windows-x86_64\share\cmake-4.2\Modules\Compiler\CMakeCommonCompilerMacros.cmake D$:\Software\cmake-4.2.1-windows-x86_64\share\cmake-4.2\Modules\Compiler\Clang-DetermineCompiler.cmake D$:\Software\cmake-4.2.1-windows-x86_64\share\cmake-4.2\Modules\Compiler\Clang-DetermineCompilerInternal.cmake D$:\Software\cmake-4.2.1-windows-x86_64\share\cmake-4.2\Modules\Compiler\Compaq-CXX-DetermineCompiler.cmake D$:\Software\cmake-4.2.1-windows-x86_64\share\cmake-4.2\Modules\Compiler\Cray-DetermineCompiler.cmake D$:\Software\cmake-4.2.1-windows-x86_64\share\cmake-4.2\Modules\Compiler\CrayClang-DetermineCompiler.cmake D$:\Software\cmake-4.2.1-windows-x86_64\share\cmake-4.2\Modules\Compiler\Diab-DetermineCompiler.cmake D$:\Software\cmake-4.2.1-windows-x86_64\share\cmake-4.2\Modules\Compiler\Embarcadero-DetermineCompiler.cmake D$:\Software\cmake-4.2.1-windows-x86_64\share\cmake-4.2\Modules\Compiler\Fujitsu-DetermineCompiler.cmake D$:\Software\cmake-4.2.1-windows-x86_64\share\cmake-4.2\Modules\Compiler\FujitsuClang-DetermineCompiler.cmake D$:\Software\cmake-4.2.1-windows-x86_64\share\cmake-4.2\Modules\Compiler\GHS-DetermineCompiler.cmake D$:\Software\cmake-4.2.1-windows-x86_64\share\cmake-4.2\Modules\Compiler\GNU-CXX-DetermineCompiler.cmake D$:\Software\cmake-4.2.1-windows-x86_64\share\cmake-4.2\Modules\Compiler\HP-CXX-DetermineCompiler.cmake D$:\Software\cmake-4.2.1-windows-x86_64\share\cmake-4.2\Modules\Compiler\IAR-DetermineCompiler.cmake D$:\Software\cmake-4.2.1-windows-x86_64\share\cmake-4.2\Modules\Compiler\IBMCPP-CXX-DetermineVersionInternal.cmake D$:\Software\cmake-4.2.1-windows-x86_64\share\cmake-4.2\Modules\Compiler\IBMClang-CXX-DetermineCompiler.cmake D$:\Software\cmake-4.2.1-windows-x86_64\share\cmake-4.2\Modules\Compiler\Intel-DetermineCompiler.cmake D$:\Software\cmake-4.2.1-windows-x86_64\share\cmake-4.2\Modules\Compiler\IntelLLVM-DetermineCompiler.cmake D$:\Software\cmake-4.2.1-windows-x86_64\share\cmake-4.2\Modules\Compiler\LCC-CXX-DetermineCompiler.cmake D$:\Software\cmake-4.2.1-windows-x86_64\share\cmake-4.2\Modules\Compiler\MSVC-CXX-CXXImportStd.cmake D$:\Software\cmake-4.2.1-windows-x86_64\share\cmake-4.2\Modules\Compiler\MSVC-CXX.cmake D$:\Software\cmake-4.2.1-windows-x86_64\share\cmake-4.2\Modules\Compiler\MSVC-DetermineCompiler.cmake D$:\Software\cmake-4.2.1-windows-x86_64\share\cmake-4.2\Modules\Compiler\MSVC.cmake D$:\Software\cmake-4.2.1-windows-x86_64\share\cmake-4.2\Modules\Compiler\NVHPC-DetermineCompiler.cmake D$:\Software\cmake-4.2.1-windows-x86_64\share\cmake-4.2\Modules\Compiler\NVIDIA-DetermineCompiler.cmake D$:\Software\cmake-4.2.1-windows-x86_64\share\cmake-4.2\Modules\Compiler\OpenWatcom-DetermineCompiler.cmake D$:\Software\cmake-4.2.1-windows-x86_64\share\cmake-4.2\Modules\Compiler\OrangeC-DetermineCompiler.cmake D$:\Software\cmake-4.2.1-windows-x86_64\share\cmake-4.2\Modules\Compiler\PGI-DetermineCompiler.cmake D$:\Software\cmake-4.2.1-windows-x86_64\share\cmake-4.2\Modules\Compiler\PathScale-DetermineCompiler.cmake D$:\Software\cmake-4.2.1-windows-x86_64\share\cmake-4.2\Modules\Compiler\Renesas-DetermineCompiler.cmake D$:\Software\cmake-4.2.1-windows-x86_64\share\cmake-4.2\Modules\Compiler\SCO-DetermineCompiler.cmake D$:\Software\cmake-4.2.1-windows-x86_64\share\cmake-4.2\Modules\Compiler\SunPro-CXX-DetermineCompiler.cmake D$:\Software\cmake-4.2.1-windows-x86_64\share\cmake-4.2\Modules\Compiler\TI-DetermineCompiler.cmake D$:\Software\cmake-4.2.1-windows-x86_64\share\cmake-4.2\Modules\Compiler\TIClang-DetermineCompiler.cmake D$:\Software\cmake-4.2.1-windows-x86_64\share\cmake-4.2\Modules\Compiler\Tasking-DetermineCompiler.cmake D$:\Software\cmake-4.2.1-windows-x86_64\share\cmake-4.2\Modules\Compiler\VisualAge-CXX-DetermineCompiler.cmake D$:\Software\cmake-4.2.1-windows-x86_64\share\cmake-4.2\Modules\Compiler\Watcom-DetermineCompiler.cmake D$:\Software\cmake-4.2.1-windows-x86_64\share\cmake-4.2\Modules\Compiler\XL-CXX-DetermineCompiler.cmake D$:\Software\cmake-4.2.1-windows-x86_64\share\cmake-4.2\Modules\Compiler\XLClang-CXX-DetermineCompiler.cmake D$:\Software\cmake-4.2.1-windows-x86_64\share\cmake-4.2\Modules\Compiler\zOS-CXX-DetermineCompiler.cmake D$:\Software\cmake-4.2.1-windows-x86_64\share\cmake-4.2\Modules\GNUInstallDirs.cmake D$:\Software\cmake-4.2.1-windows-x86_64\share\cmake-4.2\Modules\Internal\CMakeCXXLinkerInformation.cmake D$:\Software\cmake-4.2.1-windows-x86_64\share\cmake-4.2\Modules\Internal\CMakeCommonLinkerInformation.cmake D$:\Software\cmake-4.2.1-windows-x86_64\share\cmake-4.2\Modules\Internal\CMakeDetermineLinkerId.cmake D$:\Software\cmake-4.2.1-windows-x86_64\share\cmake-4.2\Modules\Internal\CMakeInspectCXXLinker.cmake D$:\Software\cmake-4.2.1-windows-x86_64\share\cmake-4.2\Modules\Internal\FeatureTesting.cmake D$:\Software\cmake-4.2.1-windows-x86_64\share\cmake-4.2\Modules\Linker\MSVC-CXX.cmake D$:\Software\cmake-4.2.1-windows-x86_64\share\cmake-4.2\Modules\Linker\MSVC.cmake D$:\Software\cmake-4.2.1-windows-x86_64\share\cmake-4.2\Modules\Platform\Linker\Windows-MSVC-CXX.cmake D$:\Software\cmake-4.2.1-windows-x86_64\share\cmake-4.2\Modules\Platform\Linker\Windows-MSVC.cmake D$:\Software\cmake-4.2.1-windows-x86_64\share\cmake-4.2\Modules\Platform\Windows-Determine-CXX.cmake D$:\Software\cmake-4.2.1-windows-x86_64\share\cmake-4.2\Modules\Platform\Windows-Initialize.cmake D$:\Software\cmake-4.2.1-windows-x86_64\share\cmake-4.2\Modules\Platform\Windows-MSVC-CXX.cmake D$:\Software\cmake-4.2.1-windows-x86_64\share\cmake-4.2\Modules\Platform\Windows-MSVC.cmake D$:\Software\cmake-4.2.1-windows-x86_64\share\cmake-4.2\Modules\Platform\Windows.cmake D$:\Software\cmake-4.2.1-windows-x86_64\share\cmake-4.2\Modules\Platform\WindowsPaths.cmake D$:\Software\cmake-4.2.1-windows-x86_64\share\cmake-4.2\Modules\WriteBasicConfigVersionFile.cmake D$:\TelegramBot\vcpkg_installed\vcpkg\blds\boost-units\src\ost-1.86.0-5cceb6126b.clean\CMakeLists.txt D$:\TelegramBot\vcpkg_installed\vcpkg\blds\boost-units\src\ost-1.86.0-5cceb6126b.clean\libs\units\CMakeLists.txt D$:\TelegramBot\vcpkg_installed\x64-windows\share\boost\BoostConfig.cmake D$:\TelegramBot\vcpkg_installed\x64-windows\share\boost\BoostConfigVersion.cmake D$:\TelegramBot\vcpkg_installed\x64-windows\share\boost\cmake-build\BoostInstall.cmake D$:\TelegramBot\vcpkg_installed\x64-windows\share\boost\cmake-build\BoostMessage.cmake D$:\TelegramBot\vcpkg_installed\x64-windows\share\boost\cmake-build\BoostRoot.cmake D$:\TelegramBot\vcpkg_installed\x64-windows\share\boost\vcpkg-cmake-wrapper.cmake D$:\TelegramBot\vcpkg_installed\x64-windows\share\boost_array\boost_array-config-version.cmake D$:\TelegramBot\vcpkg_installed\x64-windows\share\boost_array\boost_array-config.cmake D$:\TelegramBot\vcpkg_installed\x64-windows\share\boost_array\boost_array-targets.cmake D$:\TelegramBot\vcpkg_installed\x64-windows\share\boost_assert\boost_assert-config-version.cmake D$:\TelegramBot\vcpkg_installed\x64-windows\share\boost_assert\boost_assert-config.cmake D$:\TelegramBot\vcpkg_installed\x64-windows\share\boost_assert\boost_assert-targets.cmake D$:\TelegramBot\vcpkg_installed\x64-windows\share\boost_bind\boost_bind-config-version.cmake D$:\TelegramBot\vcpkg_installed\x64-windows\share\boost_bind\boost_bind-config.cmake D$:\TelegramBot\vcpkg_installed\x64-windows\share\boost_bind\boost_bind-targets.cmake D$:\TelegramBot\vcpkg_installed\x64-windows\share\boost_concept_check\boost_concept_check-config-version.cmake D$:\TelegramBot\vcpkg_installed\x64-windows\share\boost_concept_check\boost_concept_check-config.cmake D$:\TelegramBot\vcpkg_installed\x64-windows\share\boost_concept_check\boost_concept_check-targets.cmake D$:\TelegramBot\vcpkg_installed\x64-windows\share\boost_config\boost_config-config-version.cmake D$:\TelegramBot\vcpkg_installed\x64-windows\share\boost_config\boost_config-config.cmake D$:\TelegramBot\vcpkg_installed\x64-windows\share\boost_config\boost_config-targets.cmake D$:\TelegramBot\vcpkg_installed\x64-windows\share\boost_container\boost_container-config-version.cmake D$:\TelegramBot\vcpkg_installed\x64-windows\share\boost_container\boost_container-config.cmake D$:\TelegramBot\vcpkg_installed\x64-windows\share\boost_container\boost_container-targets-debug.cmake D$:\TelegramBot\vcpkg_installed\x64-windows\share\boost_container\boost_container-targets-release.cmake D$:\TelegramBot\vcpkg_installed\x64-windows\share\boost_container\boost_container-targets.cmake D$:\TelegramBot\vcpkg_installed\x64-windows\share\boost_container_hash\boost_container_hash-config-version.cmake D$:\TelegramBot\vcpkg_installed\x64-windows\share\boost_container_hash\boost_container_hash-config.cmake D$:\TelegramBot\vcpkg_installed\x64-windows\share\boost_container_hash\boost_container_hash-targets.cmake D$:\TelegramBot\vcpkg_installed\x64-windows\share\boost_conversion\boost_conversion-config-version.cmake D$:\TelegramBot\vcpkg_installed\x64-windows\share\boost_conversion\boost_conversion-config.cmake D$:\TelegramBot\vcpkg_installed\x64-windows\share\boost_conversion\boost_conversion-targets.cmake D$:\TelegramBot\vcpkg_installed\x64-windows\share\boost_core\boost_core-config-version.cmake D$:\TelegramBot\vcpkg_installed\x64-windows\share\boost_core\boost_core-config.cmake D$:\TelegramBot\vcpkg_installed\x64-windows\share\boost_core\boost_core-targets.cmake D$:\TelegramBot\vcpkg_installed\x64-windows\share\boost_describe\boost_describe-config-version.cmake D$:\TelegramBot\vcpkg_installed\x64-windows\share\boost_describe\boost_describe-config.cmake D$:\TelegramBot\vcpkg_installed\x64-windows\share\boost_describe\boost_describe-targets.cmake D$:\TelegramBot\vcpkg_installed\x64-windows\share\boost_detail\boost_detail-config-version.cmake D$:\TelegramBot\vcpkg_installed\x64-windows\share\boost_detail\boost_detail-config.cmake D$:\TelegramBot\vcpkg_installed\x64-windows\share\boost_detail\boost_detail-targets.cmake D$:\TelegramBot\vcpkg_installed\x64-windows\share\boost_dynamic_bitset\boost_dynamic_bitset-config-version.cmake D$:\TelegramBot\vcpkg_installed\x64-windows\share\boost_dynamic_bitset\boost_dynamic_bitset-config.cmake D$:\TelegramBot\vcpkg_installed\x64-windows\share\boost_dynamic_bitset\boost_dynamic_bitset-targets.cmake D$:\TelegramBot\vcpkg_installed\x64-windows\share\boost_function\boost_function-config-version.cmake D$:\TelegramBot\vcpkg_installed\x64-windows\share\boost_function\boost_function-config.cmake D$:\TelegramBot\vcpkg_installed\x64-windows\share\boost_function\boost_function-targets.cmake D$:\TelegramBot\vcpkg_installed\x64-windows\share\boost_function_types\boost_function_types-config-version.cmake D$:\TelegramBot\vcpkg_installed\x64-windows\share\boost_function_types\boost_function_types-config.cmake D$:\TelegramBot\vcpkg_installed\x64-windows\share\boost_function_types\boost_function_types-targets.cmake D$:\TelegramBot\vcpkg_installed\x64-windows\share\boost_functional\boost_functional-config-version.cmake D$:\TelegramBot\vcpkg_installed\x64-windows\share\boost_functional\boost_functional-config.cmake D$:\TelegramBot\vcpkg_installed\x64-windows\share\boost_functional\boost_functional-targets.cmake D$:\TelegramBot\vcpkg_installed\x64-windows\share\boost_fusion\boost_fusion-config-version.cmake D$:\TelegramBot\vcpkg_installed\x64-windows\share\boost_fusion\boost_fusion-config.cmake D$:\TelegramBot\vcpkg_installed\x64-windows\share\boost_fusion\boost_fusion-targets.cmake D$:\TelegramBot\vcpkg_installed\x64-windows\share\boost_headers\boost_headers-config-version.cmake D$:\TelegramBot\vcpkg_installed\x64-windows\share\boost_headers\boost_headers-config.cmake D$:\TelegramBot\vcpkg_installed\x64-windows\share\boost_headers\boost_headers-targets.cmake D$:\TelegramBot\vcpkg_installed\x64-windows\share\boost_integer\boost_integer-config-version.cmake D$:\TelegramBot\vcpkg_installed\x64-windows\share\boost_integer\boost_integer-config.cmake D$:\TelegramBot\vcpkg_installed\x64-windows\share\boost_integer\boost_integer-targets.cmake D$:\TelegramBot\vcpkg_installed\x64-windows\share\boost_intrusive\boost_intrusive-config-version.cmake D$:\TelegramBot\vcpkg_installed\x64-windows\share\boost_intrusive\boost_intrusive-config.cmake D$:\TelegramBot\vcpkg_installed\x64-windows\share\boost_intrusive\boost_intrusive-targets.cmake D$:\TelegramBot\vcpkg_installed\x64-windows\share\boost_io\boost_io-config-version.cmake D$:\TelegramBot\vcpkg_installed\x64-windows\share\boost_io\boost_io-config.cmake D$:\TelegramBot\vcpkg_installed\x64-windows\share\boost_io\boost_io-targets.cmake D$:\TelegramBot\vcpkg_installed\x64-windows\share\boost_iterator\boost_iterator-config-version.cmake D$:\TelegramBot\vcpkg_installed\x64-windows\share\boost_iterator\boost_iterator-config.cmake D$:\TelegramBot\vcpkg_installed\x64-windows\share\boost_iterator\boost_iterator-targets.cmake D$:\TelegramBot\vcpkg_installed\x64-windows\share\boost_lambda\boost_lambda-config-version.cmake D$:\TelegramBot\vcpkg_installed\x64-windows\share\boost_lambda\boost_lambda-config.cmake D$:\TelegramBot\vcpkg_installed\x64-windows\share\boost_lambda\boost_lambda-targets.cmake D$:\TelegramBot\vcpkg_installed\x64-windows\share\boost_lexical_cast\boost_lexical_cast-config-version.cmake D$:\TelegramBot\vcpkg_installed\x64-windows\share\boost_lexical_cast\boost_lexical_cast-config.cmake D$:\TelegramBot\vcpkg_installed\x64-windows\share\boost_lexical_cast\boost_lexical_cast-targets.cmake D$:\TelegramBot\vcpkg_installed\x64-windows\share\boost_math\boost_math-config-version.cmake D$:\TelegramBot\vcpkg_installed\x64-windows\share\boost_math\boost_math-config.cmake D$:\TelegramBot\vcpkg_installed\x64-windows\share\boost_math\boost_math-targets.cmake D$:\TelegramBot\vcpkg_installed\x64-windows\share\boost_move\boost_move-config-version.cmake D$:\TelegramBot\vcpkg_installed\x64-windows\share\boost_move\boost_move-config.cmake D$:\TelegramBot\vcpkg_installed\x64-windows\share\boost_move\boost_move-targets.cmake D$:\TelegramBot\vcpkg_installed\x64-windows\share\boost_mp11\boost_mp11-config-version.cmake D$:\TelegramBot\vcpkg_installed\x64-windows\share\boost_mp11\boost_mp11-config.cmake D$:\TelegramBot\vcpkg_installed\x64-windows\share\boost_mp11\boost_mp11-targets.cmake D$:\TelegramBot\vcpkg_installed\x64-windows\share\boost_mpl\boost_mpl-config-version.cmake D$:\TelegramBot\vcpkg_installed\x64-windows\share\boost_mpl\boost_mpl-config.cmake D$:\TelegramBot\vcpkg_installed\x64-windows\share\boost_mpl\boost_mpl-targets.cmake D$:\TelegramBot\vcpkg_installed\x64-windows\share\boost_optional\boost_optional-config-version.cmake D$:\TelegramBot\vcpkg_installed\x64-windows\share\boost_optional\boost_optional-config.cmake D$:\TelegramBot\vcpkg_installed\x64-windows\share\boost_optional\boost_optional-targets.cmake D$:\TelegramBot\vcpkg_installed\x64-windows\share\boost_predef\boost_predef-config-version.cmake D$:\TelegramBot\vcpkg_installed\x64-windows\share\boost_predef\boost_predef-config.cmake D$:\TelegramBot\vcpkg_installed\x64-windows\share\boost_predef\boost_predef-targets.cmake D$:\TelegramBot\vcpkg_installed\x64-windows\share\boost_preprocessor\boost_preprocessor-config-version.cmake D$:\TelegramBot\vcpkg_installed\x64-windows\share\boost_preprocessor\boost_preprocessor-config.cmake D$:\TelegramBot\vcpkg_installed\x64-windows\share\boost_preprocessor\boost_preprocessor-targets.cmake D$:\TelegramBot\vcpkg_installed\x64-windows\share\boost_random\boost_random-config-version.cmake D$:\TelegramBot\vcpkg_installed\x64-windows\share\boost_random\boost_random-config.cmake D$:\TelegramBot\vcpkg_installed\x64-windows\share\boost_random\boost_random-targets-debug.cmake D$:\TelegramBot\vcpkg_installed\x64-windows\share\boost_random\boost_random-targets-release.cmake D$:\TelegramBot\vcpkg_installed\x64-windows\share\boost_random\boost_random-targets.cmake D$:\TelegramBot\vcpkg_installed\x64-windows\share\boost_range\boost_range-config-version.cmake D$:\TelegramBot\vcpkg_installed\x64-windows\share\boost_range\boost_range-config.cmake D$:\TelegramBot\vcpkg_installed\x64-windows\share\boost_range\boost_range-targets.cmake D$:\TelegramBot\vcpkg_installed\x64-windows\share\boost_regex\boost_regex-config-version.cmake D$:\TelegramBot\vcpkg_installed\x64-windows\share\boost_regex\boost_regex-config.cmake D$:\TelegramBot\vcpkg_installed\x64-windows\share\boost_regex\boost_regex-targets-debug.cmake D$:\TelegramBot\vcpkg_installed\x64-windows\share\boost_regex\boost_regex-targets-release.cmake D$:\TelegramBot\vcpkg_installed\x64-windows\share\boost_regex\boost_regex-targets.cmake D$:\TelegramBot\vcpkg_installed\x64-windows\share\boost_smart_ptr\boost_smart_ptr-config-version.cmake D$:\TelegramBot\vcpkg_installed\x64-windows\share\boost_smart_ptr\boost_smart_ptr-config.cmake D$:\TelegramBot\vcpkg_installed\x64-windows\share\boost_smart_ptr\boost_smart_ptr-targets.cmake D$:\TelegramBot\vcpkg_installed\x64-windows\share\boost_static_assert\boost_static_assert-config-version.cmake D$:\TelegramBot\vcpkg_installed\x64-windows\share\boost_static_assert\boost_static_assert-config.cmake D$:\TelegramBot\vcpkg_installed\x64-windows\share\boost_static_assert\boost_static_assert-targets.cmake D$:\TelegramBot\vcpkg_installed\x64-windows\share\boost_system\boost_system-config-version.cmake D$:\TelegramBot\vcpkg_installed\x64-windows\share\boost_system\boost_system-config.cmake D$:\TelegramBot\vcpkg_installed\x64-windows\share\boost_system\boost_system-targets-debug.cmake D$:\TelegramBot\vcpkg_installed\x64-windows\share\boost_system\boost_system-targets-release.cmake D$:\TelegramBot\vcpkg_installed\x64-windows\share\boost_system\boost_system-targets.cmake D$:\TelegramBot\vcpkg_installed\x64-windows\share\boost_throw_exception\boost_throw_exception-config-version.cmake D$:\TelegramBot\vcpkg_installed\x64-windows\share\boost_throw_exception\boost_throw_exception-config.cmake D$:\TelegramBot\vcpkg_installed\x64-windows\share\boost_throw_exception\boost_throw_exception-targets.cmake D$:\TelegramBot\vcpkg_installed\x64-windows\share\boost_tuple\boost_tuple-config-version.cmake D$:\TelegramBot\vcpkg_installed\x64-windows\share\boost_tuple\boost_tuple-config.cmake D$:\TelegramBot\vcpkg_installed\x64-windows\share\boost_tuple\boost_tuple-targets.cmake D$:\TelegramBot\vcpkg_installed\x64-windows\share\boost_type_traits\boost_type_traits-config-version.cmake D$:\TelegramBot\vcpkg_installed\x64-windows\share\boost_type_traits\boost_type_traits-config.cmake D$:\TelegramBot\vcpkg_installed\x64-windows\share\boost_type_traits\boost_type_traits-targets.cmake D$:\TelegramBot\vcpkg_installed\x64-windows\share\boost_typeof\boost_typeof-config-version.cmake D$:\TelegramBot\vcpkg_installed\x64-windows\share\boost_typeof\boost_typeof-config.cmake D$:\TelegramBot\vcpkg_installed\x64-windows\share\boost_typeof\boost_typeof-targets.cmake D$:\TelegramBot\vcpkg_installed\x64-windows\share\boost_utility\boost_utility-config-version.cmake D$:\TelegramBot\vcpkg_installed\x64-windows\share\boost_utility\boost_utility-config.cmake D$:\TelegramBot\vcpkg_installed\x64-windows\share\boost_utility\boost_utility-targets.cmake D$:\TelegramBot\vcpkg_installed\x64-windows\share\boost_variant2\boost_variant2-config-version.cmake D$:\TelegramBot\vcpkg_installed\x64-windows\share\boost_variant2\boost_variant2-config.cmake D$:\TelegramBot\vcpkg_installed\x64-windows\share\boost_variant2\boost_variant2-targets.cmake D$:\TelegramBot\vcpkg_installed\x64-windows\share\boost_winapi\boost_winapi-config-version.cmake D$:\TelegramBot\vcpkg_installed\x64-windows\share\boost_winapi\boost_winapi-config.cmake D$:\TelegramBot\vcpkg_installed\x64-windows\share\boost_winapi\boost_winapi-targets.cmake
  pool = console


#############################################
# A missing CMake input file is not an error.

build C$:\Program$ Files\Microsoft$ Visual$ Studio\2022\Community\VC\vcpkg\scripts\buildsystems\vcpkg.cmake C$:\Program$ Files\Microsoft$ Visual$ Studio\2022\Community\VC\vcpkg\scripts\toolchains\windows.cmake CMakeCache.txt CMakeFiles\4.2.1\CMakeCXXCompiler.cmake CMakeFiles\4.2.1\CMakeRCCompiler.cmake CMakeFiles\4.2.1\CMakeSystem.cmake D$:\Software\cmake-4.2.1-windows-x86_64\share\cmake-4.2\Modules\BasicConfigVersion-SameMajorVersion.cmake.in D$:\Software\cmake-4.2.1-windows-x86_64\share\cmake-4.2\Modules\CMakeCXXCompiler.cmake.in D$:\Software\cmake-4.2.1-windows-x86_64\share\cmake-4.2\Modules\CMakeCXXCompilerABI.cpp D$:\Software\cmake-4.2.1-windows-x86_64\share\cmake-4.2\Modules\CMakeCXXInformation.cmake D$:\Software\cmake-4.2.1-windows-x86_64\share\cmake-4.2\Modules\CMakeCommonLanguageInclude.cmake D$:\Software\cmake-4.2.1-windows-x86_64\share\cmake-4.2\Modules\CMakeCompilerIdDetection.cmake D$:\Software\cmake-4.2.1-windows-x86_64\share\cmake-4.2\Modules\CMakeDependentOption.cmake D$:\Software\cmake-4.2.1-windows-x86_64\share\cmake-4.2\Modules\CMakeDetermineCXXCompiler.cmake D$:\Software\cmake-4.2.1-windows-x86_64\share\cmake-4.2\Modules\CMakeDetermineCompiler.cmake D$:\Software\cmake-4.2.1-windows-x86_64\share\cmake-4.2\Modules\CMakeDetermineCompilerABI.cmake D$:\Software\cmake-4.2.1-windows-x86_64\share\cmake-4.2\Modules\CMakeDetermineCompilerId.cmake D$:\Software\cmake-4.2.1-windows-x86_64\share\cmake-4.2\Modules\CMakeDetermineCompilerSupport.cmake D$:\Software\cmake-4.2.1-windows-x86_64\share\cmake-4.2\Modules\CMakeDetermineRCCompiler.cmake D$:\Software\cmake-4.2.1-windows-x86_64\share\cmake-4.2\Modules\CMakeDetermineSystem.cmake D$:\Software\cmake-4.2.1-windows-x86_64\share\cmake-4.2\Modules\CMakeFindBinUtils.cmake D$:\Software\cmake-4.2.1-windows-x86_64\share\cmake-4.2\Modules\CMakeFindDependencyMacro.cmake D$:\Software\cmake-4.2.1-windows-x86_64\share\cmake-4.2\Modules\CMakeGenericSystem.cmake D$:\Software\cmake-4.2.1-windows-x86_64\share\cmake-4.2\Modules\CMakeInitializeConfigs.cmake D$:\Software\cmake-4.2.1-windows-x86_64\share\cmake-4.2\Modules\CMakeLanguageInformation.cmake D$:\Software\cmake-4.2.1-windows-x86_64\share\cmake-4.2\Modules\CMakePackageConfigHelpers.cmake D$:\Software\cmake-4.2.1-windows-x86_64\share\cmake-4.2\Modules\CMakeParseImplicitIncludeInfo.cmake D$:\Software\cmake-4.2.1-windows-x86_64\share\cmake-4.2\Modules\CMakeParseImplicitLinkInfo.cmake D$:\Software\cmake-4.2.1-windows-x86_64\share\cmake-4.2\Modules\CMakeParseLibraryArchitecture.cmake D$:\Software\cmake-4.2.1-windows-x86_64\share\cmake-4.2\Modules\CMakeRCCompiler.cmake.in D$:\Software\cmake-4.2.1-windows-x86_64\share\cmake-4.2\Modules\CMakeRCInformation.cmake D$:\Software\cmake-4.2.1-windows-x86_64\share\cmake-4.2\Modules\CMakeSystem.cmake.in D$:\Software\cmake-4.2.1-windows-x86_64\share\cmake-4.2\Modules\CMakeSystemSpecificInformation.cmake D$:\Software\cmake-4.2.1-windows-x86_64\share\cmake-4.2\Modules\CMakeSystemSpecificInitialize.cmake D$:\Software\cmake-4.2.1-windows-x86_64\share\cmake-4.2\Modules\CMakeTestCXXCompiler.cmake D$:\Software\cmake-4.2.1-windows-x86_64\share\cmake-4.2\Modules\CMakeTestCompilerCommon.cmake D$:\Software\cmake-4.2.1-windows-x86_64\share\cmake-4.2\Modules\CMakeTestRCCompiler.cmake D$:\Software\cmake-4.2.1-windows-x86_64\share\cmake-4.2\Modules\CTest.cmake D$:\Software\cmake-4.2.1-windows-x86_64\share\cmake-4.2\Modules\CTestUseLaunchers.cmake D$:\Software\cmake-4.2.1-windows-x86_64\share\cmake-4.2\Modules\Compiler\ADSP-DetermineCompiler.cmake D$:\Software\cmake-4.2.1-windows-x86_64\share\cmake-4.2\Modules\Compiler\ARMCC-DetermineCompiler.cmake D$:\Software\cmake-4.2.1-windows-x86_64\share\cmake-4.2\Modules\Compiler\ARMClang-DetermineCompiler.cmake D$:\Software\cmake-4.2.1-windows-x86_64\share\cmake-4.2\Modules\Compiler\AppleClang-DetermineCompiler.cmake D$:\Software\cmake-4.2.1-windows-x86_64\share\cmake-4.2\Modules\Compiler\Borland-DetermineCompiler.cmake D$:\Software\cmake-4.2.1-windows-x86_64\share\cmake-4.2\Modules\Compiler\CMakeCommonCompilerMacros.cmake D$:\Software\cmake-4.2.1-windows-x86_64\share\cmake-4.2\Modules\Compiler\Clang-DetermineCompiler.cmake D$:\Software\cmake-4.2.1-windows-x86_64\share\cmake-4.2\Modules\Compiler\Clang-DetermineCompilerInternal.cmake D$:\Software\cmake-4.2.1-windows-x86_64\share\cmake-4.2\Modules\Compiler\Compaq-CXX-DetermineCompiler.cmake D$:\Software\cmake-4.2.1-windows-x86_64\share\cmake-4.2\Modules\Compiler\Cray-DetermineCompiler.cmake D$:\Software\cmake-4.2.1-windows-x86_64\share\cmake-4.2\Modules\Compiler\CrayClang-DetermineCompiler.cmake D$:\Software\cmake-4.2.1-windows-x86_64\share\cmake-4.2\Modules\Compiler\Diab-DetermineCompiler.cmake D$:\Software\cmake-4.2.1-windows-x86_64\share\cmake-4.2\Modules\Compiler\Embarcadero-DetermineCompiler.cmake D$:\Software\cmake-4.2.1-windows-x86_64\share\cmake-4.2\Modules\Compiler\Fujitsu-DetermineCompiler.cmake D$:\Software\cmake-4.2.1-windows-x86_64\share\cmake-4.2\Modules\Compiler\FujitsuClang-DetermineCompiler.cmake D$:\Software\cmake-4.2.1-windows-x86_64\share\cmake-4.2\Modules\Compiler\GHS-DetermineCompiler.cmake D$:\Software\cmake-4.2.1-windows-x86_64\share\cmake-4.2\Modules\Compiler\GNU-CXX-DetermineCompiler.cmake D$:\Software\cmake-4.2.1-windows-x86_64\share\cmake-4.2\Modules\Compiler\HP-CXX-DetermineCompiler.cmake D$:\Software\cmake-4.2.1-windows-x86_64\share\cmake-4.2\Modules\Compiler\IAR-DetermineCompiler.cmake D$:\Software\cmake-4.2.1-windows-x86_64\share\cmake-4.2\Modules\Compiler\IBMCPP-CXX-DetermineVersionInternal.cmake D$:\Software\cmake-4.2.1-windows-x86_64\share\cmake-4.2\Modules\Compiler\IBMClang-CXX-DetermineCompiler.cmake D$:\Software\cmake-4.2.1-windows-x86_64\share\cmake-4.2\Modules\Compiler\Intel-DetermineCompiler.cmake D$:\Software\cmake-4.2.1-windows-x86_64\share\cmake-4.2\Modules\Compiler\IntelLLVM-DetermineCompiler.cmake D$:\Software\cmake-4.2.1-windows-x86_64\share\cmake-4.2\Modules\Compiler\LCC-CXX-DetermineCompiler.cmake D$:\Software\cmake-4.2.1-windows-x86_64\share\cmake-4.2\Modules\Compiler\MSVC-CXX-CXXImportStd.cmake D$:\Software\cmake-4.2.1-windows-x86_64\share\cmake-4.2\Modules\Compiler\MSVC-CXX.cmake D$:\Software\cmake-4.2.1-windows-x86_64\share\cmake-4.2\Modules\Compiler\MSVC-DetermineCompiler.cmake D$:\Software\cmake-4.2.1-windows-x86_64\share\cmake-4.2\Modules\Compiler\MSVC.cmake D$:\Software\cmake-4.2.1-windows-x86_64\share\cmake-4.2\Modules\Compiler\NVHPC-DetermineCompiler.cmake D$:\Software\cmake-4.2.1-windows-x86_64\share\cmake-4.2\Modules\Compiler\NVIDIA-DetermineCompiler.cmake D$:\Software\cmake-4.2.1-windows-x86_64\share\cmake-4.2\Modules\Compiler\OpenWatcom-DetermineCompiler.cmake D$:\Software\cmake-4.2.1-windows-x86_64\share\cmake-4.2\Modules\Compiler\OrangeC-DetermineCompiler.cmake D$:\Software\cmake-4.2.1-windows-x86_64\share\cmake-4.2\Modules\Compiler\PGI-DetermineCompiler.cmake D$:\Software\cmake-4.2.1-windows-x86_64\share\cmake-4.2\Modules\Compiler\PathScale-DetermineCompiler.cmake D$:\Software\cmake-4.2.1-windows-x86_64\share\cmake-4.2\Modules\Compiler\Renesas-DetermineCompiler.cmake D$:\Software\cmake-4.2.1-windows-x86_64\share\cmake-4.2\Modules\Compiler\SCO-DetermineCompiler.cmake D$:\Software\cmake-4.2.1-windows-x86_64\share\cmake-4.2\Modules\Compiler\SunPro-CXX-DetermineCompiler.cmake D$:\Software\cmake-4.2.1-windows-x86_64\share\cmake-4.2\Modules\Compiler\TI-DetermineCompiler.cmake D$:\Software\cmake-4.2.1-windows-x86_64\share\cmake-4.2\Modules\Compiler\TIClang-DetermineCompiler.cmake D$:\Software\cmake-4.2.1-windows-x86_64\share\cmake-4.2\Modules\Compiler\Tasking-DetermineCompiler.cmake D$:\Software\cmake-4.2.1-windows-x86_64\share\cmake-4.2\Modules\Compiler\VisualAge-CXX-DetermineCompiler.cmake D$:\Software\cmake-4.2.1-windows-x86_64\share\cmake-4.2\Modules\Compiler\Watcom-DetermineCompiler.cmake D$:\Software\cmake-4.2.1-windows-x86_64\share\cmake-4.2\Modules\Compiler\XL-CXX-DetermineCompiler.cmake D$:\Software\cmake-4.2.1-windows-x86_64\share\cmake-4.2\Modules\Compiler\XLClang-CXX-DetermineCompiler.cmake D$:\Software\cmake-4.2.1-windows-x86_64\share\cmake-4.2\Modules\Compiler\zOS-CXX-DetermineCompiler.cmake D$:\Software\cmake-4.2.1-windows-x86_64\share\cmake-4.2\Modules\GNUInstallDirs.cmake D$:\Software\cmake-4.2.1-windows-x86_64\share\cmake-4.2\Modules\Internal\CMakeCXXLinkerInformation.cmake D$:\Software\cmake-4.2.1-windows-x86_64\share\cmake-4.2\Modules\Internal\CMakeCommonLinkerInformation.cmake D$:\Software\cmake-4.2.1-windows-x86_64\share\cmake-4.2\Modules\Internal\CMakeDetermineLinkerId.cmake D$:\Software\cmake-4.2.1-windows-x86_64\share\cmake-4.2\Modules\Internal\CMakeInspectCXXLinker.cmake D$:\Software\cmake-4.2.1-windows-x86_64\share\cmake-4.2\Modules\Internal\FeatureTesting.cmake D$:\Software\cmake-4.2.1-windows-x86_64\share\cmake-4.2\Modules\Linker\MSVC-CXX.cmake D$:\Software\cmake-4.2.1-windows-x86_64\share\cmake-4.2\Modules\Linker\MSVC.cmake D$:\Software\cmake-4.2.1-windows-x86_64\share\cmake-4.2\Modules\Platform\Linker\Windows-MSVC-CXX.cmake D$:\Software\cmake-4.2.1-windows-x86_64\share\cmake-4.2\Modules\Platform\Linker\Windows-MSVC.cmake D$:\Software\cmake-4.2.1-windows-x86_64\share\cmake-4.2\Modules\Platform\Windows-Determine-CXX.cmake D$:\Software\cmake-4.2.1-windows-x86_64\share\cmake-4.2\Modules\Platform\Windows-Initialize.cmake D$:\Software\cmake-4.2.1-windows-x86_64\share\cmake-4.2\Modules\Platform\Windows-MSVC-CXX.cmake D$:\Software\cmake-4.2.1-windows-x86_64\share\cmake-4.2\Modules\Platform\Windows-MSVC.cmake D$:\Software\cmake-4.2.1-windows-x86_64\share\cmake-4.2\Modules\Platform\Windows.cmake D$:\Software\cmake-4.2.1-windows-x86_64\share\cmake-4.2\Modules\Platform\WindowsPaths.cmake D$:\Software\cmake-4.2.1-windows-x86_64\share\cmake-4.2\Modules\WriteBasicConfigVersionFile.cmake D$:\TelegramBot\vcpkg_installed\vcpkg\blds\boost-units\src\ost-1.86.0-5cceb6126b.clean\CMakeLists.txt D$:\TelegramBot\vcpkg_installed\vcpkg\blds\boost-units\src\ost-1.86.0-5cceb6126b.clean\libs\units\CMakeLists.txt D$:\TelegramBot\vcpkg_installed\x64-windows\share\boost\BoostConfig.cmake D$:\TelegramBot\vcpkg_installed\x64-windows\share\boost\BoostConfigVersion.cmake D$:\TelegramBot\vcpkg_installed\x64-windows\share\boost\cmake-build\BoostInstall.cmake D$:\TelegramBot\vcpkg_installed\x64-windows\share\boost\cmake-build\BoostMessage.cmake D$:\TelegramBot\vcpkg_installed\x64-windows\share\boost\cmake-build\BoostRoot.cmake D$:\TelegramBot\vcpkg_installed\x64-windows\share\boost\vcpkg-cmake-wrapper.cmake D$:\TelegramBot\vcpkg_installed\x64-windows\share\boost_array\boost_array-config-version.cmake D$:\TelegramBot\vcpkg_installed\x64-windows\share\boost_array\boost_array-config.cmake D$:\TelegramBot\vcpkg_installed\x64-windows\share\boost_array\boost_array-targets.cmake D$:\TelegramBot\vcpkg_installed\x64-windows\share\boost_assert\boost_assert-config-version.cmake D$:\TelegramBot\vcpkg_installed\x64-windows\share\boost_assert\boost_assert-config.cmake D$:\TelegramBot\vcpkg_installed\x64-windows\share\boost_assert\boost_assert-targets.cmake D$:\TelegramBot\vcpkg_installed\x64-windows\share\boost_bind\boost_bind-config-version.cmake D$:\TelegramBot\vcpkg_installed\x64-windows\share\boost_bind\boost_bind-config.cmake D$:\TelegramBot\vcpkg_installed\x64-windows\share\boost_bind\boost_bind-targets.cmake D$:\TelegramBot\vcpkg_installed\x64-windows\share\boost_concept_check\boost_concept_check-config-version.cmake D$:\TelegramBot\vcpkg_installed\x64-windows\share\boost_concept_check\boost_concept_check-config.cmake D$:\TelegramBot\vcpkg_installed\x64-windows\share\boost_concept_check\boost_concept_check-targets.cmake D$:\TelegramBot\vcpkg_installed\x64-windows\share\boost_config\boost_config-config-version.cmake D$:\TelegramBot\vcpkg_installed\x64-windows\share\boost_config\boost_config-config.cmake D$:\TelegramBot\vcpkg_installed\x64-windows\share\boost_config\boost_config-targets.cmake D$:\TelegramBot\vcpkg_installed\x64-windows\share\boost_container\boost_container-config-version.cmake D$:\TelegramBot\vcpkg_installed\x64-windows\share\boost_container\boost_container-config.cmake D$:\TelegramBot\vcpkg_installed\x64-windows\share\boost_container\boost_container-targets-debug.cmake D$:\TelegramBot\vcpkg_installed\x64-windows\share\boost_container\boost_container-targets-release.cmake D$:\TelegramBot\vcpkg_installed\x64-windows\share\boost_container\boost_container-targets.cmake D$:\TelegramBot\vcpkg_installed\x64-windows\share\boost_container_hash\boost_container_hash-config-version.cmake D$:\TelegramBot\vcpkg_installed\x64-windows\share\boost_container_hash\boost_container_hash-config.cmake D$:\TelegramBot\vcpkg_installed\x64-windows\share\boost_container_hash\boost_container_hash-targets.cmake D$:\TelegramBot\vcpkg_installed\x64-windows\share\boost_conversion\boost_conversion-config-version.cmake D$:\TelegramBot\vcpkg_installed\x64-windows\share\boost_conversion\boost_conversion-config.cmake D$:\TelegramBot\vcpkg_installed\x64-windows\share\boost_conversion\boost_conversion-targets.cmake D$:\TelegramBot\vcpkg_installed\x64-windows\share\boost_core\boost_core-config-version.cmake D$:\TelegramBot\vcpkg_installed\x64-windows\share\boost_core\boost_core-config.cmake D$:\TelegramBot\vcpkg_installed\x64-windows\share\boost_core\boost_core-targets.cmake D$:\TelegramBot\vcpkg_installed\x64-windows\share\boost_describe\boost_describe-config-version.cmake D$:\TelegramBot\vcpkg_installed\x64-windows\share\boost_describe\boost_describe-config.cmake D$:\TelegramBot\vcpkg_installed\x64-windows\share\boost_describe\boost_describe-targets.cmake D$:\TelegramBot\vcpkg_installed\x64-windows\share\boost_detail\boost_detail-config-version.cmake D$:\TelegramBot\vcpkg_installed\x64-windows\share\boost_detail\boost_detail-config.cmake D$:\TelegramBot\vcpkg_installed\x64-windows\share\boost_detail\boost_detail-targets.cmake D$:\TelegramBot\vcpkg_installed\x64-windows\share\boost_dynamic_bitset\boost_dynamic_bitset-config-version.cmake D$:\TelegramBot\vcpkg_installed\x64-windows\share\boost_dynamic_bitset\boost_dynamic_bitset-config.cmake D$:\TelegramBot\vcpkg_installed\x64-windows\share\boost_dynamic_bitset\boost_dynamic_bitset-targets.cmake D$:\TelegramBot\vcpkg_installed\x64-windows\share\boost_function\boost_function-config-version.cmake D$:\TelegramBot\vcpkg_installed\x64-windows\share\boost_function\boost_function-config.cmake D$:\TelegramBot\vcpkg_installed\x64-windows\share\boost_function\boost_function-targets.cmake D$:\TelegramBot\vcpkg_installed\x64-windows\share\boost_function_types\boost_function_types-config-version.cmake D$:\TelegramBot\vcpkg_installed\x64-windows\share\boost_function_types\boost_function_types-config.cmake D$:\TelegramBot\vcpkg_installed\x64-windows\share\boost_function_types\boost_function_types-targets.cmake D$:\TelegramBot\vcpkg_installed\x64-windows\share\boost_functional\boost_functional-config-version.cmake D$:\TelegramBot\vcpkg_installed\x64-windows\share\boost_functional\boost_functional-config.cmake D$:\TelegramBot\vcpkg_installed\x64-windows\share\boost_functional\boost_functional-targets.cmake D$:\TelegramBot\vcpkg_installed\x64-windows\share\boost_fusion\boost_fusion-config-version.cmake D$:\TelegramBot\vcpkg_installed\x64-windows\share\boost_fusion\boost_fusion-config.cmake D$:\TelegramBot\vcpkg_installed\x64-windows\share\boost_fusion\boost_fusion-targets.cmake D$:\TelegramBot\vcpkg_installed\x64-windows\share\boost_headers\boost_headers-config-version.cmake D$:\TelegramBot\vcpkg_installed\x64-windows\share\boost_headers\boost_headers-config.cmake D$:\TelegramBot\vcpkg_installed\x64-windows\share\boost_headers\boost_headers-targets.cmake D$:\TelegramBot\vcpkg_installed\x64-windows\share\boost_integer\boost_integer-config-version.cmake D$:\TelegramBot\vcpkg_installed\x64-windows\share\boost_integer\boost_integer-config.cmake D$:\TelegramBot\vcpkg_installed\x64-windows\share\boost_integer\boost_integer-targets.cmake D$:\TelegramBot\vcpkg_installed\x64-windows\share\boost_intrusive\boost_intrusive-config-version.cmake D$:\TelegramBot\vcpkg_installed\x64-windows\share\boost_intrusive\boost_intrusive-config.cmake D$:\TelegramBot\vcpkg_installed\x64-windows\share\boost_intrusive\boost_intrusive-targets.cmake D$:\TelegramBot\vcpkg_installed\x64-windows\share\boost_io\boost_io-config-version.cmake D$:\TelegramBot\vcpkg_installed\x64-windows\share\boost_io\boost_io-config.cmake D$:\TelegramBot\vcpkg_installed\x64-windows\share\boost_io\boost_io-targets.cmake D$:\TelegramBot\vcpkg_installed\x64-windows\share\boost_iterator\boost_iterator-config-version.cmake D$:\TelegramBot\vcpkg_installed\x64-windows\share\boost_iterator\boost_iterator-config.cmake D$:\TelegramBot\vcpkg_installed\x64-windows\share\boost_iterator\boost_iterator-targets.cmake D$:\TelegramBot\vcpkg_installed\x64-windows\share\boost_lambda\boost_lambda-config-version.cmake D$:\TelegramBot\vcpkg_installed\x64-windows\share\boost_lambda\boost_lambda-config.cmake D$:\TelegramBot\vcpkg_installed\x64-windows\share\boost_lambda\boost_lambda-targets.cmake D$:\TelegramBot\vcpkg_installed\x64-windows\share\boost_lexical_cast\boost_lexical_cast-config-version.cmake D$:\TelegramBot\vcpkg_installed\x64-windows\share\boost_lexical_cast\boost_lexical_cast-config.cmake D$:\TelegramBot\vcpkg_installed\x64-windows\share\boost_lexical_cast\boost_lexical_cast-targets.cmake D$:\TelegramBot\vcpkg_installed\x64-windows\share\boost_math\boost_math-config-version.cmake D$:\TelegramBot\vcpkg_installed\x64-windows\share\boost_math\boost_math-config.cmake D$:\TelegramBot\vcpkg_installed\x64-windows\share\boost_math\boost_math-targets.cmake D$:\TelegramBot\vcpkg_installed\x64-windows\share\boost_move\boost_move-config-version.cmake D$:\TelegramBot\vcpkg_installed\x64-windows\share\boost_move\boost_move-config.cmake D$:\TelegramBot\vcpkg_installed\x64-windows\share\boost_move\boost_move-targets.cmake D$:\TelegramBot\vcpkg_installed\x64-windows\share\boost_mp11\boost_mp11-config-version.cmake D$:\TelegramBot\vcpkg_installed\x64-windows\share\boost_mp11\boost_mp11-config.cmake D$:\TelegramBot\vcpkg_installed\x64-windows\share\boost_mp11\boost_mp11-targets.cmake D$:\TelegramBot\vcpkg_installed\x64-windows\share\boost_mpl\boost_mpl-config-version.cmake D$:\TelegramBot\vcpkg_installed\x64-windows\share\boost_mpl\boost_mpl-config.cmake D$:\TelegramBot\vcpkg_installed\x64-windows\share\boost_mpl\boost_mpl-targets.cmake D$:\TelegramBot\vcpkg_installed\x64-windows\share\boost_optional\boost_optional-config-version.cmake D$:\TelegramBot\vcpkg_installed\x64-windows\share\boost_optional\boost_optional-config.cmake D$:\TelegramBot\vcpkg_installed\x64-windows\share\boost_optional\boost_optional-targets.cmake D$:\TelegramBot\vcpkg_installed\x64-windows\share\boost_predef\boost_predef-config-version.cmake D$:\TelegramBot\vcpkg_installed\x64-windows\share\boost_predef\boost_predef-config.cmake D$:\TelegramBot\vcpkg_installed\x64-windows\share\boost_predef\boost_predef-targets.cmake D$:\TelegramBot\vcpkg_installed\x64-windows\share\boost_preprocessor\boost_preprocessor-config-version.cmake D$:\TelegramBot\vcpkg_installed\x64-windows\share\boost_preprocessor\boost_preprocessor-config.cmake D$:\TelegramBot\vcpkg_installed\x64-windows\share\boost_preprocessor\boost_preprocessor-targets.cmake D$:\TelegramBot\vcpkg_installed\x64-windows\share\boost_random\boost_random-config-version.cmake D$:\TelegramBot\vcpkg_installed\x64-windows\share\boost_random\boost_random-config.cmake D$:\TelegramBot\vcpkg_installed\x64-windows\share\boost_random\boost_random-targets-debug.cmake D$:\TelegramBot\vcpkg_installed\x64-windows\share\boost_random\boost_random-targets-release.cmake D$:\TelegramBot\vcpkg_installed\x64-windows\share\boost_random\boost_random-targets.cmake D$:\TelegramBot\vcpkg_installed\x64-windows\share\boost_range\boost_range-config-version.cmake D$:\TelegramBot\vcpkg_installed\x64-windows\share\boost_range\boost_range-config.cmake D$:\TelegramBot\vcpkg_installed\x64-windows\share\boost_range\boost_range-targets.cmake D$:\TelegramBot\vcpkg_installed\x64-windows\share\boost_regex\boost_regex-config-version.cmake D$:\TelegramBot\vcpkg_installed\x64-windows\share\boost_regex\boost_regex-config.cmake D$:\TelegramBot\vcpkg_installed\x64-windows\share\boost_regex\boost_regex-targets-debug.cmake D$:\TelegramBot\vcpkg_installed\x64-windows\share\boost_regex\boost_regex-targets-release.cmake D$:\TelegramBot\vcpkg_installed\x64-windows\share\boost_regex\boost_regex-targets.cmake D$:\TelegramBot\vcpkg_installed\x64-windows\share\boost_smart_ptr\boost_smart_ptr-config-version.cmake D$:\TelegramBot\vcpkg_installed\x64-windows\share\boost_smart_ptr\boost_smart_ptr-config.cmake D$:\TelegramBot\vcpkg_installed\x64-windows\share\boost_smart_ptr\boost_smart_ptr-targets.cmake D$:\TelegramBot\vcpkg_installed\x64-windows\share\boost_static_assert\boost_static_assert-config-version.cmake D$:\TelegramBot\vcpkg_installed\x64-windows\share\boost_static_assert\boost_static_assert-config.cmake D$:\TelegramBot\vcpkg_installed\x64-windows\share\boost_static_assert\boost_static_assert-targets.cmake D$:\TelegramBot\vcpkg_installed\x64-windows\share\boost_system\boost_system-config-version.cmake D$:\TelegramBot\vcpkg_installed\x64-windows\share\boost_system\boost_system-config.cmake D$:\TelegramBot\vcpkg_installed\x64-windows\share\boost_system\boost_system-targets-debug.cmake D$:\TelegramBot\vcpkg_installed\x64-windows\share\boost_system\boost_system-targets-release.cmake D$:\TelegramBot\vcpkg_installed\x64-windows\share\boost_system\boost_system-targets.cmake D$:\TelegramBot\vcpkg_installed\x64-windows\share\boost_throw_exception\boost_throw_exception-config-version.cmake D$:\TelegramBot\vcpkg_installed\x64-windows\share\boost_throw_exception\boost_throw_exception-config.cmake D$:\TelegramBot\vcpkg_installed\x64-windows\share\boost_throw_exception\boost_throw_exception-targets.cmake D$:\TelegramBot\vcpkg_installed\x64-windows\share\boost_tuple\boost_tuple-config-version.cmake D$:\TelegramBot\vcpkg_installed\x64-windows\share\boost_tuple\boost_tuple-config.cmake D$:\TelegramBot\vcpkg_installed\x64-windows\share\boost_tuple\boost_tuple-targets.cmake D$:\TelegramBot\vcpkg_installed\x64-windows\share\boost_type_traits\boost_type_traits-config-version.cmake D$:\TelegramBot\vcpkg_installed\x64-windows\share\boost_type_traits\boost_type_traits-config.cmake D$:\TelegramBot\vcpkg_installed\x64-windows\share\boost_type_traits\boost_type_traits-targets.cmake D$:\TelegramBot\vcpkg_installed\x64-windows\share\boost_typeof\boost_typeof-config-version.cmake D$:\TelegramBot\vcpkg_installed\x64-windows\share\boost_typeof\boost_typeof-config.cmake D$:\TelegramBot\vcpkg_installed\x64-windows\share\boost_typeof\boost_typeof-targets.cmake D$:\TelegramBot\vcpkg_installed\x64-windows\share\boost_utility\boost_utility-config-version.cmake D$:\TelegramBot\vcpkg_installed\x64-windows\share\boost_utility\boost_utility-config.cmake D$:\TelegramBot\vcpkg_installed\x64-windows\share\boost_utility\boost_utility-targets.cmake D$:\TelegramBot\vcpkg_installed\x64-windows\share\boost_variant2\boost_variant2-config-version.cmake D$:\TelegramBot\vcpkg_installed\x64-windows\share\boost_variant2\boost_variant2-config.cmake D$:\TelegramBot\vcpkg_installed\x64-windows\share\boost_variant2\boost_variant2-targets.cmake D$:\TelegramBot\vcpkg_installed\x64-windows\share\boost_winapi\boost_winapi-config-version.cmake D$:\TelegramBot\vcpkg_installed\x64-windows\share\boost_winapi\boost_winapi-config.cmake D$:\TelegramBot\vcpkg_installed\x64-windows\share\boost_winapi\boost_winapi-targets.cmake: phony


#############################################
# Clean all the built files.

build clean: CLEAN


#############################################
# Print all primary targets available.

build help: HELP


#############################################
# Make the all target the default.

default all
