Change Dir: 'D:/TelegramBot/vcpkg_installed/vcpkg/blds/boost-units/x64-windows-rel'

Run Build Command(s): "C:/Program Files/Microsoft Visual Studio/2022/Community/Common7/IDE/CommonExtensions/Microsoft/CMake/Ninja/ninja.exe" -v -v -j9 install
[0/1] C:\WINDOWS\system32\cmd.exe /C "cd /D D:\TelegramBot\vcpkg_installed\vcpkg\blds\boost-units\x64-windows-rel && D:\Software\cmake-4.2.1-windows-x86_64\bin\cmake.exe -P cmake_install.cmake"
-- Install configuration: "Release"
-- Installing: D:/TelegramBot/vcpkg_installed/vcpkg/pkgs/boost-units_x64-windows/include
-- Installing: D:/TelegramBot/vcpkg_installed/vcpkg/pkgs/boost-units_x64-windows/include/boost
-- Installing: D:/TelegramBot/vcpkg_installed/vcpkg/pkgs/boost-units_x64-windows/include/boost/units
-- Installing: D:/TelegramBot/vcpkg_installed/vcpkg/pkgs/boost-units_x64-windows/include/boost/units/absolute.hpp
-- Installing: D:/TelegramBot/vcpkg_installed/vcpkg/pkgs/boost-units_x64-windows/include/boost/units/base_dimension.hpp
-- Installing: D:/TelegramBot/vcpkg_installed/vcpkg/pkgs/boost-units_x64-windows/include/boost/units/base_unit.hpp
-- Installing: D:/TelegramBot/vcpkg_installed/vcpkg/pkgs/boost-units_x64-windows/include/boost/units/base_units
-- Installing: D:/TelegramBot/vcpkg_installed/vcpkg/pkgs/boost-units_x64-windows/include/boost/units/base_units/angle
-- Installing: D:/TelegramBot/vcpkg_installed/vcpkg/pkgs/boost-units_x64-windows/include/boost/units/base_units/angle/arcminute.hpp
-- Installing: D:/TelegramBot/vcpkg_installed/vcpkg/pkgs/boost-units_x64-windows/include/boost/units/base_units/angle/arcsecond.hpp
-- Installing: D:/TelegramBot/vcpkg_installed/vcpkg/pkgs/boost-units_x64-windows/include/boost/units/base_units/angle/degree.hpp
-- Installing: D:/TelegramBot/vcpkg_installed/vcpkg/pkgs/boost-units_x64-windows/include/boost/units/base_units/angle/gradian.hpp
-- Installing: D:/TelegramBot/vcpkg_installed/vcpkg/pkgs/boost-units_x64-windows/include/boost/units/base_units/angle/radian.hpp
-- Installing: D:/TelegramBot/vcpkg_installed/vcpkg/pkgs/boost-units_x64-windows/include/boost/units/base_units/angle/revolution.hpp
-- Installing: D:/TelegramBot/vcpkg_installed/vcpkg/pkgs/boost-units_x64-windows/include/boost/units/base_units/angle/steradian.hpp
-- Installing: D:/TelegramBot/vcpkg_installed/vcpkg/pkgs/boost-units_x64-windows/include/boost/units/base_units/astronomical
-- Installing: D:/TelegramBot/vcpkg_installed/vcpkg/pkgs/boost-units_x64-windows/include/boost/units/base_units/astronomical/astronomical_unit.hpp
-- Installing: D:/TelegramBot/vcpkg_installed/vcpkg/pkgs/boost-units_x64-windows/include/boost/units/base_units/astronomical/light_day.hpp
-- Installing: D:/TelegramBot/vcpkg_installed/vcpkg/pkgs/boost-units_x64-windows/include/boost/units/base_units/astronomical/light_hour.hpp
-- Installing: D:/TelegramBot/vcpkg_installed/vcpkg/pkgs/boost-units_x64-windows/include/boost/units/base_units/astronomical/light_minute.hpp
-- Installing: D:/TelegramBot/vcpkg_installed/vcpkg/pkgs/boost-units_x64-windows/include/boost/units/base_units/astronomical/light_second.hpp
-- Installing: D:/TelegramBot/vcpkg_installed/vcpkg/pkgs/boost-units_x64-windows/include/boost/units/base_units/astronomical/light_year.hpp
-- Installing: D:/TelegramBot/vcpkg_installed/vcpkg/pkgs/boost-units_x64-windows/include/boost/units/base_units/astronomical/parsec.hpp
-- Installing: D:/TelegramBot/vcpkg_installed/vcpkg/pkgs/boost-units_x64-windows/include/boost/units/base_units/cgs
-- Installing: D:/TelegramBot/vcpkg_installed/vcpkg/pkgs/boost-units_x64-windows/include/boost/units/base_units/cgs/biot.hpp
-- Installing: D:/TelegramBot/vcpkg_installed/vcpkg/pkgs/boost-units_x64-windows/include/boost/units/base_units/cgs/centimeter.hpp
-- Installing: D:/TelegramBot/vcpkg_installed/vcpkg/pkgs/boost-units_x64-windows/include/boost/units/base_units/cgs/gram.hpp
-- Installing: D:/TelegramBot/vcpkg_installed/vcpkg/pkgs/boost-units_x64-windows/include/boost/units/base_units/imperial
-- Installing: D:/TelegramBot/vcpkg_installed/vcpkg/pkgs/boost-units_x64-windows/include/boost/units/base_units/imperial/conversions.hpp
-- Installing: D:/TelegramBot/vcpkg_installed/vcpkg/pkgs/boost-units_x64-windows/include/boost/units/base_units/imperial/drachm.hpp
-- Installing: D:/TelegramBot/vcpkg_installed/vcpkg/pkgs/boost-units_x64-windows/include/boost/units/base_units/imperial/fluid_ounce.hpp
-- Installing: D:/TelegramBot/vcpkg_installed/vcpkg/pkgs/boost-units_x64-windows/include/boost/units/base_units/imperial/foot.hpp
-- Installing: D:/TelegramBot/vcpkg_installed/vcpkg/pkgs/boost-units_x64-windows/include/boost/units/base_units/imperial/furlong.hpp
-- Installing: D:/TelegramBot/vcpkg_installed/vcpkg/pkgs/boost-units_x64-windows/include/boost/units/base_units/imperial/gallon.hpp
-- Installing: D:/TelegramBot/vcpkg_installed/vcpkg/pkgs/boost-units_x64-windows/include/boost/units/base_units/imperial/gill.hpp
-- Installing: D:/TelegramBot/vcpkg_installed/vcpkg/pkgs/boost-units_x64-windows/include/boost/units/base_units/imperial/grain.hpp
-- Installing: D:/TelegramBot/vcpkg_installed/vcpkg/pkgs/boost-units_x64-windows/include/boost/units/base_units/imperial/hundredweight.hpp
-- Installing: D:/TelegramBot/vcpkg_installed/vcpkg/pkgs/boost-units_x64-windows/include/boost/units/base_units/imperial/inch.hpp
-- Installing: D:/TelegramBot/vcpkg_installed/vcpkg/pkgs/boost-units_x64-windows/include/boost/units/base_units/imperial/league.hpp
-- Installing: D:/TelegramBot/vcpkg_installed/vcpkg/pkgs/boost-units_x64-windows/include/boost/units/base_units/imperial/mile.hpp
-- Installing: D:/TelegramBot/vcpkg_installed/vcpkg/pkgs/boost-units_x64-windows/include/boost/units/base_units/imperial/ounce.hpp
-- Installing: D:/TelegramBot/vcpkg_installed/vcpkg/pkgs/boost-units_x64-windows/include/boost/units/base_units/imperial/pint.hpp
-- Installing: D:/TelegramBot/vcpkg_installed/vcpkg/pkgs/boost-units_x64-windows/include/boost/units/base_units/imperial/pound.hpp
-- Installing: D:/TelegramBot/vcpkg_installed/vcpkg/pkgs/boost-units_x64-windows/include/boost/units/base_units/imperial/quart.hpp
-- Installing: D:/TelegramBot/vcpkg_installed/vcpkg/pkgs/boost-units_x64-windows/include/boost/units/base_units/imperial/quarter.hpp
-- Installing: D:/TelegramBot/vcpkg_installed/vcpkg/pkgs/boost-units_x64-windows/include/boost/units/base_units/imperial/stone.hpp
-- Installing: D:/TelegramBot/vcpkg_installed/vcpkg/pkgs/boost-units_x64-windows/include/boost/units/base_units/imperial/thou.hpp
-- Installing: D:/TelegramBot/vcpkg_installed/vcpkg/pkgs/boost-units_x64-windows/include/boost/units/base_units/imperial/ton.hpp
-- Installing: D:/TelegramBot/vcpkg_installed/vcpkg/pkgs/boost-units_x64-windows/include/boost/units/base_units/imperial/yard.hpp
-- Installing: D:/TelegramBot/vcpkg_installed/vcpkg/pkgs/boost-units_x64-windows/include/boost/units/base_units/information
-- Installing: D:/TelegramBot/vcpkg_installed/vcpkg/pkgs/boost-units_x64-windows/include/boost/units/base_units/information/bit.hpp
-- Installing: D:/TelegramBot/vcpkg_installed/vcpkg/pkgs/boost-units_x64-windows/include/boost/units/base_units/information/byte.hpp
-- Installing: D:/TelegramBot/vcpkg_installed/vcpkg/pkgs/boost-units_x64-windows/include/boost/units/base_units/information/hartley.hpp
-- Installing: D:/TelegramBot/vcpkg_installed/vcpkg/pkgs/boost-units_x64-windows/include/boost/units/base_units/information/nat.hpp
-- Installing: D:/TelegramBot/vcpkg_installed/vcpkg/pkgs/boost-units_x64-windows/include/boost/units/base_units/information/shannon.hpp
-- Installing: D:/TelegramBot/vcpkg_installed/vcpkg/pkgs/boost-units_x64-windows/include/boost/units/base_units/metric
-- Installing: D:/TelegramBot/vcpkg_installed/vcpkg/pkgs/boost-units_x64-windows/include/boost/units/base_units/metric/angstrom.hpp
-- Installing: D:/TelegramBot/vcpkg_installed/vcpkg/pkgs/boost-units_x64-windows/include/boost/units/base_units/metric/are.hpp
-- Installing: D:/TelegramBot/vcpkg_installed/vcpkg/pkgs/boost-units_x64-windows/include/boost/units/base_units/metric/atmosphere.hpp
-- Installing: D:/TelegramBot/vcpkg_installed/vcpkg/pkgs/boost-units_x64-windows/include/boost/units/base_units/metric/bar.hpp
-- Installing: D:/TelegramBot/vcpkg_installed/vcpkg/pkgs/boost-units_x64-windows/include/boost/units/base_units/metric/barn.hpp
-- Installing: D:/TelegramBot/vcpkg_installed/vcpkg/pkgs/boost-units_x64-windows/include/boost/units/base_units/metric/day.hpp
-- Installing: D:/TelegramBot/vcpkg_installed/vcpkg/pkgs/boost-units_x64-windows/include/boost/units/base_units/metric/fermi.hpp
-- Installing: D:/TelegramBot/vcpkg_installed/vcpkg/pkgs/boost-units_x64-windows/include/boost/units/base_units/metric/hectare.hpp
-- Installing: D:/TelegramBot/vcpkg_installed/vcpkg/pkgs/boost-units_x64-windows/include/boost/units/base_units/metric/hour.hpp
-- Installing: D:/TelegramBot/vcpkg_installed/vcpkg/pkgs/boost-units_x64-windows/include/boost/units/base_units/metric/knot.hpp
-- Installing: D:/TelegramBot/vcpkg_installed/vcpkg/pkgs/boost-units_x64-windows/include/boost/units/base_units/metric/liter.hpp
-- Installing: D:/TelegramBot/vcpkg_installed/vcpkg/pkgs/boost-units_x64-windows/include/boost/units/base_units/metric/micron.hpp
-- Installing: D:/TelegramBot/vcpkg_installed/vcpkg/pkgs/boost-units_x64-windows/include/boost/units/base_units/metric/minute.hpp
-- Installing: D:/TelegramBot/vcpkg_installed/vcpkg/pkgs/boost-units_x64-windows/include/boost/units/base_units/metric/mmHg.hpp
-- Installing: D:/TelegramBot/vcpkg_installed/vcpkg/pkgs/boost-units_x64-windows/include/boost/units/base_units/metric/nautical_mile.hpp
-- Installing: D:/TelegramBot/vcpkg_installed/vcpkg/pkgs/boost-units_x64-windows/include/boost/units/base_units/metric/ton.hpp
-- Installing: D:/TelegramBot/vcpkg_installed/vcpkg/pkgs/boost-units_x64-windows/include/boost/units/base_units/metric/torr.hpp
-- Installing: D:/TelegramBot/vcpkg_installed/vcpkg/pkgs/boost-units_x64-windows/include/boost/units/base_units/metric/year.hpp
-- Installing: D:/TelegramBot/vcpkg_installed/vcpkg/pkgs/boost-units_x64-windows/include/boost/units/base_units/si
-- Installing: D:/TelegramBot/vcpkg_installed/vcpkg/pkgs/boost-units_x64-windows/include/boost/units/base_units/si/ampere.hpp
-- Installing: D:/TelegramBot/vcpkg_installed/vcpkg/pkgs/boost-units_x64-windows/include/boost/units/base_units/si/candela.hpp
-- Installing: D:/TelegramBot/vcpkg_installed/vcpkg/pkgs/boost-units_x64-windows/include/boost/units/base_units/si/kelvin.hpp
-- Installing: D:/TelegramBot/vcpkg_installed/vcpkg/pkgs/boost-units_x64-windows/include/boost/units/base_units/si/kilogram.hpp
-- Installing: D:/TelegramBot/vcpkg_installed/vcpkg/pkgs/boost-units_x64-windows/include/boost/units/base_units/si/meter.hpp
-- Installing: D:/TelegramBot/vcpkg_installed/vcpkg/pkgs/boost-units_x64-windows/include/boost/units/base_units/si/mole.hpp
-- Installing: D:/TelegramBot/vcpkg_installed/vcpkg/pkgs/boost-units_x64-windows/include/boost/units/base_units/si/second.hpp
-- Installing: D:/TelegramBot/vcpkg_installed/vcpkg/pkgs/boost-units_x64-windows/include/boost/units/base_units/temperature
-- Installing: D:/TelegramBot/vcpkg_installed/vcpkg/pkgs/boost-units_x64-windows/include/boost/units/base_units/temperature/celsius.hpp
-- Installing: D:/TelegramBot/vcpkg_installed/vcpkg/pkgs/boost-units_x64-windows/include/boost/units/base_units/temperature/conversions.hpp
-- Installing: D:/TelegramBot/vcpkg_installed/vcpkg/pkgs/boost-units_x64-windows/include/boost/units/base_units/temperature/fahrenheit.hpp
-- Installing: D:/TelegramBot/vcpkg_installed/vcpkg/pkgs/boost-units_x64-windows/include/boost/units/base_units/us
-- Installing: D:/TelegramBot/vcpkg_installed/vcpkg/pkgs/boost-units_x64-windows/include/boost/units/base_units/us/cup.hpp
-- Installing: D:/TelegramBot/vcpkg_installed/vcpkg/pkgs/boost-units_x64-windows/include/boost/units/base_units/us/dram.hpp
-- Installing: D:/TelegramBot/vcpkg_installed/vcpkg/pkgs/boost-units_x64-windows/include/boost/units/base_units/us/fluid_dram.hpp
-- Installing: D:/TelegramBot/vcpkg_installed/vcpkg/pkgs/boost-units_x64-windows/include/boost/units/base_units/us/fluid_ounce.hpp
-- Installing: D:/TelegramBot/vcpkg_installed/vcpkg/pkgs/boost-units_x64-windows/include/boost/units/base_units/us/foot.hpp
-- Installing: D:/TelegramBot/vcpkg_installed/vcpkg/pkgs/boost-units_x64-windows/include/boost/units/base_units/us/gallon.hpp
-- Installing: D:/TelegramBot/vcpkg_installed/vcpkg/pkgs/boost-units_x64-windows/include/boost/units/base_units/us/gill.hpp
-- Installing: D:/TelegramBot/vcpkg_installed/vcpkg/pkgs/boost-units_x64-windows/include/boost/units/base_units/us/grain.hpp
-- Installing: D:/TelegramBot/vcpkg_installed/vcpkg/pkgs/boost-units_x64-windows/include/boost/units/base_units/us/hundredweight.hpp
-- Installing: D:/TelegramBot/vcpkg_installed/vcpkg/pkgs/boost-units_x64-windows/include/boost/units/base_units/us/inch.hpp
-- Installing: D:/TelegramBot/vcpkg_installed/vcpkg/pkgs/boost-units_x64-windows/include/boost/units/base_units/us/mil.hpp
-- Installing: D:/TelegramBot/vcpkg_installed/vcpkg/pkgs/boost-units_x64-windows/include/boost/units/base_units/us/mile.hpp
-- Installing: D:/TelegramBot/vcpkg_installed/vcpkg/pkgs/boost-units_x64-windows/include/boost/units/base_units/us/minim.hpp
-- Installing: D:/TelegramBot/vcpkg_installed/vcpkg/pkgs/boost-units_x64-windows/include/boost/units/base_units/us/ounce.hpp
-- Installing: D:/TelegramBot/vcpkg_installed/vcpkg/pkgs/boost-units_x64-windows/include/boost/units/base_units/us/pint.hpp
-- Installing: D:/TelegramBot/vcpkg_installed/vcpkg/pkgs/boost-units_x64-windows/include/boost/units/base_units/us/pound.hpp
-- Installing: D:/TelegramBot/vcpkg_installed/vcpkg/pkgs/boost-units_x64-windows/include/boost/units/base_units/us/pound_force.hpp
-- Installing: D:/TelegramBot/vcpkg_installed/vcpkg/pkgs/boost-units_x64-windows/include/boost/units/base_units/us/quart.hpp
-- Installing: D:/TelegramBot/vcpkg_installed/vcpkg/pkgs/boost-units_x64-windows/include/boost/units/base_units/us/tablespoon.hpp
-- Installing: D:/TelegramBot/vcpkg_installed/vcpkg/pkgs/boost-units_x64-windows/include/boost/units/base_units/us/teaspoon.hpp
-- Installing: D:/TelegramBot/vcpkg_installed/vcpkg/pkgs/boost-units_x64-windows/include/boost/units/base_units/us/ton.hpp
-- Installing: D:/TelegramBot/vcpkg_installed/vcpkg/pkgs/boost-units_x64-windows/include/boost/units/base_units/us/yard.hpp
-- Installing: D:/TelegramBot/vcpkg_installed/vcpkg/pkgs/boost-units_x64-windows/include/boost/units/cmath.hpp
-- Installing: D:/TelegramBot/vcpkg_installed/vcpkg/pkgs/boost-units_x64-windows/include/boost/units/config.hpp
-- Installing: D:/TelegramBot/vcpkg_installed/vcpkg/pkgs/boost-units_x64-windows/include/boost/units/conversion.hpp
-- Installing: D:/TelegramBot/vcpkg_installed/vcpkg/pkgs/boost-units_x64-windows/include/boost/units/derived_dimension.hpp
-- Installing: D:/TelegramBot/vcpkg_installed/vcpkg/pkgs/boost-units_x64-windows/include/boost/units/detail
-- Installing: D:/TelegramBot/vcpkg_installed/vcpkg/pkgs/boost-units_x64-windows/include/boost/units/detail/absolute_impl.hpp
-- Installing: D:/TelegramBot/vcpkg_installed/vcpkg/pkgs/boost-units_x64-windows/include/boost/units/detail/cmath_impl.hpp
-- Installing: D:/TelegramBot/vcpkg_installed/vcpkg/pkgs/boost-units_x64-windows/include/boost/units/detail/conversion_impl.hpp
-- Installing: D:/TelegramBot/vcpkg_installed/vcpkg/pkgs/boost-units_x64-windows/include/boost/units/detail/dimensionless_unit.hpp
-- Installing: D:/TelegramBot/vcpkg_installed/vcpkg/pkgs/boost-units_x64-windows/include/boost/units/detail/dimension_impl.hpp
-- Installing: D:/TelegramBot/vcpkg_installed/vcpkg/pkgs/boost-units_x64-windows/include/boost/units/detail/dimension_list.hpp
-- Installing: D:/TelegramBot/vcpkg_installed/vcpkg/pkgs/boost-units_x64-windows/include/boost/units/detail/dim_impl.hpp
-- Installing: D:/TelegramBot/vcpkg_installed/vcpkg/pkgs/boost-units_x64-windows/include/boost/units/detail/heterogeneous_conversion.hpp
-- Installing: D:/TelegramBot/vcpkg_installed/vcpkg/pkgs/boost-units_x64-windows/include/boost/units/detail/linear_algebra.hpp
-- Installing: D:/TelegramBot/vcpkg_installed/vcpkg/pkgs/boost-units_x64-windows/include/boost/units/detail/one.hpp
-- Installing: D:/TelegramBot/vcpkg_installed/vcpkg/pkgs/boost-units_x64-windows/include/boost/units/detail/ordinal.hpp
-- Installing: D:/TelegramBot/vcpkg_installed/vcpkg/pkgs/boost-units_x64-windows/include/boost/units/detail/prevent_redefinition.hpp
-- Installing: D:/TelegramBot/vcpkg_installed/vcpkg/pkgs/boost-units_x64-windows/include/boost/units/detail/push_front_if.hpp
-- Installing: D:/TelegramBot/vcpkg_installed/vcpkg/pkgs/boost-units_x64-windows/include/boost/units/detail/push_front_or_add.hpp
-- Installing: D:/TelegramBot/vcpkg_installed/vcpkg/pkgs/boost-units_x64-windows/include/boost/units/detail/sort.hpp
-- Installing: D:/TelegramBot/vcpkg_installed/vcpkg/pkgs/boost-units_x64-windows/include/boost/units/detail/static_rational_power.hpp
-- Installing: D:/TelegramBot/vcpkg_installed/vcpkg/pkgs/boost-units_x64-windows/include/boost/units/detail/unscale.hpp
-- Installing: D:/TelegramBot/vcpkg_installed/vcpkg/pkgs/boost-units_x64-windows/include/boost/units/detail/utility.hpp
-- Installing: D:/TelegramBot/vcpkg_installed/vcpkg/pkgs/boost-units_x64-windows/include/boost/units/dim.hpp
-- Installing: D:/TelegramBot/vcpkg_installed/vcpkg/pkgs/boost-units_x64-windows/include/boost/units/dimension.hpp
-- Installing: D:/TelegramBot/vcpkg_installed/vcpkg/pkgs/boost-units_x64-windows/include/boost/units/dimensionless_quantity.hpp
-- Installing: D:/TelegramBot/vcpkg_installed/vcpkg/pkgs/boost-units_x64-windows/include/boost/units/dimensionless_type.hpp
-- Installing: D:/TelegramBot/vcpkg_installed/vcpkg/pkgs/boost-units_x64-windows/include/boost/units/dimensionless_unit.hpp
-- Installing: D:/TelegramBot/vcpkg_installed/vcpkg/pkgs/boost-units_x64-windows/include/boost/units/get_dimension.hpp
-- Installing: D:/TelegramBot/vcpkg_installed/vcpkg/pkgs/boost-units_x64-windows/include/boost/units/get_system.hpp
-- Installing: D:/TelegramBot/vcpkg_installed/vcpkg/pkgs/boost-units_x64-windows/include/boost/units/heterogeneous_system.hpp
-- Installing: D:/TelegramBot/vcpkg_installed/vcpkg/pkgs/boost-units_x64-windows/include/boost/units/homogeneous_system.hpp
-- Installing: D:/TelegramBot/vcpkg_installed/vcpkg/pkgs/boost-units_x64-windows/include/boost/units/io.hpp
-- Installing: D:/TelegramBot/vcpkg_installed/vcpkg/pkgs/boost-units_x64-windows/include/boost/units/is_dim.hpp
-- Installing: D:/TelegramBot/vcpkg_installed/vcpkg/pkgs/boost-units_x64-windows/include/boost/units/is_dimensionless.hpp
-- Installing: D:/TelegramBot/vcpkg_installed/vcpkg/pkgs/boost-units_x64-windows/include/boost/units/is_dimensionless_quantity.hpp
-- Installing: D:/TelegramBot/vcpkg_installed/vcpkg/pkgs/boost-units_x64-windows/include/boost/units/is_dimensionless_unit.hpp
-- Installing: D:/TelegramBot/vcpkg_installed/vcpkg/pkgs/boost-units_x64-windows/include/boost/units/is_dimension_list.hpp
-- Installing: D:/TelegramBot/vcpkg_installed/vcpkg/pkgs/boost-units_x64-windows/include/boost/units/is_quantity.hpp
-- Installing: D:/TelegramBot/vcpkg_installed/vcpkg/pkgs/boost-units_x64-windows/include/boost/units/is_quantity_of_dimension.hpp
-- Installing: D:/TelegramBot/vcpkg_installed/vcpkg/pkgs/boost-units_x64-windows/include/boost/units/is_quantity_of_system.hpp
-- Installing: D:/TelegramBot/vcpkg_installed/vcpkg/pkgs/boost-units_x64-windows/include/boost/units/is_unit.hpp
-- Installing: D:/TelegramBot/vcpkg_installed/vcpkg/pkgs/boost-units_x64-windows/include/boost/units/is_unit_of_dimension.hpp
-- Installing: D:/TelegramBot/vcpkg_installed/vcpkg/pkgs/boost-units_x64-windows/include/boost/units/is_unit_of_system.hpp
-- Installing: D:/TelegramBot/vcpkg_installed/vcpkg/pkgs/boost-units_x64-windows/include/boost/units/lambda.hpp
-- Installing: D:/TelegramBot/vcpkg_installed/vcpkg/pkgs/boost-units_x64-windows/include/boost/units/limits.hpp
-- Installing: D:/TelegramBot/vcpkg_installed/vcpkg/pkgs/boost-units_x64-windows/include/boost/units/make_scaled_unit.hpp
-- Installing: D:/TelegramBot/vcpkg_installed/vcpkg/pkgs/boost-units_x64-windows/include/boost/units/make_system.hpp
-- Installing: D:/TelegramBot/vcpkg_installed/vcpkg/pkgs/boost-units_x64-windows/include/boost/units/operators.hpp
-- Installing: D:/TelegramBot/vcpkg_installed/vcpkg/pkgs/boost-units_x64-windows/include/boost/units/physical_dimensions
-- Installing: D:/TelegramBot/vcpkg_installed/vcpkg/pkgs/boost-units_x64-windows/include/boost/units/physical_dimensions/absorbed_dose.hpp
-- Installing: D:/TelegramBot/vcpkg_installed/vcpkg/pkgs/boost-units_x64-windows/include/boost/units/physical_dimensions/acceleration.hpp
-- Installing: D:/TelegramBot/vcpkg_installed/vcpkg/pkgs/boost-units_x64-windows/include/boost/units/physical_dimensions/action.hpp
-- Installing: D:/TelegramBot/vcpkg_installed/vcpkg/pkgs/boost-units_x64-windows/include/boost/units/physical_dimensions/activity.hpp
-- Installing: D:/TelegramBot/vcpkg_installed/vcpkg/pkgs/boost-units_x64-windows/include/boost/units/physical_dimensions/amount.hpp
-- Installing: D:/TelegramBot/vcpkg_installed/vcpkg/pkgs/boost-units_x64-windows/include/boost/units/physical_dimensions/angular_acceleration.hpp
-- Installing: D:/TelegramBot/vcpkg_installed/vcpkg/pkgs/boost-units_x64-windows/include/boost/units/physical_dimensions/angular_momentum.hpp
-- Installing: D:/TelegramBot/vcpkg_installed/vcpkg/pkgs/boost-units_x64-windows/include/boost/units/physical_dimensions/angular_velocity.hpp
-- Installing: D:/TelegramBot/vcpkg_installed/vcpkg/pkgs/boost-units_x64-windows/include/boost/units/physical_dimensions/area.hpp
-- Installing: D:/TelegramBot/vcpkg_installed/vcpkg/pkgs/boost-units_x64-windows/include/boost/units/physical_dimensions/capacitance.hpp
-- Installing: D:/TelegramBot/vcpkg_installed/vcpkg/pkgs/boost-units_x64-windows/include/boost/units/physical_dimensions/conductance.hpp
-- Installing: D:/TelegramBot/vcpkg_installed/vcpkg/pkgs/boost-units_x64-windows/include/boost/units/physical_dimensions/conductivity.hpp
-- Installing: D:/TelegramBot/vcpkg_installed/vcpkg/pkgs/boost-units_x64-windows/include/boost/units/physical_dimensions/current.hpp
-- Installing: D:/TelegramBot/vcpkg_installed/vcpkg/pkgs/boost-units_x64-windows/include/boost/units/physical_dimensions/dose_equivalent.hpp
-- Installing: D:/TelegramBot/vcpkg_installed/vcpkg/pkgs/boost-units_x64-windows/include/boost/units/physical_dimensions/dynamic_viscosity.hpp
-- Installing: D:/TelegramBot/vcpkg_installed/vcpkg/pkgs/boost-units_x64-windows/include/boost/units/physical_dimensions/electric_charge.hpp
-- Installing: D:/TelegramBot/vcpkg_installed/vcpkg/pkgs/boost-units_x64-windows/include/boost/units/physical_dimensions/electric_potential.hpp
-- Installing: D:/TelegramBot/vcpkg_installed/vcpkg/pkgs/boost-units_x64-windows/include/boost/units/physical_dimensions/energy.hpp
-- Installing: D:/TelegramBot/vcpkg_installed/vcpkg/pkgs/boost-units_x64-windows/include/boost/units/physical_dimensions/energy_density.hpp
-- Installing: D:/TelegramBot/vcpkg_installed/vcpkg/pkgs/boost-units_x64-windows/include/boost/units/physical_dimensions/force.hpp
-- Installing: D:/TelegramBot/vcpkg_installed/vcpkg/pkgs/boost-units_x64-windows/include/boost/units/physical_dimensions/frequency.hpp
-- Installing: D:/TelegramBot/vcpkg_installed/vcpkg/pkgs/boost-units_x64-windows/include/boost/units/physical_dimensions/heat_capacity.hpp
-- Installing: D:/TelegramBot/vcpkg_installed/vcpkg/pkgs/boost-units_x64-windows/include/boost/units/physical_dimensions/illuminance.hpp
-- Installing: D:/TelegramBot/vcpkg_installed/vcpkg/pkgs/boost-units_x64-windows/include/boost/units/physical_dimensions/impedance.hpp
-- Installing: D:/TelegramBot/vcpkg_installed/vcpkg/pkgs/boost-units_x64-windows/include/boost/units/physical_dimensions/inductance.hpp
-- Installing: D:/TelegramBot/vcpkg_installed/vcpkg/pkgs/boost-units_x64-windows/include/boost/units/physical_dimensions/information.hpp
-- Installing: D:/TelegramBot/vcpkg_installed/vcpkg/pkgs/boost-units_x64-windows/include/boost/units/physical_dimensions/kinematic_viscosity.hpp
-- Installing: D:/TelegramBot/vcpkg_installed/vcpkg/pkgs/boost-units_x64-windows/include/boost/units/physical_dimensions/length.hpp
-- Installing: D:/TelegramBot/vcpkg_installed/vcpkg/pkgs/boost-units_x64-windows/include/boost/units/physical_dimensions/luminance.hpp
-- Installing: D:/TelegramBot/vcpkg_installed/vcpkg/pkgs/boost-units_x64-windows/include/boost/units/physical_dimensions/luminous_flux.hpp
-- Installing: D:/TelegramBot/vcpkg_installed/vcpkg/pkgs/boost-units_x64-windows/include/boost/units/physical_dimensions/luminous_intensity.hpp
-- Installing: D:/TelegramBot/vcpkg_installed/vcpkg/pkgs/boost-units_x64-windows/include/boost/units/physical_dimensions/magnetic_field_intensity.hpp
-- Installing: D:/TelegramBot/vcpkg_installed/vcpkg/pkgs/boost-units_x64-windows/include/boost/units/physical_dimensions/magnetic_flux.hpp
-- Installing: D:/TelegramBot/vcpkg_installed/vcpkg/pkgs/boost-units_x64-windows/include/boost/units/physical_dimensions/magnetic_flux_density.hpp
-- Installing: D:/TelegramBot/vcpkg_installed/vcpkg/pkgs/boost-units_x64-windows/include/boost/units/physical_dimensions/mass.hpp
-- Installing: D:/TelegramBot/vcpkg_installed/vcpkg/pkgs/boost-units_x64-windows/include/boost/units/physical_dimensions/mass_density.hpp
-- Installing: D:/TelegramBot/vcpkg_installed/vcpkg/pkgs/boost-units_x64-windows/include/boost/units/physical_dimensions/molar_energy.hpp
-- Installing: D:/TelegramBot/vcpkg_installed/vcpkg/pkgs/boost-units_x64-windows/include/boost/units/physical_dimensions/molar_heat_capacity.hpp
-- Installing: D:/TelegramBot/vcpkg_installed/vcpkg/pkgs/boost-units_x64-windows/include/boost/units/physical_dimensions/momentum.hpp
-- Installing: D:/TelegramBot/vcpkg_installed/vcpkg/pkgs/boost-units_x64-windows/include/boost/units/physical_dimensions/moment_of_inertia.hpp
-- Installing: D:/TelegramBot/vcpkg_installed/vcpkg/pkgs/boost-units_x64-windows/include/boost/units/physical_dimensions/permeability.hpp
-- Installing: D:/TelegramBot/vcpkg_installed/vcpkg/pkgs/boost-units_x64-windows/include/boost/units/physical_dimensions/permittivity.hpp
-- Installing: D:/TelegramBot/vcpkg_installed/vcpkg/pkgs/boost-units_x64-windows/include/boost/units/physical_dimensions/plane_angle.hpp
-- Installing: D:/TelegramBot/vcpkg_installed/vcpkg/pkgs/boost-units_x64-windows/include/boost/units/physical_dimensions/power.hpp
-- Installing: D:/TelegramBot/vcpkg_installed/vcpkg/pkgs/boost-units_x64-windows/include/boost/units/physical_dimensions/pressure.hpp
-- Installing: D:/TelegramBot/vcpkg_installed/vcpkg/pkgs/boost-units_x64-windows/include/boost/units/physical_dimensions/reluctance.hpp
-- Installing: D:/TelegramBot/vcpkg_installed/vcpkg/pkgs/boost-units_x64-windows/include/boost/units/physical_dimensions/resistance.hpp
-- Installing: D:/TelegramBot/vcpkg_installed/vcpkg/pkgs/boost-units_x64-windows/include/boost/units/physical_dimensions/resistivity.hpp
-- Installing: D:/TelegramBot/vcpkg_installed/vcpkg/pkgs/boost-units_x64-windows/include/boost/units/physical_dimensions/solid_angle.hpp
-- Installing: D:/TelegramBot/vcpkg_installed/vcpkg/pkgs/boost-units_x64-windows/include/boost/units/physical_dimensions/specific_energy.hpp
-- Installing: D:/TelegramBot/vcpkg_installed/vcpkg/pkgs/boost-units_x64-windows/include/boost/units/physical_dimensions/specific_heat_capacity.hpp
-- Installing: D:/TelegramBot/vcpkg_installed/vcpkg/pkgs/boost-units_x64-windows/include/boost/units/physical_dimensions/specific_volume.hpp
-- Installing: D:/TelegramBot/vcpkg_installed/vcpkg/pkgs/boost-units_x64-windows/include/boost/units/physical_dimensions/stress.hpp
-- Installing: D:/TelegramBot/vcpkg_installed/vcpkg/pkgs/boost-units_x64-windows/include/boost/units/physical_dimensions/surface_density.hpp
-- Installing: D:/TelegramBot/vcpkg_installed/vcpkg/pkgs/boost-units_x64-windows/include/boost/units/physical_dimensions/surface_tension.hpp
-- Installing: D:/TelegramBot/vcpkg_installed/vcpkg/pkgs/boost-units_x64-windows/include/boost/units/physical_dimensions/temperature.hpp
-- Installing: D:/TelegramBot/vcpkg_installed/vcpkg/pkgs/boost-units_x64-windows/include/boost/units/physical_dimensions/thermal_conductivity.hpp
-- Installing: D:/TelegramBot/vcpkg_installed/vcpkg/pkgs/boost-units_x64-windows/include/boost/units/physical_dimensions/time.hpp
-- Installing: D:/TelegramBot/vcpkg_installed/vcpkg/pkgs/boost-units_x64-windows/include/boost/units/physical_dimensions/torque.hpp
-- Installing: D:/TelegramBot/vcpkg_installed/vcpkg/pkgs/boost-units_x64-windows/include/boost/units/physical_dimensions/velocity.hpp
-- Installing: D:/TelegramBot/vcpkg_installed/vcpkg/pkgs/boost-units_x64-windows/include/boost/units/physical_dimensions/volume.hpp
-- Installing: D:/TelegramBot/vcpkg_installed/vcpkg/pkgs/boost-units_x64-windows/include/boost/units/physical_dimensions/wavenumber.hpp
-- Installing: D:/TelegramBot/vcpkg_installed/vcpkg/pkgs/boost-units_x64-windows/include/boost/units/physical_dimensions.hpp
-- Installing: D:/TelegramBot/vcpkg_installed/vcpkg/pkgs/boost-units_x64-windows/include/boost/units/pow.hpp
-- Installing: D:/TelegramBot/vcpkg_installed/vcpkg/pkgs/boost-units_x64-windows/include/boost/units/quantity.hpp
-- Installing: D:/TelegramBot/vcpkg_installed/vcpkg/pkgs/boost-units_x64-windows/include/boost/units/reduce_unit.hpp
-- Installing: D:/TelegramBot/vcpkg_installed/vcpkg/pkgs/boost-units_x64-windows/include/boost/units/scale.hpp
-- Installing: D:/TelegramBot/vcpkg_installed/vcpkg/pkgs/boost-units_x64-windows/include/boost/units/scaled_base_unit.hpp
-- Installing: D:/TelegramBot/vcpkg_installed/vcpkg/pkgs/boost-units_x64-windows/include/boost/units/static_constant.hpp
-- Installing: D:/TelegramBot/vcpkg_installed/vcpkg/pkgs/boost-units_x64-windows/include/boost/units/static_rational.hpp
-- Installing: D:/TelegramBot/vcpkg_installed/vcpkg/pkgs/boost-units_x64-windows/include/boost/units/systems
-- Installing: D:/TelegramBot/vcpkg_installed/vcpkg/pkgs/boost-units_x64-windows/include/boost/units/systems/abstract.hpp
-- Installing: D:/TelegramBot/vcpkg_installed/vcpkg/pkgs/boost-units_x64-windows/include/boost/units/systems/angle
-- Installing: D:/TelegramBot/vcpkg_installed/vcpkg/pkgs/boost-units_x64-windows/include/boost/units/systems/angle/degrees.hpp
-- Installing: D:/TelegramBot/vcpkg_installed/vcpkg/pkgs/boost-units_x64-windows/include/boost/units/systems/angle/gradians.hpp
-- Installing: D:/TelegramBot/vcpkg_installed/vcpkg/pkgs/boost-units_x64-windows/include/boost/units/systems/angle/revolutions.hpp
-- Installing: D:/TelegramBot/vcpkg_installed/vcpkg/pkgs/boost-units_x64-windows/include/boost/units/systems/cgs
-- Installing: D:/TelegramBot/vcpkg_installed/vcpkg/pkgs/boost-units_x64-windows/include/boost/units/systems/cgs/acceleration.hpp
-- Installing: D:/TelegramBot/vcpkg_installed/vcpkg/pkgs/boost-units_x64-windows/include/boost/units/systems/cgs/area.hpp
-- Installing: D:/TelegramBot/vcpkg_installed/vcpkg/pkgs/boost-units_x64-windows/include/boost/units/systems/cgs/base.hpp
-- Installing: D:/TelegramBot/vcpkg_installed/vcpkg/pkgs/boost-units_x64-windows/include/boost/units/systems/cgs/current.hpp
-- Installing: D:/TelegramBot/vcpkg_installed/vcpkg/pkgs/boost-units_x64-windows/include/boost/units/systems/cgs/dimensionless.hpp
-- Installing: D:/TelegramBot/vcpkg_installed/vcpkg/pkgs/boost-units_x64-windows/include/boost/units/systems/cgs/dynamic_viscosity.hpp
-- Installing: D:/TelegramBot/vcpkg_installed/vcpkg/pkgs/boost-units_x64-windows/include/boost/units/systems/cgs/energy.hpp
-- Installing: D:/TelegramBot/vcpkg_installed/vcpkg/pkgs/boost-units_x64-windows/include/boost/units/systems/cgs/force.hpp
-- Installing: D:/TelegramBot/vcpkg_installed/vcpkg/pkgs/boost-units_x64-windows/include/boost/units/systems/cgs/frequency.hpp
-- Installing: D:/TelegramBot/vcpkg_installed/vcpkg/pkgs/boost-units_x64-windows/include/boost/units/systems/cgs/io.hpp
-- Installing: D:/TelegramBot/vcpkg_installed/vcpkg/pkgs/boost-units_x64-windows/include/boost/units/systems/cgs/kinematic_viscosity.hpp
-- Installing: D:/TelegramBot/vcpkg_installed/vcpkg/pkgs/boost-units_x64-windows/include/boost/units/systems/cgs/length.hpp
-- Installing: D:/TelegramBot/vcpkg_installed/vcpkg/pkgs/boost-units_x64-windows/include/boost/units/systems/cgs/mass.hpp
-- Installing: D:/TelegramBot/vcpkg_installed/vcpkg/pkgs/boost-units_x64-windows/include/boost/units/systems/cgs/mass_density.hpp
-- Installing: D:/TelegramBot/vcpkg_installed/vcpkg/pkgs/boost-units_x64-windows/include/boost/units/systems/cgs/momentum.hpp
-- Installing: D:/TelegramBot/vcpkg_installed/vcpkg/pkgs/boost-units_x64-windows/include/boost/units/systems/cgs/power.hpp
-- Installing: D:/TelegramBot/vcpkg_installed/vcpkg/pkgs/boost-units_x64-windows/include/boost/units/systems/cgs/pressure.hpp
-- Installing: D:/TelegramBot/vcpkg_installed/vcpkg/pkgs/boost-units_x64-windows/include/boost/units/systems/cgs/time.hpp
-- Installing: D:/TelegramBot/vcpkg_installed/vcpkg/pkgs/boost-units_x64-windows/include/boost/units/systems/cgs/velocity.hpp
-- Installing: D:/TelegramBot/vcpkg_installed/vcpkg/pkgs/boost-units_x64-windows/include/boost/units/systems/cgs/volume.hpp
-- Installing: D:/TelegramBot/vcpkg_installed/vcpkg/pkgs/boost-units_x64-windows/include/boost/units/systems/cgs/wavenumber.hpp
-- Installing: D:/TelegramBot/vcpkg_installed/vcpkg/pkgs/boost-units_x64-windows/include/boost/units/systems/cgs.hpp
-- Installing: D:/TelegramBot/vcpkg_installed/vcpkg/pkgs/boost-units_x64-windows/include/boost/units/systems/detail
-- Installing: D:/TelegramBot/vcpkg_installed/vcpkg/pkgs/boost-units_x64-windows/include/boost/units/systems/detail/constants.hpp
-- Installing: D:/TelegramBot/vcpkg_installed/vcpkg/pkgs/boost-units_x64-windows/include/boost/units/systems/information
-- Installing: D:/TelegramBot/vcpkg_installed/vcpkg/pkgs/boost-units_x64-windows/include/boost/units/systems/information/bit.hpp
-- Installing: D:/TelegramBot/vcpkg_installed/vcpkg/pkgs/boost-units_x64-windows/include/boost/units/systems/information/byte.hpp
-- Installing: D:/TelegramBot/vcpkg_installed/vcpkg/pkgs/boost-units_x64-windows/include/boost/units/systems/information/hartley.hpp
-- Installing: D:/TelegramBot/vcpkg_installed/vcpkg/pkgs/boost-units_x64-windows/include/boost/units/systems/information/nat.hpp
-- Installing: D:/TelegramBot/vcpkg_installed/vcpkg/pkgs/boost-units_x64-windows/include/boost/units/systems/information/prefixes.hpp
-- Installing: D:/TelegramBot/vcpkg_installed/vcpkg/pkgs/boost-units_x64-windows/include/boost/units/systems/information/shannon.hpp
-- Installing: D:/TelegramBot/vcpkg_installed/vcpkg/pkgs/boost-units_x64-windows/include/boost/units/systems/information.hpp
-- Installing: D:/TelegramBot/vcpkg_installed/vcpkg/pkgs/boost-units_x64-windows/include/boost/units/systems/si
-- Installing: D:/TelegramBot/vcpkg_installed/vcpkg/pkgs/boost-units_x64-windows/include/boost/units/systems/si/absorbed_dose.hpp
-- Installing: D:/TelegramBot/vcpkg_installed/vcpkg/pkgs/boost-units_x64-windows/include/boost/units/systems/si/acceleration.hpp
-- Installing: D:/TelegramBot/vcpkg_installed/vcpkg/pkgs/boost-units_x64-windows/include/boost/units/systems/si/action.hpp
-- Installing: D:/TelegramBot/vcpkg_installed/vcpkg/pkgs/boost-units_x64-windows/include/boost/units/systems/si/activity.hpp
-- Installing: D:/TelegramBot/vcpkg_installed/vcpkg/pkgs/boost-units_x64-windows/include/boost/units/systems/si/amount.hpp
-- Installing: D:/TelegramBot/vcpkg_installed/vcpkg/pkgs/boost-units_x64-windows/include/boost/units/systems/si/angular_acceleration.hpp
-- Installing: D:/TelegramBot/vcpkg_installed/vcpkg/pkgs/boost-units_x64-windows/include/boost/units/systems/si/angular_momentum.hpp
-- Installing: D:/TelegramBot/vcpkg_installed/vcpkg/pkgs/boost-units_x64-windows/include/boost/units/systems/si/angular_velocity.hpp
-- Installing: D:/TelegramBot/vcpkg_installed/vcpkg/pkgs/boost-units_x64-windows/include/boost/units/systems/si/area.hpp
-- Installing: D:/TelegramBot/vcpkg_installed/vcpkg/pkgs/boost-units_x64-windows/include/boost/units/systems/si/base.hpp
-- Installing: D:/TelegramBot/vcpkg_installed/vcpkg/pkgs/boost-units_x64-windows/include/boost/units/systems/si/capacitance.hpp
-- Installing: D:/TelegramBot/vcpkg_installed/vcpkg/pkgs/boost-units_x64-windows/include/boost/units/systems/si/catalytic_activity.hpp
-- Installing: D:/TelegramBot/vcpkg_installed/vcpkg/pkgs/boost-units_x64-windows/include/boost/units/systems/si/codata
-- Installing: D:/TelegramBot/vcpkg_installed/vcpkg/pkgs/boost-units_x64-windows/include/boost/units/systems/si/codata/alpha_constants.hpp
-- Installing: D:/TelegramBot/vcpkg_installed/vcpkg/pkgs/boost-units_x64-windows/include/boost/units/systems/si/codata/atomic-nuclear_constants.hpp
-- Installing: D:/TelegramBot/vcpkg_installed/vcpkg/pkgs/boost-units_x64-windows/include/boost/units/systems/si/codata/deuteron_constants.hpp
-- Installing: D:/TelegramBot/vcpkg_installed/vcpkg/pkgs/boost-units_x64-windows/include/boost/units/systems/si/codata/electromagnetic_constants.hpp
-- Installing: D:/TelegramBot/vcpkg_installed/vcpkg/pkgs/boost-units_x64-windows/include/boost/units/systems/si/codata/electron_constants.hpp
-- Installing: D:/TelegramBot/vcpkg_installed/vcpkg/pkgs/boost-units_x64-windows/include/boost/units/systems/si/codata/helion_constants.hpp
-- Installing: D:/TelegramBot/vcpkg_installed/vcpkg/pkgs/boost-units_x64-windows/include/boost/units/systems/si/codata/muon_constants.hpp
-- Installing: D:/TelegramBot/vcpkg_installed/vcpkg/pkgs/boost-units_x64-windows/include/boost/units/systems/si/codata/neutron_constants.hpp
-- Installing: D:/TelegramBot/vcpkg_installed/vcpkg/pkgs/boost-units_x64-windows/include/boost/units/systems/si/codata/physico-chemical_constants.hpp
-- Installing: D:/TelegramBot/vcpkg_installed/vcpkg/pkgs/boost-units_x64-windows/include/boost/units/systems/si/codata/proton_constants.hpp
-- Installing: D:/TelegramBot/vcpkg_installed/vcpkg/pkgs/boost-units_x64-windows/include/boost/units/systems/si/codata/tau_constants.hpp
-- Installing: D:/TelegramBot/vcpkg_installed/vcpkg/pkgs/boost-units_x64-windows/include/boost/units/systems/si/codata/triton_constants.hpp
-- Installing: D:/TelegramBot/vcpkg_installed/vcpkg/pkgs/boost-units_x64-windows/include/boost/units/systems/si/codata/typedefs.hpp
-- Installing: D:/TelegramBot/vcpkg_installed/vcpkg/pkgs/boost-units_x64-windows/include/boost/units/systems/si/codata/universal_constants.hpp
-- Installing: D:/TelegramBot/vcpkg_installed/vcpkg/pkgs/boost-units_x64-windows/include/boost/units/systems/si/codata_constants.hpp
-- Installing: D:/TelegramBot/vcpkg_installed/vcpkg/pkgs/boost-units_x64-windows/include/boost/units/systems/si/conductance.hpp
-- Installing: D:/TelegramBot/vcpkg_installed/vcpkg/pkgs/boost-units_x64-windows/include/boost/units/systems/si/conductivity.hpp
-- Installing: D:/TelegramBot/vcpkg_installed/vcpkg/pkgs/boost-units_x64-windows/include/boost/units/systems/si/current.hpp
-- Installing: D:/TelegramBot/vcpkg_installed/vcpkg/pkgs/boost-units_x64-windows/include/boost/units/systems/si/dimensionless.hpp
-- Installing: D:/TelegramBot/vcpkg_installed/vcpkg/pkgs/boost-units_x64-windows/include/boost/units/systems/si/dose_equivalent.hpp
-- Installing: D:/TelegramBot/vcpkg_installed/vcpkg/pkgs/boost-units_x64-windows/include/boost/units/systems/si/dynamic_viscosity.hpp
-- Installing: D:/TelegramBot/vcpkg_installed/vcpkg/pkgs/boost-units_x64-windows/include/boost/units/systems/si/electric_charge.hpp
-- Installing: D:/TelegramBot/vcpkg_installed/vcpkg/pkgs/boost-units_x64-windows/include/boost/units/systems/si/electric_potential.hpp
-- Installing: D:/TelegramBot/vcpkg_installed/vcpkg/pkgs/boost-units_x64-windows/include/boost/units/systems/si/energy.hpp
-- Installing: D:/TelegramBot/vcpkg_installed/vcpkg/pkgs/boost-units_x64-windows/include/boost/units/systems/si/force.hpp
-- Installing: D:/TelegramBot/vcpkg_installed/vcpkg/pkgs/boost-units_x64-windows/include/boost/units/systems/si/frequency.hpp
-- Installing: D:/TelegramBot/vcpkg_installed/vcpkg/pkgs/boost-units_x64-windows/include/boost/units/systems/si/illuminance.hpp
-- Installing: D:/TelegramBot/vcpkg_installed/vcpkg/pkgs/boost-units_x64-windows/include/boost/units/systems/si/impedance.hpp
-- Installing: D:/TelegramBot/vcpkg_installed/vcpkg/pkgs/boost-units_x64-windows/include/boost/units/systems/si/inductance.hpp
-- Installing: D:/TelegramBot/vcpkg_installed/vcpkg/pkgs/boost-units_x64-windows/include/boost/units/systems/si/io.hpp
-- Installing: D:/TelegramBot/vcpkg_installed/vcpkg/pkgs/boost-units_x64-windows/include/boost/units/systems/si/kinematic_viscosity.hpp
-- Installing: D:/TelegramBot/vcpkg_installed/vcpkg/pkgs/boost-units_x64-windows/include/boost/units/systems/si/length.hpp
-- Installing: D:/TelegramBot/vcpkg_installed/vcpkg/pkgs/boost-units_x64-windows/include/boost/units/systems/si/luminous_flux.hpp
-- Installing: D:/TelegramBot/vcpkg_installed/vcpkg/pkgs/boost-units_x64-windows/include/boost/units/systems/si/luminous_intensity.hpp
-- Installing: D:/TelegramBot/vcpkg_installed/vcpkg/pkgs/boost-units_x64-windows/include/boost/units/systems/si/magnetic_field_intensity.hpp
-- Installing: D:/TelegramBot/vcpkg_installed/vcpkg/pkgs/boost-units_x64-windows/include/boost/units/systems/si/magnetic_flux.hpp
-- Installing: D:/TelegramBot/vcpkg_installed/vcpkg/pkgs/boost-units_x64-windows/include/boost/units/systems/si/magnetic_flux_density.hpp
-- Installing: D:/TelegramBot/vcpkg_installed/vcpkg/pkgs/boost-units_x64-windows/include/boost/units/systems/si/mass.hpp
-- Installing: D:/TelegramBot/vcpkg_installed/vcpkg/pkgs/boost-units_x64-windows/include/boost/units/systems/si/mass_density.hpp
-- Installing: D:/TelegramBot/vcpkg_installed/vcpkg/pkgs/boost-units_x64-windows/include/boost/units/systems/si/momentum.hpp
-- Installing: D:/TelegramBot/vcpkg_installed/vcpkg/pkgs/boost-units_x64-windows/include/boost/units/systems/si/moment_of_inertia.hpp
-- Installing: D:/TelegramBot/vcpkg_installed/vcpkg/pkgs/boost-units_x64-windows/include/boost/units/systems/si/permeability.hpp
-- Installing: D:/TelegramBot/vcpkg_installed/vcpkg/pkgs/boost-units_x64-windows/include/boost/units/systems/si/permittivity.hpp
-- Installing: D:/TelegramBot/vcpkg_installed/vcpkg/pkgs/boost-units_x64-windows/include/boost/units/systems/si/plane_angle.hpp
-- Installing: D:/TelegramBot/vcpkg_installed/vcpkg/pkgs/boost-units_x64-windows/include/boost/units/systems/si/power.hpp
-- Installing: D:/TelegramBot/vcpkg_installed/vcpkg/pkgs/boost-units_x64-windows/include/boost/units/systems/si/prefixes.hpp
-- Installing: D:/TelegramBot/vcpkg_installed/vcpkg/pkgs/boost-units_x64-windows/include/boost/units/systems/si/pressure.hpp
-- Installing: D:/TelegramBot/vcpkg_installed/vcpkg/pkgs/boost-units_x64-windows/include/boost/units/systems/si/reluctance.hpp
-- Installing: D:/TelegramBot/vcpkg_installed/vcpkg/pkgs/boost-units_x64-windows/include/boost/units/systems/si/resistance.hpp
-- Installing: D:/TelegramBot/vcpkg_installed/vcpkg/pkgs/boost-units_x64-windows/include/boost/units/systems/si/resistivity.hpp
-- Installing: D:/TelegramBot/vcpkg_installed/vcpkg/pkgs/boost-units_x64-windows/include/boost/units/systems/si/solid_angle.hpp
-- Installing: D:/TelegramBot/vcpkg_installed/vcpkg/pkgs/boost-units_x64-windows/include/boost/units/systems/si/surface_density.hpp
-- Installing: D:/TelegramBot/vcpkg_installed/vcpkg/pkgs/boost-units_x64-windows/include/boost/units/systems/si/surface_tension.hpp
-- Installing: D:/TelegramBot/vcpkg_installed/vcpkg/pkgs/boost-units_x64-windows/include/boost/units/systems/si/temperature.hpp
-- Installing: D:/TelegramBot/vcpkg_installed/vcpkg/pkgs/boost-units_x64-windows/include/boost/units/systems/si/time.hpp
-- Installing: D:/TelegramBot/vcpkg_installed/vcpkg/pkgs/boost-units_x64-windows/include/boost/units/systems/si/torque.hpp
-- Installing: D:/TelegramBot/vcpkg_installed/vcpkg/pkgs/boost-units_x64-windows/include/boost/units/systems/si/velocity.hpp
-- Installing: D:/TelegramBot/vcpkg_installed/vcpkg/pkgs/boost-units_x64-windows/include/boost/units/systems/si/volume.hpp
-- Installing: D:/TelegramBot/vcpkg_installed/vcpkg/pkgs/boost-units_x64-windows/include/boost/units/systems/si/wavenumber.hpp
-- Installing: D:/TelegramBot/vcpkg_installed/vcpkg/pkgs/boost-units_x64-windows/include/boost/units/systems/si.hpp
-- Installing: D:/TelegramBot/vcpkg_installed/vcpkg/pkgs/boost-units_x64-windows/include/boost/units/systems/temperature
-- Installing: D:/TelegramBot/vcpkg_installed/vcpkg/pkgs/boost-units_x64-windows/include/boost/units/systems/temperature/celsius.hpp
-- Installing: D:/TelegramBot/vcpkg_installed/vcpkg/pkgs/boost-units_x64-windows/include/boost/units/systems/temperature/fahrenheit.hpp
-- Installing: D:/TelegramBot/vcpkg_installed/vcpkg/pkgs/boost-units_x64-windows/include/boost/units/unit.hpp
-- Installing: D:/TelegramBot/vcpkg_installed/vcpkg/pkgs/boost-units_x64-windows/include/boost/units/units_fwd.hpp
-- Installing: D:/TelegramBot/vcpkg_installed/vcpkg/pkgs/boost-units_x64-windows/lib/cmake/boost_units-1.86.0/boost_units-targets.cmake
-- Installing: D:/TelegramBot/vcpkg_installed/vcpkg/pkgs/boost-units_x64-windows/lib/cmake/boost_units-1.86.0/boost_units-config.cmake
-- Installing: D:/TelegramBot/vcpkg_installed/vcpkg/pkgs/boost-units_x64-windows/lib/cmake/boost_units-1.86.0/boost_units-config-version.cmake

