Change Dir: 'D:/TelegramBot/vcpkg_installed/vcpkg/blds/boost-odeint/x64-windows-rel'

Run Build Command(s): "C:/Program Files/Microsoft Visual Studio/2022/Community/Common7/IDE/CommonExtensions/Microsoft/CMake/Ninja/ninja.exe" -v -v -j9 install
[0/1] C:\WINDOWS\system32\cmd.exe /C "cd /D D:\TelegramBot\vcpkg_installed\vcpkg\blds\boost-odeint\x64-windows-rel && D:\Software\cmake-4.2.1-windows-x86_64\bin\cmake.exe -P cmake_install.cmake"
-- Install configuration: "Release"
-- Installing: D:/TelegramBot/vcpkg_installed/vcpkg/pkgs/boost-odeint_x64-windows/include
-- Installing: D:/TelegramBot/vcpkg_installed/vcpkg/pkgs/boost-odeint_x64-windows/include/boost
-- Installing: D:/TelegramBot/vcpkg_installed/vcpkg/pkgs/boost-odeint_x64-windows/include/boost/numeric
-- Installing: D:/TelegramBot/vcpkg_installed/vcpkg/pkgs/boost-odeint_x64-windows/include/boost/numeric/odeint
-- Installing: D:/TelegramBot/vcpkg_installed/vcpkg/pkgs/boost-odeint_x64-windows/include/boost/numeric/odeint/algebra
-- Installing: D:/TelegramBot/vcpkg_installed/vcpkg/pkgs/boost-odeint_x64-windows/include/boost/numeric/odeint/algebra/algebra_dispatcher.hpp
-- Installing: D:/TelegramBot/vcpkg_installed/vcpkg/pkgs/boost-odeint_x64-windows/include/boost/numeric/odeint/algebra/array_algebra.hpp
-- Installing: D:/TelegramBot/vcpkg_installed/vcpkg/pkgs/boost-odeint_x64-windows/include/boost/numeric/odeint/algebra/default_operations.hpp
-- Installing: D:/TelegramBot/vcpkg_installed/vcpkg/pkgs/boost-odeint_x64-windows/include/boost/numeric/odeint/algebra/detail
-- Installing: D:/TelegramBot/vcpkg_installed/vcpkg/pkgs/boost-odeint_x64-windows/include/boost/numeric/odeint/algebra/detail/extract_value_type.hpp
-- Installing: D:/TelegramBot/vcpkg_installed/vcpkg/pkgs/boost-odeint_x64-windows/include/boost/numeric/odeint/algebra/detail/for_each.hpp
-- Installing: D:/TelegramBot/vcpkg_installed/vcpkg/pkgs/boost-odeint_x64-windows/include/boost/numeric/odeint/algebra/detail/macros.hpp
-- Installing: D:/TelegramBot/vcpkg_installed/vcpkg/pkgs/boost-odeint_x64-windows/include/boost/numeric/odeint/algebra/detail/norm_inf.hpp
-- Installing: D:/TelegramBot/vcpkg_installed/vcpkg/pkgs/boost-odeint_x64-windows/include/boost/numeric/odeint/algebra/fusion_algebra.hpp
-- Installing: D:/TelegramBot/vcpkg_installed/vcpkg/pkgs/boost-odeint_x64-windows/include/boost/numeric/odeint/algebra/fusion_algebra_dispatcher.hpp
-- Installing: D:/TelegramBot/vcpkg_installed/vcpkg/pkgs/boost-odeint_x64-windows/include/boost/numeric/odeint/algebra/multi_array_algebra.hpp
-- Installing: D:/TelegramBot/vcpkg_installed/vcpkg/pkgs/boost-odeint_x64-windows/include/boost/numeric/odeint/algebra/norm_result_type.hpp
-- Installing: D:/TelegramBot/vcpkg_installed/vcpkg/pkgs/boost-odeint_x64-windows/include/boost/numeric/odeint/algebra/operations_dispatcher.hpp
-- Installing: D:/TelegramBot/vcpkg_installed/vcpkg/pkgs/boost-odeint_x64-windows/include/boost/numeric/odeint/algebra/range_algebra.hpp
-- Installing: D:/TelegramBot/vcpkg_installed/vcpkg/pkgs/boost-odeint_x64-windows/include/boost/numeric/odeint/algebra/vector_space_algebra.hpp
-- Installing: D:/TelegramBot/vcpkg_installed/vcpkg/pkgs/boost-odeint_x64-windows/include/boost/numeric/odeint/config.hpp
-- Installing: D:/TelegramBot/vcpkg_installed/vcpkg/pkgs/boost-odeint_x64-windows/include/boost/numeric/odeint/external
-- Installing: D:/TelegramBot/vcpkg_installed/vcpkg/pkgs/boost-odeint_x64-windows/include/boost/numeric/odeint/external/blaze
-- Installing: D:/TelegramBot/vcpkg_installed/vcpkg/pkgs/boost-odeint_x64-windows/include/boost/numeric/odeint/external/blaze/blaze_algebra_dispatcher.hpp
-- Installing: D:/TelegramBot/vcpkg_installed/vcpkg/pkgs/boost-odeint_x64-windows/include/boost/numeric/odeint/external/blaze/blaze_resize.hpp
-- Installing: D:/TelegramBot/vcpkg_installed/vcpkg/pkgs/boost-odeint_x64-windows/include/boost/numeric/odeint/external/compute
-- Installing: D:/TelegramBot/vcpkg_installed/vcpkg/pkgs/boost-odeint_x64-windows/include/boost/numeric/odeint/external/compute/compute.hpp
-- Installing: D:/TelegramBot/vcpkg_installed/vcpkg/pkgs/boost-odeint_x64-windows/include/boost/numeric/odeint/external/compute/compute_algebra.hpp
-- Installing: D:/TelegramBot/vcpkg_installed/vcpkg/pkgs/boost-odeint_x64-windows/include/boost/numeric/odeint/external/compute/compute_algebra_dispatcher.hpp
-- Installing: D:/TelegramBot/vcpkg_installed/vcpkg/pkgs/boost-odeint_x64-windows/include/boost/numeric/odeint/external/compute/compute_operations.hpp
-- Installing: D:/TelegramBot/vcpkg_installed/vcpkg/pkgs/boost-odeint_x64-windows/include/boost/numeric/odeint/external/compute/compute_operations_dispatcher.hpp
-- Installing: D:/TelegramBot/vcpkg_installed/vcpkg/pkgs/boost-odeint_x64-windows/include/boost/numeric/odeint/external/compute/compute_resize.hpp
-- Installing: D:/TelegramBot/vcpkg_installed/vcpkg/pkgs/boost-odeint_x64-windows/include/boost/numeric/odeint/external/eigen
-- Installing: D:/TelegramBot/vcpkg_installed/vcpkg/pkgs/boost-odeint_x64-windows/include/boost/numeric/odeint/external/eigen/eigen.hpp
-- Installing: D:/TelegramBot/vcpkg_installed/vcpkg/pkgs/boost-odeint_x64-windows/include/boost/numeric/odeint/external/eigen/eigen_algebra.hpp
-- Installing: D:/TelegramBot/vcpkg_installed/vcpkg/pkgs/boost-odeint_x64-windows/include/boost/numeric/odeint/external/eigen/eigen_algebra_dispatcher.hpp
-- Installing: D:/TelegramBot/vcpkg_installed/vcpkg/pkgs/boost-odeint_x64-windows/include/boost/numeric/odeint/external/eigen/eigen_resize.hpp
-- Installing: D:/TelegramBot/vcpkg_installed/vcpkg/pkgs/boost-odeint_x64-windows/include/boost/numeric/odeint/external/gsl
-- Installing: D:/TelegramBot/vcpkg_installed/vcpkg/pkgs/boost-odeint_x64-windows/include/boost/numeric/odeint/external/gsl/gsl_wrapper.hpp
-- Installing: D:/TelegramBot/vcpkg_installed/vcpkg/pkgs/boost-odeint_x64-windows/include/boost/numeric/odeint/external/mkl
-- Installing: D:/TelegramBot/vcpkg_installed/vcpkg/pkgs/boost-odeint_x64-windows/include/boost/numeric/odeint/external/mkl/mkl_operations.hpp
-- Installing: D:/TelegramBot/vcpkg_installed/vcpkg/pkgs/boost-odeint_x64-windows/include/boost/numeric/odeint/external/mpi
-- Installing: D:/TelegramBot/vcpkg_installed/vcpkg/pkgs/boost-odeint_x64-windows/include/boost/numeric/odeint/external/mpi/mpi.hpp
-- Installing: D:/TelegramBot/vcpkg_installed/vcpkg/pkgs/boost-odeint_x64-windows/include/boost/numeric/odeint/external/mpi/mpi_nested_algebra.hpp
-- Installing: D:/TelegramBot/vcpkg_installed/vcpkg/pkgs/boost-odeint_x64-windows/include/boost/numeric/odeint/external/mpi/mpi_state.hpp
-- Installing: D:/TelegramBot/vcpkg_installed/vcpkg/pkgs/boost-odeint_x64-windows/include/boost/numeric/odeint/external/mpi/mpi_vector_state.hpp
-- Installing: D:/TelegramBot/vcpkg_installed/vcpkg/pkgs/boost-odeint_x64-windows/include/boost/numeric/odeint/external/mtl4
-- Installing: D:/TelegramBot/vcpkg_installed/vcpkg/pkgs/boost-odeint_x64-windows/include/boost/numeric/odeint/external/mtl4/implicit_euler_mtl4.hpp
-- Installing: D:/TelegramBot/vcpkg_installed/vcpkg/pkgs/boost-odeint_x64-windows/include/boost/numeric/odeint/external/mtl4/mtl4.hpp
-- Installing: D:/TelegramBot/vcpkg_installed/vcpkg/pkgs/boost-odeint_x64-windows/include/boost/numeric/odeint/external/mtl4/mtl4_algebra_dispatcher.hpp
-- Installing: D:/TelegramBot/vcpkg_installed/vcpkg/pkgs/boost-odeint_x64-windows/include/boost/numeric/odeint/external/mtl4/mtl4_resize.hpp
-- Installing: D:/TelegramBot/vcpkg_installed/vcpkg/pkgs/boost-odeint_x64-windows/include/boost/numeric/odeint/external/nt2
-- Installing: D:/TelegramBot/vcpkg_installed/vcpkg/pkgs/boost-odeint_x64-windows/include/boost/numeric/odeint/external/nt2/nt2_algebra_dispatcher.hpp
-- Installing: D:/TelegramBot/vcpkg_installed/vcpkg/pkgs/boost-odeint_x64-windows/include/boost/numeric/odeint/external/nt2/nt2_copy.hpp
-- Installing: D:/TelegramBot/vcpkg_installed/vcpkg/pkgs/boost-odeint_x64-windows/include/boost/numeric/odeint/external/nt2/nt2_norm_inf.hpp
-- Installing: D:/TelegramBot/vcpkg_installed/vcpkg/pkgs/boost-odeint_x64-windows/include/boost/numeric/odeint/external/nt2/nt2_resize.hpp
-- Installing: D:/TelegramBot/vcpkg_installed/vcpkg/pkgs/boost-odeint_x64-windows/include/boost/numeric/odeint/external/openmp
-- Installing: D:/TelegramBot/vcpkg_installed/vcpkg/pkgs/boost-odeint_x64-windows/include/boost/numeric/odeint/external/openmp/openmp.hpp
-- Installing: D:/TelegramBot/vcpkg_installed/vcpkg/pkgs/boost-odeint_x64-windows/include/boost/numeric/odeint/external/openmp/openmp_nested_algebra.hpp
-- Installing: D:/TelegramBot/vcpkg_installed/vcpkg/pkgs/boost-odeint_x64-windows/include/boost/numeric/odeint/external/openmp/openmp_range_algebra.hpp
-- Installing: D:/TelegramBot/vcpkg_installed/vcpkg/pkgs/boost-odeint_x64-windows/include/boost/numeric/odeint/external/openmp/openmp_state.hpp
-- Installing: D:/TelegramBot/vcpkg_installed/vcpkg/pkgs/boost-odeint_x64-windows/include/boost/numeric/odeint/external/thrust
-- Installing: D:/TelegramBot/vcpkg_installed/vcpkg/pkgs/boost-odeint_x64-windows/include/boost/numeric/odeint/external/thrust/thrust.hpp
-- Installing: D:/TelegramBot/vcpkg_installed/vcpkg/pkgs/boost-odeint_x64-windows/include/boost/numeric/odeint/external/thrust/thrust_algebra.hpp
-- Installing: D:/TelegramBot/vcpkg_installed/vcpkg/pkgs/boost-odeint_x64-windows/include/boost/numeric/odeint/external/thrust/thrust_algebra_dispatcher.hpp
-- Installing: D:/TelegramBot/vcpkg_installed/vcpkg/pkgs/boost-odeint_x64-windows/include/boost/numeric/odeint/external/thrust/thrust_operations.hpp
-- Installing: D:/TelegramBot/vcpkg_installed/vcpkg/pkgs/boost-odeint_x64-windows/include/boost/numeric/odeint/external/thrust/thrust_operations_dispatcher.hpp
-- Installing: D:/TelegramBot/vcpkg_installed/vcpkg/pkgs/boost-odeint_x64-windows/include/boost/numeric/odeint/external/thrust/thrust_resize.hpp
-- Installing: D:/TelegramBot/vcpkg_installed/vcpkg/pkgs/boost-odeint_x64-windows/include/boost/numeric/odeint/external/vexcl
-- Installing: D:/TelegramBot/vcpkg_installed/vcpkg/pkgs/boost-odeint_x64-windows/include/boost/numeric/odeint/external/vexcl/vexcl.hpp
-- Installing: D:/TelegramBot/vcpkg_installed/vcpkg/pkgs/boost-odeint_x64-windows/include/boost/numeric/odeint/external/vexcl/vexcl_abs.hpp
-- Installing: D:/TelegramBot/vcpkg_installed/vcpkg/pkgs/boost-odeint_x64-windows/include/boost/numeric/odeint/external/vexcl/vexcl_algebra_dispatcher.hpp
-- Installing: D:/TelegramBot/vcpkg_installed/vcpkg/pkgs/boost-odeint_x64-windows/include/boost/numeric/odeint/external/vexcl/vexcl_copy.hpp
-- Installing: D:/TelegramBot/vcpkg_installed/vcpkg/pkgs/boost-odeint_x64-windows/include/boost/numeric/odeint/external/vexcl/vexcl_norm_inf.hpp
-- Installing: D:/TelegramBot/vcpkg_installed/vcpkg/pkgs/boost-odeint_x64-windows/include/boost/numeric/odeint/external/vexcl/vexcl_resize.hpp
-- Installing: D:/TelegramBot/vcpkg_installed/vcpkg/pkgs/boost-odeint_x64-windows/include/boost/numeric/odeint/external/vexcl/vexcl_same_instance.hpp
-- Installing: D:/TelegramBot/vcpkg_installed/vcpkg/pkgs/boost-odeint_x64-windows/include/boost/numeric/odeint/external/viennacl
-- Installing: D:/TelegramBot/vcpkg_installed/vcpkg/pkgs/boost-odeint_x64-windows/include/boost/numeric/odeint/external/viennacl/viennacl_operations.hpp
-- Installing: D:/TelegramBot/vcpkg_installed/vcpkg/pkgs/boost-odeint_x64-windows/include/boost/numeric/odeint/external/viennacl/viennacl_resize.hpp
-- Installing: D:/TelegramBot/vcpkg_installed/vcpkg/pkgs/boost-odeint_x64-windows/include/boost/numeric/odeint/integrate
-- Installing: D:/TelegramBot/vcpkg_installed/vcpkg/pkgs/boost-odeint_x64-windows/include/boost/numeric/odeint/integrate/check_adapter.hpp
-- Installing: D:/TelegramBot/vcpkg_installed/vcpkg/pkgs/boost-odeint_x64-windows/include/boost/numeric/odeint/integrate/detail
-- Installing: D:/TelegramBot/vcpkg_installed/vcpkg/pkgs/boost-odeint_x64-windows/include/boost/numeric/odeint/integrate/detail/functors.hpp
-- Installing: D:/TelegramBot/vcpkg_installed/vcpkg/pkgs/boost-odeint_x64-windows/include/boost/numeric/odeint/integrate/detail/integrate_adaptive.hpp
-- Installing: D:/TelegramBot/vcpkg_installed/vcpkg/pkgs/boost-odeint_x64-windows/include/boost/numeric/odeint/integrate/detail/integrate_const.hpp
-- Installing: D:/TelegramBot/vcpkg_installed/vcpkg/pkgs/boost-odeint_x64-windows/include/boost/numeric/odeint/integrate/detail/integrate_n_steps.hpp
-- Installing: D:/TelegramBot/vcpkg_installed/vcpkg/pkgs/boost-odeint_x64-windows/include/boost/numeric/odeint/integrate/detail/integrate_times.hpp
-- Installing: D:/TelegramBot/vcpkg_installed/vcpkg/pkgs/boost-odeint_x64-windows/include/boost/numeric/odeint/integrate/integrate.hpp
-- Installing: D:/TelegramBot/vcpkg_installed/vcpkg/pkgs/boost-odeint_x64-windows/include/boost/numeric/odeint/integrate/integrate_adaptive.hpp
-- Installing: D:/TelegramBot/vcpkg_installed/vcpkg/pkgs/boost-odeint_x64-windows/include/boost/numeric/odeint/integrate/integrate_const.hpp
-- Installing: D:/TelegramBot/vcpkg_installed/vcpkg/pkgs/boost-odeint_x64-windows/include/boost/numeric/odeint/integrate/integrate_n_steps.hpp
-- Installing: D:/TelegramBot/vcpkg_installed/vcpkg/pkgs/boost-odeint_x64-windows/include/boost/numeric/odeint/integrate/integrate_times.hpp
-- Installing: D:/TelegramBot/vcpkg_installed/vcpkg/pkgs/boost-odeint_x64-windows/include/boost/numeric/odeint/integrate/max_step_checker.hpp
-- Installing: D:/TelegramBot/vcpkg_installed/vcpkg/pkgs/boost-odeint_x64-windows/include/boost/numeric/odeint/integrate/null_observer.hpp
-- Installing: D:/TelegramBot/vcpkg_installed/vcpkg/pkgs/boost-odeint_x64-windows/include/boost/numeric/odeint/integrate/observer_collection.hpp
-- Installing: D:/TelegramBot/vcpkg_installed/vcpkg/pkgs/boost-odeint_x64-windows/include/boost/numeric/odeint/iterator
-- Installing: D:/TelegramBot/vcpkg_installed/vcpkg/pkgs/boost-odeint_x64-windows/include/boost/numeric/odeint/iterator/adaptive_iterator.hpp
-- Installing: D:/TelegramBot/vcpkg_installed/vcpkg/pkgs/boost-odeint_x64-windows/include/boost/numeric/odeint/iterator/adaptive_time_iterator.hpp
-- Installing: D:/TelegramBot/vcpkg_installed/vcpkg/pkgs/boost-odeint_x64-windows/include/boost/numeric/odeint/iterator/const_step_iterator.hpp
-- Installing: D:/TelegramBot/vcpkg_installed/vcpkg/pkgs/boost-odeint_x64-windows/include/boost/numeric/odeint/iterator/const_step_time_iterator.hpp
-- Installing: D:/TelegramBot/vcpkg_installed/vcpkg/pkgs/boost-odeint_x64-windows/include/boost/numeric/odeint/iterator/detail
-- Installing: D:/TelegramBot/vcpkg_installed/vcpkg/pkgs/boost-odeint_x64-windows/include/boost/numeric/odeint/iterator/detail/ode_iterator_base.hpp
-- Installing: D:/TelegramBot/vcpkg_installed/vcpkg/pkgs/boost-odeint_x64-windows/include/boost/numeric/odeint/iterator/impl
-- Installing: D:/TelegramBot/vcpkg_installed/vcpkg/pkgs/boost-odeint_x64-windows/include/boost/numeric/odeint/iterator/impl/adaptive_iterator_impl.hpp
-- Installing: D:/TelegramBot/vcpkg_installed/vcpkg/pkgs/boost-odeint_x64-windows/include/boost/numeric/odeint/iterator/impl/const_step_iterator_impl.hpp
-- Installing: D:/TelegramBot/vcpkg_installed/vcpkg/pkgs/boost-odeint_x64-windows/include/boost/numeric/odeint/iterator/impl/n_step_iterator_impl.hpp
-- Installing: D:/TelegramBot/vcpkg_installed/vcpkg/pkgs/boost-odeint_x64-windows/include/boost/numeric/odeint/iterator/impl/times_iterator_impl.hpp
-- Installing: D:/TelegramBot/vcpkg_installed/vcpkg/pkgs/boost-odeint_x64-windows/include/boost/numeric/odeint/iterator/integrate
-- Installing: D:/TelegramBot/vcpkg_installed/vcpkg/pkgs/boost-odeint_x64-windows/include/boost/numeric/odeint/iterator/integrate/detail
-- Installing: D:/TelegramBot/vcpkg_installed/vcpkg/pkgs/boost-odeint_x64-windows/include/boost/numeric/odeint/iterator/integrate/detail/functors.hpp
-- Installing: D:/TelegramBot/vcpkg_installed/vcpkg/pkgs/boost-odeint_x64-windows/include/boost/numeric/odeint/iterator/integrate/detail/integrate_adaptive.hpp
-- Installing: D:/TelegramBot/vcpkg_installed/vcpkg/pkgs/boost-odeint_x64-windows/include/boost/numeric/odeint/iterator/integrate/detail/integrate_const.hpp
-- Installing: D:/TelegramBot/vcpkg_installed/vcpkg/pkgs/boost-odeint_x64-windows/include/boost/numeric/odeint/iterator/integrate/detail/integrate_n_steps.hpp
-- Installing: D:/TelegramBot/vcpkg_installed/vcpkg/pkgs/boost-odeint_x64-windows/include/boost/numeric/odeint/iterator/integrate/detail/integrate_times.hpp
-- Installing: D:/TelegramBot/vcpkg_installed/vcpkg/pkgs/boost-odeint_x64-windows/include/boost/numeric/odeint/iterator/integrate/integrate.hpp
-- Installing: D:/TelegramBot/vcpkg_installed/vcpkg/pkgs/boost-odeint_x64-windows/include/boost/numeric/odeint/iterator/integrate/integrate_adaptive.hpp
-- Installing: D:/TelegramBot/vcpkg_installed/vcpkg/pkgs/boost-odeint_x64-windows/include/boost/numeric/odeint/iterator/integrate/integrate_const.hpp
-- Installing: D:/TelegramBot/vcpkg_installed/vcpkg/pkgs/boost-odeint_x64-windows/include/boost/numeric/odeint/iterator/integrate/integrate_n_steps.hpp
-- Installing: D:/TelegramBot/vcpkg_installed/vcpkg/pkgs/boost-odeint_x64-windows/include/boost/numeric/odeint/iterator/integrate/integrate_times.hpp
-- Installing: D:/TelegramBot/vcpkg_installed/vcpkg/pkgs/boost-odeint_x64-windows/include/boost/numeric/odeint/iterator/integrate/null_observer.hpp
-- Installing: D:/TelegramBot/vcpkg_installed/vcpkg/pkgs/boost-odeint_x64-windows/include/boost/numeric/odeint/iterator/integrate/observer_collection.hpp
-- Installing: D:/TelegramBot/vcpkg_installed/vcpkg/pkgs/boost-odeint_x64-windows/include/boost/numeric/odeint/iterator/n_step_iterator.hpp
-- Installing: D:/TelegramBot/vcpkg_installed/vcpkg/pkgs/boost-odeint_x64-windows/include/boost/numeric/odeint/iterator/n_step_time_iterator.hpp
-- Installing: D:/TelegramBot/vcpkg_installed/vcpkg/pkgs/boost-odeint_x64-windows/include/boost/numeric/odeint/iterator/times_iterator.hpp
-- Installing: D:/TelegramBot/vcpkg_installed/vcpkg/pkgs/boost-odeint_x64-windows/include/boost/numeric/odeint/iterator/times_time_iterator.hpp
-- Installing: D:/TelegramBot/vcpkg_installed/vcpkg/pkgs/boost-odeint_x64-windows/include/boost/numeric/odeint/stepper
-- Installing: D:/TelegramBot/vcpkg_installed/vcpkg/pkgs/boost-odeint_x64-windows/include/boost/numeric/odeint/stepper/adams_bashforth.hpp
-- Installing: D:/TelegramBot/vcpkg_installed/vcpkg/pkgs/boost-odeint_x64-windows/include/boost/numeric/odeint/stepper/adams_bashforth_moulton.hpp
-- Installing: D:/TelegramBot/vcpkg_installed/vcpkg/pkgs/boost-odeint_x64-windows/include/boost/numeric/odeint/stepper/adams_moulton.hpp
-- Installing: D:/TelegramBot/vcpkg_installed/vcpkg/pkgs/boost-odeint_x64-windows/include/boost/numeric/odeint/stepper/adaptive_adams_bashforth_moulton.hpp
-- Installing: D:/TelegramBot/vcpkg_installed/vcpkg/pkgs/boost-odeint_x64-windows/include/boost/numeric/odeint/stepper/base
-- Installing: D:/TelegramBot/vcpkg_installed/vcpkg/pkgs/boost-odeint_x64-windows/include/boost/numeric/odeint/stepper/base/algebra_stepper_base.hpp
-- Installing: D:/TelegramBot/vcpkg_installed/vcpkg/pkgs/boost-odeint_x64-windows/include/boost/numeric/odeint/stepper/base/explicit_error_stepper_base.hpp
-- Installing: D:/TelegramBot/vcpkg_installed/vcpkg/pkgs/boost-odeint_x64-windows/include/boost/numeric/odeint/stepper/base/explicit_error_stepper_fsal_base.hpp
-- Installing: D:/TelegramBot/vcpkg_installed/vcpkg/pkgs/boost-odeint_x64-windows/include/boost/numeric/odeint/stepper/base/explicit_stepper_base.hpp
-- Installing: D:/TelegramBot/vcpkg_installed/vcpkg/pkgs/boost-odeint_x64-windows/include/boost/numeric/odeint/stepper/base/symplectic_rkn_stepper_base.hpp
-- Installing: D:/TelegramBot/vcpkg_installed/vcpkg/pkgs/boost-odeint_x64-windows/include/boost/numeric/odeint/stepper/bulirsch_stoer.hpp
-- Installing: D:/TelegramBot/vcpkg_installed/vcpkg/pkgs/boost-odeint_x64-windows/include/boost/numeric/odeint/stepper/bulirsch_stoer_dense_out.hpp
-- Installing: D:/TelegramBot/vcpkg_installed/vcpkg/pkgs/boost-odeint_x64-windows/include/boost/numeric/odeint/stepper/controlled_adams_bashforth_moulton.hpp
-- Installing: D:/TelegramBot/vcpkg_installed/vcpkg/pkgs/boost-odeint_x64-windows/include/boost/numeric/odeint/stepper/controlled_runge_kutta.hpp
-- Installing: D:/TelegramBot/vcpkg_installed/vcpkg/pkgs/boost-odeint_x64-windows/include/boost/numeric/odeint/stepper/controlled_step_result.hpp
-- Installing: D:/TelegramBot/vcpkg_installed/vcpkg/pkgs/boost-odeint_x64-windows/include/boost/numeric/odeint/stepper/dense_output_runge_kutta.hpp
-- Installing: D:/TelegramBot/vcpkg_installed/vcpkg/pkgs/boost-odeint_x64-windows/include/boost/numeric/odeint/stepper/detail
-- Installing: D:/TelegramBot/vcpkg_installed/vcpkg/pkgs/boost-odeint_x64-windows/include/boost/numeric/odeint/stepper/detail/adams_bashforth_call_algebra.hpp
-- Installing: D:/TelegramBot/vcpkg_installed/vcpkg/pkgs/boost-odeint_x64-windows/include/boost/numeric/odeint/stepper/detail/adams_bashforth_coefficients.hpp
-- Installing: D:/TelegramBot/vcpkg_installed/vcpkg/pkgs/boost-odeint_x64-windows/include/boost/numeric/odeint/stepper/detail/adams_moulton_call_algebra.hpp
-- Installing: D:/TelegramBot/vcpkg_installed/vcpkg/pkgs/boost-odeint_x64-windows/include/boost/numeric/odeint/stepper/detail/adams_moulton_coefficients.hpp
-- Installing: D:/TelegramBot/vcpkg_installed/vcpkg/pkgs/boost-odeint_x64-windows/include/boost/numeric/odeint/stepper/detail/adaptive_adams_coefficients.hpp
-- Installing: D:/TelegramBot/vcpkg_installed/vcpkg/pkgs/boost-odeint_x64-windows/include/boost/numeric/odeint/stepper/detail/generic_rk_algorithm.hpp
-- Installing: D:/TelegramBot/vcpkg_installed/vcpkg/pkgs/boost-odeint_x64-windows/include/boost/numeric/odeint/stepper/detail/generic_rk_call_algebra.hpp
-- Installing: D:/TelegramBot/vcpkg_installed/vcpkg/pkgs/boost-odeint_x64-windows/include/boost/numeric/odeint/stepper/detail/generic_rk_operations.hpp
-- Installing: D:/TelegramBot/vcpkg_installed/vcpkg/pkgs/boost-odeint_x64-windows/include/boost/numeric/odeint/stepper/detail/pid_step_adjuster.hpp
-- Installing: D:/TelegramBot/vcpkg_installed/vcpkg/pkgs/boost-odeint_x64-windows/include/boost/numeric/odeint/stepper/detail/pid_step_adjuster_coefficients.hpp
-- Installing: D:/TelegramBot/vcpkg_installed/vcpkg/pkgs/boost-odeint_x64-windows/include/boost/numeric/odeint/stepper/detail/rotating_buffer.hpp
-- Installing: D:/TelegramBot/vcpkg_installed/vcpkg/pkgs/boost-odeint_x64-windows/include/boost/numeric/odeint/stepper/euler.hpp
-- Installing: D:/TelegramBot/vcpkg_installed/vcpkg/pkgs/boost-odeint_x64-windows/include/boost/numeric/odeint/stepper/explicit_error_generic_rk.hpp
-- Installing: D:/TelegramBot/vcpkg_installed/vcpkg/pkgs/boost-odeint_x64-windows/include/boost/numeric/odeint/stepper/explicit_generic_rk.hpp
-- Installing: D:/TelegramBot/vcpkg_installed/vcpkg/pkgs/boost-odeint_x64-windows/include/boost/numeric/odeint/stepper/extrapolation_stepper.hpp
-- Installing: D:/TelegramBot/vcpkg_installed/vcpkg/pkgs/boost-odeint_x64-windows/include/boost/numeric/odeint/stepper/generation
-- Installing: D:/TelegramBot/vcpkg_installed/vcpkg/pkgs/boost-odeint_x64-windows/include/boost/numeric/odeint/stepper/generation/generation_controlled_adams_bashforth_moulton.hpp
-- Installing: D:/TelegramBot/vcpkg_installed/vcpkg/pkgs/boost-odeint_x64-windows/include/boost/numeric/odeint/stepper/generation/generation_controlled_runge_kutta.hpp
-- Installing: D:/TelegramBot/vcpkg_installed/vcpkg/pkgs/boost-odeint_x64-windows/include/boost/numeric/odeint/stepper/generation/generation_dense_output_runge_kutta.hpp
-- Installing: D:/TelegramBot/vcpkg_installed/vcpkg/pkgs/boost-odeint_x64-windows/include/boost/numeric/odeint/stepper/generation/generation_rosenbrock4.hpp
-- Installing: D:/TelegramBot/vcpkg_installed/vcpkg/pkgs/boost-odeint_x64-windows/include/boost/numeric/odeint/stepper/generation/generation_runge_kutta_cash_karp54.hpp
-- Installing: D:/TelegramBot/vcpkg_installed/vcpkg/pkgs/boost-odeint_x64-windows/include/boost/numeric/odeint/stepper/generation/generation_runge_kutta_cash_karp54_classic.hpp
-- Installing: D:/TelegramBot/vcpkg_installed/vcpkg/pkgs/boost-odeint_x64-windows/include/boost/numeric/odeint/stepper/generation/generation_runge_kutta_dopri5.hpp
-- Installing: D:/TelegramBot/vcpkg_installed/vcpkg/pkgs/boost-odeint_x64-windows/include/boost/numeric/odeint/stepper/generation/generation_runge_kutta_fehlberg78.hpp
-- Installing: D:/TelegramBot/vcpkg_installed/vcpkg/pkgs/boost-odeint_x64-windows/include/boost/numeric/odeint/stepper/generation/make_controlled.hpp
-- Installing: D:/TelegramBot/vcpkg_installed/vcpkg/pkgs/boost-odeint_x64-windows/include/boost/numeric/odeint/stepper/generation/make_dense_output.hpp
-- Installing: D:/TelegramBot/vcpkg_installed/vcpkg/pkgs/boost-odeint_x64-windows/include/boost/numeric/odeint/stepper/generation.hpp
-- Installing: D:/TelegramBot/vcpkg_installed/vcpkg/pkgs/boost-odeint_x64-windows/include/boost/numeric/odeint/stepper/implicit_euler.hpp
-- Installing: D:/TelegramBot/vcpkg_installed/vcpkg/pkgs/boost-odeint_x64-windows/include/boost/numeric/odeint/stepper/modified_midpoint.hpp
-- Installing: D:/TelegramBot/vcpkg_installed/vcpkg/pkgs/boost-odeint_x64-windows/include/boost/numeric/odeint/stepper/rosenbrock4.hpp
-- Installing: D:/TelegramBot/vcpkg_installed/vcpkg/pkgs/boost-odeint_x64-windows/include/boost/numeric/odeint/stepper/rosenbrock4_controller.hpp
-- Installing: D:/TelegramBot/vcpkg_installed/vcpkg/pkgs/boost-odeint_x64-windows/include/boost/numeric/odeint/stepper/rosenbrock4_dense_output.hpp
-- Installing: D:/TelegramBot/vcpkg_installed/vcpkg/pkgs/boost-odeint_x64-windows/include/boost/numeric/odeint/stepper/runge_kutta4.hpp
-- Installing: D:/TelegramBot/vcpkg_installed/vcpkg/pkgs/boost-odeint_x64-windows/include/boost/numeric/odeint/stepper/runge_kutta4_classic.hpp
-- Installing: D:/TelegramBot/vcpkg_installed/vcpkg/pkgs/boost-odeint_x64-windows/include/boost/numeric/odeint/stepper/runge_kutta_cash_karp54.hpp
-- Installing: D:/TelegramBot/vcpkg_installed/vcpkg/pkgs/boost-odeint_x64-windows/include/boost/numeric/odeint/stepper/runge_kutta_cash_karp54_classic.hpp
-- Installing: D:/TelegramBot/vcpkg_installed/vcpkg/pkgs/boost-odeint_x64-windows/include/boost/numeric/odeint/stepper/runge_kutta_dopri5.hpp
-- Installing: D:/TelegramBot/vcpkg_installed/vcpkg/pkgs/boost-odeint_x64-windows/include/boost/numeric/odeint/stepper/runge_kutta_fehlberg78.hpp
-- Installing: D:/TelegramBot/vcpkg_installed/vcpkg/pkgs/boost-odeint_x64-windows/include/boost/numeric/odeint/stepper/stepper_categories.hpp
-- Installing: D:/TelegramBot/vcpkg_installed/vcpkg/pkgs/boost-odeint_x64-windows/include/boost/numeric/odeint/stepper/symplectic_euler.hpp
-- Installing: D:/TelegramBot/vcpkg_installed/vcpkg/pkgs/boost-odeint_x64-windows/include/boost/numeric/odeint/stepper/symplectic_rkn_sb3a_m4_mclachlan.hpp
-- Installing: D:/TelegramBot/vcpkg_installed/vcpkg/pkgs/boost-odeint_x64-windows/include/boost/numeric/odeint/stepper/symplectic_rkn_sb3a_mclachlan.hpp
-- Installing: D:/TelegramBot/vcpkg_installed/vcpkg/pkgs/boost-odeint_x64-windows/include/boost/numeric/odeint/stepper/velocity_verlet.hpp
-- Installing: D:/TelegramBot/vcpkg_installed/vcpkg/pkgs/boost-odeint_x64-windows/include/boost/numeric/odeint/tools
-- Installing: D:/TelegramBot/vcpkg_installed/vcpkg/pkgs/boost-odeint_x64-windows/include/boost/numeric/odeint/tools/assert.hpp
-- Installing: D:/TelegramBot/vcpkg_installed/vcpkg/pkgs/boost-odeint_x64-windows/include/boost/numeric/odeint/tools/is_standalone.hpp
-- Installing: D:/TelegramBot/vcpkg_installed/vcpkg/pkgs/boost-odeint_x64-windows/include/boost/numeric/odeint/tools/traits.hpp
-- Installing: D:/TelegramBot/vcpkg_installed/vcpkg/pkgs/boost-odeint_x64-windows/include/boost/numeric/odeint/util
-- Installing: D:/TelegramBot/vcpkg_installed/vcpkg/pkgs/boost-odeint_x64-windows/include/boost/numeric/odeint/util/bind.hpp
-- Installing: D:/TelegramBot/vcpkg_installed/vcpkg/pkgs/boost-odeint_x64-windows/include/boost/numeric/odeint/util/copy.hpp
-- Installing: D:/TelegramBot/vcpkg_installed/vcpkg/pkgs/boost-odeint_x64-windows/include/boost/numeric/odeint/util/detail
-- Installing: D:/TelegramBot/vcpkg_installed/vcpkg/pkgs/boost-odeint_x64-windows/include/boost/numeric/odeint/util/detail/is_range.hpp
-- Installing: D:/TelegramBot/vcpkg_installed/vcpkg/pkgs/boost-odeint_x64-windows/include/boost/numeric/odeint/util/detail/less_with_sign.hpp
-- Installing: D:/TelegramBot/vcpkg_installed/vcpkg/pkgs/boost-odeint_x64-windows/include/boost/numeric/odeint/util/is_pair.hpp
-- Installing: D:/TelegramBot/vcpkg_installed/vcpkg/pkgs/boost-odeint_x64-windows/include/boost/numeric/odeint/util/is_resizeable.hpp
-- Installing: D:/TelegramBot/vcpkg_installed/vcpkg/pkgs/boost-odeint_x64-windows/include/boost/numeric/odeint/util/multi_array_adaption.hpp
-- Installing: D:/TelegramBot/vcpkg_installed/vcpkg/pkgs/boost-odeint_x64-windows/include/boost/numeric/odeint/util/n_ary_helper.hpp
-- Installing: D:/TelegramBot/vcpkg_installed/vcpkg/pkgs/boost-odeint_x64-windows/include/boost/numeric/odeint/util/odeint_error.hpp
-- Installing: D:/TelegramBot/vcpkg_installed/vcpkg/pkgs/boost-odeint_x64-windows/include/boost/numeric/odeint/util/resize.hpp
-- Installing: D:/TelegramBot/vcpkg_installed/vcpkg/pkgs/boost-odeint_x64-windows/include/boost/numeric/odeint/util/resizer.hpp
-- Installing: D:/TelegramBot/vcpkg_installed/vcpkg/pkgs/boost-odeint_x64-windows/include/boost/numeric/odeint/util/same_instance.hpp
-- Installing: D:/TelegramBot/vcpkg_installed/vcpkg/pkgs/boost-odeint_x64-windows/include/boost/numeric/odeint/util/same_size.hpp
-- Installing: D:/TelegramBot/vcpkg_installed/vcpkg/pkgs/boost-odeint_x64-windows/include/boost/numeric/odeint/util/split.hpp
-- Installing: D:/TelegramBot/vcpkg_installed/vcpkg/pkgs/boost-odeint_x64-windows/include/boost/numeric/odeint/util/split_adaptor.hpp
-- Installing: D:/TelegramBot/vcpkg_installed/vcpkg/pkgs/boost-odeint_x64-windows/include/boost/numeric/odeint/util/state_wrapper.hpp
-- Installing: D:/TelegramBot/vcpkg_installed/vcpkg/pkgs/boost-odeint_x64-windows/include/boost/numeric/odeint/util/stepper_traits.hpp
-- Installing: D:/TelegramBot/vcpkg_installed/vcpkg/pkgs/boost-odeint_x64-windows/include/boost/numeric/odeint/util/ublas_matrix_expression.patch
-- Installing: D:/TelegramBot/vcpkg_installed/vcpkg/pkgs/boost-odeint_x64-windows/include/boost/numeric/odeint/util/ublas_wrapper.hpp
-- Installing: D:/TelegramBot/vcpkg_installed/vcpkg/pkgs/boost-odeint_x64-windows/include/boost/numeric/odeint/util/unit_helper.hpp
-- Installing: D:/TelegramBot/vcpkg_installed/vcpkg/pkgs/boost-odeint_x64-windows/include/boost/numeric/odeint/util/unwrap_reference.hpp
-- Installing: D:/TelegramBot/vcpkg_installed/vcpkg/pkgs/boost-odeint_x64-windows/include/boost/numeric/odeint/version.hpp
-- Installing: D:/TelegramBot/vcpkg_installed/vcpkg/pkgs/boost-odeint_x64-windows/include/boost/numeric/odeint.hpp
-- Installing: D:/TelegramBot/vcpkg_installed/vcpkg/pkgs/boost-odeint_x64-windows/lib/cmake/boost_numeric_odeint-1.86.0/boost_numeric_odeint-targets.cmake
-- Installing: D:/TelegramBot/vcpkg_installed/vcpkg/pkgs/boost-odeint_x64-windows/lib/cmake/boost_numeric_odeint-1.86.0/boost_numeric_odeint-config.cmake
-- Installing: D:/TelegramBot/vcpkg_installed/vcpkg/pkgs/boost-odeint_x64-windows/lib/cmake/boost_numeric_odeint-1.86.0/boost_numeric_odeint-config-version.cmake

