Change Dir: 'D:/TelegramBot/vcpkg_installed/vcpkg/blds/boost-wave/x64-windows-rel'

Run Build Command(s): "C:/Program Files/Microsoft Visual Studio/2022/Community/Common7/IDE/CommonExtensions/Microsoft/CMake/Ninja/ninja.exe" -v -v -j9 install
[1/14] C:\PROGRA~1\MICROS~1\2022\COMMUN~1\VC\Tools\MSVC\1444~1.352\bin\Hostx64\x64\cl.exe   /TP -DBOOST_ATOMIC_DYN_LINK -DBOOST_ATOMIC_NO_LIB -DBOOST_CHRONO_DYN_LINK -DBOOST_CHRONO_NO_LIB -DBOOST_CONTAINER_DYN_LINK -DBOOST_CONTAINER_NO_LIB -DBOOST_DATE_TIME_DYN_LINK -DBOOST_DATE_TIME_NO_LIB -DBOOST_FILESYSTEM_DYN_LINK=1 -DBOOST_FILESYSTEM_NO_LIB -DBOOST_SERIALIZATION_DYN_LINK -DBOOST_SERIALIZATION_NO_LIB -DBOOST_THREAD_DYN_LINK -DBOOST_THREAD_NO_LIB -DBOOST_THREAD_USE_DLL -DBOOST_WAVE_DYN_LINK -DBOOST_WAVE_NO_LIB -DBOOST_WAVE_SOURCE -Dboost_wave_EXPORTS -ID:\TelegramBot\vcpkg_installed\vcpkg\blds\boost-wave\src\ost-1.86.0-0c9ff763f2.clean\libs\wave\include -external:ID:\TelegramBot\vcpkg_installed\x64-windows\include -external:W0 /nologo /DWIN32 /D_WINDOWS /utf-8 /GR /EHsc /MP  /MD /O2 /Oi /Gy /DNDEBUG /Z7  -MD /showIncludes /Folibs\wave\CMakeFiles\boost_wave.dir\src\token_ids.cpp.obj /Fdlibs\wave\CMakeFiles\boost_wave.dir\ /FS -c D:\TelegramBot\vcpkg_installed\vcpkg\blds\boost-wave\src\ost-1.86.0-0c9ff763f2.clean\libs\wave\src\token_ids.cpp
[2/14] C:\PROGRA~1\MICROS~1\2022\COMMUN~1\VC\Tools\MSVC\1444~1.352\bin\Hostx64\x64\cl.exe   /TP -DBOOST_ATOMIC_DYN_LINK -DBOOST_ATOMIC_NO_LIB -DBOOST_CHRONO_DYN_LINK -DBOOST_CHRONO_NO_LIB -DBOOST_CONTAINER_DYN_LINK -DBOOST_CONTAINER_NO_LIB -DBOOST_DATE_TIME_DYN_LINK -DBOOST_DATE_TIME_NO_LIB -DBOOST_FILESYSTEM_DYN_LINK=1 -DBOOST_FILESYSTEM_NO_LIB -DBOOST_SERIALIZATION_DYN_LINK -DBOOST_SERIALIZATION_NO_LIB -DBOOST_THREAD_DYN_LINK -DBOOST_THREAD_NO_LIB -DBOOST_THREAD_USE_DLL -DBOOST_WAVE_DYN_LINK -DBOOST_WAVE_NO_LIB -DBOOST_WAVE_SOURCE -Dboost_wave_EXPORTS -ID:\TelegramBot\vcpkg_installed\vcpkg\blds\boost-wave\src\ost-1.86.0-0c9ff763f2.clean\libs\wave\include -external:ID:\TelegramBot\vcpkg_installed\x64-windows\include -external:W0 /nologo /DWIN32 /D_WINDOWS /utf-8 /GR /EHsc /MP  /MD /O2 /Oi /Gy /DNDEBUG /Z7  -MD /showIncludes /Folibs\wave\CMakeFiles\boost_wave.dir\src\wave_config_constant.cpp.obj /Fdlibs\wave\CMakeFiles\boost_wave.dir\ /FS -c D:\TelegramBot\vcpkg_installed\vcpkg\blds\boost-wave\src\ost-1.86.0-0c9ff763f2.clean\libs\wave\src\wave_config_constant.cpp
[3/14] C:\PROGRA~1\MICROS~1\2022\COMMUN~1\VC\Tools\MSVC\1444~1.352\bin\Hostx64\x64\cl.exe   /TP -DBOOST_ATOMIC_DYN_LINK -DBOOST_ATOMIC_NO_LIB -DBOOST_CHRONO_DYN_LINK -DBOOST_CHRONO_NO_LIB -DBOOST_CONTAINER_DYN_LINK -DBOOST_CONTAINER_NO_LIB -DBOOST_DATE_TIME_DYN_LINK -DBOOST_DATE_TIME_NO_LIB -DBOOST_FILESYSTEM_DYN_LINK=1 -DBOOST_FILESYSTEM_NO_LIB -DBOOST_SERIALIZATION_DYN_LINK -DBOOST_SERIALIZATION_NO_LIB -DBOOST_THREAD_DYN_LINK -DBOOST_THREAD_NO_LIB -DBOOST_THREAD_USE_DLL -DBOOST_WAVE_DYN_LINK -DBOOST_WAVE_NO_LIB -DBOOST_WAVE_SOURCE -Dboost_wave_EXPORTS -ID:\TelegramBot\vcpkg_installed\vcpkg\blds\boost-wave\src\ost-1.86.0-0c9ff763f2.clean\libs\wave\include -external:ID:\TelegramBot\vcpkg_installed\x64-windows\include -external:W0 /nologo /DWIN32 /D_WINDOWS /utf-8 /GR /EHsc /MP  /MD /O2 /Oi /Gy /DNDEBUG /Z7  -MD /showIncludes /Folibs\wave\CMakeFiles\boost_wave.dir\src\cpplexer\re2clex\aq.cpp.obj /Fdlibs\wave\CMakeFiles\boost_wave.dir\ /FS -c D:\TelegramBot\vcpkg_installed\vcpkg\blds\boost-wave\src\ost-1.86.0-0c9ff763f2.clean\libs\wave\src\cpplexer\re2clex\aq.cpp
[4/14] C:\PROGRA~1\MICROS~1\2022\COMMUN~1\VC\Tools\MSVC\1444~1.352\bin\Hostx64\x64\cl.exe   /TP -DBOOST_ATOMIC_DYN_LINK -DBOOST_ATOMIC_NO_LIB -DBOOST_CHRONO_DYN_LINK -DBOOST_CHRONO_NO_LIB -DBOOST_CONTAINER_DYN_LINK -DBOOST_CONTAINER_NO_LIB -DBOOST_DATE_TIME_DYN_LINK -DBOOST_DATE_TIME_NO_LIB -DBOOST_FILESYSTEM_DYN_LINK=1 -DBOOST_FILESYSTEM_NO_LIB -DBOOST_SERIALIZATION_DYN_LINK -DBOOST_SERIALIZATION_NO_LIB -DBOOST_THREAD_DYN_LINK -DBOOST_THREAD_NO_LIB -DBOOST_THREAD_USE_DLL -DBOOST_WAVE_DYN_LINK -DBOOST_WAVE_NO_LIB -DBOOST_WAVE_SOURCE -Dboost_wave_EXPORTS -ID:\TelegramBot\vcpkg_installed\vcpkg\blds\boost-wave\src\ost-1.86.0-0c9ff763f2.clean\libs\wave\include -external:ID:\TelegramBot\vcpkg_installed\x64-windows\include -external:W0 /nologo /DWIN32 /D_WINDOWS /utf-8 /GR /EHsc /MP  /MD /O2 /Oi /Gy /DNDEBUG /Z7  -MD /showIncludes /Folibs\wave\CMakeFiles\boost_wave.dir\src\instantiate_predef_macros.cpp.obj /Fdlibs\wave\CMakeFiles\boost_wave.dir\ /FS -c D:\TelegramBot\vcpkg_installed\vcpkg\blds\boost-wave\src\ost-1.86.0-0c9ff763f2.clean\libs\wave\src\instantiate_predef_macros.cpp
[5/14] C:\PROGRA~1\MICROS~1\2022\COMMUN~1\VC\Tools\MSVC\1444~1.352\bin\Hostx64\x64\cl.exe   /TP -DBOOST_ATOMIC_DYN_LINK -DBOOST_ATOMIC_NO_LIB -DBOOST_CHRONO_DYN_LINK -DBOOST_CHRONO_NO_LIB -DBOOST_CONTAINER_DYN_LINK -DBOOST_CONTAINER_NO_LIB -DBOOST_DATE_TIME_DYN_LINK -DBOOST_DATE_TIME_NO_LIB -DBOOST_FILESYSTEM_DYN_LINK=1 -DBOOST_FILESYSTEM_NO_LIB -DBOOST_SERIALIZATION_DYN_LINK -DBOOST_SERIALIZATION_NO_LIB -DBOOST_THREAD_DYN_LINK -DBOOST_THREAD_NO_LIB -DBOOST_THREAD_USE_DLL -DBOOST_WAVE_DYN_LINK -DBOOST_WAVE_NO_LIB -DBOOST_WAVE_SOURCE -Dboost_wave_EXPORTS -ID:\TelegramBot\vcpkg_installed\vcpkg\blds\boost-wave\src\ost-1.86.0-0c9ff763f2.clean\libs\wave\include -external:ID:\TelegramBot\vcpkg_installed\x64-windows\include -external:W0 /nologo /DWIN32 /D_WINDOWS /utf-8 /GR /EHsc /MP  /MD /O2 /Oi /Gy /DNDEBUG /Z7  -MD /showIncludes /Folibs\wave\CMakeFiles\boost_wave.dir\src\instantiate_defined_grammar.cpp.obj /Fdlibs\wave\CMakeFiles\boost_wave.dir\ /FS -c D:\TelegramBot\vcpkg_installed\vcpkg\blds\boost-wave\src\ost-1.86.0-0c9ff763f2.clean\libs\wave\src\instantiate_defined_grammar.cpp
[6/14] C:\PROGRA~1\MICROS~1\2022\COMMUN~1\VC\Tools\MSVC\1444~1.352\bin\Hostx64\x64\cl.exe   /TP -DBOOST_ATOMIC_DYN_LINK -DBOOST_ATOMIC_NO_LIB -DBOOST_CHRONO_DYN_LINK -DBOOST_CHRONO_NO_LIB -DBOOST_CONTAINER_DYN_LINK -DBOOST_CONTAINER_NO_LIB -DBOOST_DATE_TIME_DYN_LINK -DBOOST_DATE_TIME_NO_LIB -DBOOST_FILESYSTEM_DYN_LINK=1 -DBOOST_FILESYSTEM_NO_LIB -DBOOST_SERIALIZATION_DYN_LINK -DBOOST_SERIALIZATION_NO_LIB -DBOOST_THREAD_DYN_LINK -DBOOST_THREAD_NO_LIB -DBOOST_THREAD_USE_DLL -DBOOST_WAVE_DYN_LINK -DBOOST_WAVE_NO_LIB -DBOOST_WAVE_SOURCE -Dboost_wave_EXPORTS -ID:\TelegramBot\vcpkg_installed\vcpkg\blds\boost-wave\src\ost-1.86.0-0c9ff763f2.clean\libs\wave\include -external:ID:\TelegramBot\vcpkg_installed\x64-windows\include -external:W0 /nologo /DWIN32 /D_WINDOWS /utf-8 /GR /EHsc /MP  /MD /O2 /Oi /Gy /DNDEBUG /Z7  -MD /showIncludes /Folibs\wave\CMakeFiles\boost_wave.dir\src\instantiate_has_include_grammar.cpp.obj /Fdlibs\wave\CMakeFiles\boost_wave.dir\ /FS -c D:\TelegramBot\vcpkg_installed\vcpkg\blds\boost-wave\src\ost-1.86.0-0c9ff763f2.clean\libs\wave\src\instantiate_has_include_grammar.cpp
[7/14] C:\PROGRA~1\MICROS~1\2022\COMMUN~1\VC\Tools\MSVC\1444~1.352\bin\Hostx64\x64\cl.exe   /TP -DBOOST_ATOMIC_DYN_LINK -DBOOST_ATOMIC_NO_LIB -DBOOST_CHRONO_DYN_LINK -DBOOST_CHRONO_NO_LIB -DBOOST_CONTAINER_DYN_LINK -DBOOST_CONTAINER_NO_LIB -DBOOST_DATE_TIME_DYN_LINK -DBOOST_DATE_TIME_NO_LIB -DBOOST_FILESYSTEM_DYN_LINK=1 -DBOOST_FILESYSTEM_NO_LIB -DBOOST_SERIALIZATION_DYN_LINK -DBOOST_SERIALIZATION_NO_LIB -DBOOST_THREAD_DYN_LINK -DBOOST_THREAD_NO_LIB -DBOOST_THREAD_USE_DLL -DBOOST_WAVE_DYN_LINK -DBOOST_WAVE_NO_LIB -DBOOST_WAVE_SOURCE -Dboost_wave_EXPORTS -ID:\TelegramBot\vcpkg_installed\vcpkg\blds\boost-wave\src\ost-1.86.0-0c9ff763f2.clean\libs\wave\include -external:ID:\TelegramBot\vcpkg_installed\x64-windows\include -external:W0 /nologo /DWIN32 /D_WINDOWS /utf-8 /GR /EHsc /MP  /MD /O2 /Oi /Gy /DNDEBUG /Z7  -MD /showIncludes /Folibs\wave\CMakeFiles\boost_wave.dir\src\instantiate_cpp_literalgrs.cpp.obj /Fdlibs\wave\CMakeFiles\boost_wave.dir\ /FS -c D:\TelegramBot\vcpkg_installed\vcpkg\blds\boost-wave\src\ost-1.86.0-0c9ff763f2.clean\libs\wave\src\instantiate_cpp_literalgrs.cpp
[8/14] C:\PROGRA~1\MICROS~1\2022\COMMUN~1\VC\Tools\MSVC\1444~1.352\bin\Hostx64\x64\cl.exe   /TP -DBOOST_ATOMIC_DYN_LINK -DBOOST_ATOMIC_NO_LIB -DBOOST_CHRONO_DYN_LINK -DBOOST_CHRONO_NO_LIB -DBOOST_CONTAINER_DYN_LINK -DBOOST_CONTAINER_NO_LIB -DBOOST_DATE_TIME_DYN_LINK -DBOOST_DATE_TIME_NO_LIB -DBOOST_FILESYSTEM_DYN_LINK=1 -DBOOST_FILESYSTEM_NO_LIB -DBOOST_SERIALIZATION_DYN_LINK -DBOOST_SERIALIZATION_NO_LIB -DBOOST_THREAD_DYN_LINK -DBOOST_THREAD_NO_LIB -DBOOST_THREAD_USE_DLL -DBOOST_WAVE_DYN_LINK -DBOOST_WAVE_NO_LIB -DBOOST_WAVE_SOURCE -Dboost_wave_EXPORTS -ID:\TelegramBot\vcpkg_installed\vcpkg\blds\boost-wave\src\ost-1.86.0-0c9ff763f2.clean\libs\wave\include -external:ID:\TelegramBot\vcpkg_installed\x64-windows\include -external:W0 /nologo /DWIN32 /D_WINDOWS /utf-8 /GR /EHsc /MP  /MD /O2 /Oi /Gy /DNDEBUG /Z7  -MD /showIncludes /Folibs\wave\CMakeFiles\boost_wave.dir\src\cpplexer\re2clex\cpp_re.cpp.obj /Fdlibs\wave\CMakeFiles\boost_wave.dir\ /FS -c D:\TelegramBot\vcpkg_installed\vcpkg\blds\boost-wave\src\ost-1.86.0-0c9ff763f2.clean\libs\wave\src\cpplexer\re2clex\cpp_re.cpp
[9/14] C:\PROGRA~1\MICROS~1\2022\COMMUN~1\VC\Tools\MSVC\1444~1.352\bin\Hostx64\x64\cl.exe   /TP -DBOOST_ATOMIC_DYN_LINK -DBOOST_ATOMIC_NO_LIB -DBOOST_CHRONO_DYN_LINK -DBOOST_CHRONO_NO_LIB -DBOOST_CONTAINER_DYN_LINK -DBOOST_CONTAINER_NO_LIB -DBOOST_DATE_TIME_DYN_LINK -DBOOST_DATE_TIME_NO_LIB -DBOOST_FILESYSTEM_DYN_LINK=1 -DBOOST_FILESYSTEM_NO_LIB -DBOOST_SERIALIZATION_DYN_LINK -DBOOST_SERIALIZATION_NO_LIB -DBOOST_THREAD_DYN_LINK -DBOOST_THREAD_NO_LIB -DBOOST_THREAD_USE_DLL -DBOOST_WAVE_DYN_LINK -DBOOST_WAVE_NO_LIB -DBOOST_WAVE_SOURCE -Dboost_wave_EXPORTS -ID:\TelegramBot\vcpkg_installed\vcpkg\blds\boost-wave\src\ost-1.86.0-0c9ff763f2.clean\libs\wave\include -external:ID:\TelegramBot\vcpkg_installed\x64-windows\include -external:W0 /nologo /DWIN32 /D_WINDOWS /utf-8 /GR /EHsc /MP  /MD /O2 /Oi /Gy /DNDEBUG /Z7  -MD /showIncludes /Folibs\wave\CMakeFiles\boost_wave.dir\src\instantiate_cpp_grammar.cpp.obj /Fdlibs\wave\CMakeFiles\boost_wave.dir\ /FS -c D:\TelegramBot\vcpkg_installed\vcpkg\blds\boost-wave\src\ost-1.86.0-0c9ff763f2.clean\libs\wave\src\instantiate_cpp_grammar.cpp
[10/14] C:\PROGRA~1\MICROS~1\2022\COMMUN~1\VC\Tools\MSVC\1444~1.352\bin\Hostx64\x64\cl.exe   /TP -DBOOST_ATOMIC_DYN_LINK -DBOOST_ATOMIC_NO_LIB -DBOOST_CHRONO_DYN_LINK -DBOOST_CHRONO_NO_LIB -DBOOST_CONTAINER_DYN_LINK -DBOOST_CONTAINER_NO_LIB -DBOOST_DATE_TIME_DYN_LINK -DBOOST_DATE_TIME_NO_LIB -DBOOST_FILESYSTEM_DYN_LINK=1 -DBOOST_FILESYSTEM_NO_LIB -DBOOST_SERIALIZATION_DYN_LINK -DBOOST_SERIALIZATION_NO_LIB -DBOOST_THREAD_DYN_LINK -DBOOST_THREAD_NO_LIB -DBOOST_THREAD_USE_DLL -DBOOST_WAVE_DYN_LINK -DBOOST_WAVE_NO_LIB -DBOOST_WAVE_SOURCE -Dboost_wave_EXPORTS -ID:\TelegramBot\vcpkg_installed\vcpkg\blds\boost-wave\src\ost-1.86.0-0c9ff763f2.clean\libs\wave\include -external:ID:\TelegramBot\vcpkg_installed\x64-windows\include -external:W0 /nologo /DWIN32 /D_WINDOWS /utf-8 /GR /EHsc /MP  /MD /O2 /Oi /Gy /DNDEBUG /Z7  -MD /showIncludes /Folibs\wave\CMakeFiles\boost_wave.dir\src\instantiate_cpp_exprgrammar.cpp.obj /Fdlibs\wave\CMakeFiles\boost_wave.dir\ /FS -c D:\TelegramBot\vcpkg_installed\vcpkg\blds\boost-wave\src\ost-1.86.0-0c9ff763f2.clean\libs\wave\src\instantiate_cpp_exprgrammar.cpp
[11/14] C:\PROGRA~1\MICROS~1\2022\COMMUN~1\VC\Tools\MSVC\1444~1.352\bin\Hostx64\x64\cl.exe   /TP -DBOOST_ATOMIC_DYN_LINK -DBOOST_ATOMIC_NO_LIB -DBOOST_CHRONO_DYN_LINK -DBOOST_CHRONO_NO_LIB -DBOOST_CONTAINER_DYN_LINK -DBOOST_CONTAINER_NO_LIB -DBOOST_DATE_TIME_DYN_LINK -DBOOST_DATE_TIME_NO_LIB -DBOOST_FILESYSTEM_DYN_LINK=1 -DBOOST_FILESYSTEM_NO_LIB -DBOOST_SERIALIZATION_DYN_LINK -DBOOST_SERIALIZATION_NO_LIB -DBOOST_THREAD_DYN_LINK -DBOOST_THREAD_NO_LIB -DBOOST_THREAD_USE_DLL -DBOOST_WAVE_DYN_LINK -DBOOST_WAVE_NO_LIB -DBOOST_WAVE_SOURCE -Dboost_wave_EXPORTS -ID:\TelegramBot\vcpkg_installed\vcpkg\blds\boost-wave\src\ost-1.86.0-0c9ff763f2.clean\libs\wave\include -external:ID:\TelegramBot\vcpkg_installed\x64-windows\include -external:W0 /nologo /DWIN32 /D_WINDOWS /utf-8 /GR /EHsc /MP  /MD /O2 /Oi /Gy /DNDEBUG /Z7  -MD /showIncludes /Folibs\wave\CMakeFiles\boost_wave.dir\src\instantiate_re2c_lexer.cpp.obj /Fdlibs\wave\CMakeFiles\boost_wave.dir\ /FS -c D:\TelegramBot\vcpkg_installed\vcpkg\blds\boost-wave\src\ost-1.86.0-0c9ff763f2.clean\libs\wave\src\instantiate_re2c_lexer.cpp
[12/14] C:\PROGRA~1\MICROS~1\2022\COMMUN~1\VC\Tools\MSVC\1444~1.352\bin\Hostx64\x64\cl.exe   /TP -DBOOST_ATOMIC_DYN_LINK -DBOOST_ATOMIC_NO_LIB -DBOOST_CHRONO_DYN_LINK -DBOOST_CHRONO_NO_LIB -DBOOST_CONTAINER_DYN_LINK -DBOOST_CONTAINER_NO_LIB -DBOOST_DATE_TIME_DYN_LINK -DBOOST_DATE_TIME_NO_LIB -DBOOST_FILESYSTEM_DYN_LINK=1 -DBOOST_FILESYSTEM_NO_LIB -DBOOST_SERIALIZATION_DYN_LINK -DBOOST_SERIALIZATION_NO_LIB -DBOOST_THREAD_DYN_LINK -DBOOST_THREAD_NO_LIB -DBOOST_THREAD_USE_DLL -DBOOST_WAVE_DYN_LINK -DBOOST_WAVE_NO_LIB -DBOOST_WAVE_SOURCE -Dboost_wave_EXPORTS -ID:\TelegramBot\vcpkg_installed\vcpkg\blds\boost-wave\src\ost-1.86.0-0c9ff763f2.clean\libs\wave\include -external:ID:\TelegramBot\vcpkg_installed\x64-windows\include -external:W0 /nologo /DWIN32 /D_WINDOWS /utf-8 /GR /EHsc /MP  /MD /O2 /Oi /Gy /DNDEBUG /Z7  -MD /showIncludes /Folibs\wave\CMakeFiles\boost_wave.dir\src\instantiate_re2c_lexer_str.cpp.obj /Fdlibs\wave\CMakeFiles\boost_wave.dir\ /FS -c D:\TelegramBot\vcpkg_installed\vcpkg\blds\boost-wave\src\ost-1.86.0-0c9ff763f2.clean\libs\wave\src\instantiate_re2c_lexer_str.cpp
[13/14] C:\WINDOWS\system32\cmd.exe /C "cd . && D:\Software\cmake-4.2.1-windows-x86_64\bin\cmake.exe -E vs_link_dll --msvc-ver=1944 --intdir=libs\wave\CMakeFiles\boost_wave.dir --rc=C:\PROGRA~2\WI3CF2~1\10\bin\100261~1.0\x64\rc.exe --mt=C:\PROGRA~2\WI3CF2~1\10\bin\100261~1.0\x64\mt.exe --manifests  -- C:\PROGRA~1\MICROS~1\2022\COMMUN~1\VC\Tools\MSVC\1444~1.352\bin\Hostx64\x64\link.exe  libs\wave\CMakeFiles\boost_wave.dir\src\instantiate_re2c_lexer.cpp.obj libs\wave\CMakeFiles\boost_wave.dir\src\token_ids.cpp.obj libs\wave\CMakeFiles\boost_wave.dir\src\instantiate_defined_grammar.cpp.obj libs\wave\CMakeFiles\boost_wave.dir\src\instantiate_cpp_literalgrs.cpp.obj libs\wave\CMakeFiles\boost_wave.dir\src\instantiate_cpp_exprgrammar.cpp.obj libs\wave\CMakeFiles\boost_wave.dir\src\instantiate_has_include_grammar.cpp.obj libs\wave\CMakeFiles\boost_wave.dir\src\instantiate_predef_macros.cpp.obj libs\wave\CMakeFiles\boost_wave.dir\src\instantiate_re2c_lexer_str.cpp.obj libs\wave\CMakeFiles\boost_wave.dir\src\instantiate_cpp_grammar.cpp.obj libs\wave\CMakeFiles\boost_wave.dir\src\wave_config_constant.cpp.obj libs\wave\CMakeFiles\boost_wave.dir\src\cpplexer\re2clex\aq.cpp.obj libs\wave\CMakeFiles\boost_wave.dir\src\cpplexer\re2clex\cpp_re.cpp.obj  /out:stage\bin\boost_wave-vc143-mt-x64-1_86.dll /implib:stage\lib\boost_wave-vc143-mt-x64-1_86.lib /pdb:stage\bin\boost_wave-vc143-mt-x64-1_86.pdb /dll /version:1.86 /machine:x64 /nologo /DEBUG /INCREMENTAL:NO /OPT:REF /OPT:ICF  D:\TelegramBot\vcpkg_installed\x64-windows\lib\boost_filesystem-vc143-mt-x64-1_86.lib  D:\TelegramBot\vcpkg_installed\x64-windows\lib\boost_serialization-vc143-mt-x64-1_86.lib  D:\TelegramBot\vcpkg_installed\x64-windows\lib\boost_thread-vc143-mt-x64-1_86.lib  D:\TelegramBot\vcpkg_installed\x64-windows\lib\boost_atomic-vc143-mt-x64-1_86.lib  synchronization.lib  D:\TelegramBot\vcpkg_installed\x64-windows\lib\boost_chrono-vc143-mt-x64-1_86.lib  D:\TelegramBot\vcpkg_installed\x64-windows\lib\boost_system-vc143-mt-x64-1_86.lib  D:\TelegramBot\vcpkg_installed\x64-windows\lib\boost_date_time-vc143-mt-x64-1_86.lib  D:\TelegramBot\vcpkg_installed\x64-windows\lib\boost_container-vc143-mt-x64-1_86.lib  D:\TelegramBot\vcpkg_installed\x64-windows\lib\boost_regex-vc143-mt-x64-1_86.lib  kernel32.lib user32.lib gdi32.lib winspool.lib shell32.lib ole32.lib oleaut32.lib uuid.lib comdlg32.lib advapi32.lib && cd ."
[13/14] C:\WINDOWS\system32\cmd.exe /C "cd /D D:\TelegramBot\vcpkg_installed\vcpkg\blds\boost-wave\x64-windows-rel && D:\Software\cmake-4.2.1-windows-x86_64\bin\cmake.exe -P cmake_install.cmake"
-- Install configuration: "Release"
-- Installing: D:/TelegramBot/vcpkg_installed/vcpkg/pkgs/boost-wave_x64-windows/include
-- Installing: D:/TelegramBot/vcpkg_installed/vcpkg/pkgs/boost-wave_x64-windows/include/boost
-- Installing: D:/TelegramBot/vcpkg_installed/vcpkg/pkgs/boost-wave_x64-windows/include/boost/wave
-- Installing: D:/TelegramBot/vcpkg_installed/vcpkg/pkgs/boost-wave_x64-windows/include/boost/wave/cpplexer
-- Installing: D:/TelegramBot/vcpkg_installed/vcpkg/pkgs/boost-wave_x64-windows/include/boost/wave/cpplexer/convert_trigraphs.hpp
-- Installing: D:/TelegramBot/vcpkg_installed/vcpkg/pkgs/boost-wave_x64-windows/include/boost/wave/cpplexer/cpplexer_exceptions.hpp
-- Installing: D:/TelegramBot/vcpkg_installed/vcpkg/pkgs/boost-wave_x64-windows/include/boost/wave/cpplexer/cpp_lex_interface.hpp
-- Installing: D:/TelegramBot/vcpkg_installed/vcpkg/pkgs/boost-wave_x64-windows/include/boost/wave/cpplexer/cpp_lex_interface_generator.hpp
-- Installing: D:/TelegramBot/vcpkg_installed/vcpkg/pkgs/boost-wave_x64-windows/include/boost/wave/cpplexer/cpp_lex_iterator.hpp
-- Installing: D:/TelegramBot/vcpkg_installed/vcpkg/pkgs/boost-wave_x64-windows/include/boost/wave/cpplexer/cpp_lex_token.hpp
-- Installing: D:/TelegramBot/vcpkg_installed/vcpkg/pkgs/boost-wave_x64-windows/include/boost/wave/cpplexer/detect_include_guards.hpp
-- Installing: D:/TelegramBot/vcpkg_installed/vcpkg/pkgs/boost-wave_x64-windows/include/boost/wave/cpplexer/re2clex
-- Installing: D:/TelegramBot/vcpkg_installed/vcpkg/pkgs/boost-wave_x64-windows/include/boost/wave/cpplexer/re2clex/aq.hpp
-- Installing: D:/TelegramBot/vcpkg_installed/vcpkg/pkgs/boost-wave_x64-windows/include/boost/wave/cpplexer/re2clex/cpp.re
-- Installing: D:/TelegramBot/vcpkg_installed/vcpkg/pkgs/boost-wave_x64-windows/include/boost/wave/cpplexer/re2clex/cpp_re.hpp
-- Installing: D:/TelegramBot/vcpkg_installed/vcpkg/pkgs/boost-wave_x64-windows/include/boost/wave/cpplexer/re2clex/cpp_re.inc
-- Installing: D:/TelegramBot/vcpkg_installed/vcpkg/pkgs/boost-wave_x64-windows/include/boost/wave/cpplexer/re2clex/cpp_re2c_lexer.hpp
-- Installing: D:/TelegramBot/vcpkg_installed/vcpkg/pkgs/boost-wave_x64-windows/include/boost/wave/cpplexer/re2clex/scanner.hpp
-- Installing: D:/TelegramBot/vcpkg_installed/vcpkg/pkgs/boost-wave_x64-windows/include/boost/wave/cpplexer/re2clex/strict_cpp.re
-- Installing: D:/TelegramBot/vcpkg_installed/vcpkg/pkgs/boost-wave_x64-windows/include/boost/wave/cpplexer/re2clex/strict_cpp_re.inc
-- Installing: D:/TelegramBot/vcpkg_installed/vcpkg/pkgs/boost-wave_x64-windows/include/boost/wave/cpplexer/token_cache.hpp
-- Installing: D:/TelegramBot/vcpkg_installed/vcpkg/pkgs/boost-wave_x64-windows/include/boost/wave/cpplexer/validate_universal_char.hpp
-- Installing: D:/TelegramBot/vcpkg_installed/vcpkg/pkgs/boost-wave_x64-windows/include/boost/wave/cpp_context.hpp
-- Installing: D:/TelegramBot/vcpkg_installed/vcpkg/pkgs/boost-wave_x64-windows/include/boost/wave/cpp_exceptions.hpp
-- Installing: D:/TelegramBot/vcpkg_installed/vcpkg/pkgs/boost-wave_x64-windows/include/boost/wave/cpp_iteration_context.hpp
-- Installing: D:/TelegramBot/vcpkg_installed/vcpkg/pkgs/boost-wave_x64-windows/include/boost/wave/cpp_throw.hpp
-- Installing: D:/TelegramBot/vcpkg_installed/vcpkg/pkgs/boost-wave_x64-windows/include/boost/wave/grammars
-- Installing: D:/TelegramBot/vcpkg_installed/vcpkg/pkgs/boost-wave_x64-windows/include/boost/wave/grammars/cpp_chlit_grammar.hpp
-- Installing: D:/TelegramBot/vcpkg_installed/vcpkg/pkgs/boost-wave_x64-windows/include/boost/wave/grammars/cpp_defined_grammar.hpp
-- Installing: D:/TelegramBot/vcpkg_installed/vcpkg/pkgs/boost-wave_x64-windows/include/boost/wave/grammars/cpp_defined_grammar_gen.hpp
-- Installing: D:/TelegramBot/vcpkg_installed/vcpkg/pkgs/boost-wave_x64-windows/include/boost/wave/grammars/cpp_expression_grammar.hpp
-- Installing: D:/TelegramBot/vcpkg_installed/vcpkg/pkgs/boost-wave_x64-windows/include/boost/wave/grammars/cpp_expression_grammar_gen.hpp
-- Installing: D:/TelegramBot/vcpkg_installed/vcpkg/pkgs/boost-wave_x64-windows/include/boost/wave/grammars/cpp_expression_value.hpp
-- Installing: D:/TelegramBot/vcpkg_installed/vcpkg/pkgs/boost-wave_x64-windows/include/boost/wave/grammars/cpp_grammar.hpp
-- Installing: D:/TelegramBot/vcpkg_installed/vcpkg/pkgs/boost-wave_x64-windows/include/boost/wave/grammars/cpp_grammar_gen.hpp
-- Installing: D:/TelegramBot/vcpkg_installed/vcpkg/pkgs/boost-wave_x64-windows/include/boost/wave/grammars/cpp_has_include_grammar.hpp
-- Installing: D:/TelegramBot/vcpkg_installed/vcpkg/pkgs/boost-wave_x64-windows/include/boost/wave/grammars/cpp_has_include_grammar_gen.hpp
-- Installing: D:/TelegramBot/vcpkg_installed/vcpkg/pkgs/boost-wave_x64-windows/include/boost/wave/grammars/cpp_intlit_grammar.hpp
-- Installing: D:/TelegramBot/vcpkg_installed/vcpkg/pkgs/boost-wave_x64-windows/include/boost/wave/grammars/cpp_literal_grammar_gen.hpp
-- Installing: D:/TelegramBot/vcpkg_installed/vcpkg/pkgs/boost-wave_x64-windows/include/boost/wave/grammars/cpp_predef_macros_gen.hpp
-- Installing: D:/TelegramBot/vcpkg_installed/vcpkg/pkgs/boost-wave_x64-windows/include/boost/wave/grammars/cpp_predef_macros_grammar.hpp
-- Installing: D:/TelegramBot/vcpkg_installed/vcpkg/pkgs/boost-wave_x64-windows/include/boost/wave/grammars/cpp_value_error.hpp
-- Installing: D:/TelegramBot/vcpkg_installed/vcpkg/pkgs/boost-wave_x64-windows/include/boost/wave/language_support.hpp
-- Installing: D:/TelegramBot/vcpkg_installed/vcpkg/pkgs/boost-wave_x64-windows/include/boost/wave/preprocessing_hooks.hpp
-- Installing: D:/TelegramBot/vcpkg_installed/vcpkg/pkgs/boost-wave_x64-windows/include/boost/wave/token_ids.hpp
-- Installing: D:/TelegramBot/vcpkg_installed/vcpkg/pkgs/boost-wave_x64-windows/include/boost/wave/util
-- Installing: D:/TelegramBot/vcpkg_installed/vcpkg/pkgs/boost-wave_x64-windows/include/boost/wave/util/cpp_ifblock.hpp
-- Installing: D:/TelegramBot/vcpkg_installed/vcpkg/pkgs/boost-wave_x64-windows/include/boost/wave/util/cpp_include_paths.hpp
-- Installing: D:/TelegramBot/vcpkg_installed/vcpkg/pkgs/boost-wave_x64-windows/include/boost/wave/util/cpp_iterator.hpp
-- Installing: D:/TelegramBot/vcpkg_installed/vcpkg/pkgs/boost-wave_x64-windows/include/boost/wave/util/cpp_macromap.hpp
-- Installing: D:/TelegramBot/vcpkg_installed/vcpkg/pkgs/boost-wave_x64-windows/include/boost/wave/util/cpp_macromap_predef.hpp
-- Installing: D:/TelegramBot/vcpkg_installed/vcpkg/pkgs/boost-wave_x64-windows/include/boost/wave/util/cpp_macromap_utils.hpp
-- Installing: D:/TelegramBot/vcpkg_installed/vcpkg/pkgs/boost-wave_x64-windows/include/boost/wave/util/filesystem_compatibility.hpp
-- Installing: D:/TelegramBot/vcpkg_installed/vcpkg/pkgs/boost-wave_x64-windows/include/boost/wave/util/file_position.hpp
-- Installing: D:/TelegramBot/vcpkg_installed/vcpkg/pkgs/boost-wave_x64-windows/include/boost/wave/util/flex_string.hpp
-- Installing: D:/TelegramBot/vcpkg_installed/vcpkg/pkgs/boost-wave_x64-windows/include/boost/wave/util/functor_input.hpp
-- Installing: D:/TelegramBot/vcpkg_installed/vcpkg/pkgs/boost-wave_x64-windows/include/boost/wave/util/insert_whitespace_detection.hpp
-- Installing: D:/TelegramBot/vcpkg_installed/vcpkg/pkgs/boost-wave_x64-windows/include/boost/wave/util/interpret_pragma.hpp
-- Installing: D:/TelegramBot/vcpkg_installed/vcpkg/pkgs/boost-wave_x64-windows/include/boost/wave/util/iteration_context.hpp
-- Installing: D:/TelegramBot/vcpkg_installed/vcpkg/pkgs/boost-wave_x64-windows/include/boost/wave/util/macro_definition.hpp
-- Installing: D:/TelegramBot/vcpkg_installed/vcpkg/pkgs/boost-wave_x64-windows/include/boost/wave/util/macro_helpers.hpp
-- Installing: D:/TelegramBot/vcpkg_installed/vcpkg/pkgs/boost-wave_x64-windows/include/boost/wave/util/pattern_parser.hpp
-- Installing: D:/TelegramBot/vcpkg_installed/vcpkg/pkgs/boost-wave_x64-windows/include/boost/wave/util/symbol_table.hpp
-- Installing: D:/TelegramBot/vcpkg_installed/vcpkg/pkgs/boost-wave_x64-windows/include/boost/wave/util/time_conversion_helper.hpp
-- Installing: D:/TelegramBot/vcpkg_installed/vcpkg/pkgs/boost-wave_x64-windows/include/boost/wave/util/transform_iterator.hpp
-- Installing: D:/TelegramBot/vcpkg_installed/vcpkg/pkgs/boost-wave_x64-windows/include/boost/wave/util/unput_queue_iterator.hpp
-- Installing: D:/TelegramBot/vcpkg_installed/vcpkg/pkgs/boost-wave_x64-windows/include/boost/wave/wave_config.hpp
-- Installing: D:/TelegramBot/vcpkg_installed/vcpkg/pkgs/boost-wave_x64-windows/include/boost/wave/wave_config_constant.hpp
-- Installing: D:/TelegramBot/vcpkg_installed/vcpkg/pkgs/boost-wave_x64-windows/include/boost/wave/wave_version.hpp
-- Installing: D:/TelegramBot/vcpkg_installed/vcpkg/pkgs/boost-wave_x64-windows/include/boost/wave/whitespace_handling.hpp
-- Installing: D:/TelegramBot/vcpkg_installed/vcpkg/pkgs/boost-wave_x64-windows/include/boost/wave.hpp
-- Installing: D:/TelegramBot/vcpkg_installed/vcpkg/pkgs/boost-wave_x64-windows/lib/boost_wave-vc143-mt-x64-1_86.lib
-- Installing: D:/TelegramBot/vcpkg_installed/vcpkg/pkgs/boost-wave_x64-windows/bin/boost_wave-vc143-mt-x64-1_86.dll
-- Installing: D:/TelegramBot/vcpkg_installed/vcpkg/pkgs/boost-wave_x64-windows/bin/boost_wave-vc143-mt-x64-1_86.pdb
-- Installing: D:/TelegramBot/vcpkg_installed/vcpkg/pkgs/boost-wave_x64-windows/lib/cmake/boost_wave-1.86.0/boost_wave-targets.cmake
-- Installing: D:/TelegramBot/vcpkg_installed/vcpkg/pkgs/boost-wave_x64-windows/lib/cmake/boost_wave-1.86.0/boost_wave-targets-release.cmake
-- Installing: D:/TelegramBot/vcpkg_installed/vcpkg/pkgs/boost-wave_x64-windows/lib/cmake/boost_wave-1.86.0/boost_wave-config.cmake
-- Installing: D:/TelegramBot/vcpkg_installed/vcpkg/pkgs/boost-wave_x64-windows/lib/cmake/boost_wave-1.86.0/boost_wave-config-version.cmake

