Change Dir: 'D:/TelegramBot/vcpkg_installed/vcpkg/blds/boost-preprocessor/x64-windows-rel'

Run Build Command(s): "C:/Program Files/Microsoft Visual Studio/2022/Community/Common7/IDE/CommonExtensions/Microsoft/CMake/Ninja/ninja.exe" -v -v -j9 install
[0/1] C:\WINDOWS\system32\cmd.exe /C "cd /D D:\TelegramBot\vcpkg_installed\vcpkg\blds\boost-preprocessor\x64-windows-rel && D:\Software\cmake-4.2.1-windows-x86_64\bin\cmake.exe -P cmake_install.cmake"
-- Install configuration: "Release"
-- Installing: D:/TelegramBot/vcpkg_installed/vcpkg/pkgs/boost-preprocessor_x64-windows/include
-- Installing: D:/TelegramBot/vcpkg_installed/vcpkg/pkgs/boost-preprocessor_x64-windows/include/boost
-- Installing: D:/TelegramBot/vcpkg_installed/vcpkg/pkgs/boost-preprocessor_x64-windows/include/boost/preprocessor
-- Installing: D:/TelegramBot/vcpkg_installed/vcpkg/pkgs/boost-preprocessor_x64-windows/include/boost/preprocessor/arithmetic
-- Installing: D:/TelegramBot/vcpkg_installed/vcpkg/pkgs/boost-preprocessor_x64-windows/include/boost/preprocessor/arithmetic/add.hpp
-- Installing: D:/TelegramBot/vcpkg_installed/vcpkg/pkgs/boost-preprocessor_x64-windows/include/boost/preprocessor/arithmetic/dec.hpp
-- Installing: D:/TelegramBot/vcpkg_installed/vcpkg/pkgs/boost-preprocessor_x64-windows/include/boost/preprocessor/arithmetic/detail
-- Installing: D:/TelegramBot/vcpkg_installed/vcpkg/pkgs/boost-preprocessor_x64-windows/include/boost/preprocessor/arithmetic/detail/div_base.hpp
-- Installing: D:/TelegramBot/vcpkg_installed/vcpkg/pkgs/boost-preprocessor_x64-windows/include/boost/preprocessor/arithmetic/detail/is_1_number.hpp
-- Installing: D:/TelegramBot/vcpkg_installed/vcpkg/pkgs/boost-preprocessor_x64-windows/include/boost/preprocessor/arithmetic/detail/is_maximum_number.hpp
-- Installing: D:/TelegramBot/vcpkg_installed/vcpkg/pkgs/boost-preprocessor_x64-windows/include/boost/preprocessor/arithmetic/detail/is_minimum_number.hpp
-- Installing: D:/TelegramBot/vcpkg_installed/vcpkg/pkgs/boost-preprocessor_x64-windows/include/boost/preprocessor/arithmetic/detail/maximum_number.hpp
-- Installing: D:/TelegramBot/vcpkg_installed/vcpkg/pkgs/boost-preprocessor_x64-windows/include/boost/preprocessor/arithmetic/div.hpp
-- Installing: D:/TelegramBot/vcpkg_installed/vcpkg/pkgs/boost-preprocessor_x64-windows/include/boost/preprocessor/arithmetic/inc.hpp
-- Installing: D:/TelegramBot/vcpkg_installed/vcpkg/pkgs/boost-preprocessor_x64-windows/include/boost/preprocessor/arithmetic/limits
-- Installing: D:/TelegramBot/vcpkg_installed/vcpkg/pkgs/boost-preprocessor_x64-windows/include/boost/preprocessor/arithmetic/limits/dec_1024.hpp
-- Installing: D:/TelegramBot/vcpkg_installed/vcpkg/pkgs/boost-preprocessor_x64-windows/include/boost/preprocessor/arithmetic/limits/dec_256.hpp
-- Installing: D:/TelegramBot/vcpkg_installed/vcpkg/pkgs/boost-preprocessor_x64-windows/include/boost/preprocessor/arithmetic/limits/dec_512.hpp
-- Installing: D:/TelegramBot/vcpkg_installed/vcpkg/pkgs/boost-preprocessor_x64-windows/include/boost/preprocessor/arithmetic/limits/inc_1024.hpp
-- Installing: D:/TelegramBot/vcpkg_installed/vcpkg/pkgs/boost-preprocessor_x64-windows/include/boost/preprocessor/arithmetic/limits/inc_256.hpp
-- Installing: D:/TelegramBot/vcpkg_installed/vcpkg/pkgs/boost-preprocessor_x64-windows/include/boost/preprocessor/arithmetic/limits/inc_512.hpp
-- Installing: D:/TelegramBot/vcpkg_installed/vcpkg/pkgs/boost-preprocessor_x64-windows/include/boost/preprocessor/arithmetic/mod.hpp
-- Installing: D:/TelegramBot/vcpkg_installed/vcpkg/pkgs/boost-preprocessor_x64-windows/include/boost/preprocessor/arithmetic/mul.hpp
-- Installing: D:/TelegramBot/vcpkg_installed/vcpkg/pkgs/boost-preprocessor_x64-windows/include/boost/preprocessor/arithmetic/sub.hpp
-- Installing: D:/TelegramBot/vcpkg_installed/vcpkg/pkgs/boost-preprocessor_x64-windows/include/boost/preprocessor/arithmetic.hpp
-- Installing: D:/TelegramBot/vcpkg_installed/vcpkg/pkgs/boost-preprocessor_x64-windows/include/boost/preprocessor/array
-- Installing: D:/TelegramBot/vcpkg_installed/vcpkg/pkgs/boost-preprocessor_x64-windows/include/boost/preprocessor/array/data.hpp
-- Installing: D:/TelegramBot/vcpkg_installed/vcpkg/pkgs/boost-preprocessor_x64-windows/include/boost/preprocessor/array/detail
-- Installing: D:/TelegramBot/vcpkg_installed/vcpkg/pkgs/boost-preprocessor_x64-windows/include/boost/preprocessor/array/detail/get_data.hpp
-- Installing: D:/TelegramBot/vcpkg_installed/vcpkg/pkgs/boost-preprocessor_x64-windows/include/boost/preprocessor/array/elem.hpp
-- Installing: D:/TelegramBot/vcpkg_installed/vcpkg/pkgs/boost-preprocessor_x64-windows/include/boost/preprocessor/array/enum.hpp
-- Installing: D:/TelegramBot/vcpkg_installed/vcpkg/pkgs/boost-preprocessor_x64-windows/include/boost/preprocessor/array/insert.hpp
-- Installing: D:/TelegramBot/vcpkg_installed/vcpkg/pkgs/boost-preprocessor_x64-windows/include/boost/preprocessor/array/pop_back.hpp
-- Installing: D:/TelegramBot/vcpkg_installed/vcpkg/pkgs/boost-preprocessor_x64-windows/include/boost/preprocessor/array/pop_front.hpp
-- Installing: D:/TelegramBot/vcpkg_installed/vcpkg/pkgs/boost-preprocessor_x64-windows/include/boost/preprocessor/array/push_back.hpp
-- Installing: D:/TelegramBot/vcpkg_installed/vcpkg/pkgs/boost-preprocessor_x64-windows/include/boost/preprocessor/array/push_front.hpp
-- Installing: D:/TelegramBot/vcpkg_installed/vcpkg/pkgs/boost-preprocessor_x64-windows/include/boost/preprocessor/array/remove.hpp
-- Installing: D:/TelegramBot/vcpkg_installed/vcpkg/pkgs/boost-preprocessor_x64-windows/include/boost/preprocessor/array/replace.hpp
-- Installing: D:/TelegramBot/vcpkg_installed/vcpkg/pkgs/boost-preprocessor_x64-windows/include/boost/preprocessor/array/reverse.hpp
-- Installing: D:/TelegramBot/vcpkg_installed/vcpkg/pkgs/boost-preprocessor_x64-windows/include/boost/preprocessor/array/size.hpp
-- Installing: D:/TelegramBot/vcpkg_installed/vcpkg/pkgs/boost-preprocessor_x64-windows/include/boost/preprocessor/array/to_list.hpp
-- Installing: D:/TelegramBot/vcpkg_installed/vcpkg/pkgs/boost-preprocessor_x64-windows/include/boost/preprocessor/array/to_seq.hpp
-- Installing: D:/TelegramBot/vcpkg_installed/vcpkg/pkgs/boost-preprocessor_x64-windows/include/boost/preprocessor/array/to_tuple.hpp
-- Installing: D:/TelegramBot/vcpkg_installed/vcpkg/pkgs/boost-preprocessor_x64-windows/include/boost/preprocessor/array.hpp
-- Installing: D:/TelegramBot/vcpkg_installed/vcpkg/pkgs/boost-preprocessor_x64-windows/include/boost/preprocessor/assert_msg.hpp
-- Installing: D:/TelegramBot/vcpkg_installed/vcpkg/pkgs/boost-preprocessor_x64-windows/include/boost/preprocessor/cat.hpp
-- Installing: D:/TelegramBot/vcpkg_installed/vcpkg/pkgs/boost-preprocessor_x64-windows/include/boost/preprocessor/comma.hpp
-- Installing: D:/TelegramBot/vcpkg_installed/vcpkg/pkgs/boost-preprocessor_x64-windows/include/boost/preprocessor/comma_if.hpp
-- Installing: D:/TelegramBot/vcpkg_installed/vcpkg/pkgs/boost-preprocessor_x64-windows/include/boost/preprocessor/comparison
-- Installing: D:/TelegramBot/vcpkg_installed/vcpkg/pkgs/boost-preprocessor_x64-windows/include/boost/preprocessor/comparison/equal.hpp
-- Installing: D:/TelegramBot/vcpkg_installed/vcpkg/pkgs/boost-preprocessor_x64-windows/include/boost/preprocessor/comparison/greater.hpp
-- Installing: D:/TelegramBot/vcpkg_installed/vcpkg/pkgs/boost-preprocessor_x64-windows/include/boost/preprocessor/comparison/greater_equal.hpp
-- Installing: D:/TelegramBot/vcpkg_installed/vcpkg/pkgs/boost-preprocessor_x64-windows/include/boost/preprocessor/comparison/less.hpp
-- Installing: D:/TelegramBot/vcpkg_installed/vcpkg/pkgs/boost-preprocessor_x64-windows/include/boost/preprocessor/comparison/less_equal.hpp
-- Installing: D:/TelegramBot/vcpkg_installed/vcpkg/pkgs/boost-preprocessor_x64-windows/include/boost/preprocessor/comparison/limits
-- Installing: D:/TelegramBot/vcpkg_installed/vcpkg/pkgs/boost-preprocessor_x64-windows/include/boost/preprocessor/comparison/limits/not_equal_1024.hpp
-- Installing: D:/TelegramBot/vcpkg_installed/vcpkg/pkgs/boost-preprocessor_x64-windows/include/boost/preprocessor/comparison/limits/not_equal_256.hpp
-- Installing: D:/TelegramBot/vcpkg_installed/vcpkg/pkgs/boost-preprocessor_x64-windows/include/boost/preprocessor/comparison/limits/not_equal_512.hpp
-- Installing: D:/TelegramBot/vcpkg_installed/vcpkg/pkgs/boost-preprocessor_x64-windows/include/boost/preprocessor/comparison/not_equal.hpp
-- Installing: D:/TelegramBot/vcpkg_installed/vcpkg/pkgs/boost-preprocessor_x64-windows/include/boost/preprocessor/comparison.hpp
-- Installing: D:/TelegramBot/vcpkg_installed/vcpkg/pkgs/boost-preprocessor_x64-windows/include/boost/preprocessor/config
-- Installing: D:/TelegramBot/vcpkg_installed/vcpkg/pkgs/boost-preprocessor_x64-windows/include/boost/preprocessor/config/config.hpp
-- Installing: D:/TelegramBot/vcpkg_installed/vcpkg/pkgs/boost-preprocessor_x64-windows/include/boost/preprocessor/config/limits.hpp
-- Installing: D:/TelegramBot/vcpkg_installed/vcpkg/pkgs/boost-preprocessor_x64-windows/include/boost/preprocessor/control
-- Installing: D:/TelegramBot/vcpkg_installed/vcpkg/pkgs/boost-preprocessor_x64-windows/include/boost/preprocessor/control/deduce_d.hpp
-- Installing: D:/TelegramBot/vcpkg_installed/vcpkg/pkgs/boost-preprocessor_x64-windows/include/boost/preprocessor/control/detail
-- Installing: D:/TelegramBot/vcpkg_installed/vcpkg/pkgs/boost-preprocessor_x64-windows/include/boost/preprocessor/control/detail/dmc
-- Installing: D:/TelegramBot/vcpkg_installed/vcpkg/pkgs/boost-preprocessor_x64-windows/include/boost/preprocessor/control/detail/dmc/while.hpp
-- Installing: D:/TelegramBot/vcpkg_installed/vcpkg/pkgs/boost-preprocessor_x64-windows/include/boost/preprocessor/control/detail/edg
-- Installing: D:/TelegramBot/vcpkg_installed/vcpkg/pkgs/boost-preprocessor_x64-windows/include/boost/preprocessor/control/detail/edg/limits
-- Installing: D:/TelegramBot/vcpkg_installed/vcpkg/pkgs/boost-preprocessor_x64-windows/include/boost/preprocessor/control/detail/edg/limits/while_1024.hpp
-- Installing: D:/TelegramBot/vcpkg_installed/vcpkg/pkgs/boost-preprocessor_x64-windows/include/boost/preprocessor/control/detail/edg/limits/while_256.hpp
-- Installing: D:/TelegramBot/vcpkg_installed/vcpkg/pkgs/boost-preprocessor_x64-windows/include/boost/preprocessor/control/detail/edg/limits/while_512.hpp
-- Installing: D:/TelegramBot/vcpkg_installed/vcpkg/pkgs/boost-preprocessor_x64-windows/include/boost/preprocessor/control/detail/edg/while.hpp
-- Installing: D:/TelegramBot/vcpkg_installed/vcpkg/pkgs/boost-preprocessor_x64-windows/include/boost/preprocessor/control/detail/limits
-- Installing: D:/TelegramBot/vcpkg_installed/vcpkg/pkgs/boost-preprocessor_x64-windows/include/boost/preprocessor/control/detail/limits/while_1024.hpp
-- Installing: D:/TelegramBot/vcpkg_installed/vcpkg/pkgs/boost-preprocessor_x64-windows/include/boost/preprocessor/control/detail/limits/while_256.hpp
-- Installing: D:/TelegramBot/vcpkg_installed/vcpkg/pkgs/boost-preprocessor_x64-windows/include/boost/preprocessor/control/detail/limits/while_512.hpp
-- Installing: D:/TelegramBot/vcpkg_installed/vcpkg/pkgs/boost-preprocessor_x64-windows/include/boost/preprocessor/control/detail/msvc
-- Installing: D:/TelegramBot/vcpkg_installed/vcpkg/pkgs/boost-preprocessor_x64-windows/include/boost/preprocessor/control/detail/msvc/while.hpp
-- Installing: D:/TelegramBot/vcpkg_installed/vcpkg/pkgs/boost-preprocessor_x64-windows/include/boost/preprocessor/control/detail/while.hpp
-- Installing: D:/TelegramBot/vcpkg_installed/vcpkg/pkgs/boost-preprocessor_x64-windows/include/boost/preprocessor/control/expr_if.hpp
-- Installing: D:/TelegramBot/vcpkg_installed/vcpkg/pkgs/boost-preprocessor_x64-windows/include/boost/preprocessor/control/expr_iif.hpp
-- Installing: D:/TelegramBot/vcpkg_installed/vcpkg/pkgs/boost-preprocessor_x64-windows/include/boost/preprocessor/control/if.hpp
-- Installing: D:/TelegramBot/vcpkg_installed/vcpkg/pkgs/boost-preprocessor_x64-windows/include/boost/preprocessor/control/iif.hpp
-- Installing: D:/TelegramBot/vcpkg_installed/vcpkg/pkgs/boost-preprocessor_x64-windows/include/boost/preprocessor/control/limits
-- Installing: D:/TelegramBot/vcpkg_installed/vcpkg/pkgs/boost-preprocessor_x64-windows/include/boost/preprocessor/control/limits/while_1024.hpp
-- Installing: D:/TelegramBot/vcpkg_installed/vcpkg/pkgs/boost-preprocessor_x64-windows/include/boost/preprocessor/control/limits/while_256.hpp
-- Installing: D:/TelegramBot/vcpkg_installed/vcpkg/pkgs/boost-preprocessor_x64-windows/include/boost/preprocessor/control/limits/while_512.hpp
-- Installing: D:/TelegramBot/vcpkg_installed/vcpkg/pkgs/boost-preprocessor_x64-windows/include/boost/preprocessor/control/while.hpp
-- Installing: D:/TelegramBot/vcpkg_installed/vcpkg/pkgs/boost-preprocessor_x64-windows/include/boost/preprocessor/control.hpp
-- Installing: D:/TelegramBot/vcpkg_installed/vcpkg/pkgs/boost-preprocessor_x64-windows/include/boost/preprocessor/debug
-- Installing: D:/TelegramBot/vcpkg_installed/vcpkg/pkgs/boost-preprocessor_x64-windows/include/boost/preprocessor/debug/assert.hpp
-- Installing: D:/TelegramBot/vcpkg_installed/vcpkg/pkgs/boost-preprocessor_x64-windows/include/boost/preprocessor/debug/error.hpp
-- Installing: D:/TelegramBot/vcpkg_installed/vcpkg/pkgs/boost-preprocessor_x64-windows/include/boost/preprocessor/debug/line.hpp
-- Installing: D:/TelegramBot/vcpkg_installed/vcpkg/pkgs/boost-preprocessor_x64-windows/include/boost/preprocessor/debug.hpp
-- Installing: D:/TelegramBot/vcpkg_installed/vcpkg/pkgs/boost-preprocessor_x64-windows/include/boost/preprocessor/dec.hpp
-- Installing: D:/TelegramBot/vcpkg_installed/vcpkg/pkgs/boost-preprocessor_x64-windows/include/boost/preprocessor/detail
-- Installing: D:/TelegramBot/vcpkg_installed/vcpkg/pkgs/boost-preprocessor_x64-windows/include/boost/preprocessor/detail/auto_rec.hpp
-- Installing: D:/TelegramBot/vcpkg_installed/vcpkg/pkgs/boost-preprocessor_x64-windows/include/boost/preprocessor/detail/check.hpp
-- Installing: D:/TelegramBot/vcpkg_installed/vcpkg/pkgs/boost-preprocessor_x64-windows/include/boost/preprocessor/detail/dmc
-- Installing: D:/TelegramBot/vcpkg_installed/vcpkg/pkgs/boost-preprocessor_x64-windows/include/boost/preprocessor/detail/dmc/auto_rec.hpp
-- Installing: D:/TelegramBot/vcpkg_installed/vcpkg/pkgs/boost-preprocessor_x64-windows/include/boost/preprocessor/detail/is_binary.hpp
-- Installing: D:/TelegramBot/vcpkg_installed/vcpkg/pkgs/boost-preprocessor_x64-windows/include/boost/preprocessor/detail/is_nullary.hpp
-- Installing: D:/TelegramBot/vcpkg_installed/vcpkg/pkgs/boost-preprocessor_x64-windows/include/boost/preprocessor/detail/is_unary.hpp
-- Installing: D:/TelegramBot/vcpkg_installed/vcpkg/pkgs/boost-preprocessor_x64-windows/include/boost/preprocessor/detail/limits
-- Installing: D:/TelegramBot/vcpkg_installed/vcpkg/pkgs/boost-preprocessor_x64-windows/include/boost/preprocessor/detail/limits/auto_rec_1024.hpp
-- Installing: D:/TelegramBot/vcpkg_installed/vcpkg/pkgs/boost-preprocessor_x64-windows/include/boost/preprocessor/detail/limits/auto_rec_256.hpp
-- Installing: D:/TelegramBot/vcpkg_installed/vcpkg/pkgs/boost-preprocessor_x64-windows/include/boost/preprocessor/detail/limits/auto_rec_512.hpp
-- Installing: D:/TelegramBot/vcpkg_installed/vcpkg/pkgs/boost-preprocessor_x64-windows/include/boost/preprocessor/detail/null.hpp
-- Installing: D:/TelegramBot/vcpkg_installed/vcpkg/pkgs/boost-preprocessor_x64-windows/include/boost/preprocessor/detail/split.hpp
-- Installing: D:/TelegramBot/vcpkg_installed/vcpkg/pkgs/boost-preprocessor_x64-windows/include/boost/preprocessor/empty.hpp
-- Installing: D:/TelegramBot/vcpkg_installed/vcpkg/pkgs/boost-preprocessor_x64-windows/include/boost/preprocessor/enum.hpp
-- Installing: D:/TelegramBot/vcpkg_installed/vcpkg/pkgs/boost-preprocessor_x64-windows/include/boost/preprocessor/enum_params.hpp
-- Installing: D:/TelegramBot/vcpkg_installed/vcpkg/pkgs/boost-preprocessor_x64-windows/include/boost/preprocessor/enum_params_with_a_default.hpp
-- Installing: D:/TelegramBot/vcpkg_installed/vcpkg/pkgs/boost-preprocessor_x64-windows/include/boost/preprocessor/enum_params_with_defaults.hpp
-- Installing: D:/TelegramBot/vcpkg_installed/vcpkg/pkgs/boost-preprocessor_x64-windows/include/boost/preprocessor/enum_shifted.hpp
-- Installing: D:/TelegramBot/vcpkg_installed/vcpkg/pkgs/boost-preprocessor_x64-windows/include/boost/preprocessor/enum_shifted_params.hpp
-- Installing: D:/TelegramBot/vcpkg_installed/vcpkg/pkgs/boost-preprocessor_x64-windows/include/boost/preprocessor/expand.hpp
-- Installing: D:/TelegramBot/vcpkg_installed/vcpkg/pkgs/boost-preprocessor_x64-windows/include/boost/preprocessor/expr_if.hpp
-- Installing: D:/TelegramBot/vcpkg_installed/vcpkg/pkgs/boost-preprocessor_x64-windows/include/boost/preprocessor/facilities
-- Installing: D:/TelegramBot/vcpkg_installed/vcpkg/pkgs/boost-preprocessor_x64-windows/include/boost/preprocessor/facilities/apply.hpp
-- Installing: D:/TelegramBot/vcpkg_installed/vcpkg/pkgs/boost-preprocessor_x64-windows/include/boost/preprocessor/facilities/check_empty.hpp
-- Installing: D:/TelegramBot/vcpkg_installed/vcpkg/pkgs/boost-preprocessor_x64-windows/include/boost/preprocessor/facilities/detail
-- Installing: D:/TelegramBot/vcpkg_installed/vcpkg/pkgs/boost-preprocessor_x64-windows/include/boost/preprocessor/facilities/detail/is_empty.hpp
-- Installing: D:/TelegramBot/vcpkg_installed/vcpkg/pkgs/boost-preprocessor_x64-windows/include/boost/preprocessor/facilities/empty.hpp
-- Installing: D:/TelegramBot/vcpkg_installed/vcpkg/pkgs/boost-preprocessor_x64-windows/include/boost/preprocessor/facilities/expand.hpp
-- Installing: D:/TelegramBot/vcpkg_installed/vcpkg/pkgs/boost-preprocessor_x64-windows/include/boost/preprocessor/facilities/identity.hpp
-- Installing: D:/TelegramBot/vcpkg_installed/vcpkg/pkgs/boost-preprocessor_x64-windows/include/boost/preprocessor/facilities/intercept.hpp
-- Installing: D:/TelegramBot/vcpkg_installed/vcpkg/pkgs/boost-preprocessor_x64-windows/include/boost/preprocessor/facilities/is_1.hpp
-- Installing: D:/TelegramBot/vcpkg_installed/vcpkg/pkgs/boost-preprocessor_x64-windows/include/boost/preprocessor/facilities/is_empty.hpp
-- Installing: D:/TelegramBot/vcpkg_installed/vcpkg/pkgs/boost-preprocessor_x64-windows/include/boost/preprocessor/facilities/is_empty_or_1.hpp
-- Installing: D:/TelegramBot/vcpkg_installed/vcpkg/pkgs/boost-preprocessor_x64-windows/include/boost/preprocessor/facilities/is_empty_variadic.hpp
-- Installing: D:/TelegramBot/vcpkg_installed/vcpkg/pkgs/boost-preprocessor_x64-windows/include/boost/preprocessor/facilities/limits
-- Installing: D:/TelegramBot/vcpkg_installed/vcpkg/pkgs/boost-preprocessor_x64-windows/include/boost/preprocessor/facilities/limits/intercept_1024.hpp
-- Installing: D:/TelegramBot/vcpkg_installed/vcpkg/pkgs/boost-preprocessor_x64-windows/include/boost/preprocessor/facilities/limits/intercept_256.hpp
-- Installing: D:/TelegramBot/vcpkg_installed/vcpkg/pkgs/boost-preprocessor_x64-windows/include/boost/preprocessor/facilities/limits/intercept_512.hpp
-- Installing: D:/TelegramBot/vcpkg_installed/vcpkg/pkgs/boost-preprocessor_x64-windows/include/boost/preprocessor/facilities/overload.hpp
-- Installing: D:/TelegramBot/vcpkg_installed/vcpkg/pkgs/boost-preprocessor_x64-windows/include/boost/preprocessor/facilities/va_opt.hpp
-- Installing: D:/TelegramBot/vcpkg_installed/vcpkg/pkgs/boost-preprocessor_x64-windows/include/boost/preprocessor/facilities.hpp
-- Installing: D:/TelegramBot/vcpkg_installed/vcpkg/pkgs/boost-preprocessor_x64-windows/include/boost/preprocessor/for.hpp
-- Installing: D:/TelegramBot/vcpkg_installed/vcpkg/pkgs/boost-preprocessor_x64-windows/include/boost/preprocessor/identity.hpp
-- Installing: D:/TelegramBot/vcpkg_installed/vcpkg/pkgs/boost-preprocessor_x64-windows/include/boost/preprocessor/if.hpp
-- Installing: D:/TelegramBot/vcpkg_installed/vcpkg/pkgs/boost-preprocessor_x64-windows/include/boost/preprocessor/inc.hpp
-- Installing: D:/TelegramBot/vcpkg_installed/vcpkg/pkgs/boost-preprocessor_x64-windows/include/boost/preprocessor/iterate.hpp
-- Installing: D:/TelegramBot/vcpkg_installed/vcpkg/pkgs/boost-preprocessor_x64-windows/include/boost/preprocessor/iteration
-- Installing: D:/TelegramBot/vcpkg_installed/vcpkg/pkgs/boost-preprocessor_x64-windows/include/boost/preprocessor/iteration/detail
-- Installing: D:/TelegramBot/vcpkg_installed/vcpkg/pkgs/boost-preprocessor_x64-windows/include/boost/preprocessor/iteration/detail/bounds
-- Installing: D:/TelegramBot/vcpkg_installed/vcpkg/pkgs/boost-preprocessor_x64-windows/include/boost/preprocessor/iteration/detail/bounds/lower1.hpp
-- Installing: D:/TelegramBot/vcpkg_installed/vcpkg/pkgs/boost-preprocessor_x64-windows/include/boost/preprocessor/iteration/detail/bounds/lower2.hpp
-- Installing: D:/TelegramBot/vcpkg_installed/vcpkg/pkgs/boost-preprocessor_x64-windows/include/boost/preprocessor/iteration/detail/bounds/lower3.hpp
-- Installing: D:/TelegramBot/vcpkg_installed/vcpkg/pkgs/boost-preprocessor_x64-windows/include/boost/preprocessor/iteration/detail/bounds/lower4.hpp
-- Installing: D:/TelegramBot/vcpkg_installed/vcpkg/pkgs/boost-preprocessor_x64-windows/include/boost/preprocessor/iteration/detail/bounds/lower5.hpp
-- Installing: D:/TelegramBot/vcpkg_installed/vcpkg/pkgs/boost-preprocessor_x64-windows/include/boost/preprocessor/iteration/detail/bounds/upper1.hpp
-- Installing: D:/TelegramBot/vcpkg_installed/vcpkg/pkgs/boost-preprocessor_x64-windows/include/boost/preprocessor/iteration/detail/bounds/upper2.hpp
-- Installing: D:/TelegramBot/vcpkg_installed/vcpkg/pkgs/boost-preprocessor_x64-windows/include/boost/preprocessor/iteration/detail/bounds/upper3.hpp
-- Installing: D:/TelegramBot/vcpkg_installed/vcpkg/pkgs/boost-preprocessor_x64-windows/include/boost/preprocessor/iteration/detail/bounds/upper4.hpp
-- Installing: D:/TelegramBot/vcpkg_installed/vcpkg/pkgs/boost-preprocessor_x64-windows/include/boost/preprocessor/iteration/detail/bounds/upper5.hpp
-- Installing: D:/TelegramBot/vcpkg_installed/vcpkg/pkgs/boost-preprocessor_x64-windows/include/boost/preprocessor/iteration/detail/finish.hpp
-- Installing: D:/TelegramBot/vcpkg_installed/vcpkg/pkgs/boost-preprocessor_x64-windows/include/boost/preprocessor/iteration/detail/iter
-- Installing: D:/TelegramBot/vcpkg_installed/vcpkg/pkgs/boost-preprocessor_x64-windows/include/boost/preprocessor/iteration/detail/iter/forward1.hpp
-- Installing: D:/TelegramBot/vcpkg_installed/vcpkg/pkgs/boost-preprocessor_x64-windows/include/boost/preprocessor/iteration/detail/iter/forward2.hpp
-- Installing: D:/TelegramBot/vcpkg_installed/vcpkg/pkgs/boost-preprocessor_x64-windows/include/boost/preprocessor/iteration/detail/iter/forward3.hpp
-- Installing: D:/TelegramBot/vcpkg_installed/vcpkg/pkgs/boost-preprocessor_x64-windows/include/boost/preprocessor/iteration/detail/iter/forward4.hpp
-- Installing: D:/TelegramBot/vcpkg_installed/vcpkg/pkgs/boost-preprocessor_x64-windows/include/boost/preprocessor/iteration/detail/iter/forward5.hpp
-- Installing: D:/TelegramBot/vcpkg_installed/vcpkg/pkgs/boost-preprocessor_x64-windows/include/boost/preprocessor/iteration/detail/iter/limits
-- Installing: D:/TelegramBot/vcpkg_installed/vcpkg/pkgs/boost-preprocessor_x64-windows/include/boost/preprocessor/iteration/detail/iter/limits/forward1_1024.hpp
-- Installing: D:/TelegramBot/vcpkg_installed/vcpkg/pkgs/boost-preprocessor_x64-windows/include/boost/preprocessor/iteration/detail/iter/limits/forward1_256.hpp
-- Installing: D:/TelegramBot/vcpkg_installed/vcpkg/pkgs/boost-preprocessor_x64-windows/include/boost/preprocessor/iteration/detail/iter/limits/forward1_512.hpp
-- Installing: D:/TelegramBot/vcpkg_installed/vcpkg/pkgs/boost-preprocessor_x64-windows/include/boost/preprocessor/iteration/detail/iter/limits/forward2_1024.hpp
-- Installing: D:/TelegramBot/vcpkg_installed/vcpkg/pkgs/boost-preprocessor_x64-windows/include/boost/preprocessor/iteration/detail/iter/limits/forward2_256.hpp
-- Installing: D:/TelegramBot/vcpkg_installed/vcpkg/pkgs/boost-preprocessor_x64-windows/include/boost/preprocessor/iteration/detail/iter/limits/forward2_512.hpp
-- Installing: D:/TelegramBot/vcpkg_installed/vcpkg/pkgs/boost-preprocessor_x64-windows/include/boost/preprocessor/iteration/detail/iter/limits/forward3_1024.hpp
-- Installing: D:/TelegramBot/vcpkg_installed/vcpkg/pkgs/boost-preprocessor_x64-windows/include/boost/preprocessor/iteration/detail/iter/limits/forward3_256.hpp
-- Installing: D:/TelegramBot/vcpkg_installed/vcpkg/pkgs/boost-preprocessor_x64-windows/include/boost/preprocessor/iteration/detail/iter/limits/forward3_512.hpp
-- Installing: D:/TelegramBot/vcpkg_installed/vcpkg/pkgs/boost-preprocessor_x64-windows/include/boost/preprocessor/iteration/detail/iter/limits/forward4_1024.hpp
-- Installing: D:/TelegramBot/vcpkg_installed/vcpkg/pkgs/boost-preprocessor_x64-windows/include/boost/preprocessor/iteration/detail/iter/limits/forward4_256.hpp
-- Installing: D:/TelegramBot/vcpkg_installed/vcpkg/pkgs/boost-preprocessor_x64-windows/include/boost/preprocessor/iteration/detail/iter/limits/forward4_512.hpp
-- Installing: D:/TelegramBot/vcpkg_installed/vcpkg/pkgs/boost-preprocessor_x64-windows/include/boost/preprocessor/iteration/detail/iter/limits/forward5_1024.hpp
-- Installing: D:/TelegramBot/vcpkg_installed/vcpkg/pkgs/boost-preprocessor_x64-windows/include/boost/preprocessor/iteration/detail/iter/limits/forward5_256.hpp
-- Installing: D:/TelegramBot/vcpkg_installed/vcpkg/pkgs/boost-preprocessor_x64-windows/include/boost/preprocessor/iteration/detail/iter/limits/forward5_512.hpp
-- Installing: D:/TelegramBot/vcpkg_installed/vcpkg/pkgs/boost-preprocessor_x64-windows/include/boost/preprocessor/iteration/detail/iter/limits/reverse1_1024.hpp
-- Installing: D:/TelegramBot/vcpkg_installed/vcpkg/pkgs/boost-preprocessor_x64-windows/include/boost/preprocessor/iteration/detail/iter/limits/reverse1_256.hpp
-- Installing: D:/TelegramBot/vcpkg_installed/vcpkg/pkgs/boost-preprocessor_x64-windows/include/boost/preprocessor/iteration/detail/iter/limits/reverse1_512.hpp
-- Installing: D:/TelegramBot/vcpkg_installed/vcpkg/pkgs/boost-preprocessor_x64-windows/include/boost/preprocessor/iteration/detail/iter/limits/reverse2_1024.hpp
-- Installing: D:/TelegramBot/vcpkg_installed/vcpkg/pkgs/boost-preprocessor_x64-windows/include/boost/preprocessor/iteration/detail/iter/limits/reverse2_256.hpp
-- Installing: D:/TelegramBot/vcpkg_installed/vcpkg/pkgs/boost-preprocessor_x64-windows/include/boost/preprocessor/iteration/detail/iter/limits/reverse2_512.hpp
-- Installing: D:/TelegramBot/vcpkg_installed/vcpkg/pkgs/boost-preprocessor_x64-windows/include/boost/preprocessor/iteration/detail/iter/limits/reverse3_1024.hpp
-- Installing: D:/TelegramBot/vcpkg_installed/vcpkg/pkgs/boost-preprocessor_x64-windows/include/boost/preprocessor/iteration/detail/iter/limits/reverse3_256.hpp
-- Installing: D:/TelegramBot/vcpkg_installed/vcpkg/pkgs/boost-preprocessor_x64-windows/include/boost/preprocessor/iteration/detail/iter/limits/reverse3_512.hpp
-- Installing: D:/TelegramBot/vcpkg_installed/vcpkg/pkgs/boost-preprocessor_x64-windows/include/boost/preprocessor/iteration/detail/iter/limits/reverse4_1024.hpp
-- Installing: D:/TelegramBot/vcpkg_installed/vcpkg/pkgs/boost-preprocessor_x64-windows/include/boost/preprocessor/iteration/detail/iter/limits/reverse4_256.hpp
-- Installing: D:/TelegramBot/vcpkg_installed/vcpkg/pkgs/boost-preprocessor_x64-windows/include/boost/preprocessor/iteration/detail/iter/limits/reverse4_512.hpp
-- Installing: D:/TelegramBot/vcpkg_installed/vcpkg/pkgs/boost-preprocessor_x64-windows/include/boost/preprocessor/iteration/detail/iter/limits/reverse5_1024.hpp
-- Installing: D:/TelegramBot/vcpkg_installed/vcpkg/pkgs/boost-preprocessor_x64-windows/include/boost/preprocessor/iteration/detail/iter/limits/reverse5_256.hpp
-- Installing: D:/TelegramBot/vcpkg_installed/vcpkg/pkgs/boost-preprocessor_x64-windows/include/boost/preprocessor/iteration/detail/iter/limits/reverse5_512.hpp
-- Installing: D:/TelegramBot/vcpkg_installed/vcpkg/pkgs/boost-preprocessor_x64-windows/include/boost/preprocessor/iteration/detail/iter/reverse1.hpp
-- Installing: D:/TelegramBot/vcpkg_installed/vcpkg/pkgs/boost-preprocessor_x64-windows/include/boost/preprocessor/iteration/detail/iter/reverse2.hpp
-- Installing: D:/TelegramBot/vcpkg_installed/vcpkg/pkgs/boost-preprocessor_x64-windows/include/boost/preprocessor/iteration/detail/iter/reverse3.hpp
-- Installing: D:/TelegramBot/vcpkg_installed/vcpkg/pkgs/boost-preprocessor_x64-windows/include/boost/preprocessor/iteration/detail/iter/reverse4.hpp
-- Installing: D:/TelegramBot/vcpkg_installed/vcpkg/pkgs/boost-preprocessor_x64-windows/include/boost/preprocessor/iteration/detail/iter/reverse5.hpp
-- Installing: D:/TelegramBot/vcpkg_installed/vcpkg/pkgs/boost-preprocessor_x64-windows/include/boost/preprocessor/iteration/detail/limits
-- Installing: D:/TelegramBot/vcpkg_installed/vcpkg/pkgs/boost-preprocessor_x64-windows/include/boost/preprocessor/iteration/detail/limits/local_1024.hpp
-- Installing: D:/TelegramBot/vcpkg_installed/vcpkg/pkgs/boost-preprocessor_x64-windows/include/boost/preprocessor/iteration/detail/limits/local_256.hpp
-- Installing: D:/TelegramBot/vcpkg_installed/vcpkg/pkgs/boost-preprocessor_x64-windows/include/boost/preprocessor/iteration/detail/limits/local_512.hpp
-- Installing: D:/TelegramBot/vcpkg_installed/vcpkg/pkgs/boost-preprocessor_x64-windows/include/boost/preprocessor/iteration/detail/limits/rlocal_1024.hpp
-- Installing: D:/TelegramBot/vcpkg_installed/vcpkg/pkgs/boost-preprocessor_x64-windows/include/boost/preprocessor/iteration/detail/limits/rlocal_256.hpp
-- Installing: D:/TelegramBot/vcpkg_installed/vcpkg/pkgs/boost-preprocessor_x64-windows/include/boost/preprocessor/iteration/detail/limits/rlocal_512.hpp
-- Installing: D:/TelegramBot/vcpkg_installed/vcpkg/pkgs/boost-preprocessor_x64-windows/include/boost/preprocessor/iteration/detail/local.hpp
-- Installing: D:/TelegramBot/vcpkg_installed/vcpkg/pkgs/boost-preprocessor_x64-windows/include/boost/preprocessor/iteration/detail/rlocal.hpp
-- Installing: D:/TelegramBot/vcpkg_installed/vcpkg/pkgs/boost-preprocessor_x64-windows/include/boost/preprocessor/iteration/detail/self.hpp
-- Installing: D:/TelegramBot/vcpkg_installed/vcpkg/pkgs/boost-preprocessor_x64-windows/include/boost/preprocessor/iteration/detail/start.hpp
-- Installing: D:/TelegramBot/vcpkg_installed/vcpkg/pkgs/boost-preprocessor_x64-windows/include/boost/preprocessor/iteration/iterate.hpp
-- Installing: D:/TelegramBot/vcpkg_installed/vcpkg/pkgs/boost-preprocessor_x64-windows/include/boost/preprocessor/iteration/local.hpp
-- Installing: D:/TelegramBot/vcpkg_installed/vcpkg/pkgs/boost-preprocessor_x64-windows/include/boost/preprocessor/iteration/self.hpp
-- Installing: D:/TelegramBot/vcpkg_installed/vcpkg/pkgs/boost-preprocessor_x64-windows/include/boost/preprocessor/iteration.hpp
-- Installing: D:/TelegramBot/vcpkg_installed/vcpkg/pkgs/boost-preprocessor_x64-windows/include/boost/preprocessor/library.hpp
-- Installing: D:/TelegramBot/vcpkg_installed/vcpkg/pkgs/boost-preprocessor_x64-windows/include/boost/preprocessor/limits.hpp
-- Installing: D:/TelegramBot/vcpkg_installed/vcpkg/pkgs/boost-preprocessor_x64-windows/include/boost/preprocessor/list
-- Installing: D:/TelegramBot/vcpkg_installed/vcpkg/pkgs/boost-preprocessor_x64-windows/include/boost/preprocessor/list/adt.hpp
-- Installing: D:/TelegramBot/vcpkg_installed/vcpkg/pkgs/boost-preprocessor_x64-windows/include/boost/preprocessor/list/append.hpp
-- Installing: D:/TelegramBot/vcpkg_installed/vcpkg/pkgs/boost-preprocessor_x64-windows/include/boost/preprocessor/list/at.hpp
-- Installing: D:/TelegramBot/vcpkg_installed/vcpkg/pkgs/boost-preprocessor_x64-windows/include/boost/preprocessor/list/cat.hpp
-- Installing: D:/TelegramBot/vcpkg_installed/vcpkg/pkgs/boost-preprocessor_x64-windows/include/boost/preprocessor/list/detail
-- Installing: D:/TelegramBot/vcpkg_installed/vcpkg/pkgs/boost-preprocessor_x64-windows/include/boost/preprocessor/list/detail/dmc
-- Installing: D:/TelegramBot/vcpkg_installed/vcpkg/pkgs/boost-preprocessor_x64-windows/include/boost/preprocessor/list/detail/dmc/fold_left.hpp
-- Installing: D:/TelegramBot/vcpkg_installed/vcpkg/pkgs/boost-preprocessor_x64-windows/include/boost/preprocessor/list/detail/edg
-- Installing: D:/TelegramBot/vcpkg_installed/vcpkg/pkgs/boost-preprocessor_x64-windows/include/boost/preprocessor/list/detail/edg/fold_left.hpp
-- Installing: D:/TelegramBot/vcpkg_installed/vcpkg/pkgs/boost-preprocessor_x64-windows/include/boost/preprocessor/list/detail/edg/fold_right.hpp
-- Installing: D:/TelegramBot/vcpkg_installed/vcpkg/pkgs/boost-preprocessor_x64-windows/include/boost/preprocessor/list/detail/edg/limits
-- Installing: D:/TelegramBot/vcpkg_installed/vcpkg/pkgs/boost-preprocessor_x64-windows/include/boost/preprocessor/list/detail/edg/limits/fold_left_1024.hpp
-- Installing: D:/TelegramBot/vcpkg_installed/vcpkg/pkgs/boost-preprocessor_x64-windows/include/boost/preprocessor/list/detail/edg/limits/fold_left_256.hpp
-- Installing: D:/TelegramBot/vcpkg_installed/vcpkg/pkgs/boost-preprocessor_x64-windows/include/boost/preprocessor/list/detail/edg/limits/fold_left_512.hpp
-- Installing: D:/TelegramBot/vcpkg_installed/vcpkg/pkgs/boost-preprocessor_x64-windows/include/boost/preprocessor/list/detail/edg/limits/fold_right_1024.hpp
-- Installing: D:/TelegramBot/vcpkg_installed/vcpkg/pkgs/boost-preprocessor_x64-windows/include/boost/preprocessor/list/detail/edg/limits/fold_right_256.hpp
-- Installing: D:/TelegramBot/vcpkg_installed/vcpkg/pkgs/boost-preprocessor_x64-windows/include/boost/preprocessor/list/detail/edg/limits/fold_right_512.hpp
-- Installing: D:/TelegramBot/vcpkg_installed/vcpkg/pkgs/boost-preprocessor_x64-windows/include/boost/preprocessor/list/detail/fold_left.hpp
-- Installing: D:/TelegramBot/vcpkg_installed/vcpkg/pkgs/boost-preprocessor_x64-windows/include/boost/preprocessor/list/detail/fold_right.hpp
-- Installing: D:/TelegramBot/vcpkg_installed/vcpkg/pkgs/boost-preprocessor_x64-windows/include/boost/preprocessor/list/detail/limits
-- Installing: D:/TelegramBot/vcpkg_installed/vcpkg/pkgs/boost-preprocessor_x64-windows/include/boost/preprocessor/list/detail/limits/fold_left_1024.hpp
-- Installing: D:/TelegramBot/vcpkg_installed/vcpkg/pkgs/boost-preprocessor_x64-windows/include/boost/preprocessor/list/detail/limits/fold_left_256.hpp
-- Installing: D:/TelegramBot/vcpkg_installed/vcpkg/pkgs/boost-preprocessor_x64-windows/include/boost/preprocessor/list/detail/limits/fold_left_512.hpp
-- Installing: D:/TelegramBot/vcpkg_installed/vcpkg/pkgs/boost-preprocessor_x64-windows/include/boost/preprocessor/list/detail/limits/fold_right_1024.hpp
-- Installing: D:/TelegramBot/vcpkg_installed/vcpkg/pkgs/boost-preprocessor_x64-windows/include/boost/preprocessor/list/detail/limits/fold_right_256.hpp
-- Installing: D:/TelegramBot/vcpkg_installed/vcpkg/pkgs/boost-preprocessor_x64-windows/include/boost/preprocessor/list/detail/limits/fold_right_512.hpp
-- Installing: D:/TelegramBot/vcpkg_installed/vcpkg/pkgs/boost-preprocessor_x64-windows/include/boost/preprocessor/list/enum.hpp
-- Installing: D:/TelegramBot/vcpkg_installed/vcpkg/pkgs/boost-preprocessor_x64-windows/include/boost/preprocessor/list/filter.hpp
-- Installing: D:/TelegramBot/vcpkg_installed/vcpkg/pkgs/boost-preprocessor_x64-windows/include/boost/preprocessor/list/first_n.hpp
-- Installing: D:/TelegramBot/vcpkg_installed/vcpkg/pkgs/boost-preprocessor_x64-windows/include/boost/preprocessor/list/fold_left.hpp
-- Installing: D:/TelegramBot/vcpkg_installed/vcpkg/pkgs/boost-preprocessor_x64-windows/include/boost/preprocessor/list/fold_right.hpp
-- Installing: D:/TelegramBot/vcpkg_installed/vcpkg/pkgs/boost-preprocessor_x64-windows/include/boost/preprocessor/list/for_each.hpp
-- Installing: D:/TelegramBot/vcpkg_installed/vcpkg/pkgs/boost-preprocessor_x64-windows/include/boost/preprocessor/list/for_each_i.hpp
-- Installing: D:/TelegramBot/vcpkg_installed/vcpkg/pkgs/boost-preprocessor_x64-windows/include/boost/preprocessor/list/for_each_product.hpp
-- Installing: D:/TelegramBot/vcpkg_installed/vcpkg/pkgs/boost-preprocessor_x64-windows/include/boost/preprocessor/list/limits
-- Installing: D:/TelegramBot/vcpkg_installed/vcpkg/pkgs/boost-preprocessor_x64-windows/include/boost/preprocessor/list/limits/fold_left_1024.hpp
-- Installing: D:/TelegramBot/vcpkg_installed/vcpkg/pkgs/boost-preprocessor_x64-windows/include/boost/preprocessor/list/limits/fold_left_256.hpp
-- Installing: D:/TelegramBot/vcpkg_installed/vcpkg/pkgs/boost-preprocessor_x64-windows/include/boost/preprocessor/list/limits/fold_left_512.hpp
-- Installing: D:/TelegramBot/vcpkg_installed/vcpkg/pkgs/boost-preprocessor_x64-windows/include/boost/preprocessor/list/rest_n.hpp
-- Installing: D:/TelegramBot/vcpkg_installed/vcpkg/pkgs/boost-preprocessor_x64-windows/include/boost/preprocessor/list/reverse.hpp
-- Installing: D:/TelegramBot/vcpkg_installed/vcpkg/pkgs/boost-preprocessor_x64-windows/include/boost/preprocessor/list/size.hpp
-- Installing: D:/TelegramBot/vcpkg_installed/vcpkg/pkgs/boost-preprocessor_x64-windows/include/boost/preprocessor/list/to_array.hpp
-- Installing: D:/TelegramBot/vcpkg_installed/vcpkg/pkgs/boost-preprocessor_x64-windows/include/boost/preprocessor/list/to_seq.hpp
-- Installing: D:/TelegramBot/vcpkg_installed/vcpkg/pkgs/boost-preprocessor_x64-windows/include/boost/preprocessor/list/to_tuple.hpp
-- Installing: D:/TelegramBot/vcpkg_installed/vcpkg/pkgs/boost-preprocessor_x64-windows/include/boost/preprocessor/list/transform.hpp
-- Installing: D:/TelegramBot/vcpkg_installed/vcpkg/pkgs/boost-preprocessor_x64-windows/include/boost/preprocessor/list.hpp
-- Installing: D:/TelegramBot/vcpkg_installed/vcpkg/pkgs/boost-preprocessor_x64-windows/include/boost/preprocessor/logical
-- Installing: D:/TelegramBot/vcpkg_installed/vcpkg/pkgs/boost-preprocessor_x64-windows/include/boost/preprocessor/logical/and.hpp
-- Installing: D:/TelegramBot/vcpkg_installed/vcpkg/pkgs/boost-preprocessor_x64-windows/include/boost/preprocessor/logical/bitand.hpp
-- Installing: D:/TelegramBot/vcpkg_installed/vcpkg/pkgs/boost-preprocessor_x64-windows/include/boost/preprocessor/logical/bitnor.hpp
-- Installing: D:/TelegramBot/vcpkg_installed/vcpkg/pkgs/boost-preprocessor_x64-windows/include/boost/preprocessor/logical/bitor.hpp
-- Installing: D:/TelegramBot/vcpkg_installed/vcpkg/pkgs/boost-preprocessor_x64-windows/include/boost/preprocessor/logical/bitxor.hpp
-- Installing: D:/TelegramBot/vcpkg_installed/vcpkg/pkgs/boost-preprocessor_x64-windows/include/boost/preprocessor/logical/bool.hpp
-- Installing: D:/TelegramBot/vcpkg_installed/vcpkg/pkgs/boost-preprocessor_x64-windows/include/boost/preprocessor/logical/compl.hpp
-- Installing: D:/TelegramBot/vcpkg_installed/vcpkg/pkgs/boost-preprocessor_x64-windows/include/boost/preprocessor/logical/limits
-- Installing: D:/TelegramBot/vcpkg_installed/vcpkg/pkgs/boost-preprocessor_x64-windows/include/boost/preprocessor/logical/limits/bool_1024.hpp
-- Installing: D:/TelegramBot/vcpkg_installed/vcpkg/pkgs/boost-preprocessor_x64-windows/include/boost/preprocessor/logical/limits/bool_256.hpp
-- Installing: D:/TelegramBot/vcpkg_installed/vcpkg/pkgs/boost-preprocessor_x64-windows/include/boost/preprocessor/logical/limits/bool_512.hpp
-- Installing: D:/TelegramBot/vcpkg_installed/vcpkg/pkgs/boost-preprocessor_x64-windows/include/boost/preprocessor/logical/nor.hpp
-- Installing: D:/TelegramBot/vcpkg_installed/vcpkg/pkgs/boost-preprocessor_x64-windows/include/boost/preprocessor/logical/not.hpp
-- Installing: D:/TelegramBot/vcpkg_installed/vcpkg/pkgs/boost-preprocessor_x64-windows/include/boost/preprocessor/logical/or.hpp
-- Installing: D:/TelegramBot/vcpkg_installed/vcpkg/pkgs/boost-preprocessor_x64-windows/include/boost/preprocessor/logical/xor.hpp
-- Installing: D:/TelegramBot/vcpkg_installed/vcpkg/pkgs/boost-preprocessor_x64-windows/include/boost/preprocessor/logical.hpp
-- Installing: D:/TelegramBot/vcpkg_installed/vcpkg/pkgs/boost-preprocessor_x64-windows/include/boost/preprocessor/max.hpp
-- Installing: D:/TelegramBot/vcpkg_installed/vcpkg/pkgs/boost-preprocessor_x64-windows/include/boost/preprocessor/min.hpp
-- Installing: D:/TelegramBot/vcpkg_installed/vcpkg/pkgs/boost-preprocessor_x64-windows/include/boost/preprocessor/punctuation
-- Installing: D:/TelegramBot/vcpkg_installed/vcpkg/pkgs/boost-preprocessor_x64-windows/include/boost/preprocessor/punctuation/comma.hpp
-- Installing: D:/TelegramBot/vcpkg_installed/vcpkg/pkgs/boost-preprocessor_x64-windows/include/boost/preprocessor/punctuation/comma_if.hpp
-- Installing: D:/TelegramBot/vcpkg_installed/vcpkg/pkgs/boost-preprocessor_x64-windows/include/boost/preprocessor/punctuation/detail
-- Installing: D:/TelegramBot/vcpkg_installed/vcpkg/pkgs/boost-preprocessor_x64-windows/include/boost/preprocessor/punctuation/detail/is_begin_parens.hpp
-- Installing: D:/TelegramBot/vcpkg_installed/vcpkg/pkgs/boost-preprocessor_x64-windows/include/boost/preprocessor/punctuation/is_begin_parens.hpp
-- Installing: D:/TelegramBot/vcpkg_installed/vcpkg/pkgs/boost-preprocessor_x64-windows/include/boost/preprocessor/punctuation/paren.hpp
-- Installing: D:/TelegramBot/vcpkg_installed/vcpkg/pkgs/boost-preprocessor_x64-windows/include/boost/preprocessor/punctuation/paren_if.hpp
-- Installing: D:/TelegramBot/vcpkg_installed/vcpkg/pkgs/boost-preprocessor_x64-windows/include/boost/preprocessor/punctuation/remove_parens.hpp
-- Installing: D:/TelegramBot/vcpkg_installed/vcpkg/pkgs/boost-preprocessor_x64-windows/include/boost/preprocessor/punctuation.hpp
-- Installing: D:/TelegramBot/vcpkg_installed/vcpkg/pkgs/boost-preprocessor_x64-windows/include/boost/preprocessor/repeat.hpp
-- Installing: D:/TelegramBot/vcpkg_installed/vcpkg/pkgs/boost-preprocessor_x64-windows/include/boost/preprocessor/repeat_2nd.hpp
-- Installing: D:/TelegramBot/vcpkg_installed/vcpkg/pkgs/boost-preprocessor_x64-windows/include/boost/preprocessor/repeat_3rd.hpp
-- Installing: D:/TelegramBot/vcpkg_installed/vcpkg/pkgs/boost-preprocessor_x64-windows/include/boost/preprocessor/repeat_from_to.hpp
-- Installing: D:/TelegramBot/vcpkg_installed/vcpkg/pkgs/boost-preprocessor_x64-windows/include/boost/preprocessor/repeat_from_to_2nd.hpp
-- Installing: D:/TelegramBot/vcpkg_installed/vcpkg/pkgs/boost-preprocessor_x64-windows/include/boost/preprocessor/repeat_from_to_3rd.hpp
-- Installing: D:/TelegramBot/vcpkg_installed/vcpkg/pkgs/boost-preprocessor_x64-windows/include/boost/preprocessor/repetition
-- Installing: D:/TelegramBot/vcpkg_installed/vcpkg/pkgs/boost-preprocessor_x64-windows/include/boost/preprocessor/repetition/deduce_r.hpp
-- Installing: D:/TelegramBot/vcpkg_installed/vcpkg/pkgs/boost-preprocessor_x64-windows/include/boost/preprocessor/repetition/deduce_z.hpp
-- Installing: D:/TelegramBot/vcpkg_installed/vcpkg/pkgs/boost-preprocessor_x64-windows/include/boost/preprocessor/repetition/detail
-- Installing: D:/TelegramBot/vcpkg_installed/vcpkg/pkgs/boost-preprocessor_x64-windows/include/boost/preprocessor/repetition/detail/dmc
-- Installing: D:/TelegramBot/vcpkg_installed/vcpkg/pkgs/boost-preprocessor_x64-windows/include/boost/preprocessor/repetition/detail/dmc/for.hpp
-- Installing: D:/TelegramBot/vcpkg_installed/vcpkg/pkgs/boost-preprocessor_x64-windows/include/boost/preprocessor/repetition/detail/edg
-- Installing: D:/TelegramBot/vcpkg_installed/vcpkg/pkgs/boost-preprocessor_x64-windows/include/boost/preprocessor/repetition/detail/edg/for.hpp
-- Installing: D:/TelegramBot/vcpkg_installed/vcpkg/pkgs/boost-preprocessor_x64-windows/include/boost/preprocessor/repetition/detail/edg/limits
-- Installing: D:/TelegramBot/vcpkg_installed/vcpkg/pkgs/boost-preprocessor_x64-windows/include/boost/preprocessor/repetition/detail/edg/limits/for_1024.hpp
-- Installing: D:/TelegramBot/vcpkg_installed/vcpkg/pkgs/boost-preprocessor_x64-windows/include/boost/preprocessor/repetition/detail/edg/limits/for_256.hpp
-- Installing: D:/TelegramBot/vcpkg_installed/vcpkg/pkgs/boost-preprocessor_x64-windows/include/boost/preprocessor/repetition/detail/edg/limits/for_512.hpp
-- Installing: D:/TelegramBot/vcpkg_installed/vcpkg/pkgs/boost-preprocessor_x64-windows/include/boost/preprocessor/repetition/detail/for.hpp
-- Installing: D:/TelegramBot/vcpkg_installed/vcpkg/pkgs/boost-preprocessor_x64-windows/include/boost/preprocessor/repetition/detail/limits
-- Installing: D:/TelegramBot/vcpkg_installed/vcpkg/pkgs/boost-preprocessor_x64-windows/include/boost/preprocessor/repetition/detail/limits/for_1024.hpp
-- Installing: D:/TelegramBot/vcpkg_installed/vcpkg/pkgs/boost-preprocessor_x64-windows/include/boost/preprocessor/repetition/detail/limits/for_256.hpp
-- Installing: D:/TelegramBot/vcpkg_installed/vcpkg/pkgs/boost-preprocessor_x64-windows/include/boost/preprocessor/repetition/detail/limits/for_512.hpp
-- Installing: D:/TelegramBot/vcpkg_installed/vcpkg/pkgs/boost-preprocessor_x64-windows/include/boost/preprocessor/repetition/detail/msvc
-- Installing: D:/TelegramBot/vcpkg_installed/vcpkg/pkgs/boost-preprocessor_x64-windows/include/boost/preprocessor/repetition/detail/msvc/for.hpp
-- Installing: D:/TelegramBot/vcpkg_installed/vcpkg/pkgs/boost-preprocessor_x64-windows/include/boost/preprocessor/repetition/enum.hpp
-- Installing: D:/TelegramBot/vcpkg_installed/vcpkg/pkgs/boost-preprocessor_x64-windows/include/boost/preprocessor/repetition/enum_binary_params.hpp
-- Installing: D:/TelegramBot/vcpkg_installed/vcpkg/pkgs/boost-preprocessor_x64-windows/include/boost/preprocessor/repetition/enum_params.hpp
-- Installing: D:/TelegramBot/vcpkg_installed/vcpkg/pkgs/boost-preprocessor_x64-windows/include/boost/preprocessor/repetition/enum_params_with_a_default.hpp
-- Installing: D:/TelegramBot/vcpkg_installed/vcpkg/pkgs/boost-preprocessor_x64-windows/include/boost/preprocessor/repetition/enum_params_with_defaults.hpp
-- Installing: D:/TelegramBot/vcpkg_installed/vcpkg/pkgs/boost-preprocessor_x64-windows/include/boost/preprocessor/repetition/enum_shifted.hpp
-- Installing: D:/TelegramBot/vcpkg_installed/vcpkg/pkgs/boost-preprocessor_x64-windows/include/boost/preprocessor/repetition/enum_shifted_binary_params.hpp
-- Installing: D:/TelegramBot/vcpkg_installed/vcpkg/pkgs/boost-preprocessor_x64-windows/include/boost/preprocessor/repetition/enum_shifted_params.hpp
-- Installing: D:/TelegramBot/vcpkg_installed/vcpkg/pkgs/boost-preprocessor_x64-windows/include/boost/preprocessor/repetition/enum_trailing.hpp
-- Installing: D:/TelegramBot/vcpkg_installed/vcpkg/pkgs/boost-preprocessor_x64-windows/include/boost/preprocessor/repetition/enum_trailing_binary_params.hpp
-- Installing: D:/TelegramBot/vcpkg_installed/vcpkg/pkgs/boost-preprocessor_x64-windows/include/boost/preprocessor/repetition/enum_trailing_params.hpp
-- Installing: D:/TelegramBot/vcpkg_installed/vcpkg/pkgs/boost-preprocessor_x64-windows/include/boost/preprocessor/repetition/for.hpp
-- Installing: D:/TelegramBot/vcpkg_installed/vcpkg/pkgs/boost-preprocessor_x64-windows/include/boost/preprocessor/repetition/limits
-- Installing: D:/TelegramBot/vcpkg_installed/vcpkg/pkgs/boost-preprocessor_x64-windows/include/boost/preprocessor/repetition/limits/for_1024.hpp
-- Installing: D:/TelegramBot/vcpkg_installed/vcpkg/pkgs/boost-preprocessor_x64-windows/include/boost/preprocessor/repetition/limits/for_256.hpp
-- Installing: D:/TelegramBot/vcpkg_installed/vcpkg/pkgs/boost-preprocessor_x64-windows/include/boost/preprocessor/repetition/limits/for_512.hpp
-- Installing: D:/TelegramBot/vcpkg_installed/vcpkg/pkgs/boost-preprocessor_x64-windows/include/boost/preprocessor/repetition/limits/repeat_1024.hpp
-- Installing: D:/TelegramBot/vcpkg_installed/vcpkg/pkgs/boost-preprocessor_x64-windows/include/boost/preprocessor/repetition/limits/repeat_256.hpp
-- Installing: D:/TelegramBot/vcpkg_installed/vcpkg/pkgs/boost-preprocessor_x64-windows/include/boost/preprocessor/repetition/limits/repeat_512.hpp
-- Installing: D:/TelegramBot/vcpkg_installed/vcpkg/pkgs/boost-preprocessor_x64-windows/include/boost/preprocessor/repetition/repeat.hpp
-- Installing: D:/TelegramBot/vcpkg_installed/vcpkg/pkgs/boost-preprocessor_x64-windows/include/boost/preprocessor/repetition/repeat_from_to.hpp
-- Installing: D:/TelegramBot/vcpkg_installed/vcpkg/pkgs/boost-preprocessor_x64-windows/include/boost/preprocessor/repetition.hpp
-- Installing: D:/TelegramBot/vcpkg_installed/vcpkg/pkgs/boost-preprocessor_x64-windows/include/boost/preprocessor/selection
-- Installing: D:/TelegramBot/vcpkg_installed/vcpkg/pkgs/boost-preprocessor_x64-windows/include/boost/preprocessor/selection/max.hpp
-- Installing: D:/TelegramBot/vcpkg_installed/vcpkg/pkgs/boost-preprocessor_x64-windows/include/boost/preprocessor/selection/min.hpp
-- Installing: D:/TelegramBot/vcpkg_installed/vcpkg/pkgs/boost-preprocessor_x64-windows/include/boost/preprocessor/selection.hpp
-- Installing: D:/TelegramBot/vcpkg_installed/vcpkg/pkgs/boost-preprocessor_x64-windows/include/boost/preprocessor/seq
-- Installing: D:/TelegramBot/vcpkg_installed/vcpkg/pkgs/boost-preprocessor_x64-windows/include/boost/preprocessor/seq/cat.hpp
-- Installing: D:/TelegramBot/vcpkg_installed/vcpkg/pkgs/boost-preprocessor_x64-windows/include/boost/preprocessor/seq/detail
-- Installing: D:/TelegramBot/vcpkg_installed/vcpkg/pkgs/boost-preprocessor_x64-windows/include/boost/preprocessor/seq/detail/binary_transform.hpp
-- Installing: D:/TelegramBot/vcpkg_installed/vcpkg/pkgs/boost-preprocessor_x64-windows/include/boost/preprocessor/seq/detail/is_empty.hpp
-- Installing: D:/TelegramBot/vcpkg_installed/vcpkg/pkgs/boost-preprocessor_x64-windows/include/boost/preprocessor/seq/detail/limits
-- Installing: D:/TelegramBot/vcpkg_installed/vcpkg/pkgs/boost-preprocessor_x64-windows/include/boost/preprocessor/seq/detail/limits/split_1024.hpp
-- Installing: D:/TelegramBot/vcpkg_installed/vcpkg/pkgs/boost-preprocessor_x64-windows/include/boost/preprocessor/seq/detail/limits/split_256.hpp
-- Installing: D:/TelegramBot/vcpkg_installed/vcpkg/pkgs/boost-preprocessor_x64-windows/include/boost/preprocessor/seq/detail/limits/split_512.hpp
-- Installing: D:/TelegramBot/vcpkg_installed/vcpkg/pkgs/boost-preprocessor_x64-windows/include/boost/preprocessor/seq/detail/split.hpp
-- Installing: D:/TelegramBot/vcpkg_installed/vcpkg/pkgs/boost-preprocessor_x64-windows/include/boost/preprocessor/seq/detail/to_list_msvc.hpp
-- Installing: D:/TelegramBot/vcpkg_installed/vcpkg/pkgs/boost-preprocessor_x64-windows/include/boost/preprocessor/seq/elem.hpp
-- Installing: D:/TelegramBot/vcpkg_installed/vcpkg/pkgs/boost-preprocessor_x64-windows/include/boost/preprocessor/seq/enum.hpp
-- Installing: D:/TelegramBot/vcpkg_installed/vcpkg/pkgs/boost-preprocessor_x64-windows/include/boost/preprocessor/seq/filter.hpp
-- Installing: D:/TelegramBot/vcpkg_installed/vcpkg/pkgs/boost-preprocessor_x64-windows/include/boost/preprocessor/seq/first_n.hpp
-- Installing: D:/TelegramBot/vcpkg_installed/vcpkg/pkgs/boost-preprocessor_x64-windows/include/boost/preprocessor/seq/fold_left.hpp
-- Installing: D:/TelegramBot/vcpkg_installed/vcpkg/pkgs/boost-preprocessor_x64-windows/include/boost/preprocessor/seq/fold_right.hpp
-- Installing: D:/TelegramBot/vcpkg_installed/vcpkg/pkgs/boost-preprocessor_x64-windows/include/boost/preprocessor/seq/for_each.hpp
-- Installing: D:/TelegramBot/vcpkg_installed/vcpkg/pkgs/boost-preprocessor_x64-windows/include/boost/preprocessor/seq/for_each_i.hpp
-- Installing: D:/TelegramBot/vcpkg_installed/vcpkg/pkgs/boost-preprocessor_x64-windows/include/boost/preprocessor/seq/for_each_product.hpp
-- Installing: D:/TelegramBot/vcpkg_installed/vcpkg/pkgs/boost-preprocessor_x64-windows/include/boost/preprocessor/seq/insert.hpp
-- Installing: D:/TelegramBot/vcpkg_installed/vcpkg/pkgs/boost-preprocessor_x64-windows/include/boost/preprocessor/seq/limits
-- Installing: D:/TelegramBot/vcpkg_installed/vcpkg/pkgs/boost-preprocessor_x64-windows/include/boost/preprocessor/seq/limits/elem_1024.hpp
-- Installing: D:/TelegramBot/vcpkg_installed/vcpkg/pkgs/boost-preprocessor_x64-windows/include/boost/preprocessor/seq/limits/elem_256.hpp
-- Installing: D:/TelegramBot/vcpkg_installed/vcpkg/pkgs/boost-preprocessor_x64-windows/include/boost/preprocessor/seq/limits/elem_512.hpp
-- Installing: D:/TelegramBot/vcpkg_installed/vcpkg/pkgs/boost-preprocessor_x64-windows/include/boost/preprocessor/seq/limits/enum_1024.hpp
-- Installing: D:/TelegramBot/vcpkg_installed/vcpkg/pkgs/boost-preprocessor_x64-windows/include/boost/preprocessor/seq/limits/enum_256.hpp
-- Installing: D:/TelegramBot/vcpkg_installed/vcpkg/pkgs/boost-preprocessor_x64-windows/include/boost/preprocessor/seq/limits/enum_512.hpp
-- Installing: D:/TelegramBot/vcpkg_installed/vcpkg/pkgs/boost-preprocessor_x64-windows/include/boost/preprocessor/seq/limits/fold_left_1024.hpp
-- Installing: D:/TelegramBot/vcpkg_installed/vcpkg/pkgs/boost-preprocessor_x64-windows/include/boost/preprocessor/seq/limits/fold_left_256.hpp
-- Installing: D:/TelegramBot/vcpkg_installed/vcpkg/pkgs/boost-preprocessor_x64-windows/include/boost/preprocessor/seq/limits/fold_left_512.hpp
-- Installing: D:/TelegramBot/vcpkg_installed/vcpkg/pkgs/boost-preprocessor_x64-windows/include/boost/preprocessor/seq/limits/fold_right_1024.hpp
-- Installing: D:/TelegramBot/vcpkg_installed/vcpkg/pkgs/boost-preprocessor_x64-windows/include/boost/preprocessor/seq/limits/fold_right_256.hpp
-- Installing: D:/TelegramBot/vcpkg_installed/vcpkg/pkgs/boost-preprocessor_x64-windows/include/boost/preprocessor/seq/limits/fold_right_512.hpp
-- Installing: D:/TelegramBot/vcpkg_installed/vcpkg/pkgs/boost-preprocessor_x64-windows/include/boost/preprocessor/seq/limits/size_1024.hpp
-- Installing: D:/TelegramBot/vcpkg_installed/vcpkg/pkgs/boost-preprocessor_x64-windows/include/boost/preprocessor/seq/limits/size_256.hpp
-- Installing: D:/TelegramBot/vcpkg_installed/vcpkg/pkgs/boost-preprocessor_x64-windows/include/boost/preprocessor/seq/limits/size_512.hpp
-- Installing: D:/TelegramBot/vcpkg_installed/vcpkg/pkgs/boost-preprocessor_x64-windows/include/boost/preprocessor/seq/pop_back.hpp
-- Installing: D:/TelegramBot/vcpkg_installed/vcpkg/pkgs/boost-preprocessor_x64-windows/include/boost/preprocessor/seq/pop_front.hpp
-- Installing: D:/TelegramBot/vcpkg_installed/vcpkg/pkgs/boost-preprocessor_x64-windows/include/boost/preprocessor/seq/push_back.hpp
-- Installing: D:/TelegramBot/vcpkg_installed/vcpkg/pkgs/boost-preprocessor_x64-windows/include/boost/preprocessor/seq/push_front.hpp
-- Installing: D:/TelegramBot/vcpkg_installed/vcpkg/pkgs/boost-preprocessor_x64-windows/include/boost/preprocessor/seq/remove.hpp
-- Installing: D:/TelegramBot/vcpkg_installed/vcpkg/pkgs/boost-preprocessor_x64-windows/include/boost/preprocessor/seq/replace.hpp
-- Installing: D:/TelegramBot/vcpkg_installed/vcpkg/pkgs/boost-preprocessor_x64-windows/include/boost/preprocessor/seq/rest_n.hpp
-- Installing: D:/TelegramBot/vcpkg_installed/vcpkg/pkgs/boost-preprocessor_x64-windows/include/boost/preprocessor/seq/reverse.hpp
-- Installing: D:/TelegramBot/vcpkg_installed/vcpkg/pkgs/boost-preprocessor_x64-windows/include/boost/preprocessor/seq/seq.hpp
-- Installing: D:/TelegramBot/vcpkg_installed/vcpkg/pkgs/boost-preprocessor_x64-windows/include/boost/preprocessor/seq/size.hpp
-- Installing: D:/TelegramBot/vcpkg_installed/vcpkg/pkgs/boost-preprocessor_x64-windows/include/boost/preprocessor/seq/subseq.hpp
-- Installing: D:/TelegramBot/vcpkg_installed/vcpkg/pkgs/boost-preprocessor_x64-windows/include/boost/preprocessor/seq/to_array.hpp
-- Installing: D:/TelegramBot/vcpkg_installed/vcpkg/pkgs/boost-preprocessor_x64-windows/include/boost/preprocessor/seq/to_list.hpp
-- Installing: D:/TelegramBot/vcpkg_installed/vcpkg/pkgs/boost-preprocessor_x64-windows/include/boost/preprocessor/seq/to_tuple.hpp
-- Installing: D:/TelegramBot/vcpkg_installed/vcpkg/pkgs/boost-preprocessor_x64-windows/include/boost/preprocessor/seq/transform.hpp
-- Installing: D:/TelegramBot/vcpkg_installed/vcpkg/pkgs/boost-preprocessor_x64-windows/include/boost/preprocessor/seq/variadic_seq_to_seq.hpp
-- Installing: D:/TelegramBot/vcpkg_installed/vcpkg/pkgs/boost-preprocessor_x64-windows/include/boost/preprocessor/seq.hpp
-- Installing: D:/TelegramBot/vcpkg_installed/vcpkg/pkgs/boost-preprocessor_x64-windows/include/boost/preprocessor/slot
-- Installing: D:/TelegramBot/vcpkg_installed/vcpkg/pkgs/boost-preprocessor_x64-windows/include/boost/preprocessor/slot/counter.hpp
-- Installing: D:/TelegramBot/vcpkg_installed/vcpkg/pkgs/boost-preprocessor_x64-windows/include/boost/preprocessor/slot/detail
-- Installing: D:/TelegramBot/vcpkg_installed/vcpkg/pkgs/boost-preprocessor_x64-windows/include/boost/preprocessor/slot/detail/counter.hpp
-- Installing: D:/TelegramBot/vcpkg_installed/vcpkg/pkgs/boost-preprocessor_x64-windows/include/boost/preprocessor/slot/detail/def.hpp
-- Installing: D:/TelegramBot/vcpkg_installed/vcpkg/pkgs/boost-preprocessor_x64-windows/include/boost/preprocessor/slot/detail/shared.hpp
-- Installing: D:/TelegramBot/vcpkg_installed/vcpkg/pkgs/boost-preprocessor_x64-windows/include/boost/preprocessor/slot/detail/slot1.hpp
-- Installing: D:/TelegramBot/vcpkg_installed/vcpkg/pkgs/boost-preprocessor_x64-windows/include/boost/preprocessor/slot/detail/slot2.hpp
-- Installing: D:/TelegramBot/vcpkg_installed/vcpkg/pkgs/boost-preprocessor_x64-windows/include/boost/preprocessor/slot/detail/slot3.hpp
-- Installing: D:/TelegramBot/vcpkg_installed/vcpkg/pkgs/boost-preprocessor_x64-windows/include/boost/preprocessor/slot/detail/slot4.hpp
-- Installing: D:/TelegramBot/vcpkg_installed/vcpkg/pkgs/boost-preprocessor_x64-windows/include/boost/preprocessor/slot/detail/slot5.hpp
-- Installing: D:/TelegramBot/vcpkg_installed/vcpkg/pkgs/boost-preprocessor_x64-windows/include/boost/preprocessor/slot/slot.hpp
-- Installing: D:/TelegramBot/vcpkg_installed/vcpkg/pkgs/boost-preprocessor_x64-windows/include/boost/preprocessor/slot.hpp
-- Installing: D:/TelegramBot/vcpkg_installed/vcpkg/pkgs/boost-preprocessor_x64-windows/include/boost/preprocessor/stringize.hpp
-- Installing: D:/TelegramBot/vcpkg_installed/vcpkg/pkgs/boost-preprocessor_x64-windows/include/boost/preprocessor/tuple
-- Installing: D:/TelegramBot/vcpkg_installed/vcpkg/pkgs/boost-preprocessor_x64-windows/include/boost/preprocessor/tuple/detail
-- Installing: D:/TelegramBot/vcpkg_installed/vcpkg/pkgs/boost-preprocessor_x64-windows/include/boost/preprocessor/tuple/detail/is_single_return.hpp
-- Installing: D:/TelegramBot/vcpkg_installed/vcpkg/pkgs/boost-preprocessor_x64-windows/include/boost/preprocessor/tuple/eat.hpp
-- Installing: D:/TelegramBot/vcpkg_installed/vcpkg/pkgs/boost-preprocessor_x64-windows/include/boost/preprocessor/tuple/elem.hpp
-- Installing: D:/TelegramBot/vcpkg_installed/vcpkg/pkgs/boost-preprocessor_x64-windows/include/boost/preprocessor/tuple/enum.hpp
-- Installing: D:/TelegramBot/vcpkg_installed/vcpkg/pkgs/boost-preprocessor_x64-windows/include/boost/preprocessor/tuple/insert.hpp
-- Installing: D:/TelegramBot/vcpkg_installed/vcpkg/pkgs/boost-preprocessor_x64-windows/include/boost/preprocessor/tuple/limits
-- Installing: D:/TelegramBot/vcpkg_installed/vcpkg/pkgs/boost-preprocessor_x64-windows/include/boost/preprocessor/tuple/limits/reverse_128.hpp
-- Installing: D:/TelegramBot/vcpkg_installed/vcpkg/pkgs/boost-preprocessor_x64-windows/include/boost/preprocessor/tuple/limits/reverse_256.hpp
-- Installing: D:/TelegramBot/vcpkg_installed/vcpkg/pkgs/boost-preprocessor_x64-windows/include/boost/preprocessor/tuple/limits/reverse_64.hpp
-- Installing: D:/TelegramBot/vcpkg_installed/vcpkg/pkgs/boost-preprocessor_x64-windows/include/boost/preprocessor/tuple/limits/to_list_128.hpp
-- Installing: D:/TelegramBot/vcpkg_installed/vcpkg/pkgs/boost-preprocessor_x64-windows/include/boost/preprocessor/tuple/limits/to_list_256.hpp
-- Installing: D:/TelegramBot/vcpkg_installed/vcpkg/pkgs/boost-preprocessor_x64-windows/include/boost/preprocessor/tuple/limits/to_list_64.hpp
-- Installing: D:/TelegramBot/vcpkg_installed/vcpkg/pkgs/boost-preprocessor_x64-windows/include/boost/preprocessor/tuple/limits/to_seq_128.hpp
-- Installing: D:/TelegramBot/vcpkg_installed/vcpkg/pkgs/boost-preprocessor_x64-windows/include/boost/preprocessor/tuple/limits/to_seq_256.hpp
-- Installing: D:/TelegramBot/vcpkg_installed/vcpkg/pkgs/boost-preprocessor_x64-windows/include/boost/preprocessor/tuple/limits/to_seq_64.hpp
-- Installing: D:/TelegramBot/vcpkg_installed/vcpkg/pkgs/boost-preprocessor_x64-windows/include/boost/preprocessor/tuple/pop_back.hpp
-- Installing: D:/TelegramBot/vcpkg_installed/vcpkg/pkgs/boost-preprocessor_x64-windows/include/boost/preprocessor/tuple/pop_front.hpp
-- Installing: D:/TelegramBot/vcpkg_installed/vcpkg/pkgs/boost-preprocessor_x64-windows/include/boost/preprocessor/tuple/push_back.hpp
-- Installing: D:/TelegramBot/vcpkg_installed/vcpkg/pkgs/boost-preprocessor_x64-windows/include/boost/preprocessor/tuple/push_front.hpp
-- Installing: D:/TelegramBot/vcpkg_installed/vcpkg/pkgs/boost-preprocessor_x64-windows/include/boost/preprocessor/tuple/rem.hpp
-- Installing: D:/TelegramBot/vcpkg_installed/vcpkg/pkgs/boost-preprocessor_x64-windows/include/boost/preprocessor/tuple/remove.hpp
-- Installing: D:/TelegramBot/vcpkg_installed/vcpkg/pkgs/boost-preprocessor_x64-windows/include/boost/preprocessor/tuple/replace.hpp
-- Installing: D:/TelegramBot/vcpkg_installed/vcpkg/pkgs/boost-preprocessor_x64-windows/include/boost/preprocessor/tuple/reverse.hpp
-- Installing: D:/TelegramBot/vcpkg_installed/vcpkg/pkgs/boost-preprocessor_x64-windows/include/boost/preprocessor/tuple/size.hpp
-- Installing: D:/TelegramBot/vcpkg_installed/vcpkg/pkgs/boost-preprocessor_x64-windows/include/boost/preprocessor/tuple/to_array.hpp
-- Installing: D:/TelegramBot/vcpkg_installed/vcpkg/pkgs/boost-preprocessor_x64-windows/include/boost/preprocessor/tuple/to_list.hpp
-- Installing: D:/TelegramBot/vcpkg_installed/vcpkg/pkgs/boost-preprocessor_x64-windows/include/boost/preprocessor/tuple/to_seq.hpp
-- Installing: D:/TelegramBot/vcpkg_installed/vcpkg/pkgs/boost-preprocessor_x64-windows/include/boost/preprocessor/tuple.hpp
-- Installing: D:/TelegramBot/vcpkg_installed/vcpkg/pkgs/boost-preprocessor_x64-windows/include/boost/preprocessor/variadic
-- Installing: D:/TelegramBot/vcpkg_installed/vcpkg/pkgs/boost-preprocessor_x64-windows/include/boost/preprocessor/variadic/detail
-- Installing: D:/TelegramBot/vcpkg_installed/vcpkg/pkgs/boost-preprocessor_x64-windows/include/boost/preprocessor/variadic/detail/has_opt.hpp
-- Installing: D:/TelegramBot/vcpkg_installed/vcpkg/pkgs/boost-preprocessor_x64-windows/include/boost/preprocessor/variadic/detail/is_single_return.hpp
-- Installing: D:/TelegramBot/vcpkg_installed/vcpkg/pkgs/boost-preprocessor_x64-windows/include/boost/preprocessor/variadic/elem.hpp
-- Installing: D:/TelegramBot/vcpkg_installed/vcpkg/pkgs/boost-preprocessor_x64-windows/include/boost/preprocessor/variadic/has_opt.hpp
-- Installing: D:/TelegramBot/vcpkg_installed/vcpkg/pkgs/boost-preprocessor_x64-windows/include/boost/preprocessor/variadic/limits
-- Installing: D:/TelegramBot/vcpkg_installed/vcpkg/pkgs/boost-preprocessor_x64-windows/include/boost/preprocessor/variadic/limits/elem_128.hpp
-- Installing: D:/TelegramBot/vcpkg_installed/vcpkg/pkgs/boost-preprocessor_x64-windows/include/boost/preprocessor/variadic/limits/elem_256.hpp
-- Installing: D:/TelegramBot/vcpkg_installed/vcpkg/pkgs/boost-preprocessor_x64-windows/include/boost/preprocessor/variadic/limits/elem_64.hpp
-- Installing: D:/TelegramBot/vcpkg_installed/vcpkg/pkgs/boost-preprocessor_x64-windows/include/boost/preprocessor/variadic/limits/size_128.hpp
-- Installing: D:/TelegramBot/vcpkg_installed/vcpkg/pkgs/boost-preprocessor_x64-windows/include/boost/preprocessor/variadic/limits/size_256.hpp
-- Installing: D:/TelegramBot/vcpkg_installed/vcpkg/pkgs/boost-preprocessor_x64-windows/include/boost/preprocessor/variadic/limits/size_64.hpp
-- Installing: D:/TelegramBot/vcpkg_installed/vcpkg/pkgs/boost-preprocessor_x64-windows/include/boost/preprocessor/variadic/size.hpp
-- Installing: D:/TelegramBot/vcpkg_installed/vcpkg/pkgs/boost-preprocessor_x64-windows/include/boost/preprocessor/variadic/to_array.hpp
-- Installing: D:/TelegramBot/vcpkg_installed/vcpkg/pkgs/boost-preprocessor_x64-windows/include/boost/preprocessor/variadic/to_list.hpp
-- Installing: D:/TelegramBot/vcpkg_installed/vcpkg/pkgs/boost-preprocessor_x64-windows/include/boost/preprocessor/variadic/to_seq.hpp
-- Installing: D:/TelegramBot/vcpkg_installed/vcpkg/pkgs/boost-preprocessor_x64-windows/include/boost/preprocessor/variadic/to_tuple.hpp
-- Installing: D:/TelegramBot/vcpkg_installed/vcpkg/pkgs/boost-preprocessor_x64-windows/include/boost/preprocessor/variadic.hpp
-- Installing: D:/TelegramBot/vcpkg_installed/vcpkg/pkgs/boost-preprocessor_x64-windows/include/boost/preprocessor/while.hpp
-- Installing: D:/TelegramBot/vcpkg_installed/vcpkg/pkgs/boost-preprocessor_x64-windows/include/boost/preprocessor/wstringize.hpp
-- Installing: D:/TelegramBot/vcpkg_installed/vcpkg/pkgs/boost-preprocessor_x64-windows/include/boost/preprocessor.hpp
-- Installing: D:/TelegramBot/vcpkg_installed/vcpkg/pkgs/boost-preprocessor_x64-windows/lib/cmake/boost_preprocessor-1.86.0/boost_preprocessor-targets.cmake
-- Installing: D:/TelegramBot/vcpkg_installed/vcpkg/pkgs/boost-preprocessor_x64-windows/lib/cmake/boost_preprocessor-1.86.0/boost_preprocessor-config.cmake
-- Installing: D:/TelegramBot/vcpkg_installed/vcpkg/pkgs/boost-preprocessor_x64-windows/lib/cmake/boost_preprocessor-1.86.0/boost_preprocessor-config-version.cmake

