Change Dir: 'D:/TelegramBot/vcpkg_installed/vcpkg/blds/boost-nowide/x64-windows-rel'

Run Build Command(s): "C:/Program Files/Microsoft Visual Studio/2022/Community/Common7/IDE/CommonExtensions/Microsoft/CMake/Ninja/ninja.exe" -v -v -j9 install
[1/8] C:\PROGRA~1\MICROS~1\2022\COMMUN~1\VC\Tools\MSVC\1444~1.352\bin\Hostx64\x64\cl.exe   /TP -DBOOST_NOWIDE_DYN_LINK -DBOOST_NOWIDE_NO_LIB -Dboost_nowide_EXPORTS -ID:\TelegramBot\vcpkg_installed\vcpkg\blds\boost-nowide\src\ost-1.86.0-469e7a3027.clean\libs\nowide\include -external:ID:\TelegramBot\vcpkg_installed\x64-windows\include -external:W0 /nologo /DWIN32 /D_WINDOWS /utf-8 /GR /EHsc /MP  /MD /O2 /Oi /Gy /DNDEBUG /Z7  -MD /W4 /WX /showIncludes /Folibs\nowide\CMakeFiles\boost_nowide.dir\src\cstdio.cpp.obj /Fdlibs\nowide\CMakeFiles\boost_nowide.dir\ /FS -c D:\TelegramBot\vcpkg_installed\vcpkg\blds\boost-nowide\src\ost-1.86.0-469e7a3027.clean\libs\nowide\src\cstdio.cpp
[2/8] C:\PROGRA~1\MICROS~1\2022\COMMUN~1\VC\Tools\MSVC\1444~1.352\bin\Hostx64\x64\cl.exe   /TP -DBOOST_NOWIDE_DYN_LINK -DBOOST_NOWIDE_NO_LIB -Dboost_nowide_EXPORTS -ID:\TelegramBot\vcpkg_installed\vcpkg\blds\boost-nowide\src\ost-1.86.0-469e7a3027.clean\libs\nowide\include -external:ID:\TelegramBot\vcpkg_installed\x64-windows\include -external:W0 /nologo /DWIN32 /D_WINDOWS /utf-8 /GR /EHsc /MP  /MD /O2 /Oi /Gy /DNDEBUG /Z7  -MD /W4 /WX /showIncludes /Folibs\nowide\CMakeFiles\boost_nowide.dir\src\stat.cpp.obj /Fdlibs\nowide\CMakeFiles\boost_nowide.dir\ /FS -c D:\TelegramBot\vcpkg_installed\vcpkg\blds\boost-nowide\src\ost-1.86.0-469e7a3027.clean\libs\nowide\src\stat.cpp
[3/8] C:\PROGRA~1\MICROS~1\2022\COMMUN~1\VC\Tools\MSVC\1444~1.352\bin\Hostx64\x64\cl.exe   /TP -DBOOST_NOWIDE_DYN_LINK -DBOOST_NOWIDE_NO_LIB -Dboost_nowide_EXPORTS -ID:\TelegramBot\vcpkg_installed\vcpkg\blds\boost-nowide\src\ost-1.86.0-469e7a3027.clean\libs\nowide\include -external:ID:\TelegramBot\vcpkg_installed\x64-windows\include -external:W0 /nologo /DWIN32 /D_WINDOWS /utf-8 /GR /EHsc /MP  /MD /O2 /Oi /Gy /DNDEBUG /Z7  -MD /W4 /WX /showIncludes /Folibs\nowide\CMakeFiles\boost_nowide.dir\src\console_buffer.cpp.obj /Fdlibs\nowide\CMakeFiles\boost_nowide.dir\ /FS -c D:\TelegramBot\vcpkg_installed\vcpkg\blds\boost-nowide\src\ost-1.86.0-469e7a3027.clean\libs\nowide\src\console_buffer.cpp
[4/8] C:\PROGRA~1\MICROS~1\2022\COMMUN~1\VC\Tools\MSVC\1444~1.352\bin\Hostx64\x64\cl.exe   /TP -DBOOST_NOWIDE_DYN_LINK -DBOOST_NOWIDE_NO_LIB -Dboost_nowide_EXPORTS -ID:\TelegramBot\vcpkg_installed\vcpkg\blds\boost-nowide\src\ost-1.86.0-469e7a3027.clean\libs\nowide\include -external:ID:\TelegramBot\vcpkg_installed\x64-windows\include -external:W0 /nologo /DWIN32 /D_WINDOWS /utf-8 /GR /EHsc /MP  /MD /O2 /Oi /Gy /DNDEBUG /Z7  -MD /W4 /WX /showIncludes /Folibs\nowide\CMakeFiles\boost_nowide.dir\src\filebuf.cpp.obj /Fdlibs\nowide\CMakeFiles\boost_nowide.dir\ /FS -c D:\TelegramBot\vcpkg_installed\vcpkg\blds\boost-nowide\src\ost-1.86.0-469e7a3027.clean\libs\nowide\src\filebuf.cpp
[5/8] C:\PROGRA~1\MICROS~1\2022\COMMUN~1\VC\Tools\MSVC\1444~1.352\bin\Hostx64\x64\cl.exe   /TP -DBOOST_NOWIDE_DYN_LINK -DBOOST_NOWIDE_NO_LIB -Dboost_nowide_EXPORTS -ID:\TelegramBot\vcpkg_installed\vcpkg\blds\boost-nowide\src\ost-1.86.0-469e7a3027.clean\libs\nowide\include -external:ID:\TelegramBot\vcpkg_installed\x64-windows\include -external:W0 /nologo /DWIN32 /D_WINDOWS /utf-8 /GR /EHsc /MP  /MD /O2 /Oi /Gy /DNDEBUG /Z7  -MD /W4 /WX /showIncludes /Folibs\nowide\CMakeFiles\boost_nowide.dir\src\cstdlib.cpp.obj /Fdlibs\nowide\CMakeFiles\boost_nowide.dir\ /FS -c D:\TelegramBot\vcpkg_installed\vcpkg\blds\boost-nowide\src\ost-1.86.0-469e7a3027.clean\libs\nowide\src\cstdlib.cpp
[6/8] C:\PROGRA~1\MICROS~1\2022\COMMUN~1\VC\Tools\MSVC\1444~1.352\bin\Hostx64\x64\cl.exe   /TP -DBOOST_NOWIDE_DYN_LINK -DBOOST_NOWIDE_NO_LIB -Dboost_nowide_EXPORTS -ID:\TelegramBot\vcpkg_installed\vcpkg\blds\boost-nowide\src\ost-1.86.0-469e7a3027.clean\libs\nowide\include -external:ID:\TelegramBot\vcpkg_installed\x64-windows\include -external:W0 /nologo /DWIN32 /D_WINDOWS /utf-8 /GR /EHsc /MP  /MD /O2 /Oi /Gy /DNDEBUG /Z7  -MD /W4 /WX /showIncludes /Folibs\nowide\CMakeFiles\boost_nowide.dir\src\iostream.cpp.obj /Fdlibs\nowide\CMakeFiles\boost_nowide.dir\ /FS -c D:\TelegramBot\vcpkg_installed\vcpkg\blds\boost-nowide\src\ost-1.86.0-469e7a3027.clean\libs\nowide\src\iostream.cpp
[7/8] C:\WINDOWS\system32\cmd.exe /C "cd . && D:\Software\cmake-4.2.1-windows-x86_64\bin\cmake.exe -E vs_link_dll --msvc-ver=1944 --intdir=libs\nowide\CMakeFiles\boost_nowide.dir --rc=C:\PROGRA~2\WI3CF2~1\10\bin\100261~1.0\x64\rc.exe --mt=C:\PROGRA~2\WI3CF2~1\10\bin\100261~1.0\x64\mt.exe --manifests  -- C:\PROGRA~1\MICROS~1\2022\COMMUN~1\VC\Tools\MSVC\1444~1.352\bin\Hostx64\x64\link.exe  libs\nowide\CMakeFiles\boost_nowide.dir\src\console_buffer.cpp.obj libs\nowide\CMakeFiles\boost_nowide.dir\src\cstdio.cpp.obj libs\nowide\CMakeFiles\boost_nowide.dir\src\cstdlib.cpp.obj libs\nowide\CMakeFiles\boost_nowide.dir\src\filebuf.cpp.obj libs\nowide\CMakeFiles\boost_nowide.dir\src\iostream.cpp.obj libs\nowide\CMakeFiles\boost_nowide.dir\src\stat.cpp.obj  /out:stage\bin\boost_nowide-vc143-mt-x64-1_86.dll /implib:stage\lib\boost_nowide-vc143-mt-x64-1_86.lib /pdb:stage\bin\boost_nowide-vc143-mt-x64-1_86.pdb /dll /version:1.86 /machine:x64 /nologo /DEBUG /INCREMENTAL:NO /OPT:REF /OPT:ICF  kernel32.lib user32.lib gdi32.lib winspool.lib shell32.lib ole32.lib oleaut32.lib uuid.lib comdlg32.lib advapi32.lib && cd ."
[7/8] C:\WINDOWS\system32\cmd.exe /C "cd /D D:\TelegramBot\vcpkg_installed\vcpkg\blds\boost-nowide\x64-windows-rel && D:\Software\cmake-4.2.1-windows-x86_64\bin\cmake.exe -P cmake_install.cmake"
-- Install configuration: "Release"
-- Installing: D:/TelegramBot/vcpkg_installed/vcpkg/pkgs/boost-nowide_x64-windows/include
-- Installing: D:/TelegramBot/vcpkg_installed/vcpkg/pkgs/boost-nowide_x64-windows/include/boost
-- Installing: D:/TelegramBot/vcpkg_installed/vcpkg/pkgs/boost-nowide_x64-windows/include/boost/nowide
-- Installing: D:/TelegramBot/vcpkg_installed/vcpkg/pkgs/boost-nowide_x64-windows/include/boost/nowide/args.hpp
-- Installing: D:/TelegramBot/vcpkg_installed/vcpkg/pkgs/boost-nowide_x64-windows/include/boost/nowide/config.hpp
-- Installing: D:/TelegramBot/vcpkg_installed/vcpkg/pkgs/boost-nowide_x64-windows/include/boost/nowide/convert.hpp
-- Installing: D:/TelegramBot/vcpkg_installed/vcpkg/pkgs/boost-nowide_x64-windows/include/boost/nowide/cstdio.hpp
-- Installing: D:/TelegramBot/vcpkg_installed/vcpkg/pkgs/boost-nowide_x64-windows/include/boost/nowide/cstdlib.hpp
-- Installing: D:/TelegramBot/vcpkg_installed/vcpkg/pkgs/boost-nowide_x64-windows/include/boost/nowide/detail
-- Installing: D:/TelegramBot/vcpkg_installed/vcpkg/pkgs/boost-nowide_x64-windows/include/boost/nowide/detail/convert.hpp
-- Installing: D:/TelegramBot/vcpkg_installed/vcpkg/pkgs/boost-nowide_x64-windows/include/boost/nowide/detail/is_path.hpp
-- Installing: D:/TelegramBot/vcpkg_installed/vcpkg/pkgs/boost-nowide_x64-windows/include/boost/nowide/detail/is_string_container.hpp
-- Installing: D:/TelegramBot/vcpkg_installed/vcpkg/pkgs/boost-nowide_x64-windows/include/boost/nowide/detail/utf.hpp
-- Installing: D:/TelegramBot/vcpkg_installed/vcpkg/pkgs/boost-nowide_x64-windows/include/boost/nowide/filebuf.hpp
-- Installing: D:/TelegramBot/vcpkg_installed/vcpkg/pkgs/boost-nowide_x64-windows/include/boost/nowide/filesystem.hpp
-- Installing: D:/TelegramBot/vcpkg_installed/vcpkg/pkgs/boost-nowide_x64-windows/include/boost/nowide/fstream.hpp
-- Installing: D:/TelegramBot/vcpkg_installed/vcpkg/pkgs/boost-nowide_x64-windows/include/boost/nowide/iostream.hpp
-- Installing: D:/TelegramBot/vcpkg_installed/vcpkg/pkgs/boost-nowide_x64-windows/include/boost/nowide/quoted.hpp
-- Installing: D:/TelegramBot/vcpkg_installed/vcpkg/pkgs/boost-nowide_x64-windows/include/boost/nowide/replacement.hpp
-- Installing: D:/TelegramBot/vcpkg_installed/vcpkg/pkgs/boost-nowide_x64-windows/include/boost/nowide/stackstring.hpp
-- Installing: D:/TelegramBot/vcpkg_installed/vcpkg/pkgs/boost-nowide_x64-windows/include/boost/nowide/stat.hpp
-- Installing: D:/TelegramBot/vcpkg_installed/vcpkg/pkgs/boost-nowide_x64-windows/include/boost/nowide/utf
-- Installing: D:/TelegramBot/vcpkg_installed/vcpkg/pkgs/boost-nowide_x64-windows/include/boost/nowide/utf/convert.hpp
-- Installing: D:/TelegramBot/vcpkg_installed/vcpkg/pkgs/boost-nowide_x64-windows/include/boost/nowide/utf/utf.hpp
-- Installing: D:/TelegramBot/vcpkg_installed/vcpkg/pkgs/boost-nowide_x64-windows/include/boost/nowide/utf8_codecvt.hpp
-- Installing: D:/TelegramBot/vcpkg_installed/vcpkg/pkgs/boost-nowide_x64-windows/include/boost/nowide/windows.hpp
-- Installing: D:/TelegramBot/vcpkg_installed/vcpkg/pkgs/boost-nowide_x64-windows/lib/boost_nowide-vc143-mt-x64-1_86.lib
-- Installing: D:/TelegramBot/vcpkg_installed/vcpkg/pkgs/boost-nowide_x64-windows/bin/boost_nowide-vc143-mt-x64-1_86.dll
-- Installing: D:/TelegramBot/vcpkg_installed/vcpkg/pkgs/boost-nowide_x64-windows/bin/boost_nowide-vc143-mt-x64-1_86.pdb
-- Installing: D:/TelegramBot/vcpkg_installed/vcpkg/pkgs/boost-nowide_x64-windows/lib/cmake/boost_nowide-1.86.0/boost_nowide-targets.cmake
-- Installing: D:/TelegramBot/vcpkg_installed/vcpkg/pkgs/boost-nowide_x64-windows/lib/cmake/boost_nowide-1.86.0/boost_nowide-targets-release.cmake
-- Installing: D:/TelegramBot/vcpkg_installed/vcpkg/pkgs/boost-nowide_x64-windows/lib/cmake/boost_nowide-1.86.0/boost_nowide-config.cmake
-- Installing: D:/TelegramBot/vcpkg_installed/vcpkg/pkgs/boost-nowide_x64-windows/lib/cmake/boost_nowide-1.86.0/boost_nowide-config-version.cmake

