Change Dir: 'D:/TelegramBot/vcpkg_installed/vcpkg/blds/boost-thread/x64-windows-rel'

Run Build Command(s): "C:/Program Files/Microsoft Visual Studio/2022/Community/Common7/IDE/CommonExtensions/Microsoft/CMake/Ninja/ninja.exe" -v -v -j9 install
[1/7] C:\PROGRA~1\MICROS~1\2022\COMMUN~1\VC\Tools\MSVC\1444~1.352\bin\Hostx64\x64\cl.exe   /TP -DBOOST_ATOMIC_DYN_LINK -DBOOST_ATOMIC_NO_LIB -DBOOST_CHRONO_DYN_LINK -DBOOST_CHRONO_NO_LIB -DBOOST_CONTAINER_DYN_LINK -DBOOST_CONTAINER_NO_LIB -DBOOST_DATE_TIME_DYN_LINK -DBOOST_DATE_TIME_NO_LIB -DBOOST_THREAD_BUILD_DLL -DBOOST_THREAD_DYN_LINK -DBOOST_THREAD_NO_LIB -DBOOST_THREAD_SOURCE -Dboost_thread_EXPORTS -ID:\TelegramBot\vcpkg_installed\vcpkg\blds\boost-thread\src\ost-1.86.0-dce05bddbf.clean\libs\thread\include -external:ID:\TelegramBot\vcpkg_installed\x64-windows\include -external:W0 /nologo /DWIN32 /D_WINDOWS /utf-8 /GR /EHsc /MP  /MD /O2 /Oi /Gy /DNDEBUG /Z7  -MD /showIncludes /Folibs\thread\CMakeFiles\boost_thread.dir\src\win32\tss_pe.cpp.obj /Fdlibs\thread\CMakeFiles\boost_thread.dir\ /FS -c D:\TelegramBot\vcpkg_installed\vcpkg\blds\boost-thread\src\ost-1.86.0-dce05bddbf.clean\libs\thread\src\win32\tss_pe.cpp
[2/7] C:\PROGRA~1\MICROS~1\2022\COMMUN~1\VC\Tools\MSVC\1444~1.352\bin\Hostx64\x64\cl.exe   /TP -DBOOST_ATOMIC_DYN_LINK -DBOOST_ATOMIC_NO_LIB -DBOOST_CHRONO_DYN_LINK -DBOOST_CHRONO_NO_LIB -DBOOST_CONTAINER_DYN_LINK -DBOOST_CONTAINER_NO_LIB -DBOOST_DATE_TIME_DYN_LINK -DBOOST_DATE_TIME_NO_LIB -DBOOST_THREAD_BUILD_DLL -DBOOST_THREAD_DYN_LINK -DBOOST_THREAD_NO_LIB -DBOOST_THREAD_SOURCE -Dboost_thread_EXPORTS -ID:\TelegramBot\vcpkg_installed\vcpkg\blds\boost-thread\src\ost-1.86.0-dce05bddbf.clean\libs\thread\include -external:ID:\TelegramBot\vcpkg_installed\x64-windows\include -external:W0 /nologo /DWIN32 /D_WINDOWS /utf-8 /GR /EHsc /MP  /MD /O2 /Oi /Gy /DNDEBUG /Z7  -MD /showIncludes /Folibs\thread\CMakeFiles\boost_thread.dir\src\win32\tss_dll.cpp.obj /Fdlibs\thread\CMakeFiles\boost_thread.dir\ /FS -c D:\TelegramBot\vcpkg_installed\vcpkg\blds\boost-thread\src\ost-1.86.0-dce05bddbf.clean\libs\thread\src\win32\tss_dll.cpp
[3/7] C:\PROGRA~1\MICROS~1\2022\COMMUN~1\VC\Tools\MSVC\1444~1.352\bin\Hostx64\x64\cl.exe   /TP -DBOOST_ATOMIC_DYN_LINK -DBOOST_ATOMIC_NO_LIB -DBOOST_CHRONO_DYN_LINK -DBOOST_CHRONO_NO_LIB -DBOOST_CONTAINER_DYN_LINK -DBOOST_CONTAINER_NO_LIB -DBOOST_DATE_TIME_DYN_LINK -DBOOST_DATE_TIME_NO_LIB -DBOOST_THREAD_BUILD_DLL -DBOOST_THREAD_DYN_LINK -DBOOST_THREAD_NO_LIB -DBOOST_THREAD_SOURCE -Dboost_thread_EXPORTS -ID:\TelegramBot\vcpkg_installed\vcpkg\blds\boost-thread\src\ost-1.86.0-dce05bddbf.clean\libs\thread\include -external:ID:\TelegramBot\vcpkg_installed\x64-windows\include -external:W0 /nologo /DWIN32 /D_WINDOWS /utf-8 /GR /EHsc /MP  /MD /O2 /Oi /Gy /DNDEBUG /Z7  -MD /showIncludes /Folibs\thread\CMakeFiles\boost_thread.dir\src\future.cpp.obj /Fdlibs\thread\CMakeFiles\boost_thread.dir\ /FS -c D:\TelegramBot\vcpkg_installed\vcpkg\blds\boost-thread\src\ost-1.86.0-dce05bddbf.clean\libs\thread\src\future.cpp
[4/7] C:\PROGRA~1\MICROS~1\2022\COMMUN~1\VC\Tools\MSVC\1444~1.352\bin\Hostx64\x64\cl.exe   /TP -DBOOST_ATOMIC_DYN_LINK -DBOOST_ATOMIC_NO_LIB -DBOOST_CHRONO_DYN_LINK -DBOOST_CHRONO_NO_LIB -DBOOST_CONTAINER_DYN_LINK -DBOOST_CONTAINER_NO_LIB -DBOOST_DATE_TIME_DYN_LINK -DBOOST_DATE_TIME_NO_LIB -DBOOST_THREAD_BUILD_DLL -DBOOST_THREAD_DYN_LINK -DBOOST_THREAD_NO_LIB -DBOOST_THREAD_SOURCE -Dboost_thread_EXPORTS -ID:\TelegramBot\vcpkg_installed\vcpkg\blds\boost-thread\src\ost-1.86.0-dce05bddbf.clean\libs\thread\include -external:ID:\TelegramBot\vcpkg_installed\x64-windows\include -external:W0 /nologo /DWIN32 /D_WINDOWS /utf-8 /GR /EHsc /MP  /MD /O2 /Oi /Gy /DNDEBUG /Z7  -MD /showIncludes /Folibs\thread\CMakeFiles\boost_thread.dir\src\win32\thread_primitives.cpp.obj /Fdlibs\thread\CMakeFiles\boost_thread.dir\ /FS -c D:\TelegramBot\vcpkg_installed\vcpkg\blds\boost-thread\src\ost-1.86.0-dce05bddbf.clean\libs\thread\src\win32\thread_primitives.cpp
[5/7] C:\PROGRA~1\MICROS~1\2022\COMMUN~1\VC\Tools\MSVC\1444~1.352\bin\Hostx64\x64\cl.exe   /TP -DBOOST_ATOMIC_DYN_LINK -DBOOST_ATOMIC_NO_LIB -DBOOST_CHRONO_DYN_LINK -DBOOST_CHRONO_NO_LIB -DBOOST_CONTAINER_DYN_LINK -DBOOST_CONTAINER_NO_LIB -DBOOST_DATE_TIME_DYN_LINK -DBOOST_DATE_TIME_NO_LIB -DBOOST_THREAD_BUILD_DLL -DBOOST_THREAD_DYN_LINK -DBOOST_THREAD_NO_LIB -DBOOST_THREAD_SOURCE -Dboost_thread_EXPORTS -ID:\TelegramBot\vcpkg_installed\vcpkg\blds\boost-thread\src\ost-1.86.0-dce05bddbf.clean\libs\thread\include -external:ID:\TelegramBot\vcpkg_installed\x64-windows\include -external:W0 /nologo /DWIN32 /D_WINDOWS /utf-8 /GR /EHsc /MP  /MD /O2 /Oi /Gy /DNDEBUG /Z7  -MD /showIncludes /Folibs\thread\CMakeFiles\boost_thread.dir\src\win32\thread.cpp.obj /Fdlibs\thread\CMakeFiles\boost_thread.dir\ /FS -c D:\TelegramBot\vcpkg_installed\vcpkg\blds\boost-thread\src\ost-1.86.0-dce05bddbf.clean\libs\thread\src\win32\thread.cpp
[6/7] C:\WINDOWS\system32\cmd.exe /C "cd . && D:\Software\cmake-4.2.1-windows-x86_64\bin\cmake.exe -E vs_link_dll --msvc-ver=1944 --intdir=libs\thread\CMakeFiles\boost_thread.dir --rc=C:\PROGRA~2\WI3CF2~1\10\bin\100261~1.0\x64\rc.exe --mt=C:\PROGRA~2\WI3CF2~1\10\bin\100261~1.0\x64\mt.exe --manifests  -- C:\PROGRA~1\MICROS~1\2022\COMMUN~1\VC\Tools\MSVC\1444~1.352\bin\Hostx64\x64\link.exe  libs\thread\CMakeFiles\boost_thread.dir\src\win32\thread.cpp.obj libs\thread\CMakeFiles\boost_thread.dir\src\win32\tss_dll.cpp.obj libs\thread\CMakeFiles\boost_thread.dir\src\win32\tss_pe.cpp.obj libs\thread\CMakeFiles\boost_thread.dir\src\win32\thread_primitives.cpp.obj libs\thread\CMakeFiles\boost_thread.dir\src\future.cpp.obj  /out:stage\bin\boost_thread-vc143-mt-x64-1_86.dll /implib:stage\lib\boost_thread-vc143-mt-x64-1_86.lib /pdb:stage\bin\boost_thread-vc143-mt-x64-1_86.pdb /dll /version:1.86 /machine:x64 /nologo /DEBUG /INCREMENTAL:NO /OPT:REF /OPT:ICF  D:\TelegramBot\vcpkg_installed\x64-windows\lib\boost_atomic-vc143-mt-x64-1_86.lib  D:\TelegramBot\vcpkg_installed\x64-windows\lib\boost_chrono-vc143-mt-x64-1_86.lib  D:\TelegramBot\vcpkg_installed\x64-windows\lib\boost_date_time-vc143-mt-x64-1_86.lib  D:\TelegramBot\vcpkg_installed\x64-windows\lib\boost_system-vc143-mt-x64-1_86.lib  synchronization.lib  D:\TelegramBot\vcpkg_installed\x64-windows\lib\boost_container-vc143-mt-x64-1_86.lib  D:\TelegramBot\vcpkg_installed\x64-windows\lib\boost_regex-vc143-mt-x64-1_86.lib  kernel32.lib user32.lib gdi32.lib winspool.lib shell32.lib ole32.lib oleaut32.lib uuid.lib comdlg32.lib advapi32.lib && cd ."
[6/7] C:\WINDOWS\system32\cmd.exe /C "cd /D D:\TelegramBot\vcpkg_installed\vcpkg\blds\boost-thread\x64-windows-rel && D:\Software\cmake-4.2.1-windows-x86_64\bin\cmake.exe -P cmake_install.cmake"
-- Install configuration: "Release"
-- Installing: D:/TelegramBot/vcpkg_installed/vcpkg/pkgs/boost-thread_x64-windows/include
-- Installing: D:/TelegramBot/vcpkg_installed/vcpkg/pkgs/boost-thread_x64-windows/include/boost
-- Installing: D:/TelegramBot/vcpkg_installed/vcpkg/pkgs/boost-thread_x64-windows/include/boost/thread
-- Installing: D:/TelegramBot/vcpkg_installed/vcpkg/pkgs/boost-thread_x64-windows/include/boost/thread/barrier.hpp
-- Installing: D:/TelegramBot/vcpkg_installed/vcpkg/pkgs/boost-thread_x64-windows/include/boost/thread/caller_context.hpp
-- Installing: D:/TelegramBot/vcpkg_installed/vcpkg/pkgs/boost-thread_x64-windows/include/boost/thread/completion_latch.hpp
-- Installing: D:/TelegramBot/vcpkg_installed/vcpkg/pkgs/boost-thread_x64-windows/include/boost/thread/concurrent_queues
-- Installing: D:/TelegramBot/vcpkg_installed/vcpkg/pkgs/boost-thread_x64-windows/include/boost/thread/concurrent_queues/deque_adaptor.hpp
-- Installing: D:/TelegramBot/vcpkg_installed/vcpkg/pkgs/boost-thread_x64-windows/include/boost/thread/concurrent_queues/deque_base.hpp
-- Installing: D:/TelegramBot/vcpkg_installed/vcpkg/pkgs/boost-thread_x64-windows/include/boost/thread/concurrent_queues/deque_views.hpp
-- Installing: D:/TelegramBot/vcpkg_installed/vcpkg/pkgs/boost-thread_x64-windows/include/boost/thread/concurrent_queues/detail
-- Installing: D:/TelegramBot/vcpkg_installed/vcpkg/pkgs/boost-thread_x64-windows/include/boost/thread/concurrent_queues/detail/sync_deque_base.hpp
-- Installing: D:/TelegramBot/vcpkg_installed/vcpkg/pkgs/boost-thread_x64-windows/include/boost/thread/concurrent_queues/detail/sync_queue_base.hpp
-- Installing: D:/TelegramBot/vcpkg_installed/vcpkg/pkgs/boost-thread_x64-windows/include/boost/thread/concurrent_queues/queue_adaptor.hpp
-- Installing: D:/TelegramBot/vcpkg_installed/vcpkg/pkgs/boost-thread_x64-windows/include/boost/thread/concurrent_queues/queue_base.hpp
-- Installing: D:/TelegramBot/vcpkg_installed/vcpkg/pkgs/boost-thread_x64-windows/include/boost/thread/concurrent_queues/queue_op_status.hpp
-- Installing: D:/TelegramBot/vcpkg_installed/vcpkg/pkgs/boost-thread_x64-windows/include/boost/thread/concurrent_queues/queue_views.hpp
-- Installing: D:/TelegramBot/vcpkg_installed/vcpkg/pkgs/boost-thread_x64-windows/include/boost/thread/concurrent_queues/sync_bounded_queue.hpp
-- Installing: D:/TelegramBot/vcpkg_installed/vcpkg/pkgs/boost-thread_x64-windows/include/boost/thread/concurrent_queues/sync_deque.hpp
-- Installing: D:/TelegramBot/vcpkg_installed/vcpkg/pkgs/boost-thread_x64-windows/include/boost/thread/concurrent_queues/sync_priority_queue.hpp
-- Installing: D:/TelegramBot/vcpkg_installed/vcpkg/pkgs/boost-thread_x64-windows/include/boost/thread/concurrent_queues/sync_queue.hpp
-- Installing: D:/TelegramBot/vcpkg_installed/vcpkg/pkgs/boost-thread_x64-windows/include/boost/thread/concurrent_queues/sync_timed_queue.hpp
-- Installing: D:/TelegramBot/vcpkg_installed/vcpkg/pkgs/boost-thread_x64-windows/include/boost/thread/condition.hpp
-- Installing: D:/TelegramBot/vcpkg_installed/vcpkg/pkgs/boost-thread_x64-windows/include/boost/thread/condition_variable.hpp
-- Installing: D:/TelegramBot/vcpkg_installed/vcpkg/pkgs/boost-thread_x64-windows/include/boost/thread/csbl
-- Installing: D:/TelegramBot/vcpkg_installed/vcpkg/pkgs/boost-thread_x64-windows/include/boost/thread/csbl/deque.hpp
-- Installing: D:/TelegramBot/vcpkg_installed/vcpkg/pkgs/boost-thread_x64-windows/include/boost/thread/csbl/devector.hpp
-- Installing: D:/TelegramBot/vcpkg_installed/vcpkg/pkgs/boost-thread_x64-windows/include/boost/thread/csbl/functional.hpp
-- Installing: D:/TelegramBot/vcpkg_installed/vcpkg/pkgs/boost-thread_x64-windows/include/boost/thread/csbl/list.hpp
-- Installing: D:/TelegramBot/vcpkg_installed/vcpkg/pkgs/boost-thread_x64-windows/include/boost/thread/csbl/memory
-- Installing: D:/TelegramBot/vcpkg_installed/vcpkg/pkgs/boost-thread_x64-windows/include/boost/thread/csbl/memory/allocator_arg.hpp
-- Installing: D:/TelegramBot/vcpkg_installed/vcpkg/pkgs/boost-thread_x64-windows/include/boost/thread/csbl/memory/allocator_traits.hpp
-- Installing: D:/TelegramBot/vcpkg_installed/vcpkg/pkgs/boost-thread_x64-windows/include/boost/thread/csbl/memory/config.hpp
-- Installing: D:/TelegramBot/vcpkg_installed/vcpkg/pkgs/boost-thread_x64-windows/include/boost/thread/csbl/memory/default_delete.hpp
-- Installing: D:/TelegramBot/vcpkg_installed/vcpkg/pkgs/boost-thread_x64-windows/include/boost/thread/csbl/memory/pointer_traits.hpp
-- Installing: D:/TelegramBot/vcpkg_installed/vcpkg/pkgs/boost-thread_x64-windows/include/boost/thread/csbl/memory/scoped_allocator.hpp
-- Installing: D:/TelegramBot/vcpkg_installed/vcpkg/pkgs/boost-thread_x64-windows/include/boost/thread/csbl/memory/shared_ptr.hpp
-- Installing: D:/TelegramBot/vcpkg_installed/vcpkg/pkgs/boost-thread_x64-windows/include/boost/thread/csbl/memory/unique_ptr.hpp
-- Installing: D:/TelegramBot/vcpkg_installed/vcpkg/pkgs/boost-thread_x64-windows/include/boost/thread/csbl/memory.hpp
-- Installing: D:/TelegramBot/vcpkg_installed/vcpkg/pkgs/boost-thread_x64-windows/include/boost/thread/csbl/queue.hpp
-- Installing: D:/TelegramBot/vcpkg_installed/vcpkg/pkgs/boost-thread_x64-windows/include/boost/thread/csbl/tuple.hpp
-- Installing: D:/TelegramBot/vcpkg_installed/vcpkg/pkgs/boost-thread_x64-windows/include/boost/thread/csbl/vector.hpp
-- Installing: D:/TelegramBot/vcpkg_installed/vcpkg/pkgs/boost-thread_x64-windows/include/boost/thread/cv_status.hpp
-- Installing: D:/TelegramBot/vcpkg_installed/vcpkg/pkgs/boost-thread_x64-windows/include/boost/thread/detail
-- Installing: D:/TelegramBot/vcpkg_installed/vcpkg/pkgs/boost-thread_x64-windows/include/boost/thread/detail/atomic_redef_macros.hpp
-- Installing: D:/TelegramBot/vcpkg_installed/vcpkg/pkgs/boost-thread_x64-windows/include/boost/thread/detail/atomic_undef_macros.hpp
-- Installing: D:/TelegramBot/vcpkg_installed/vcpkg/pkgs/boost-thread_x64-windows/include/boost/thread/detail/config.hpp
-- Installing: D:/TelegramBot/vcpkg_installed/vcpkg/pkgs/boost-thread_x64-windows/include/boost/thread/detail/counter.hpp
-- Installing: D:/TelegramBot/vcpkg_installed/vcpkg/pkgs/boost-thread_x64-windows/include/boost/thread/detail/delete.hpp
-- Installing: D:/TelegramBot/vcpkg_installed/vcpkg/pkgs/boost-thread_x64-windows/include/boost/thread/detail/force_cast.hpp
-- Installing: D:/TelegramBot/vcpkg_installed/vcpkg/pkgs/boost-thread_x64-windows/include/boost/thread/detail/function_wrapper.hpp
-- Installing: D:/TelegramBot/vcpkg_installed/vcpkg/pkgs/boost-thread_x64-windows/include/boost/thread/detail/invoke.hpp
-- Installing: D:/TelegramBot/vcpkg_installed/vcpkg/pkgs/boost-thread_x64-windows/include/boost/thread/detail/invoker.hpp
-- Installing: D:/TelegramBot/vcpkg_installed/vcpkg/pkgs/boost-thread_x64-windows/include/boost/thread/detail/is_convertible.hpp
-- Installing: D:/TelegramBot/vcpkg_installed/vcpkg/pkgs/boost-thread_x64-windows/include/boost/thread/detail/lockable_wrapper.hpp
-- Installing: D:/TelegramBot/vcpkg_installed/vcpkg/pkgs/boost-thread_x64-windows/include/boost/thread/detail/log.hpp
-- Installing: D:/TelegramBot/vcpkg_installed/vcpkg/pkgs/boost-thread_x64-windows/include/boost/thread/detail/make_tuple_indices.hpp
-- Installing: D:/TelegramBot/vcpkg_installed/vcpkg/pkgs/boost-thread_x64-windows/include/boost/thread/detail/memory.hpp
-- Installing: D:/TelegramBot/vcpkg_installed/vcpkg/pkgs/boost-thread_x64-windows/include/boost/thread/detail/move.hpp
-- Installing: D:/TelegramBot/vcpkg_installed/vcpkg/pkgs/boost-thread_x64-windows/include/boost/thread/detail/nullary_function.hpp
-- Installing: D:/TelegramBot/vcpkg_installed/vcpkg/pkgs/boost-thread_x64-windows/include/boost/thread/detail/platform.hpp
-- Installing: D:/TelegramBot/vcpkg_installed/vcpkg/pkgs/boost-thread_x64-windows/include/boost/thread/detail/platform_time.hpp
-- Installing: D:/TelegramBot/vcpkg_installed/vcpkg/pkgs/boost-thread_x64-windows/include/boost/thread/detail/singleton.hpp
-- Installing: D:/TelegramBot/vcpkg_installed/vcpkg/pkgs/boost-thread_x64-windows/include/boost/thread/detail/string_to_unsigned.hpp
-- Installing: D:/TelegramBot/vcpkg_installed/vcpkg/pkgs/boost-thread_x64-windows/include/boost/thread/detail/string_trim.hpp
-- Installing: D:/TelegramBot/vcpkg_installed/vcpkg/pkgs/boost-thread_x64-windows/include/boost/thread/detail/thread.hpp
-- Installing: D:/TelegramBot/vcpkg_installed/vcpkg/pkgs/boost-thread_x64-windows/include/boost/thread/detail/thread_group.hpp
-- Installing: D:/TelegramBot/vcpkg_installed/vcpkg/pkgs/boost-thread_x64-windows/include/boost/thread/detail/thread_heap_alloc.hpp
-- Installing: D:/TelegramBot/vcpkg_installed/vcpkg/pkgs/boost-thread_x64-windows/include/boost/thread/detail/thread_interruption.hpp
-- Installing: D:/TelegramBot/vcpkg_installed/vcpkg/pkgs/boost-thread_x64-windows/include/boost/thread/detail/thread_safety.hpp
-- Installing: D:/TelegramBot/vcpkg_installed/vcpkg/pkgs/boost-thread_x64-windows/include/boost/thread/detail/tss_hooks.hpp
-- Installing: D:/TelegramBot/vcpkg_installed/vcpkg/pkgs/boost-thread_x64-windows/include/boost/thread/detail/variadic_footer.hpp
-- Installing: D:/TelegramBot/vcpkg_installed/vcpkg/pkgs/boost-thread_x64-windows/include/boost/thread/detail/variadic_header.hpp
-- Installing: D:/TelegramBot/vcpkg_installed/vcpkg/pkgs/boost-thread_x64-windows/include/boost/thread/exceptional_ptr.hpp
-- Installing: D:/TelegramBot/vcpkg_installed/vcpkg/pkgs/boost-thread_x64-windows/include/boost/thread/exceptions.hpp
-- Installing: D:/TelegramBot/vcpkg_installed/vcpkg/pkgs/boost-thread_x64-windows/include/boost/thread/executor.hpp
-- Installing: D:/TelegramBot/vcpkg_installed/vcpkg/pkgs/boost-thread_x64-windows/include/boost/thread/executors
-- Installing: D:/TelegramBot/vcpkg_installed/vcpkg/pkgs/boost-thread_x64-windows/include/boost/thread/executors/basic_thread_pool.hpp
-- Installing: D:/TelegramBot/vcpkg_installed/vcpkg/pkgs/boost-thread_x64-windows/include/boost/thread/executors/detail
-- Installing: D:/TelegramBot/vcpkg_installed/vcpkg/pkgs/boost-thread_x64-windows/include/boost/thread/executors/detail/priority_executor_base.hpp
-- Installing: D:/TelegramBot/vcpkg_installed/vcpkg/pkgs/boost-thread_x64-windows/include/boost/thread/executors/detail/scheduled_executor_base.hpp
-- Installing: D:/TelegramBot/vcpkg_installed/vcpkg/pkgs/boost-thread_x64-windows/include/boost/thread/executors/executor.hpp
-- Installing: D:/TelegramBot/vcpkg_installed/vcpkg/pkgs/boost-thread_x64-windows/include/boost/thread/executors/executor_adaptor.hpp
-- Installing: D:/TelegramBot/vcpkg_installed/vcpkg/pkgs/boost-thread_x64-windows/include/boost/thread/executors/generic_executor_ref.hpp
-- Installing: D:/TelegramBot/vcpkg_installed/vcpkg/pkgs/boost-thread_x64-windows/include/boost/thread/executors/inline_executor.hpp
-- Installing: D:/TelegramBot/vcpkg_installed/vcpkg/pkgs/boost-thread_x64-windows/include/boost/thread/executors/loop_executor.hpp
-- Installing: D:/TelegramBot/vcpkg_installed/vcpkg/pkgs/boost-thread_x64-windows/include/boost/thread/executors/scheduled_thread_pool.hpp
-- Installing: D:/TelegramBot/vcpkg_installed/vcpkg/pkgs/boost-thread_x64-windows/include/boost/thread/executors/scheduler.hpp
-- Installing: D:/TelegramBot/vcpkg_installed/vcpkg/pkgs/boost-thread_x64-windows/include/boost/thread/executors/scheduling_adaptor.hpp
-- Installing: D:/TelegramBot/vcpkg_installed/vcpkg/pkgs/boost-thread_x64-windows/include/boost/thread/executors/serial_executor.hpp
-- Installing: D:/TelegramBot/vcpkg_installed/vcpkg/pkgs/boost-thread_x64-windows/include/boost/thread/executors/serial_executor_cont.hpp
-- Installing: D:/TelegramBot/vcpkg_installed/vcpkg/pkgs/boost-thread_x64-windows/include/boost/thread/executors/thread_executor.hpp
-- Installing: D:/TelegramBot/vcpkg_installed/vcpkg/pkgs/boost-thread_x64-windows/include/boost/thread/executors/work.hpp
-- Installing: D:/TelegramBot/vcpkg_installed/vcpkg/pkgs/boost-thread_x64-windows/include/boost/thread/experimental
-- Installing: D:/TelegramBot/vcpkg_installed/vcpkg/pkgs/boost-thread_x64-windows/include/boost/thread/experimental/config
-- Installing: D:/TelegramBot/vcpkg_installed/vcpkg/pkgs/boost-thread_x64-windows/include/boost/thread/experimental/config/inline_namespace.hpp
-- Installing: D:/TelegramBot/vcpkg_installed/vcpkg/pkgs/boost-thread_x64-windows/include/boost/thread/experimental/exception_list.hpp
-- Installing: D:/TelegramBot/vcpkg_installed/vcpkg/pkgs/boost-thread_x64-windows/include/boost/thread/experimental/parallel
-- Installing: D:/TelegramBot/vcpkg_installed/vcpkg/pkgs/boost-thread_x64-windows/include/boost/thread/experimental/parallel/v1
-- Installing: D:/TelegramBot/vcpkg_installed/vcpkg/pkgs/boost-thread_x64-windows/include/boost/thread/experimental/parallel/v1/exception_list.hpp
-- Installing: D:/TelegramBot/vcpkg_installed/vcpkg/pkgs/boost-thread_x64-windows/include/boost/thread/experimental/parallel/v1/inline_namespace.hpp
-- Installing: D:/TelegramBot/vcpkg_installed/vcpkg/pkgs/boost-thread_x64-windows/include/boost/thread/experimental/parallel/v2
-- Installing: D:/TelegramBot/vcpkg_installed/vcpkg/pkgs/boost-thread_x64-windows/include/boost/thread/experimental/parallel/v2/inline_namespace.hpp
-- Installing: D:/TelegramBot/vcpkg_installed/vcpkg/pkgs/boost-thread_x64-windows/include/boost/thread/experimental/parallel/v2/task_region.hpp
-- Installing: D:/TelegramBot/vcpkg_installed/vcpkg/pkgs/boost-thread_x64-windows/include/boost/thread/experimental/task_region.hpp
-- Installing: D:/TelegramBot/vcpkg_installed/vcpkg/pkgs/boost-thread_x64-windows/include/boost/thread/externally_locked.hpp
-- Installing: D:/TelegramBot/vcpkg_installed/vcpkg/pkgs/boost-thread_x64-windows/include/boost/thread/externally_locked_stream.hpp
-- Installing: D:/TelegramBot/vcpkg_installed/vcpkg/pkgs/boost-thread_x64-windows/include/boost/thread/future.hpp
-- Installing: D:/TelegramBot/vcpkg_installed/vcpkg/pkgs/boost-thread_x64-windows/include/boost/thread/futures
-- Installing: D:/TelegramBot/vcpkg_installed/vcpkg/pkgs/boost-thread_x64-windows/include/boost/thread/futures/future_error.hpp
-- Installing: D:/TelegramBot/vcpkg_installed/vcpkg/pkgs/boost-thread_x64-windows/include/boost/thread/futures/future_error_code.hpp
-- Installing: D:/TelegramBot/vcpkg_installed/vcpkg/pkgs/boost-thread_x64-windows/include/boost/thread/futures/future_status.hpp
-- Installing: D:/TelegramBot/vcpkg_installed/vcpkg/pkgs/boost-thread_x64-windows/include/boost/thread/futures/is_future_type.hpp
-- Installing: D:/TelegramBot/vcpkg_installed/vcpkg/pkgs/boost-thread_x64-windows/include/boost/thread/futures/launch.hpp
-- Installing: D:/TelegramBot/vcpkg_installed/vcpkg/pkgs/boost-thread_x64-windows/include/boost/thread/futures/wait_for_all.hpp
-- Installing: D:/TelegramBot/vcpkg_installed/vcpkg/pkgs/boost-thread_x64-windows/include/boost/thread/futures/wait_for_any.hpp
-- Installing: D:/TelegramBot/vcpkg_installed/vcpkg/pkgs/boost-thread_x64-windows/include/boost/thread/interruption.hpp
-- Installing: D:/TelegramBot/vcpkg_installed/vcpkg/pkgs/boost-thread_x64-windows/include/boost/thread/is_locked_by_this_thread.hpp
-- Installing: D:/TelegramBot/vcpkg_installed/vcpkg/pkgs/boost-thread_x64-windows/include/boost/thread/latch.hpp
-- Installing: D:/TelegramBot/vcpkg_installed/vcpkg/pkgs/boost-thread_x64-windows/include/boost/thread/lockable_adapter.hpp
-- Installing: D:/TelegramBot/vcpkg_installed/vcpkg/pkgs/boost-thread_x64-windows/include/boost/thread/lockable_concepts.hpp
-- Installing: D:/TelegramBot/vcpkg_installed/vcpkg/pkgs/boost-thread_x64-windows/include/boost/thread/lockable_traits.hpp
-- Installing: D:/TelegramBot/vcpkg_installed/vcpkg/pkgs/boost-thread_x64-windows/include/boost/thread/locks.hpp
-- Installing: D:/TelegramBot/vcpkg_installed/vcpkg/pkgs/boost-thread_x64-windows/include/boost/thread/lock_algorithms.hpp
-- Installing: D:/TelegramBot/vcpkg_installed/vcpkg/pkgs/boost-thread_x64-windows/include/boost/thread/lock_concepts.hpp
-- Installing: D:/TelegramBot/vcpkg_installed/vcpkg/pkgs/boost-thread_x64-windows/include/boost/thread/lock_factories.hpp
-- Installing: D:/TelegramBot/vcpkg_installed/vcpkg/pkgs/boost-thread_x64-windows/include/boost/thread/lock_guard.hpp
-- Installing: D:/TelegramBot/vcpkg_installed/vcpkg/pkgs/boost-thread_x64-windows/include/boost/thread/lock_options.hpp
-- Installing: D:/TelegramBot/vcpkg_installed/vcpkg/pkgs/boost-thread_x64-windows/include/boost/thread/lock_traits.hpp
-- Installing: D:/TelegramBot/vcpkg_installed/vcpkg/pkgs/boost-thread_x64-windows/include/boost/thread/lock_types.hpp
-- Installing: D:/TelegramBot/vcpkg_installed/vcpkg/pkgs/boost-thread_x64-windows/include/boost/thread/mutex.hpp
-- Installing: D:/TelegramBot/vcpkg_installed/vcpkg/pkgs/boost-thread_x64-windows/include/boost/thread/null_mutex.hpp
-- Installing: D:/TelegramBot/vcpkg_installed/vcpkg/pkgs/boost-thread_x64-windows/include/boost/thread/once.hpp
-- Installing: D:/TelegramBot/vcpkg_installed/vcpkg/pkgs/boost-thread_x64-windows/include/boost/thread/ostream_buffer.hpp
-- Installing: D:/TelegramBot/vcpkg_installed/vcpkg/pkgs/boost-thread_x64-windows/include/boost/thread/poly_lockable.hpp
-- Installing: D:/TelegramBot/vcpkg_installed/vcpkg/pkgs/boost-thread_x64-windows/include/boost/thread/poly_lockable_adapter.hpp
-- Installing: D:/TelegramBot/vcpkg_installed/vcpkg/pkgs/boost-thread_x64-windows/include/boost/thread/poly_shared_lockable.hpp
-- Installing: D:/TelegramBot/vcpkg_installed/vcpkg/pkgs/boost-thread_x64-windows/include/boost/thread/poly_shared_lockable_adapter.hpp
-- Installing: D:/TelegramBot/vcpkg_installed/vcpkg/pkgs/boost-thread_x64-windows/include/boost/thread/pthread
-- Installing: D:/TelegramBot/vcpkg_installed/vcpkg/pkgs/boost-thread_x64-windows/include/boost/thread/pthread/condition_variable.hpp
-- Installing: D:/TelegramBot/vcpkg_installed/vcpkg/pkgs/boost-thread_x64-windows/include/boost/thread/pthread/condition_variable_fwd.hpp
-- Installing: D:/TelegramBot/vcpkg_installed/vcpkg/pkgs/boost-thread_x64-windows/include/boost/thread/pthread/mutex.hpp
-- Installing: D:/TelegramBot/vcpkg_installed/vcpkg/pkgs/boost-thread_x64-windows/include/boost/thread/pthread/once.hpp
-- Installing: D:/TelegramBot/vcpkg_installed/vcpkg/pkgs/boost-thread_x64-windows/include/boost/thread/pthread/once_atomic.hpp
-- Installing: D:/TelegramBot/vcpkg_installed/vcpkg/pkgs/boost-thread_x64-windows/include/boost/thread/pthread/pthread_helpers.hpp
-- Installing: D:/TelegramBot/vcpkg_installed/vcpkg/pkgs/boost-thread_x64-windows/include/boost/thread/pthread/pthread_mutex_scoped_lock.hpp
-- Installing: D:/TelegramBot/vcpkg_installed/vcpkg/pkgs/boost-thread_x64-windows/include/boost/thread/pthread/recursive_mutex.hpp
-- Installing: D:/TelegramBot/vcpkg_installed/vcpkg/pkgs/boost-thread_x64-windows/include/boost/thread/pthread/shared_mutex.hpp
-- Installing: D:/TelegramBot/vcpkg_installed/vcpkg/pkgs/boost-thread_x64-windows/include/boost/thread/pthread/thread_data.hpp
-- Installing: D:/TelegramBot/vcpkg_installed/vcpkg/pkgs/boost-thread_x64-windows/include/boost/thread/pthread/thread_heap_alloc.hpp
-- Installing: D:/TelegramBot/vcpkg_installed/vcpkg/pkgs/boost-thread_x64-windows/include/boost/thread/recursive_mutex.hpp
-- Installing: D:/TelegramBot/vcpkg_installed/vcpkg/pkgs/boost-thread_x64-windows/include/boost/thread/reverse_lock.hpp
-- Installing: D:/TelegramBot/vcpkg_installed/vcpkg/pkgs/boost-thread_x64-windows/include/boost/thread/scoped_thread.hpp
-- Installing: D:/TelegramBot/vcpkg_installed/vcpkg/pkgs/boost-thread_x64-windows/include/boost/thread/shared_lock_guard.hpp
-- Installing: D:/TelegramBot/vcpkg_installed/vcpkg/pkgs/boost-thread_x64-windows/include/boost/thread/shared_mutex.hpp
-- Installing: D:/TelegramBot/vcpkg_installed/vcpkg/pkgs/boost-thread_x64-windows/include/boost/thread/strict_lock.hpp
-- Installing: D:/TelegramBot/vcpkg_installed/vcpkg/pkgs/boost-thread_x64-windows/include/boost/thread/synchronized_value.hpp
-- Installing: D:/TelegramBot/vcpkg_installed/vcpkg/pkgs/boost-thread_x64-windows/include/boost/thread/sync_bounded_queue.hpp
-- Installing: D:/TelegramBot/vcpkg_installed/vcpkg/pkgs/boost-thread_x64-windows/include/boost/thread/sync_queue.hpp
-- Installing: D:/TelegramBot/vcpkg_installed/vcpkg/pkgs/boost-thread_x64-windows/include/boost/thread/testable_mutex.hpp
-- Installing: D:/TelegramBot/vcpkg_installed/vcpkg/pkgs/boost-thread_x64-windows/include/boost/thread/thread.hpp
-- Installing: D:/TelegramBot/vcpkg_installed/vcpkg/pkgs/boost-thread_x64-windows/include/boost/thread/thread_functors.hpp
-- Installing: D:/TelegramBot/vcpkg_installed/vcpkg/pkgs/boost-thread_x64-windows/include/boost/thread/thread_guard.hpp
-- Installing: D:/TelegramBot/vcpkg_installed/vcpkg/pkgs/boost-thread_x64-windows/include/boost/thread/thread_only.hpp
-- Installing: D:/TelegramBot/vcpkg_installed/vcpkg/pkgs/boost-thread_x64-windows/include/boost/thread/thread_pool.hpp
-- Installing: D:/TelegramBot/vcpkg_installed/vcpkg/pkgs/boost-thread_x64-windows/include/boost/thread/thread_time.hpp
-- Installing: D:/TelegramBot/vcpkg_installed/vcpkg/pkgs/boost-thread_x64-windows/include/boost/thread/tss.hpp
-- Installing: D:/TelegramBot/vcpkg_installed/vcpkg/pkgs/boost-thread_x64-windows/include/boost/thread/user_scheduler.hpp
-- Installing: D:/TelegramBot/vcpkg_installed/vcpkg/pkgs/boost-thread_x64-windows/include/boost/thread/v2
-- Installing: D:/TelegramBot/vcpkg_installed/vcpkg/pkgs/boost-thread_x64-windows/include/boost/thread/v2/shared_mutex.hpp
-- Installing: D:/TelegramBot/vcpkg_installed/vcpkg/pkgs/boost-thread_x64-windows/include/boost/thread/win32
-- Installing: D:/TelegramBot/vcpkg_installed/vcpkg/pkgs/boost-thread_x64-windows/include/boost/thread/win32/basic_recursive_mutex.hpp
-- Installing: D:/TelegramBot/vcpkg_installed/vcpkg/pkgs/boost-thread_x64-windows/include/boost/thread/win32/basic_timed_mutex.hpp
-- Installing: D:/TelegramBot/vcpkg_installed/vcpkg/pkgs/boost-thread_x64-windows/include/boost/thread/win32/condition_variable.hpp
-- Installing: D:/TelegramBot/vcpkg_installed/vcpkg/pkgs/boost-thread_x64-windows/include/boost/thread/win32/interlocked_read.hpp
-- Installing: D:/TelegramBot/vcpkg_installed/vcpkg/pkgs/boost-thread_x64-windows/include/boost/thread/win32/mfc_thread_init.hpp
-- Installing: D:/TelegramBot/vcpkg_installed/vcpkg/pkgs/boost-thread_x64-windows/include/boost/thread/win32/mutex.hpp
-- Installing: D:/TelegramBot/vcpkg_installed/vcpkg/pkgs/boost-thread_x64-windows/include/boost/thread/win32/once.hpp
-- Installing: D:/TelegramBot/vcpkg_installed/vcpkg/pkgs/boost-thread_x64-windows/include/boost/thread/win32/recursive_mutex.hpp
-- Installing: D:/TelegramBot/vcpkg_installed/vcpkg/pkgs/boost-thread_x64-windows/include/boost/thread/win32/shared_mutex.hpp
-- Installing: D:/TelegramBot/vcpkg_installed/vcpkg/pkgs/boost-thread_x64-windows/include/boost/thread/win32/thread_data.hpp
-- Installing: D:/TelegramBot/vcpkg_installed/vcpkg/pkgs/boost-thread_x64-windows/include/boost/thread/win32/thread_heap_alloc.hpp
-- Installing: D:/TelegramBot/vcpkg_installed/vcpkg/pkgs/boost-thread_x64-windows/include/boost/thread/win32/thread_primitives.hpp
-- Installing: D:/TelegramBot/vcpkg_installed/vcpkg/pkgs/boost-thread_x64-windows/include/boost/thread/with_lock_guard.hpp
-- Installing: D:/TelegramBot/vcpkg_installed/vcpkg/pkgs/boost-thread_x64-windows/include/boost/thread/xtime.hpp
-- Installing: D:/TelegramBot/vcpkg_installed/vcpkg/pkgs/boost-thread_x64-windows/include/boost/thread.hpp
-- Installing: D:/TelegramBot/vcpkg_installed/vcpkg/pkgs/boost-thread_x64-windows/lib/boost_thread-vc143-mt-x64-1_86.lib
-- Installing: D:/TelegramBot/vcpkg_installed/vcpkg/pkgs/boost-thread_x64-windows/bin/boost_thread-vc143-mt-x64-1_86.dll
-- Installing: D:/TelegramBot/vcpkg_installed/vcpkg/pkgs/boost-thread_x64-windows/bin/boost_thread-vc143-mt-x64-1_86.pdb
-- Installing: D:/TelegramBot/vcpkg_installed/vcpkg/pkgs/boost-thread_x64-windows/lib/cmake/boost_thread-1.86.0/boost_thread-targets.cmake
-- Installing: D:/TelegramBot/vcpkg_installed/vcpkg/pkgs/boost-thread_x64-windows/lib/cmake/boost_thread-1.86.0/boost_thread-targets-release.cmake
-- Installing: D:/TelegramBot/vcpkg_installed/vcpkg/pkgs/boost-thread_x64-windows/lib/cmake/boost_thread-1.86.0/boost_thread-config.cmake
-- Installing: D:/TelegramBot/vcpkg_installed/vcpkg/pkgs/boost-thread_x64-windows/lib/cmake/boost_thread-1.86.0/boost_thread-config-version.cmake

