Change Dir: 'D:/TelegramBot/vcpkg_installed/vcpkg/blds/boost-function/x64-windows-rel'

Run Build Command(s): "C:/Program Files/Microsoft Visual Studio/2022/Community/Common7/IDE/CommonExtensions/Microsoft/CMake/Ninja/ninja.exe" -v -v -j9 install
[0/1] C:\WINDOWS\system32\cmd.exe /C "cd /D D:\TelegramBot\vcpkg_installed\vcpkg\blds\boost-function\x64-windows-rel && D:\Software\cmake-4.2.1-windows-x86_64\bin\cmake.exe -P cmake_install.cmake"
-- Install configuration: "Release"
-- Installing: D:/TelegramBot/vcpkg_installed/vcpkg/pkgs/boost-function_x64-windows/include
-- Installing: D:/TelegramBot/vcpkg_installed/vcpkg/pkgs/boost-function_x64-windows/include/boost
-- Installing: D:/TelegramBot/vcpkg_installed/vcpkg/pkgs/boost-function_x64-windows/include/boost/function
-- Installing: D:/TelegramBot/vcpkg_installed/vcpkg/pkgs/boost-function_x64-windows/include/boost/function/function0.hpp
-- Installing: D:/TelegramBot/vcpkg_installed/vcpkg/pkgs/boost-function_x64-windows/include/boost/function/function1.hpp
-- Installing: D:/TelegramBot/vcpkg_installed/vcpkg/pkgs/boost-function_x64-windows/include/boost/function/function10.hpp
-- Installing: D:/TelegramBot/vcpkg_installed/vcpkg/pkgs/boost-function_x64-windows/include/boost/function/function2.hpp
-- Installing: D:/TelegramBot/vcpkg_installed/vcpkg/pkgs/boost-function_x64-windows/include/boost/function/function3.hpp
-- Installing: D:/TelegramBot/vcpkg_installed/vcpkg/pkgs/boost-function_x64-windows/include/boost/function/function4.hpp
-- Installing: D:/TelegramBot/vcpkg_installed/vcpkg/pkgs/boost-function_x64-windows/include/boost/function/function5.hpp
-- Installing: D:/TelegramBot/vcpkg_installed/vcpkg/pkgs/boost-function_x64-windows/include/boost/function/function6.hpp
-- Installing: D:/TelegramBot/vcpkg_installed/vcpkg/pkgs/boost-function_x64-windows/include/boost/function/function7.hpp
-- Installing: D:/TelegramBot/vcpkg_installed/vcpkg/pkgs/boost-function_x64-windows/include/boost/function/function8.hpp
-- Installing: D:/TelegramBot/vcpkg_installed/vcpkg/pkgs/boost-function_x64-windows/include/boost/function/function9.hpp
-- Installing: D:/TelegramBot/vcpkg_installed/vcpkg/pkgs/boost-function_x64-windows/include/boost/function/function_base.hpp
-- Installing: D:/TelegramBot/vcpkg_installed/vcpkg/pkgs/boost-function_x64-windows/include/boost/function/function_fwd.hpp
-- Installing: D:/TelegramBot/vcpkg_installed/vcpkg/pkgs/boost-function_x64-windows/include/boost/function/function_template.hpp
-- Installing: D:/TelegramBot/vcpkg_installed/vcpkg/pkgs/boost-function_x64-windows/include/boost/function/function_typeof.hpp
-- Installing: D:/TelegramBot/vcpkg_installed/vcpkg/pkgs/boost-function_x64-windows/include/boost/function.hpp
-- Installing: D:/TelegramBot/vcpkg_installed/vcpkg/pkgs/boost-function_x64-windows/include/boost/function_equal.hpp
-- Installing: D:/TelegramBot/vcpkg_installed/vcpkg/pkgs/boost-function_x64-windows/lib/cmake/boost_function-1.86.0/boost_function-targets.cmake
-- Installing: D:/TelegramBot/vcpkg_installed/vcpkg/pkgs/boost-function_x64-windows/lib/cmake/boost_function-1.86.0/boost_function-config.cmake
-- Installing: D:/TelegramBot/vcpkg_installed/vcpkg/pkgs/boost-function_x64-windows/lib/cmake/boost_function-1.86.0/boost_function-config-version.cmake

