Change Dir: 'D:/TelegramBot/vcpkg_installed/vcpkg/blds/boost-assign/x64-windows-rel'

Run Build Command(s): "C:/Program Files/Microsoft Visual Studio/2022/Community/Common7/IDE/CommonExtensions/Microsoft/CMake/Ninja/ninja.exe" -v -v -j9 install
[0/1] C:\WINDOWS\system32\cmd.exe /C "cd /D D:\TelegramBot\vcpkg_installed\vcpkg\blds\boost-assign\x64-windows-rel && D:\Software\cmake-4.2.1-windows-x86_64\bin\cmake.exe -P cmake_install.cmake"
-- Install configuration: "Release"
-- Installing: D:/TelegramBot/vcpkg_installed/vcpkg/pkgs/boost-assign_x64-windows/include
-- Installing: D:/TelegramBot/vcpkg_installed/vcpkg/pkgs/boost-assign_x64-windows/include/boost
-- Installing: D:/TelegramBot/vcpkg_installed/vcpkg/pkgs/boost-assign_x64-windows/include/boost/assign
-- Installing: D:/TelegramBot/vcpkg_installed/vcpkg/pkgs/boost-assign_x64-windows/include/boost/assign/assignment_exception.hpp
-- Installing: D:/TelegramBot/vcpkg_installed/vcpkg/pkgs/boost-assign_x64-windows/include/boost/assign/list_inserter.hpp
-- Installing: D:/TelegramBot/vcpkg_installed/vcpkg/pkgs/boost-assign_x64-windows/include/boost/assign/list_of.hpp
-- Installing: D:/TelegramBot/vcpkg_installed/vcpkg/pkgs/boost-assign_x64-windows/include/boost/assign/ptr_list_inserter.hpp
-- Installing: D:/TelegramBot/vcpkg_installed/vcpkg/pkgs/boost-assign_x64-windows/include/boost/assign/ptr_list_of.hpp
-- Installing: D:/TelegramBot/vcpkg_installed/vcpkg/pkgs/boost-assign_x64-windows/include/boost/assign/ptr_map_inserter.hpp
-- Installing: D:/TelegramBot/vcpkg_installed/vcpkg/pkgs/boost-assign_x64-windows/include/boost/assign/std
-- Installing: D:/TelegramBot/vcpkg_installed/vcpkg/pkgs/boost-assign_x64-windows/include/boost/assign/std/deque.hpp
-- Installing: D:/TelegramBot/vcpkg_installed/vcpkg/pkgs/boost-assign_x64-windows/include/boost/assign/std/list.hpp
-- Installing: D:/TelegramBot/vcpkg_installed/vcpkg/pkgs/boost-assign_x64-windows/include/boost/assign/std/map.hpp
-- Installing: D:/TelegramBot/vcpkg_installed/vcpkg/pkgs/boost-assign_x64-windows/include/boost/assign/std/queue.hpp
-- Installing: D:/TelegramBot/vcpkg_installed/vcpkg/pkgs/boost-assign_x64-windows/include/boost/assign/std/set.hpp
-- Installing: D:/TelegramBot/vcpkg_installed/vcpkg/pkgs/boost-assign_x64-windows/include/boost/assign/std/slist.hpp
-- Installing: D:/TelegramBot/vcpkg_installed/vcpkg/pkgs/boost-assign_x64-windows/include/boost/assign/std/stack.hpp
-- Installing: D:/TelegramBot/vcpkg_installed/vcpkg/pkgs/boost-assign_x64-windows/include/boost/assign/std/vector.hpp
-- Installing: D:/TelegramBot/vcpkg_installed/vcpkg/pkgs/boost-assign_x64-windows/include/boost/assign/std.hpp
-- Installing: D:/TelegramBot/vcpkg_installed/vcpkg/pkgs/boost-assign_x64-windows/include/boost/assign.hpp
-- Installing: D:/TelegramBot/vcpkg_installed/vcpkg/pkgs/boost-assign_x64-windows/lib/cmake/boost_assign-1.86.0/boost_assign-targets.cmake
-- Installing: D:/TelegramBot/vcpkg_installed/vcpkg/pkgs/boost-assign_x64-windows/lib/cmake/boost_assign-1.86.0/boost_assign-config.cmake
-- Installing: D:/TelegramBot/vcpkg_installed/vcpkg/pkgs/boost-assign_x64-windows/lib/cmake/boost_assign-1.86.0/boost_assign-config-version.cmake

